[0.094s] Invoking command in 'c:\gcamp_ros2_ws\build\gcamp_gazebo': Path=c:\opt\ros\foxy\x64\Scripts;c:\opt\ros\foxy\x64\bin;c:\opt\ros\foxy\x64\;C:\Program Files (x86)\Microsoft Visual Studio\2019\Community\Common7\IDE\\Extensions\Microsoft\IntelliCode\CLI;C:\Program Files (x86)\Microsoft Visual Studio\2019\Community\VC\Tools\MSVC\14.29.30133\bin\HostX64\x64;C:\Program Files (x86)\Microsoft Visual Studio\2019\Community\Common7\IDE\VC\VCPackages;C:\Program Files (x86)\Microsoft Visual Studio\2019\Community\Common7\IDE\CommonExtensions\Microsoft\TestWindow;C:\Program Files (x86)\Microsoft Visual Studio\2019\Community\Common7\IDE\CommonExtensions\Microsoft\TeamFoundation\Team Explorer;C:\Program Files (x86)\Microsoft Visual Studio\2019\Community\MSBuild\Current\bin\Roslyn;C:\Program Files (x86)\Microsoft Visual Studio\2019\Community\Team Tools\Performance Tools\x64;C:\Program Files (x86)\Microsoft Visual Studio\2019\Community\Team Tools\Performance Tools;C:\Program Files (x86)\Microsoft Visual Studio\Shared\Common\VSPerfCollectionTools\vs2019\\x64;C:\Program Files (x86)\Microsoft Visual Studio\Shared\Common\VSPerfCollectionTools\vs2019\;C:\Program Files (x86)\Microsoft Visual Studio\2019\Community\Common7\Tools\devinit;C:\Program Files (x86)\Windows Kits\10\bin\10.0.19041.0\x64;C:\Program Files (x86)\Windows Kits\10\bin\x64;C:\Program Files (x86)\Microsoft Visual Studio\2019\Community\\MSBuild\Current\Bin;C:\Windows\Microsoft.NET\Framework64\v4.0.30319;C:\Program Files (x86)\Microsoft Visual Studio\2019\Community\Common7\IDE\;C:\Program Files (x86)\Microsoft Visual Studio\2019\Community\Common7\Tools\;C:\Python38\Scripts\;C:\Python38\;C:\Windows\system32;C:\Windows;C:\Windows\System32\Wbem;C:\Windows\System32\WindowsPowerShell\v1.0\;C:\Windows\System32\OpenSSH\;C:\Program Files\MATLAB\R2020a\runtime\win64;C:\Program Files\MATLAB\R2020a\bin;C:\ProgramData\chocolatey\bin;C:\Program Files\Git\cmd;C:\Users\yoonh\AppData\Local\Programs\Python\Python39\Scripts\;C:\Users\yoonh\AppData\Local\Programs\Python\Python39\;C:\Users\yoonh\AppData\Local\Microsoft\WindowsApps;C:\Users\yoonh\AppData\Local\Programs\Microsoft VS Code\bin;C:\Program?Files\CMake\bin;C:\Program Files\OpenSSL-Win64\bin\;C:\Program Files (x86)\Microsoft Visual Studio\2019\Community\Common7\IDE\CommonExtensions\Microsoft\CMake\CMake\bin;C:\Program Files (x86)\Microsoft Visual Studio\2019\Community\Common7\IDE\CommonExtensions\Microsoft\CMake\Ninja __VSCMD_PREINIT_PATH=C:\Python38\Scripts\;C:\Python38\;C:\Windows\system32;C:\Windows;C:\Windows\System32\Wbem;C:\Windows\System32\WindowsPowerShell\v1.0\;C:\Windows\System32\OpenSSH\;C:\Program Files\MATLAB\R2020a\runtime\win64;C:\Program Files\MATLAB\R2020a\bin;C:\ProgramData\chocolatey\bin;C:\Program Files\Git\cmd;C:\Users\yoonh\AppData\Local\Programs\Python\Python39\Scripts\;C:\Users\yoonh\AppData\Local\Programs\Python\Python39\;C:\Users\yoonh\AppData\Local\Microsoft\WindowsApps;C:\Users\yoonh\AppData\Local\Programs\Microsoft VS Code\bin;C:\Program?Files\CMake\bin;C:\Program Files\OpenSSL-Win64\bin\ c:\opt\ros\foxy\x64\Scripts\cmake.EXE c:\gcamp_ros2_ws\src\gcamp_ros2_basic\gcamp_gazebo -DAMENT_CMAKE_SYMLINK_INSTALL=1 -DCMAKE_INSTALL_PREFIX=c:\gcamp_ros2_ws\install\gcamp_gazebo -G Visual Studio 16 2019
[0.516s] -- Selecting Windows SDK version 10.0.19041.0 to target Windows 10.0.19042.
[4.000s] -- The C compiler identification is MSVC 19.29.30133.0
[5.500s] -- The CXX compiler identification is MSVC 19.29.30133.0
[5.578s] -- Detecting C compiler ABI info
[6.985s] -- Detecting C compiler ABI info - done
[6.985s] -- Check for working C compiler: C:/Program Files (x86)/Microsoft Visual Studio/2019/Community/VC/Tools/MSVC/14.29.30133/bin/Hostx64/x64/cl.exe - skipped
[6.985s] -- Detecting C compile features
[6.985s] -- Detecting C compile features - done
[7.000s] -- Detecting CXX compiler ABI info
[8.375s] -- Detecting CXX compiler ABI info - done
[8.375s] -- Check for working CXX compiler: C:/Program Files (x86)/Microsoft Visual Studio/2019/Community/VC/Tools/MSVC/14.29.30133/bin/Hostx64/x64/cl.exe - skipped
[8.375s] -- Detecting CXX compile features
[8.375s] -- Detecting CXX compile features - done
[8.453s] -- Found ament_cmake: 0.9.8 (C:/opt/ros/foxy/x64/share/ament_cmake/cmake)
[8.594s] -- Found PythonInterp: C:/opt/ros/foxy/x64/python.exe (found suitable version "3.8.3", minimum required is "3") 
[8.594s] -- Using PYTHON_EXECUTABLE: C:/opt/ros/foxy/x64/python.exe
[9.000s] -- Override CMake install command with custom implementation using symlinks instead of copying resources
[9.250s] -- Found rclcpp: 2.3.0 (C:/opt/ros/foxy/x64/share/rclcpp/cmake)
[9.516s] -- Using all available rosidl_typesupport_c: rosidl_typesupport_fastrtps_c;rosidl_typesupport_introspection_c
[9.578s] -- Found rosidl_adapter: 1.2.0 (C:/opt/ros/foxy/x64/share/rosidl_adapter/cmake)
[9.938s] -- Found OpenSSL: optimized;C:/opt/ros/foxy/x64/Lib/libcrypto.lib;debug;C:/Program Files/OpenSSL-Win64/lib/VC/libcrypto64MDd.lib (found version "1.1.1g")  
[10.016s] -- Found FastRTPS: C:/opt/ros/foxy/x64/include  
[10.235s] -- Using all available rosidl_typesupport_cpp: rosidl_typesupport_fastrtps_cpp;rosidl_typesupport_introspection_cpp
[10.453s] -- Found rmw_implementation_cmake: 1.0.2 (C:/opt/ros/foxy/x64/share/rmw_implementation_cmake/cmake)
[10.469s] -- Using RMW implementation 'rmw_fastrtps_cpp' as default
[10.485s] -- Looking for pthread.h
[11.641s] -- Looking for pthread.h - not found
[11.641s] -- Found Threads: TRUE  
[11.922s] -- Found xacro: 2.0.4 (C:/opt/ros/foxy/x64/share/xacro/cmake)
[11.953s] -- Found ament_lint_auto: 0.9.6 (C:/opt/ros/foxy/x64/share/ament_lint_auto/cmake)
[12.235s] -- Added test 'copyright' to check source files copyright and LICENSE
[12.344s] -- Added test 'flake8' to check Python code syntax and style conventions
[12.360s] -- Added test 'lint_cmake' to check CMake code style
[12.360s] -- Added test 'pep257' to check Python code against some of the style conventions in PEP 257
[12.422s] -- Added test 'xmllint' to check XML markup files
[12.469s] -- Configuring done
[12.657s] -- Generating done
[12.657s] -- Build files have been written to: C:/gcamp_ros2_ws/build/gcamp_gazebo
[12.672s] Invoked command in 'c:\gcamp_ros2_ws\build\gcamp_gazebo' returned '0': Path=c:\opt\ros\foxy\x64\Scripts;c:\opt\ros\foxy\x64\bin;c:\opt\ros\foxy\x64\;C:\Program Files (x86)\Microsoft Visual Studio\2019\Community\Common7\IDE\\Extensions\Microsoft\IntelliCode\CLI;C:\Program Files (x86)\Microsoft Visual Studio\2019\Community\VC\Tools\MSVC\14.29.30133\bin\HostX64\x64;C:\Program Files (x86)\Microsoft Visual Studio\2019\Community\Common7\IDE\VC\VCPackages;C:\Program Files (x86)\Microsoft Visual Studio\2019\Community\Common7\IDE\CommonExtensions\Microsoft\TestWindow;C:\Program Files (x86)\Microsoft Visual Studio\2019\Community\Common7\IDE\CommonExtensions\Microsoft\TeamFoundation\Team Explorer;C:\Program Files (x86)\Microsoft Visual Studio\2019\Community\MSBuild\Current\bin\Roslyn;C:\Program Files (x86)\Microsoft Visual Studio\2019\Community\Team Tools\Performance Tools\x64;C:\Program Files (x86)\Microsoft Visual Studio\2019\Community\Team Tools\Performance Tools;C:\Program Files (x86)\Microsoft Visual Studio\Shared\Common\VSPerfCollectionTools\vs2019\\x64;C:\Program Files (x86)\Microsoft Visual Studio\Shared\Common\VSPerfCollectionTools\vs2019\;C:\Program Files (x86)\Microsoft Visual Studio\2019\Community\Common7\Tools\devinit;C:\Program Files (x86)\Windows Kits\10\bin\10.0.19041.0\x64;C:\Program Files (x86)\Windows Kits\10\bin\x64;C:\Program Files (x86)\Microsoft Visual Studio\2019\Community\\MSBuild\Current\Bin;C:\Windows\Microsoft.NET\Framework64\v4.0.30319;C:\Program Files (x86)\Microsoft Visual Studio\2019\Community\Common7\IDE\;C:\Program Files (x86)\Microsoft Visual Studio\2019\Community\Common7\Tools\;C:\Python38\Scripts\;C:\Python38\;C:\Windows\system32;C:\Windows;C:\Windows\System32\Wbem;C:\Windows\System32\WindowsPowerShell\v1.0\;C:\Windows\System32\OpenSSH\;C:\Program Files\MATLAB\R2020a\runtime\win64;C:\Program Files\MATLAB\R2020a\bin;C:\ProgramData\chocolatey\bin;C:\Program Files\Git\cmd;C:\Users\yoonh\AppData\Local\Programs\Python\Python39\Scripts\;C:\Users\yoonh\AppData\Local\Programs\Python\Python39\;C:\Users\yoonh\AppData\Local\Microsoft\WindowsApps;C:\Users\yoonh\AppData\Local\Programs\Microsoft VS Code\bin;C:\Program?Files\CMake\bin;C:\Program Files\OpenSSL-Win64\bin\;C:\Program Files (x86)\Microsoft Visual Studio\2019\Community\Common7\IDE\CommonExtensions\Microsoft\CMake\CMake\bin;C:\Program Files (x86)\Microsoft Visual Studio\2019\Community\Common7\IDE\CommonExtensions\Microsoft\CMake\Ninja __VSCMD_PREINIT_PATH=C:\Python38\Scripts\;C:\Python38\;C:\Windows\system32;C:\Windows;C:\Windows\System32\Wbem;C:\Windows\System32\WindowsPowerShell\v1.0\;C:\Windows\System32\OpenSSH\;C:\Program Files\MATLAB\R2020a\runtime\win64;C:\Program Files\MATLAB\R2020a\bin;C:\ProgramData\chocolatey\bin;C:\Program Files\Git\cmd;C:\Users\yoonh\AppData\Local\Programs\Python\Python39\Scripts\;C:\Users\yoonh\AppData\Local\Programs\Python\Python39\;C:\Users\yoonh\AppData\Local\Microsoft\WindowsApps;C:\Users\yoonh\AppData\Local\Programs\Microsoft VS Code\bin;C:\Program?Files\CMake\bin;C:\Program Files\OpenSSL-Win64\bin\ c:\opt\ros\foxy\x64\Scripts\cmake.EXE c:\gcamp_ros2_ws\src\gcamp_ros2_basic\gcamp_gazebo -DAMENT_CMAKE_SYMLINK_INSTALL=1 -DCMAKE_INSTALL_PREFIX=c:\gcamp_ros2_ws\install\gcamp_gazebo -G Visual Studio 16 2019
[12.688s] Invoking command in 'c:\gcamp_ros2_ws\build\gcamp_gazebo': CL=/MP Path=c:\opt\ros\foxy\x64\Scripts;c:\opt\ros\foxy\x64\bin;c:\opt\ros\foxy\x64\;C:\Program Files (x86)\Microsoft Visual Studio\2019\Community\Common7\IDE\\Extensions\Microsoft\IntelliCode\CLI;C:\Program Files (x86)\Microsoft Visual Studio\2019\Community\VC\Tools\MSVC\14.29.30133\bin\HostX64\x64;C:\Program Files (x86)\Microsoft Visual Studio\2019\Community\Common7\IDE\VC\VCPackages;C:\Program Files (x86)\Microsoft Visual Studio\2019\Community\Common7\IDE\CommonExtensions\Microsoft\TestWindow;C:\Program Files (x86)\Microsoft Visual Studio\2019\Community\Common7\IDE\CommonExtensions\Microsoft\TeamFoundation\Team Explorer;C:\Program Files (x86)\Microsoft Visual Studio\2019\Community\MSBuild\Current\bin\Roslyn;C:\Program Files (x86)\Microsoft Visual Studio\2019\Community\Team Tools\Performance Tools\x64;C:\Program Files (x86)\Microsoft Visual Studio\2019\Community\Team Tools\Performance Tools;C:\Program Files (x86)\Microsoft Visual Studio\Shared\Common\VSPerfCollectionTools\vs2019\\x64;C:\Program Files (x86)\Microsoft Visual Studio\Shared\Common\VSPerfCollectionTools\vs2019\;C:\Program Files (x86)\Microsoft Visual Studio\2019\Community\Common7\Tools\devinit;C:\Program Files (x86)\Windows Kits\10\bin\10.0.19041.0\x64;C:\Program Files (x86)\Windows Kits\10\bin\x64;C:\Program Files (x86)\Microsoft Visual Studio\2019\Community\\MSBuild\Current\Bin;C:\Windows\Microsoft.NET\Framework64\v4.0.30319;C:\Program Files (x86)\Microsoft Visual Studio\2019\Community\Common7\IDE\;C:\Program Files (x86)\Microsoft Visual Studio\2019\Community\Common7\Tools\;C:\Python38\Scripts\;C:\Python38\;C:\Windows\system32;C:\Windows;C:\Windows\System32\Wbem;C:\Windows\System32\WindowsPowerShell\v1.0\;C:\Windows\System32\OpenSSH\;C:\Program Files\MATLAB\R2020a\runtime\win64;C:\Program Files\MATLAB\R2020a\bin;C:\ProgramData\chocolatey\bin;C:\Program Files\Git\cmd;C:\Users\yoonh\AppData\Local\Programs\Python\Python39\Scripts\;C:\Users\yoonh\AppData\Local\Programs\Python\Python39\;C:\Users\yoonh\AppData\Local\Microsoft\WindowsApps;C:\Users\yoonh\AppData\Local\Programs\Microsoft VS Code\bin;C:\Program?Files\CMake\bin;C:\Program Files\OpenSSL-Win64\bin\;C:\Program Files (x86)\Microsoft Visual Studio\2019\Community\Common7\IDE\CommonExtensions\Microsoft\CMake\CMake\bin;C:\Program Files (x86)\Microsoft Visual Studio\2019\Community\Common7\IDE\CommonExtensions\Microsoft\CMake\Ninja __VSCMD_PREINIT_PATH=C:\Python38\Scripts\;C:\Python38\;C:\Windows\system32;C:\Windows;C:\Windows\System32\Wbem;C:\Windows\System32\WindowsPowerShell\v1.0\;C:\Windows\System32\OpenSSH\;C:\Program Files\MATLAB\R2020a\runtime\win64;C:\Program Files\MATLAB\R2020a\bin;C:\ProgramData\chocolatey\bin;C:\Program Files\Git\cmd;C:\Users\yoonh\AppData\Local\Programs\Python\Python39\Scripts\;C:\Users\yoonh\AppData\Local\Programs\Python\Python39\;C:\Users\yoonh\AppData\Local\Microsoft\WindowsApps;C:\Users\yoonh\AppData\Local\Programs\Microsoft VS Code\bin;C:\Program?Files\CMake\bin;C:\Program Files\OpenSSL-Win64\bin\ c:\opt\ros\foxy\x64\Scripts\cmake.EXE --build c:\gcamp_ros2_ws\build\gcamp_gazebo --config Release
[12.875s] .NET Framework¿ë Microsoft (R) Build Engine ¹öÀü 16.11.0+0538acc04
[12.875s] Copyright (C) Microsoft Corporation. All rights reserved.
[12.875s] 
[13.860s]   Checking Build System
[14.063s]   Building Custom Rule C:/gcamp_ros2_ws/src/gcamp_ros2_basic/gcamp_gazebo/CMakeLists.txt
[14.188s]   Building Custom Rule C:/gcamp_ros2_ws/src/gcamp_ros2_basic/gcamp_gazebo/CMakeLists.txt
[14.297s] Invoked command in 'c:\gcamp_ros2_ws\build\gcamp_gazebo' returned '0': CL=/MP Path=c:\opt\ros\foxy\x64\Scripts;c:\opt\ros\foxy\x64\bin;c:\opt\ros\foxy\x64\;C:\Program Files (x86)\Microsoft Visual Studio\2019\Community\Common7\IDE\\Extensions\Microsoft\IntelliCode\CLI;C:\Program Files (x86)\Microsoft Visual Studio\2019\Community\VC\Tools\MSVC\14.29.30133\bin\HostX64\x64;C:\Program Files (x86)\Microsoft Visual Studio\2019\Community\Common7\IDE\VC\VCPackages;C:\Program Files (x86)\Microsoft Visual Studio\2019\Community\Common7\IDE\CommonExtensions\Microsoft\TestWindow;C:\Program Files (x86)\Microsoft Visual Studio\2019\Community\Common7\IDE\CommonExtensions\Microsoft\TeamFoundation\Team Explorer;C:\Program Files (x86)\Microsoft Visual Studio\2019\Community\MSBuild\Current\bin\Roslyn;C:\Program Files (x86)\Microsoft Visual Studio\2019\Community\Team Tools\Performance Tools\x64;C:\Program Files (x86)\Microsoft Visual Studio\2019\Community\Team Tools\Performance Tools;C:\Program Files (x86)\Microsoft Visual Studio\Shared\Common\VSPerfCollectionTools\vs2019\\x64;C:\Program Files (x86)\Microsoft Visual Studio\Shared\Common\VSPerfCollectionTools\vs2019\;C:\Program Files (x86)\Microsoft Visual Studio\2019\Community\Common7\Tools\devinit;C:\Program Files (x86)\Windows Kits\10\bin\10.0.19041.0\x64;C:\Program Files (x86)\Windows Kits\10\bin\x64;C:\Program Files (x86)\Microsoft Visual Studio\2019\Community\\MSBuild\Current\Bin;C:\Windows\Microsoft.NET\Framework64\v4.0.30319;C:\Program Files (x86)\Microsoft Visual Studio\2019\Community\Common7\IDE\;C:\Program Files (x86)\Microsoft Visual Studio\2019\Community\Common7\Tools\;C:\Python38\Scripts\;C:\Python38\;C:\Windows\system32;C:\Windows;C:\Windows\System32\Wbem;C:\Windows\System32\WindowsPowerShell\v1.0\;C:\Windows\System32\OpenSSH\;C:\Program Files\MATLAB\R2020a\runtime\win64;C:\Program Files\MATLAB\R2020a\bin;C:\ProgramData\chocolatey\bin;C:\Program Files\Git\cmd;C:\Users\yoonh\AppData\Local\Programs\Python\Python39\Scripts\;C:\Users\yoonh\AppData\Local\Programs\Python\Python39\;C:\Users\yoonh\AppData\Local\Microsoft\WindowsApps;C:\Users\yoonh\AppData\Local\Programs\Microsoft VS Code\bin;C:\Program?Files\CMake\bin;C:\Program Files\OpenSSL-Win64\bin\;C:\Program Files (x86)\Microsoft Visual Studio\2019\Community\Common7\IDE\CommonExtensions\Microsoft\CMake\CMake\bin;C:\Program Files (x86)\Microsoft Visual Studio\2019\Community\Common7\IDE\CommonExtensions\Microsoft\CMake\Ninja __VSCMD_PREINIT_PATH=C:\Python38\Scripts\;C:\Python38\;C:\Windows\system32;C:\Windows;C:\Windows\System32\Wbem;C:\Windows\System32\WindowsPowerShell\v1.0\;C:\Windows\System32\OpenSSH\;C:\Program Files\MATLAB\R2020a\runtime\win64;C:\Program Files\MATLAB\R2020a\bin;C:\ProgramData\chocolatey\bin;C:\Program Files\Git\cmd;C:\Users\yoonh\AppData\Local\Programs\Python\Python39\Scripts\;C:\Users\yoonh\AppData\Local\Programs\Python\Python39\;C:\Users\yoonh\AppData\Local\Microsoft\WindowsApps;C:\Users\yoonh\AppData\Local\Programs\Microsoft VS Code\bin;C:\Program?Files\CMake\bin;C:\Program Files\OpenSSL-Win64\bin\ c:\opt\ros\foxy\x64\Scripts\cmake.EXE --build c:\gcamp_ros2_ws\build\gcamp_gazebo --config Release
[14.407s] Invoking command in 'c:\gcamp_ros2_ws\build\gcamp_gazebo': Path=c:\opt\ros\foxy\x64\Scripts;c:\opt\ros\foxy\x64\bin;c:\opt\ros\foxy\x64\;C:\Program Files (x86)\Microsoft Visual Studio\2019\Community\Common7\IDE\\Extensions\Microsoft\IntelliCode\CLI;C:\Program Files (x86)\Microsoft Visual Studio\2019\Community\VC\Tools\MSVC\14.29.30133\bin\HostX64\x64;C:\Program Files (x86)\Microsoft Visual Studio\2019\Community\Common7\IDE\VC\VCPackages;C:\Program Files (x86)\Microsoft Visual Studio\2019\Community\Common7\IDE\CommonExtensions\Microsoft\TestWindow;C:\Program Files (x86)\Microsoft Visual Studio\2019\Community\Common7\IDE\CommonExtensions\Microsoft\TeamFoundation\Team Explorer;C:\Program Files (x86)\Microsoft Visual Studio\2019\Community\MSBuild\Current\bin\Roslyn;C:\Program Files (x86)\Microsoft Visual Studio\2019\Community\Team Tools\Performance Tools\x64;C:\Program Files (x86)\Microsoft Visual Studio\2019\Community\Team Tools\Performance Tools;C:\Program Files (x86)\Microsoft Visual Studio\Shared\Common\VSPerfCollectionTools\vs2019\\x64;C:\Program Files (x86)\Microsoft Visual Studio\Shared\Common\VSPerfCollectionTools\vs2019\;C:\Program Files (x86)\Microsoft Visual Studio\2019\Community\Common7\Tools\devinit;C:\Program Files (x86)\Windows Kits\10\bin\10.0.19041.0\x64;C:\Program Files (x86)\Windows Kits\10\bin\x64;C:\Program Files (x86)\Microsoft Visual Studio\2019\Community\\MSBuild\Current\Bin;C:\Windows\Microsoft.NET\Framework64\v4.0.30319;C:\Program Files (x86)\Microsoft Visual Studio\2019\Community\Common7\IDE\;C:\Program Files (x86)\Microsoft Visual Studio\2019\Community\Common7\Tools\;C:\Python38\Scripts\;C:\Python38\;C:\Windows\system32;C:\Windows;C:\Windows\System32\Wbem;C:\Windows\System32\WindowsPowerShell\v1.0\;C:\Windows\System32\OpenSSH\;C:\Program Files\MATLAB\R2020a\runtime\win64;C:\Program Files\MATLAB\R2020a\bin;C:\ProgramData\chocolatey\bin;C:\Program Files\Git\cmd;C:\Users\yoonh\AppData\Local\Programs\Python\Python39\Scripts\;C:\Users\yoonh\AppData\Local\Programs\Python\Python39\;C:\Users\yoonh\AppData\Local\Microsoft\WindowsApps;C:\Users\yoonh\AppData\Local\Programs\Microsoft VS Code\bin;C:\Program?Files\CMake\bin;C:\Program Files\OpenSSL-Win64\bin\;C:\Program Files (x86)\Microsoft Visual Studio\2019\Community\Common7\IDE\CommonExtensions\Microsoft\CMake\CMake\bin;C:\Program Files (x86)\Microsoft Visual Studio\2019\Community\Common7\IDE\CommonExtensions\Microsoft\CMake\Ninja __VSCMD_PREINIT_PATH=C:\Python38\Scripts\;C:\Python38\;C:\Windows\system32;C:\Windows;C:\Windows\System32\Wbem;C:\Windows\System32\WindowsPowerShell\v1.0\;C:\Windows\System32\OpenSSH\;C:\Program Files\MATLAB\R2020a\runtime\win64;C:\Program Files\MATLAB\R2020a\bin;C:\ProgramData\chocolatey\bin;C:\Program Files\Git\cmd;C:\Users\yoonh\AppData\Local\Programs\Python\Python39\Scripts\;C:\Users\yoonh\AppData\Local\Programs\Python\Python39\;C:\Users\yoonh\AppData\Local\Microsoft\WindowsApps;C:\Users\yoonh\AppData\Local\Programs\Microsoft VS Code\bin;C:\Program?Files\CMake\bin;C:\Program Files\OpenSSL-Win64\bin\ c:\opt\ros\foxy\x64\Scripts\cmake.EXE --install c:\gcamp_ros2_ws\build\gcamp_gazebo --config Release
[14.516s] -- Execute custom install script
[14.532s] -- Symlinking: C:/gcamp_ros2_ws/install/gcamp_gazebo/share/gcamp_gazebo/launch/diffbot_description.launch.py
[14.547s] -- Symlinking: C:/gcamp_ros2_ws/install/gcamp_gazebo/share/gcamp_gazebo/launch/empty_world.launch.py
[14.563s] -- Symlinking: C:/gcamp_ros2_ws/install/gcamp_gazebo/share/gcamp_gazebo/launch/first_launch.launch.py
[14.578s] -- Symlinking: C:/gcamp_ros2_ws/install/gcamp_gazebo/share/gcamp_gazebo/launch/gcamp_world.launch.py
[14.610s] -- Symlinking: C:/gcamp_ros2_ws/install/gcamp_gazebo/share/gcamp_gazebo/launch/gcamp_world_windows.launch.py
[14.625s] -- Symlinking: C:/gcamp_ros2_ws/install/gcamp_gazebo/share/gcamp_gazebo/launch/maze_world.launch.py
[14.657s] -- Symlinking: C:/gcamp_ros2_ws/install/gcamp_gazebo/share/gcamp_gazebo/launch/second_launch.launch.py
[14.672s] -- Symlinking: C:/gcamp_ros2_ws/install/gcamp_gazebo/share/gcamp_gazebo/launch/skid_robot_world.launch.py
[14.688s] -- Symlinking: C:/gcamp_ros2_ws/install/gcamp_gazebo/share/gcamp_gazebo/launch/skidbot_description.launch.py
[14.719s] -- Symlinking: C:/gcamp_ros2_ws/install/gcamp_gazebo/share/gcamp_gazebo/launch/spawn_entity.launch.py
[14.735s] -- Symlinking: C:/gcamp_ros2_ws/install/gcamp_gazebo/share/gcamp_gazebo/launch/tinybot_description.launch.py
[14.750s] -- Symlinking: C:/gcamp_ros2_ws/install/gcamp_gazebo/share/gcamp_gazebo/worlds/bocbot_office.world
[14.766s] -- Symlinking: C:/gcamp_ros2_ws/install/gcamp_gazebo/share/gcamp_gazebo/worlds/gcamp_world.world
[14.797s] -- Symlinking: C:/gcamp_ros2_ws/install/gcamp_gazebo/share/gcamp_gazebo/worlds/maze_world.world
[14.813s] -- Symlinking: C:/gcamp_ros2_ws/install/gcamp_gazebo/share/gcamp_gazebo/urdf/diffbot.gazebo
[14.828s] -- Symlinking: C:/gcamp_ros2_ws/install/gcamp_gazebo/share/gcamp_gazebo/urdf/diffbot.urdf
[14.860s] -- Symlinking: C:/gcamp_ros2_ws/install/gcamp_gazebo/share/gcamp_gazebo/urdf/diffbot.urdf.xacro
[14.875s] -- Symlinking: C:/gcamp_ros2_ws/install/gcamp_gazebo/share/gcamp_gazebo/urdf/sambot.urdf
[14.891s] -- Symlinking: C:/gcamp_ros2_ws/install/gcamp_gazebo/share/gcamp_gazebo/urdf/skidbot.gazebo
[14.922s] -- Symlinking: C:/gcamp_ros2_ws/install/gcamp_gazebo/share/gcamp_gazebo/urdf/skidbot.urdf
[14.938s] -- Symlinking: C:/gcamp_ros2_ws/install/gcamp_gazebo/share/gcamp_gazebo/urdf/skidbot.urdf.xacro
[14.969s] -- Symlinking: C:/gcamp_ros2_ws/install/gcamp_gazebo/share/gcamp_gazebo/urdf/skidbot2.gazebo
[14.985s] -- Symlinking: C:/gcamp_ros2_ws/install/gcamp_gazebo/share/gcamp_gazebo/urdf/skidbot2.urdf
[15.000s] -- Symlinking: C:/gcamp_ros2_ws/install/gcamp_gazebo/share/gcamp_gazebo/urdf/skidbot2.urdf.xacro
[15.032s] -- Symlinking: C:/gcamp_ros2_ws/install/gcamp_gazebo/share/gcamp_gazebo/urdf/tinybot_diff.gazebo
[15.047s] -- Symlinking: C:/gcamp_ros2_ws/install/gcamp_gazebo/share/gcamp_gazebo/urdf/tinybot_diff.urdf
[15.063s] -- Symlinking: C:/gcamp_ros2_ws/install/gcamp_gazebo/share/gcamp_gazebo/urdf/tinybot_diff.urdf.xacro
[15.094s] -- Symlinking: C:/gcamp_ros2_ws/install/gcamp_gazebo/share/gcamp_gazebo/urdf/turtlebot.sdf
[15.110s] -- Symlinking: C:/gcamp_ros2_ws/install/gcamp_gazebo/share/gcamp_gazebo/rviz/description.rviz
[15.141s] -- Symlinking: C:/gcamp_ros2_ws/install/gcamp_gazebo/share/gcamp_gazebo/rviz/diffbot.rviz
[15.157s] -- Symlinking: C:/gcamp_ros2_ws/install/gcamp_gazebo/share/gcamp_gazebo/rviz/skidbot.rviz
[15.188s] -- Symlinking: C:/gcamp_ros2_ws/install/gcamp_gazebo/share/gcamp_gazebo/rviz/tinybot.rviz
[15.203s] -- Symlinking: C:/gcamp_ros2_ws/install/gcamp_gazebo/share/ament_index/resource_index/package_run_dependencies/gcamp_gazebo
[15.235s] -- Symlinking: C:/gcamp_ros2_ws/install/gcamp_gazebo/share/ament_index/resource_index/parent_prefix_path/gcamp_gazebo
[15.250s] -- Symlinking: C:/gcamp_ros2_ws/install/gcamp_gazebo/share/gcamp_gazebo/environment/ament_prefix_path.bat
[15.266s] -- Symlinking: C:/gcamp_ros2_ws/install/gcamp_gazebo/share/gcamp_gazebo/environment/ament_prefix_path.dsv
[15.297s] -- Symlinking: C:/gcamp_ros2_ws/install/gcamp_gazebo/share/gcamp_gazebo/environment/path.bat
[15.328s] -- Symlinking: C:/gcamp_ros2_ws/install/gcamp_gazebo/share/gcamp_gazebo/environment/path.dsv
[15.344s] -- Symlinking: C:/gcamp_ros2_ws/install/gcamp_gazebo/share/gcamp_gazebo/local_setup.bat
[15.360s] -- Symlinking: C:/gcamp_ros2_ws/install/gcamp_gazebo/share/gcamp_gazebo/local_setup.dsv
[15.375s] -- Symlinking: C:/gcamp_ros2_ws/install/gcamp_gazebo/share/gcamp_gazebo/package.dsv
[15.407s] -- Symlinking: C:/gcamp_ros2_ws/install/gcamp_gazebo/share/ament_index/resource_index/packages/gcamp_gazebo
[15.438s] -- Symlinking: C:/gcamp_ros2_ws/install/gcamp_gazebo/share/gcamp_gazebo/cmake/gcamp_gazeboConfig.cmake
[15.453s] -- Symlinking: C:/gcamp_ros2_ws/install/gcamp_gazebo/share/gcamp_gazebo/cmake/gcamp_gazeboConfig-version.cmake
[15.469s] -- Symlinking: C:/gcamp_ros2_ws/install/gcamp_gazebo/share/gcamp_gazebo/package.xml
[15.516s] Invoked command in 'c:\gcamp_ros2_ws\build\gcamp_gazebo' returned '0': Path=c:\opt\ros\foxy\x64\Scripts;c:\opt\ros\foxy\x64\bin;c:\opt\ros\foxy\x64\;C:\Program Files (x86)\Microsoft Visual Studio\2019\Community\Common7\IDE\\Extensions\Microsoft\IntelliCode\CLI;C:\Program Files (x86)\Microsoft Visual Studio\2019\Community\VC\Tools\MSVC\14.29.30133\bin\HostX64\x64;C:\Program Files (x86)\Microsoft Visual Studio\2019\Community\Common7\IDE\VC\VCPackages;C:\Program Files (x86)\Microsoft Visual Studio\2019\Community\Common7\IDE\CommonExtensions\Microsoft\TestWindow;C:\Program Files (x86)\Microsoft Visual Studio\2019\Community\Common7\IDE\CommonExtensions\Microsoft\TeamFoundation\Team Explorer;C:\Program Files (x86)\Microsoft Visual Studio\2019\Community\MSBuild\Current\bin\Roslyn;C:\Program Files (x86)\Microsoft Visual Studio\2019\Community\Team Tools\Performance Tools\x64;C:\Program Files (x86)\Microsoft Visual Studio\2019\Community\Team Tools\Performance Tools;C:\Program Files (x86)\Microsoft Visual Studio\Shared\Common\VSPerfCollectionTools\vs2019\\x64;C:\Program Files (x86)\Microsoft Visual Studio\Shared\Common\VSPerfCollectionTools\vs2019\;C:\Program Files (x86)\Microsoft Visual Studio\2019\Community\Common7\Tools\devinit;C:\Program Files (x86)\Windows Kits\10\bin\10.0.19041.0\x64;C:\Program Files (x86)\Windows Kits\10\bin\x64;C:\Program Files (x86)\Microsoft Visual Studio\2019\Community\\MSBuild\Current\Bin;C:\Windows\Microsoft.NET\Framework64\v4.0.30319;C:\Program Files (x86)\Microsoft Visual Studio\2019\Community\Common7\IDE\;C:\Program Files (x86)\Microsoft Visual Studio\2019\Community\Common7\Tools\;C:\Python38\Scripts\;C:\Python38\;C:\Windows\system32;C:\Windows;C:\Windows\System32\Wbem;C:\Windows\System32\WindowsPowerShell\v1.0\;C:\Windows\System32\OpenSSH\;C:\Program Files\MATLAB\R2020a\runtime\win64;C:\Program Files\MATLAB\R2020a\bin;C:\ProgramData\chocolatey\bin;C:\Program Files\Git\cmd;C:\Users\yoonh\AppData\Local\Programs\Python\Python39\Scripts\;C:\Users\yoonh\AppData\Local\Programs\Python\Python39\;C:\Users\yoonh\AppData\Local\Microsoft\WindowsApps;C:\Users\yoonh\AppData\Local\Programs\Microsoft VS Code\bin;C:\Program?Files\CMake\bin;C:\Program Files\OpenSSL-Win64\bin\;C:\Program Files (x86)\Microsoft Visual Studio\2019\Community\Common7\IDE\CommonExtensions\Microsoft\CMake\CMake\bin;C:\Program Files (x86)\Microsoft Visual Studio\2019\Community\Common7\IDE\CommonExtensions\Microsoft\CMake\Ninja __VSCMD_PREINIT_PATH=C:\Python38\Scripts\;C:\Python38\;C:\Windows\system32;C:\Windows;C:\Windows\System32\Wbem;C:\Windows\System32\WindowsPowerShell\v1.0\;C:\Windows\System32\OpenSSH\;C:\Program Files\MATLAB\R2020a\runtime\win64;C:\Program Files\MATLAB\R2020a\bin;C:\ProgramData\chocolatey\bin;C:\Program Files\Git\cmd;C:\Users\yoonh\AppData\Local\Programs\Python\Python39\Scripts\;C:\Users\yoonh\AppData\Local\Programs\Python\Python39\;C:\Users\yoonh\AppData\Local\Microsoft\WindowsApps;C:\Users\yoonh\AppData\Local\Programs\Microsoft VS Code\bin;C:\Program?Files\CMake\bin;C:\Program Files\OpenSSL-Win64\bin\ c:\opt\ros\foxy\x64\Scripts\cmake.EXE --install c:\gcamp_ros2_ws\build\gcamp_gazebo --config Release
