Gazebo multi-robot simulator, version 10.2.0
Copyright (C) 2012 Open Source Robotics Foundation.
Released under the Apache 2 License.
http://gazebosim.org


(1632295254 966179900) [Msg] Waiting for master.
(1632295254 988101900) [Msg] Connected to gazebo master @ http://127.0.0.1:11345
(1632295254 992039100) [Msg] Publicized address: 172.30.1.34
(1632295257 483846200) Init world[default]
(1632295257 598117200) Sleep time is larger than clock resolution, skipping sleep
(1632295257 714567800) Sleep time is larger than clock resolution, skipping sleep
(1632295258 573777500) applying Gaussian noise model with mean 0, stddev 0.01, bias -0
(1632295260 36614900) [Err] [Plugin.hh:178] Failed to load plugin gazebo_ros_camera.dll: "gazebo_ros_camera.dll": 지정된 모듈을 찾을 수 없습니다.
(1632295262 994364600) Sleep time is larger than clock resolution, skipping sleep
(1632295264 474413600) Sleep time is larger than clock resolution, skipping sleep
(1632295266 706961400) Sleep time is larger than clock resolution, skipping sleep
(1632295267 670289800) Sleep time is larger than clock resolution, skipping sleep
(1632295268 602997100) Sleep time is larger than clock resolution, skipping sleep
(1632295270 142965300) Sleep time is larger than clock resolution, skipping sleep
(1632295272 742107600) Sleep time is larger than clock resolution, skipping sleep
(1632295273 25669600) Sleep time is larger than clock resolution, skipping sleep
(1632295274 254786000) Sleep time is larger than clock resolution, skipping sleep
(1632295274 392208300) Sleep time is larger than clock resolution, skipping sleep
(1632295275 400887100) Sleep time is larger than clock resolution, skipping sleep
(1632295279 960947500) Sleep time is larger than clock resolution, skipping sleep
(1632295282 983887800) Sleep time is larger than clock resolution, skipping sleep
(1632295283 45545400) Sleep time is larger than clock resolution, skipping sleep
(1632295283 384976000) Sleep time is larger than clock resolution, skipping sleep
(1632295283 866391400) Sleep time is larger than clock resolution, skipping sleep
(1632295292 22551200) Sleep time is larger than clock resolution, skipping sleep
(1632295292 66344500) Sleep time is larger than clock resolution, skipping sleep
(1632295293 142770500) Sleep time is larger than clock resolution, skipping sleep
(1632295296 568683400) Sleep time is larger than clock resolution, skipping sleep
(1632295297 394961700) Sleep time is larger than clock resolution, skipping sleep
(1632295298 901904800) Sleep time is larger than clock resolution, skipping sleep
(1632295305 734688500) Sleep time is larger than clock resolution, skipping sleep
(1632295309 457329400) Sleep time is larger than clock resolution, skipping sleep
(1632295311 11512700) Sleep time is larger than clock resolution, skipping sleep
(1632295312 600149900) Sleep time is larger than clock resolution, skipping sleep
(1632295314 302490300) Sleep time is larger than clock resolution, skipping sleep
(1632295317 769159200) Sleep time is larger than clock resolution, skipping sleep
(1632295320 933644700) Sleep time is larger than clock resolution, skipping sleep
(1632295322 765458700) Sleep time is larger than clock resolution, skipping sleep
(1632295323 139154500) Sleep time is larger than clock resolution, skipping sleep
(1632295327 817564100) Sleep time is larger than clock resolution, skipping sleep
(1632295327 864219200) Sleep time is larger than clock resolution, skipping sleep
(1632295328 900648600) Sleep time is larger than clock resolution, skipping sleep
(1632295330 347852800) Sleep time is larger than clock resolution, skipping sleep
(1632295331 830889800) Sleep time is larger than clock resolution, skipping sleep
(1632295332 938270700) Sleep time is larger than clock resolution, skipping sleep
(1632295333 481091000) Sleep time is larger than clock resolution, skipping sleep
(1632295335 76174200) Sleep time is larger than clock resolution, skipping sleep
(1632295336 428113300) Sleep time is larger than clock resolution, skipping sleep
(1632295337 252176400) Sleep time is larger than clock resolution, skipping sleep
(1632295338 127266200) Sleep time is larger than clock resolution, skipping sleep
(1632295338 424139200) Sleep time is larger than clock resolution, skipping sleep
(1632295339 124150700) Sleep time is larger than clock resolution, skipping sleep
(1632295340 524320100) Sleep time is larger than clock resolution, skipping sleep
(1632295340 915641000) Sleep time is larger than clock resolution, skipping sleep
(1632295344 216772300) Sleep time is larger than clock resolution, skipping sleep
(1632295348 37324700) Sleep time is larger than clock resolution, skipping sleep
(1632295348 369034700) Sleep time is larger than clock resolution, skipping sleep
(1632295356 757721400) Sleep time is larger than clock resolution, skipping sleep
(1632295358 74474800) Sleep time is larger than clock resolution, skipping sleep
(1632295361 669550100) Sleep time is larger than clock resolution, skipping sleep
(1632295363 831589100) Sleep time is larger than clock resolution, skipping sleep
(1632295365 422166900) [Wrn] [C:\a\1\s\ws\src\gazebo\gazebo10\gazebo\transport\Publisher.cc:136] Queue limit reached for topic /gazebo/default/pose/local/info, deleting message. This warning is printed only once.
(1632295369 649400100) Sleep time is larger than clock resolution, skipping sleep
(1632295372 767279000) Sleep time is larger than clock resolution, skipping sleep
(1632295373 782226300) Sleep time is larger than clock resolution, skipping sleep
(1632295377 161032700) Sleep time is larger than clock resolution, skipping sleep
(1632295377 935428100) Sleep time is larger than clock resolution, skipping sleep
(1632295381 782928500) Sleep time is larger than clock resolution, skipping sleep
(1632295382 62181400) Sleep time is larger than clock resolution, skipping sleep
(1632295383 13828100) Sleep time is larger than clock resolution, skipping sleep
(1632295383 824747000) Sleep time is larger than clock resolution, skipping sleep
(1632295384 526990600) Sleep time is larger than clock resolution, skipping sleep
(1632295385 508152700) Sleep time is larger than clock resolution, skipping sleep
(1632295387 127079400) Sleep time is larger than clock resolution, skipping sleep
(1632295388 713066500) Sleep time is larger than clock resolution, skipping sleep
(1632295390 413395000) Sleep time is larger than clock resolution, skipping sleep
(1632295394 147865400) Sleep time is larger than clock resolution, skipping sleep
(1632295395 482595700) Sleep time is larger than clock resolution, skipping sleep
(1632295397 434050300) Sleep time is larger than clock resolution, skipping sleep
(1632295399 508954000) Sleep time is larger than clock resolution, skipping sleep
(1632295399 927292400) Sleep time is larger than clock resolution, skipping sleep
(1632295411 151616300) Sleep time is larger than clock resolution, skipping sleep
(1632295416 416959400) Sleep time is larger than clock resolution, skipping sleep
(1632295417 980390500) Sleep time is larger than clock resolution, skipping sleep
(1632295419 803480700) Sleep time is larger than clock resolution, skipping sleep
(1632295421 528069200) Sleep time is larger than clock resolution, skipping sleep
(1632295422 865771200) Sleep time is larger than clock resolution, skipping sleep
(1632295424 969482800) Sleep time is larger than clock resolution, skipping sleep
(1632295426 192743600) Sleep time is larger than clock resolution, skipping sleep
(1632295426 378788900) Sleep time is larger than clock resolution, skipping sleep
(1632295428 485936000) [Err] [C:\a\1\s\ws\src\gazebo\gazebo10\gazebo\rendering\Scene.cc:2936] Light [user_point_light_0] already exists. Use topic ~/light/modify to modify it.
(1632295429 786288400) Sleep time is larger than clock resolution, skipping sleep
(1632295432 49175100) Sleep time is larger than clock resolution, skipping sleep
(1632295438 178760700) Sleep time is larger than clock resolution, skipping sleep
(1632295440 318847500) Sleep time is larger than clock resolution, skipping sleep
(1632295441 409948500) Sleep time is larger than clock resolution, skipping sleep
(1632295444 96581400) Sleep time is larger than clock resolution, skipping sleep
(1632295447 132532600) Sleep time is larger than clock resolution, skipping sleep
(1632295448 400561900) Sleep time is larger than clock resolution, skipping sleep
(1632295449 709631500) Sleep time is larger than clock resolution, skipping sleep
(1632295451 261036600) Sleep time is larger than clock resolution, skipping sleep
(1632295453 241132200) Sleep time is larger than clock resolution, skipping sleep
(1632295455 620863600) Sleep time is larger than clock resolution, skipping sleep
(1632295457 909382000) Sleep time is larger than clock resolution, skipping sleep
(1632295459 905685100) Sleep time is larger than clock resolution, skipping sleep
(1632295463 553618300) Sleep time is larger than clock resolution, skipping sleep
(1632295467 448056700) Sleep time is larger than clock resolution, skipping sleep
(1632295469 747723000) Sleep time is larger than clock resolution, skipping sleep
(1632295471 842938700) Sleep time is larger than clock resolution, skipping sleep
(1632295471 952889700) Sleep time is larger than clock resolution, skipping sleep
(1632295472 44692500) Sleep time is larger than clock resolution, skipping sleep
(1632295472 91689400) Sleep time is larger than clock resolution, skipping sleep
(1632295474 272103900) Sleep time is larger than clock resolution, skipping sleep
(1632295474 446654900) Sleep time is larger than clock resolution, skipping sleep
(1632295475 150562000) Sleep time is larger than clock resolution, skipping sleep
(1632295476 36991300) Sleep time is larger than clock resolution, skipping sleep
(1632295478 404562000) Sleep time is larger than clock resolution, skipping sleep
(1632295480 380150800) Sleep time is larger than clock resolution, skipping sleep
(1632295482 72594700) Sleep time is larger than clock resolution, skipping sleep
(1632295488 351799300) Sleep time is larger than clock resolution, skipping sleep
(1632295488 490606300) Sleep time is larger than clock resolution, skipping sleep
(1632295489 488161800) Sleep time is larger than clock resolution, skipping sleep
(1632295491 387886100) Sleep time is larger than clock resolution, skipping sleep
(1632295494 819206700) Sleep time is larger than clock resolution, skipping sleep
(1632295500 40740700) Sleep time is larger than clock resolution, skipping sleep
(1632295506 737881100) Sleep time is larger than clock resolution, skipping sleep
(1632295510 10392400) Sleep time is larger than clock resolution, skipping sleep
(1632295511 551803500) Sleep time is larger than clock resolution, skipping sleep
(1632295516 273379700) Sleep time is larger than clock resolution, skipping sleep
(1632295518 333186900) Sleep time is larger than clock resolution, skipping sleep
(1632295520 719624200) Sleep time is larger than clock resolution, skipping sleep
(1632295522 384713700) Sleep time is larger than clock resolution, skipping sleep
(1632295523 475406700) Sleep time is larger than clock resolution, skipping sleep
(1632295523 775850000) Sleep time is larger than clock resolution, skipping sleep
(1632295528 323119600) Sleep time is larger than clock resolution, skipping sleep
(1632295529 779939700) Sleep time is larger than clock resolution, skipping sleep
(1632295532 439639800) Sleep time is larger than clock resolution, skipping sleep
(1632295536 137162300) Sleep time is larger than clock resolution, skipping sleep
(1632295538 46829400) Sleep time is larger than clock resolution, skipping sleep
(1632295538 117989000) Sleep time is larger than clock resolution, skipping sleep
(1632295540 709422600) Sleep time is larger than clock resolution, skipping sleep
(1632295541 122615300) Sleep time is larger than clock resolution, skipping sleep
(1632295541 202526300) Sleep time is larger than clock resolution, skipping sleep
(1632295546 122107500) Sleep time is larger than clock resolution, skipping sleep
(1632295549 433163200) Sleep time is larger than clock resolution, skipping sleep
(1632295555 333879700) Sleep time is larger than clock resolution, skipping sleep
(1632295556 104556200) Sleep time is larger than clock resolution, skipping sleep
(1632295562 678100700) Sleep time is larger than clock resolution, skipping sleep
(1632295563 800821100) Sleep time is larger than clock resolution, skipping sleep
(1632295565 217096100) Sleep time is larger than clock resolution, skipping sleep
(1632295567 560058400) Sleep time is larger than clock resolution, skipping sleep
(1632295568 395562800) Sleep time is larger than clock resolution, skipping sleep
(1632295569 942285600) Sleep time is larger than clock resolution, skipping sleep
(1632295572 659721000) Sleep time is larger than clock resolution, skipping sleep
(1632295576 697747200) Sleep time is larger than clock resolution, skipping sleep
(1632295582 914492700) Sleep time is larger than clock resolution, skipping sleep
(1632295584 576752000) Sleep time is larger than clock resolution, skipping sleep
(1632295585 270523400) Sleep time is larger than clock resolution, skipping sleep
(1632295593 376474600) Sleep time is larger than clock resolution, skipping sleep
(1632295593 574693800) Sleep time is larger than clock resolution, skipping sleep
(1632295596 364042500) Sleep time is larger than clock resolution, skipping sleep
(1632295596 908162500) Sleep time is larger than clock resolution, skipping sleep
(1632295600 810506600) Sleep time is larger than clock resolution, skipping sleep
(1632295604 870792700) Sleep time is larger than clock resolution, skipping sleep
(1632295605 146839100) Sleep time is larger than clock resolution, skipping sleep
(1632295605 552990900) Sleep time is larger than clock resolution, skipping sleep
(1632295605 908278700) Sleep time is larger than clock resolution, skipping sleep
(1632295606 772796300) Sleep time is larger than clock resolution, skipping sleep
(1632295607 377262200) Sleep time is larger than clock resolution, skipping sleep
(1632295613 657493400) Sleep time is larger than clock resolution, skipping sleep
(1632295617 705867500) Sleep time is larger than clock resolution, skipping sleep
(1632295620 342807600) Sleep time is larger than clock resolution, skipping sleep
(1632295620 527924700) Sleep time is larger than clock resolution, skipping sleep
(1632295622 682527200) Sleep time is larger than clock resolution, skipping sleep
(1632295623 442985400) Sleep time is larger than clock resolution, skipping sleep
(1632295623 734752400) Sleep time is larger than clock resolution, skipping sleep
(1632295626 34276300) Sleep time is larger than clock resolution, skipping sleep
(1632295626 938640700) Sleep time is larger than clock resolution, skipping sleep
(1632295629 774072100) Sleep time is larger than clock resolution, skipping sleep
(1632295637 394368800) Sleep time is larger than clock resolution, skipping sleep
(1632295637 667416100) Sleep time is larger than clock resolution, skipping sleep
(1632295637 667844700) Sleep time is larger than clock resolution, skipping sleep
(1632295637 904741700) Sleep time is larger than clock resolution, skipping sleep
(1632295641 19348600) Sleep time is larger than clock resolution, skipping sleep
(1632295643 236475700) Sleep time is larger than clock resolution, skipping sleep
(1632295646 595769400) Sleep time is larger than clock resolution, skipping sleep
(1632295648 554231200) Sleep time is larger than clock resolution, skipping sleep
(1632295650 714870000) Sleep time is larger than clock resolution, skipping sleep
(1632295651 392297700) Sleep time is larger than clock resolution, skipping sleep
(1632295658 370719900) Sleep time is larger than clock resolution, skipping sleep
(1632295659 614821500) Sleep time is larger than clock resolution, skipping sleep
(1632295659 767489600) Sleep time is larger than clock resolution, skipping sleep
(1632295660 187179200) Sleep time is larger than clock resolution, skipping sleep
(1632295662 764608400) Sleep time is larger than clock resolution, skipping sleep
(1632295667 23493400) Sleep time is larger than clock resolution, skipping sleep
(1632295669 778929800) Sleep time is larger than clock resolution, skipping sleep
(1632295671 723141800) Sleep time is larger than clock resolution, skipping sleep
(1632295673 927097300) Sleep time is larger than clock resolution, skipping sleep
(1632295674 463141000) Sleep time is larger than clock resolution, skipping sleep
(1632295683 681379900) Sleep time is larger than clock resolution, skipping sleep
(1632295683 857505300) Sleep time is larger than clock resolution, skipping sleep
(1632295686 788953100) Sleep time is larger than clock resolution, skipping sleep
(1632295693 944932200) Sleep time is larger than clock resolution, skipping sleep
(1632295697 85156700) Sleep time is larger than clock resolution, skipping sleep
(1632295698 662083500) Sleep time is larger than clock resolution, skipping sleep
(1632295699 675850900) Sleep time is larger than clock resolution, skipping sleep
(1632295710 973276800) Sleep time is larger than clock resolution, skipping sleep
(1632295715 302521000) Sleep time is larger than clock resolution, skipping sleep
(1632295716 924077000) Sleep time is larger than clock resolution, skipping sleep
(1632295718 143180800) Sleep time is larger than clock resolution, skipping sleep
(1632295719 555209700) Sleep time is larger than clock resolution, skipping sleep
(1632295721 656027100) Sleep time is larger than clock resolution, skipping sleep
(1632295723 94559500) Sleep time is larger than clock resolution, skipping sleep
(1632295728 881179100) Sleep time is larger than clock resolution, skipping sleep
(1632295732 270224500) Sleep time is larger than clock resolution, skipping sleep
(1632295735 4951300) Sleep time is larger than clock resolution, skipping sleep
(1632295735 772824700) Sleep time is larger than clock resolution, skipping sleep
(1632295739 893640300) Sleep time is larger than clock resolution, skipping sleep
(1632295741 406279200) Sleep time is larger than clock resolution, skipping sleep
(1632295744 232073200) Sleep time is larger than clock resolution, skipping sleep
(1632295744 431277700) Sleep time is larger than clock resolution, skipping sleep
(1632295744 932838600) Sleep time is larger than clock resolution, skipping sleep
(1632295745 857972100) Sleep time is larger than clock resolution, skipping sleep
(1632295747 947884700) Sleep time is larger than clock resolution, skipping sleep
(1632295747 962059400) Sleep time is larger than clock resolution, skipping sleep
(1632295749 585868300) Sleep time is larger than clock resolution, skipping sleep
(1632295749 835028300) Sleep time is larger than clock resolution, skipping sleep
(1632295751 412071800) Sleep time is larger than clock resolution, skipping sleep
(1632295751 729158200) Sleep time is larger than clock resolution, skipping sleep
(1632295753 256220200) Sleep time is larger than clock resolution, skipping sleep
(1632295755 856225500) Sleep time is larger than clock resolution, skipping sleep
(1632295760 614391400) Sleep time is larger than clock resolution, skipping sleep
(1632295761 645248500) Sleep time is larger than clock resolution, skipping sleep
(1632295762 298991800) Sleep time is larger than clock resolution, skipping sleep
(1632295762 624775500) Sleep time is larger than clock resolution, skipping sleep
(1632295763 595360900) Sleep time is larger than clock resolution, skipping sleep
(1632295767 148861400) Sleep time is larger than clock resolution, skipping sleep
(1632295768 860336100) Sleep time is larger than clock resolution, skipping sleep
(1632295768 886365400) Sleep time is larger than clock resolution, skipping sleep
(1632295772 162513000) Sleep time is larger than clock resolution, skipping sleep
(1632295776 519417400) Sleep time is larger than clock resolution, skipping sleep
(1632295784 113948800) Sleep time is larger than clock resolution, skipping sleep
(1632295784 896351600) Sleep time is larger than clock resolution, skipping sleep
(1632295789 571982900) Sleep time is larger than clock resolution, skipping sleep
(1632295790 862909200) Sleep time is larger than clock resolution, skipping sleep
(1632295793 566763800) Sleep time is larger than clock resolution, skipping sleep
(1632295795 574210000) Sleep time is larger than clock resolution, skipping sleep
(1632295798 680051900) Sleep time is larger than clock resolution, skipping sleep
(1632295803 751517200) Sleep time is larger than clock resolution, skipping sleep
