[2.309s] [34mcolcon[0m [1;30mDEBUG[0m [32mCommand line arguments: ['c:\\opt\\ros\\foxy\\x64\\Scripts\\colcon', 'build', '--symlink-install', '--packages-select', 'gcamp_gazebo'][0m
[2.309s] [34mcolcon[0m [1;30mDEBUG[0m [32mParsed command line arguments: Namespace(ament_cmake_args=None, base_paths=['.'], build_base='build', catkin_cmake_args=None, catkin_skip_building_tests=False, cmake_args=None, cmake_clean_cache=False, cmake_clean_first=False, cmake_force_configure=False, cmake_target=None, cmake_target_skip_unavailable=False, continue_on_error=False, event_handlers=None, executor='parallel', ignore_user_meta=False, install_base='install', log_base=None, log_level=None, main=<bound method BuildVerb.main of <colcon_core.verb.build.BuildVerb object at 0x0000021258BCF430>>, merge_install=False, metas=['./colcon.meta'], packages_above=None, packages_above_and_dependencies=None, packages_above_depth=None, packages_end=None, packages_ignore=None, packages_ignore_regex=None, packages_select=['gcamp_gazebo'], packages_select_build_failed=False, packages_select_by_dep=None, packages_select_regex=None, packages_select_test_failures=False, packages_skip=None, packages_skip_build_finished=False, packages_skip_by_dep=None, packages_skip_regex=None, packages_skip_test_passed=False, packages_skip_up_to=None, packages_start=None, packages_up_to=None, packages_up_to_regex=None, parallel_workers=12, paths=None, symlink_install=True, test_result_base=None, verb_extension=<colcon_core.verb.build.BuildVerb object at 0x0000021258BCF430>, verb_name='build', verb_parser=<colcon_defaults.argument_parser.defaults.DefaultArgumentsDecorator object at 0x0000021258BCF910>)[0m
[2.459s] [34mcolcon.colcon_core.package_discovery[0m [1;30mLevel 1[0m discover_packages(colcon_meta) check parameters
[2.460s] [34mcolcon.colcon_core.package_discovery[0m [1;30mLevel 1[0m discover_packages(recursive) check parameters
[2.460s] [34mcolcon.colcon_core.package_discovery[0m [1;30mLevel 1[0m discover_packages(ignore) check parameters
[2.460s] [34mcolcon.colcon_core.package_discovery[0m [1;30mLevel 1[0m discover_packages(path) check parameters
[2.460s] [34mcolcon.colcon_core.package_discovery[0m [1;30mLevel 1[0m discover_packages(colcon_meta) discover
[2.460s] [34mcolcon.colcon_core.package_discovery[0m [1;30mLevel 1[0m discover_packages(recursive) discover
[2.460s] [34mcolcon.colcon_core.package_discovery[0m [1;30mINFO[0m Crawling recursively for packages in 'c:\gcamp_ros2_ws'
[2.460s] [34mcolcon.colcon_core.package_identification[0m [1;30mLevel 1[0m _identify(.) by extensions ['ignore', 'ignore_ament_install']
[2.461s] [34mcolcon.colcon_core.package_identification[0m [1;30mLevel 1[0m _identify(.) by extension 'ignore'
[2.461s] [34mcolcon.colcon_core.package_identification[0m [1;30mLevel 1[0m _identify(.) by extension 'ignore_ament_install'
[2.461s] [34mcolcon.colcon_core.package_identification[0m [1;30mLevel 1[0m _identify(.) by extensions ['colcon_pkg']
[2.461s] [34mcolcon.colcon_core.package_identification[0m [1;30mLevel 1[0m _identify(.) by extension 'colcon_pkg'
[2.461s] [34mcolcon.colcon_core.package_identification[0m [1;30mLevel 1[0m _identify(.) by extensions ['colcon_meta']
[2.461s] [34mcolcon.colcon_core.package_identification[0m [1;30mLevel 1[0m _identify(.) by extension 'colcon_meta'
[2.461s] [34mcolcon.colcon_core.package_identification[0m [1;30mLevel 1[0m _identify(.) by extensions ['ros']
[2.461s] [34mcolcon.colcon_core.package_identification[0m [1;30mLevel 1[0m _identify(.) by extension 'ros'
[2.519s] [34mcolcon.colcon_core.package_identification[0m [1;30mLevel 1[0m _identify(.) by extensions ['cmake', 'python']
[2.519s] [34mcolcon.colcon_core.package_identification[0m [1;30mLevel 1[0m _identify(.) by extension 'cmake'
[2.519s] [34mcolcon.colcon_core.package_identification[0m [1;30mLevel 1[0m _identify(.) by extension 'python'
[2.519s] [34mcolcon.colcon_core.package_identification[0m [1;30mLevel 1[0m _identify(.) by extensions ['python_setup_py']
[2.519s] [34mcolcon.colcon_core.package_identification[0m [1;30mLevel 1[0m _identify(.) by extension 'python_setup_py'
[2.519s] [34mcolcon.colcon_core.package_identification[0m [1;30mLevel 1[0m _identify(build) by extensions ['ignore', 'ignore_ament_install']
[2.519s] [34mcolcon.colcon_core.package_identification[0m [1;30mLevel 1[0m _identify(build) by extension 'ignore'
[2.519s] [34mcolcon.colcon_core.package_identification[0m [1;30mLevel 1[0m _identify(build) ignored
[2.519s] [34mcolcon.colcon_core.package_identification[0m [1;30mLevel 1[0m _identify(install) by extensions ['ignore', 'ignore_ament_install']
[2.519s] [34mcolcon.colcon_core.package_identification[0m [1;30mLevel 1[0m _identify(install) by extension 'ignore'
[2.519s] [34mcolcon.colcon_core.package_identification[0m [1;30mLevel 1[0m _identify(install) ignored
[2.519s] [34mcolcon.colcon_core.package_identification[0m [1;30mLevel 1[0m _identify(log) by extensions ['ignore', 'ignore_ament_install']
[2.519s] [34mcolcon.colcon_core.package_identification[0m [1;30mLevel 1[0m _identify(log) by extension 'ignore'
[2.519s] [34mcolcon.colcon_core.package_identification[0m [1;30mLevel 1[0m _identify(log) ignored
[2.519s] [34mcolcon.colcon_core.package_identification[0m [1;30mLevel 1[0m _identify(src) by extensions ['ignore', 'ignore_ament_install']
[2.519s] [34mcolcon.colcon_core.package_identification[0m [1;30mLevel 1[0m _identify(src) by extension 'ignore'
[2.519s] [34mcolcon.colcon_core.package_identification[0m [1;30mLevel 1[0m _identify(src) by extension 'ignore_ament_install'
[2.519s] [34mcolcon.colcon_core.package_identification[0m [1;30mLevel 1[0m _identify(src) by extensions ['colcon_pkg']
[2.519s] [34mcolcon.colcon_core.package_identification[0m [1;30mLevel 1[0m _identify(src) by extension 'colcon_pkg'
[2.519s] [34mcolcon.colcon_core.package_identification[0m [1;30mLevel 1[0m _identify(src) by extensions ['colcon_meta']
[2.519s] [34mcolcon.colcon_core.package_identification[0m [1;30mLevel 1[0m _identify(src) by extension 'colcon_meta'
[2.519s] [34mcolcon.colcon_core.package_identification[0m [1;30mLevel 1[0m _identify(src) by extensions ['ros']
[2.519s] [34mcolcon.colcon_core.package_identification[0m [1;30mLevel 1[0m _identify(src) by extension 'ros'
[2.519s] [34mcolcon.colcon_core.package_identification[0m [1;30mLevel 1[0m _identify(src) by extensions ['cmake', 'python']
[2.519s] [34mcolcon.colcon_core.package_identification[0m [1;30mLevel 1[0m _identify(src) by extension 'cmake'
[2.519s] [34mcolcon.colcon_core.package_identification[0m [1;30mLevel 1[0m _identify(src) by extension 'python'
[2.519s] [34mcolcon.colcon_core.package_identification[0m [1;30mLevel 1[0m _identify(src) by extensions ['python_setup_py']
[2.519s] [34mcolcon.colcon_core.package_identification[0m [1;30mLevel 1[0m _identify(src) by extension 'python_setup_py'
[2.519s] [34mcolcon.colcon_core.package_identification[0m [1;30mLevel 1[0m _identify(src\gcamp_ros2_basic) by extensions ['ignore', 'ignore_ament_install']
[2.535s] [34mcolcon.colcon_core.package_identification[0m [1;30mLevel 1[0m _identify(src\gcamp_ros2_basic) by extension 'ignore'
[2.535s] [34mcolcon.colcon_core.package_identification[0m [1;30mLevel 1[0m _identify(src\gcamp_ros2_basic) by extension 'ignore_ament_install'
[2.535s] [34mcolcon.colcon_core.package_identification[0m [1;30mLevel 1[0m _identify(src\gcamp_ros2_basic) by extensions ['colcon_pkg']
[2.535s] [34mcolcon.colcon_core.package_identification[0m [1;30mLevel 1[0m _identify(src\gcamp_ros2_basic) by extension 'colcon_pkg'
[2.535s] [34mcolcon.colcon_core.package_identification[0m [1;30mLevel 1[0m _identify(src\gcamp_ros2_basic) by extensions ['colcon_meta']
[2.535s] [34mcolcon.colcon_core.package_identification[0m [1;30mLevel 1[0m _identify(src\gcamp_ros2_basic) by extension 'colcon_meta'
[2.535s] [34mcolcon.colcon_core.package_identification[0m [1;30mLevel 1[0m _identify(src\gcamp_ros2_basic) by extensions ['ros']
[2.535s] [34mcolcon.colcon_core.package_identification[0m [1;30mLevel 1[0m _identify(src\gcamp_ros2_basic) by extension 'ros'
[2.535s] [34mcolcon.colcon_core.package_identification[0m [1;30mLevel 1[0m _identify(src\gcamp_ros2_basic) by extensions ['cmake', 'python']
[2.535s] [34mcolcon.colcon_core.package_identification[0m [1;30mLevel 1[0m _identify(src\gcamp_ros2_basic) by extension 'cmake'
[2.535s] [34mcolcon.colcon_core.package_identification[0m [1;30mLevel 1[0m _identify(src\gcamp_ros2_basic) by extension 'python'
[2.535s] [34mcolcon.colcon_core.package_identification[0m [1;30mLevel 1[0m _identify(src\gcamp_ros2_basic) by extensions ['python_setup_py']
[2.535s] [34mcolcon.colcon_core.package_identification[0m [1;30mLevel 1[0m _identify(src\gcamp_ros2_basic) by extension 'python_setup_py'
[2.535s] [34mcolcon.colcon_core.package_identification[0m [1;30mLevel 1[0m _identify(src\gcamp_ros2_basic\cpp_action_pkg) by extensions ['ignore', 'ignore_ament_install']
[2.535s] [34mcolcon.colcon_core.package_identification[0m [1;30mLevel 1[0m _identify(src\gcamp_ros2_basic\cpp_action_pkg) by extension 'ignore'
[2.535s] [34mcolcon.colcon_core.package_identification[0m [1;30mLevel 1[0m _identify(src\gcamp_ros2_basic\cpp_action_pkg) by extension 'ignore_ament_install'
[2.535s] [34mcolcon.colcon_core.package_identification[0m [1;30mLevel 1[0m _identify(src\gcamp_ros2_basic\cpp_action_pkg) by extensions ['colcon_pkg']
[2.535s] [34mcolcon.colcon_core.package_identification[0m [1;30mLevel 1[0m _identify(src\gcamp_ros2_basic\cpp_action_pkg) by extension 'colcon_pkg'
[2.535s] [34mcolcon.colcon_core.package_identification[0m [1;30mLevel 1[0m _identify(src\gcamp_ros2_basic\cpp_action_pkg) by extensions ['colcon_meta']
[2.535s] [34mcolcon.colcon_core.package_identification[0m [1;30mLevel 1[0m _identify(src\gcamp_ros2_basic\cpp_action_pkg) by extension 'colcon_meta'
[2.535s] [34mcolcon.colcon_core.package_identification[0m [1;30mLevel 1[0m _identify(src\gcamp_ros2_basic\cpp_action_pkg) by extensions ['ros']
[2.535s] [34mcolcon.colcon_core.package_identification[0m [1;30mLevel 1[0m _identify(src\gcamp_ros2_basic\cpp_action_pkg) by extension 'ros'
[2.535s] [34mcolcon.colcon_core.package_identification[0m [1;30mDEBUG[0m [32mPackage 'src\gcamp_ros2_basic\cpp_action_pkg' with type 'ros.ament_cmake' and name 'cpp_action_pkg'[0m
[2.535s] [34mcolcon.colcon_core.package_identification[0m [1;30mLevel 1[0m _identify(src\gcamp_ros2_basic\cpp_first_pkg) by extensions ['ignore', 'ignore_ament_install']
[2.535s] [34mcolcon.colcon_core.package_identification[0m [1;30mLevel 1[0m _identify(src\gcamp_ros2_basic\cpp_first_pkg) by extension 'ignore'
[2.535s] [34mcolcon.colcon_core.package_identification[0m [1;30mLevel 1[0m _identify(src\gcamp_ros2_basic\cpp_first_pkg) by extension 'ignore_ament_install'
[2.535s] [34mcolcon.colcon_core.package_identification[0m [1;30mLevel 1[0m _identify(src\gcamp_ros2_basic\cpp_first_pkg) by extensions ['colcon_pkg']
[2.535s] [34mcolcon.colcon_core.package_identification[0m [1;30mLevel 1[0m _identify(src\gcamp_ros2_basic\cpp_first_pkg) by extension 'colcon_pkg'
[2.535s] [34mcolcon.colcon_core.package_identification[0m [1;30mLevel 1[0m _identify(src\gcamp_ros2_basic\cpp_first_pkg) by extensions ['colcon_meta']
[2.535s] [34mcolcon.colcon_core.package_identification[0m [1;30mLevel 1[0m _identify(src\gcamp_ros2_basic\cpp_first_pkg) by extension 'colcon_meta'
[2.535s] [34mcolcon.colcon_core.package_identification[0m [1;30mLevel 1[0m _identify(src\gcamp_ros2_basic\cpp_first_pkg) by extensions ['ros']
[2.535s] [34mcolcon.colcon_core.package_identification[0m [1;30mLevel 1[0m _identify(src\gcamp_ros2_basic\cpp_first_pkg) by extension 'ros'
[2.535s] [34mcolcon.colcon_core.package_identification[0m [1;30mDEBUG[0m [32mPackage 'src\gcamp_ros2_basic\cpp_first_pkg' with type 'ros.ament_cmake' and name 'cpp_first_pkg'[0m
[2.550s] [34mcolcon.colcon_core.package_identification[0m [1;30mLevel 1[0m _identify(src\gcamp_ros2_basic\cpp_service_pkg) by extensions ['ignore', 'ignore_ament_install']
[2.550s] [34mcolcon.colcon_core.package_identification[0m [1;30mLevel 1[0m _identify(src\gcamp_ros2_basic\cpp_service_pkg) by extension 'ignore'
[2.550s] [34mcolcon.colcon_core.package_identification[0m [1;30mLevel 1[0m _identify(src\gcamp_ros2_basic\cpp_service_pkg) by extension 'ignore_ament_install'
[2.550s] [34mcolcon.colcon_core.package_identification[0m [1;30mLevel 1[0m _identify(src\gcamp_ros2_basic\cpp_service_pkg) by extensions ['colcon_pkg']
[2.550s] [34mcolcon.colcon_core.package_identification[0m [1;30mLevel 1[0m _identify(src\gcamp_ros2_basic\cpp_service_pkg) by extension 'colcon_pkg'
[2.550s] [34mcolcon.colcon_core.package_identification[0m [1;30mLevel 1[0m _identify(src\gcamp_ros2_basic\cpp_service_pkg) by extensions ['colcon_meta']
[2.550s] [34mcolcon.colcon_core.package_identification[0m [1;30mLevel 1[0m _identify(src\gcamp_ros2_basic\cpp_service_pkg) by extension 'colcon_meta'
[2.550s] [34mcolcon.colcon_core.package_identification[0m [1;30mLevel 1[0m _identify(src\gcamp_ros2_basic\cpp_service_pkg) by extensions ['ros']
[2.550s] [34mcolcon.colcon_core.package_identification[0m [1;30mLevel 1[0m _identify(src\gcamp_ros2_basic\cpp_service_pkg) by extension 'ros'
[2.550s] [34mcolcon.colcon_core.package_identification[0m [1;30mDEBUG[0m [32mPackage 'src\gcamp_ros2_basic\cpp_service_pkg' with type 'ros.ament_cmake' and name 'cpp_service_pkg'[0m
[2.550s] [34mcolcon.colcon_core.package_identification[0m [1;30mLevel 1[0m _identify(src\gcamp_ros2_basic\cpp_service_tutorial) by extensions ['ignore', 'ignore_ament_install']
[2.550s] [34mcolcon.colcon_core.package_identification[0m [1;30mLevel 1[0m _identify(src\gcamp_ros2_basic\cpp_service_tutorial) by extension 'ignore'
[2.550s] [34mcolcon.colcon_core.package_identification[0m [1;30mLevel 1[0m _identify(src\gcamp_ros2_basic\cpp_service_tutorial) by extension 'ignore_ament_install'
[2.550s] [34mcolcon.colcon_core.package_identification[0m [1;30mLevel 1[0m _identify(src\gcamp_ros2_basic\cpp_service_tutorial) by extensions ['colcon_pkg']
[2.550s] [34mcolcon.colcon_core.package_identification[0m [1;30mLevel 1[0m _identify(src\gcamp_ros2_basic\cpp_service_tutorial) by extension 'colcon_pkg'
[2.550s] [34mcolcon.colcon_core.package_identification[0m [1;30mLevel 1[0m _identify(src\gcamp_ros2_basic\cpp_service_tutorial) by extensions ['colcon_meta']
[2.550s] [34mcolcon.colcon_core.package_identification[0m [1;30mLevel 1[0m _identify(src\gcamp_ros2_basic\cpp_service_tutorial) by extension 'colcon_meta'
[2.550s] [34mcolcon.colcon_core.package_identification[0m [1;30mLevel 1[0m _identify(src\gcamp_ros2_basic\cpp_service_tutorial) by extensions ['ros']
[2.550s] [34mcolcon.colcon_core.package_identification[0m [1;30mLevel 1[0m _identify(src\gcamp_ros2_basic\cpp_service_tutorial) by extension 'ros'
[2.550s] [34mcolcon.colcon_core.package_identification[0m [1;30mDEBUG[0m [32mPackage 'src\gcamp_ros2_basic\cpp_service_tutorial' with type 'ros.ament_cmake' and name 'cpp_service_tutorial'[0m
[2.550s] [34mcolcon.colcon_core.package_identification[0m [1;30mLevel 1[0m _identify(src\gcamp_ros2_basic\cpp_topic_pkg) by extensions ['ignore', 'ignore_ament_install']
[2.550s] [34mcolcon.colcon_core.package_identification[0m [1;30mLevel 1[0m _identify(src\gcamp_ros2_basic\cpp_topic_pkg) by extension 'ignore'
[2.550s] [34mcolcon.colcon_core.package_identification[0m [1;30mLevel 1[0m _identify(src\gcamp_ros2_basic\cpp_topic_pkg) by extension 'ignore_ament_install'
[2.550s] [34mcolcon.colcon_core.package_identification[0m [1;30mLevel 1[0m _identify(src\gcamp_ros2_basic\cpp_topic_pkg) by extensions ['colcon_pkg']
[2.550s] [34mcolcon.colcon_core.package_identification[0m [1;30mLevel 1[0m _identify(src\gcamp_ros2_basic\cpp_topic_pkg) by extension 'colcon_pkg'
[2.550s] [34mcolcon.colcon_core.package_identification[0m [1;30mLevel 1[0m _identify(src\gcamp_ros2_basic\cpp_topic_pkg) by extensions ['colcon_meta']
[2.550s] [34mcolcon.colcon_core.package_identification[0m [1;30mLevel 1[0m _identify(src\gcamp_ros2_basic\cpp_topic_pkg) by extension 'colcon_meta'
[2.550s] [34mcolcon.colcon_core.package_identification[0m [1;30mLevel 1[0m _identify(src\gcamp_ros2_basic\cpp_topic_pkg) by extensions ['ros']
[2.550s] [34mcolcon.colcon_core.package_identification[0m [1;30mLevel 1[0m _identify(src\gcamp_ros2_basic\cpp_topic_pkg) by extension 'ros'
[2.550s] [34mcolcon.colcon_core.package_identification[0m [1;30mDEBUG[0m [32mPackage 'src\gcamp_ros2_basic\cpp_topic_pkg' with type 'ros.ament_cmake' and name 'cpp_topic_pkg'[0m
[2.550s] [34mcolcon.colcon_core.package_identification[0m [1;30mLevel 1[0m _identify(src\gcamp_ros2_basic\custom_interfaces) by extensions ['ignore', 'ignore_ament_install']
[2.550s] [34mcolcon.colcon_core.package_identification[0m [1;30mLevel 1[0m _identify(src\gcamp_ros2_basic\custom_interfaces) by extension 'ignore'
[2.550s] [34mcolcon.colcon_core.package_identification[0m [1;30mLevel 1[0m _identify(src\gcamp_ros2_basic\custom_interfaces) by extension 'ignore_ament_install'
[2.550s] [34mcolcon.colcon_core.package_identification[0m [1;30mLevel 1[0m _identify(src\gcamp_ros2_basic\custom_interfaces) by extensions ['colcon_pkg']
[2.550s] [34mcolcon.colcon_core.package_identification[0m [1;30mLevel 1[0m _identify(src\gcamp_ros2_basic\custom_interfaces) by extension 'colcon_pkg'
[2.550s] [34mcolcon.colcon_core.package_identification[0m [1;30mLevel 1[0m _identify(src\gcamp_ros2_basic\custom_interfaces) by extensions ['colcon_meta']
[2.550s] [34mcolcon.colcon_core.package_identification[0m [1;30mLevel 1[0m _identify(src\gcamp_ros2_basic\custom_interfaces) by extension 'colcon_meta'
[2.550s] [34mcolcon.colcon_core.package_identification[0m [1;30mLevel 1[0m _identify(src\gcamp_ros2_basic\custom_interfaces) by extensions ['ros']
[2.550s] [34mcolcon.colcon_core.package_identification[0m [1;30mLevel 1[0m _identify(src\gcamp_ros2_basic\custom_interfaces) by extension 'ros'
[2.550s] [34mcolcon.colcon_core.package_identification[0m [1;30mDEBUG[0m [32mPackage 'src\gcamp_ros2_basic\custom_interfaces' with type 'ros.ament_cmake' and name 'custom_interfaces'[0m
[2.550s] [34mcolcon.colcon_core.package_identification[0m [1;30mLevel 1[0m _identify(src\gcamp_ros2_basic\gcamp_gazebo) by extensions ['ignore', 'ignore_ament_install']
[2.550s] [34mcolcon.colcon_core.package_identification[0m [1;30mLevel 1[0m _identify(src\gcamp_ros2_basic\gcamp_gazebo) by extension 'ignore'
[2.550s] [34mcolcon.colcon_core.package_identification[0m [1;30mLevel 1[0m _identify(src\gcamp_ros2_basic\gcamp_gazebo) by extension 'ignore_ament_install'
[2.550s] [34mcolcon.colcon_core.package_identification[0m [1;30mLevel 1[0m _identify(src\gcamp_ros2_basic\gcamp_gazebo) by extensions ['colcon_pkg']
[2.550s] [34mcolcon.colcon_core.package_identification[0m [1;30mLevel 1[0m _identify(src\gcamp_ros2_basic\gcamp_gazebo) by extension 'colcon_pkg'
[2.550s] [34mcolcon.colcon_core.package_identification[0m [1;30mLevel 1[0m _identify(src\gcamp_ros2_basic\gcamp_gazebo) by extensions ['colcon_meta']
[2.550s] [34mcolcon.colcon_core.package_identification[0m [1;30mLevel 1[0m _identify(src\gcamp_ros2_basic\gcamp_gazebo) by extension 'colcon_meta'
[2.550s] [34mcolcon.colcon_core.package_identification[0m [1;30mLevel 1[0m _identify(src\gcamp_ros2_basic\gcamp_gazebo) by extensions ['ros']
[2.550s] [34mcolcon.colcon_core.package_identification[0m [1;30mLevel 1[0m _identify(src\gcamp_ros2_basic\gcamp_gazebo) by extension 'ros'
[2.550s] [34mcolcon.colcon_core.package_identification[0m [1;30mDEBUG[0m [32mPackage 'src\gcamp_ros2_basic\gcamp_gazebo' with type 'ros.ament_cmake' and name 'gcamp_gazebo'[0m
[2.566s] [34mcolcon.colcon_core.package_identification[0m [1;30mLevel 1[0m _identify(src\gcamp_ros2_basic\image) by extensions ['ignore', 'ignore_ament_install']
[2.566s] [34mcolcon.colcon_core.package_identification[0m [1;30mLevel 1[0m _identify(src\gcamp_ros2_basic\image) by extension 'ignore'
[2.566s] [34mcolcon.colcon_core.package_identification[0m [1;30mLevel 1[0m _identify(src\gcamp_ros2_basic\image) by extension 'ignore_ament_install'
[2.566s] [34mcolcon.colcon_core.package_identification[0m [1;30mLevel 1[0m _identify(src\gcamp_ros2_basic\image) by extensions ['colcon_pkg']
[2.566s] [34mcolcon.colcon_core.package_identification[0m [1;30mLevel 1[0m _identify(src\gcamp_ros2_basic\image) by extension 'colcon_pkg'
[2.566s] [34mcolcon.colcon_core.package_identification[0m [1;30mLevel 1[0m _identify(src\gcamp_ros2_basic\image) by extensions ['colcon_meta']
[2.566s] [34mcolcon.colcon_core.package_identification[0m [1;30mLevel 1[0m _identify(src\gcamp_ros2_basic\image) by extension 'colcon_meta'
[2.566s] [34mcolcon.colcon_core.package_identification[0m [1;30mLevel 1[0m _identify(src\gcamp_ros2_basic\image) by extensions ['ros']
[2.566s] [34mcolcon.colcon_core.package_identification[0m [1;30mLevel 1[0m _identify(src\gcamp_ros2_basic\image) by extension 'ros'
[2.566s] [34mcolcon.colcon_core.package_identification[0m [1;30mLevel 1[0m _identify(src\gcamp_ros2_basic\image) by extensions ['cmake', 'python']
[2.566s] [34mcolcon.colcon_core.package_identification[0m [1;30mLevel 1[0m _identify(src\gcamp_ros2_basic\image) by extension 'cmake'
[2.566s] [34mcolcon.colcon_core.package_identification[0m [1;30mLevel 1[0m _identify(src\gcamp_ros2_basic\image) by extension 'python'
[2.566s] [34mcolcon.colcon_core.package_identification[0m [1;30mLevel 1[0m _identify(src\gcamp_ros2_basic\image) by extensions ['python_setup_py']
[2.566s] [34mcolcon.colcon_core.package_identification[0m [1;30mLevel 1[0m _identify(src\gcamp_ros2_basic\image) by extension 'python_setup_py'
[2.566s] [34mcolcon.colcon_core.package_identification[0m [1;30mLevel 1[0m _identify(src\gcamp_ros2_basic\py_action_pkg) by extensions ['ignore', 'ignore_ament_install']
[2.566s] [34mcolcon.colcon_core.package_identification[0m [1;30mLevel 1[0m _identify(src\gcamp_ros2_basic\py_action_pkg) by extension 'ignore'
[2.566s] [34mcolcon.colcon_core.package_identification[0m [1;30mLevel 1[0m _identify(src\gcamp_ros2_basic\py_action_pkg) by extension 'ignore_ament_install'
[2.566s] [34mcolcon.colcon_core.package_identification[0m [1;30mLevel 1[0m _identify(src\gcamp_ros2_basic\py_action_pkg) by extensions ['colcon_pkg']
[2.566s] [34mcolcon.colcon_core.package_identification[0m [1;30mLevel 1[0m _identify(src\gcamp_ros2_basic\py_action_pkg) by extension 'colcon_pkg'
[2.566s] [34mcolcon.colcon_core.package_identification[0m [1;30mLevel 1[0m _identify(src\gcamp_ros2_basic\py_action_pkg) by extensions ['colcon_meta']
[2.566s] [34mcolcon.colcon_core.package_identification[0m [1;30mLevel 1[0m _identify(src\gcamp_ros2_basic\py_action_pkg) by extension 'colcon_meta'
[2.566s] [34mcolcon.colcon_core.package_identification[0m [1;30mLevel 1[0m _identify(src\gcamp_ros2_basic\py_action_pkg) by extensions ['ros']
[2.566s] [34mcolcon.colcon_core.package_identification[0m [1;30mLevel 1[0m _identify(src\gcamp_ros2_basic\py_action_pkg) by extension 'ros'
[2.566s] [34mcolcon.colcon_core.package_identification[0m [1;30mDEBUG[0m [32mPackage 'src\gcamp_ros2_basic\py_action_pkg' with type 'ros.ament_python' and name 'py_action_pkg'[0m
[2.566s] [34mcolcon.colcon_core.package_identification[0m [1;30mLevel 1[0m _identify(src\gcamp_ros2_basic\py_first_pkg) by extensions ['ignore', 'ignore_ament_install']
[2.566s] [34mcolcon.colcon_core.package_identification[0m [1;30mLevel 1[0m _identify(src\gcamp_ros2_basic\py_first_pkg) by extension 'ignore'
[2.566s] [34mcolcon.colcon_core.package_identification[0m [1;30mLevel 1[0m _identify(src\gcamp_ros2_basic\py_first_pkg) by extension 'ignore_ament_install'
[2.566s] [34mcolcon.colcon_core.package_identification[0m [1;30mLevel 1[0m _identify(src\gcamp_ros2_basic\py_first_pkg) by extensions ['colcon_pkg']
[2.566s] [34mcolcon.colcon_core.package_identification[0m [1;30mLevel 1[0m _identify(src\gcamp_ros2_basic\py_first_pkg) by extension 'colcon_pkg'
[2.566s] [34mcolcon.colcon_core.package_identification[0m [1;30mLevel 1[0m _identify(src\gcamp_ros2_basic\py_first_pkg) by extensions ['colcon_meta']
[2.566s] [34mcolcon.colcon_core.package_identification[0m [1;30mLevel 1[0m _identify(src\gcamp_ros2_basic\py_first_pkg) by extension 'colcon_meta'
[2.566s] [34mcolcon.colcon_core.package_identification[0m [1;30mLevel 1[0m _identify(src\gcamp_ros2_basic\py_first_pkg) by extensions ['ros']
[2.566s] [34mcolcon.colcon_core.package_identification[0m [1;30mLevel 1[0m _identify(src\gcamp_ros2_basic\py_first_pkg) by extension 'ros'
[2.566s] [34mcolcon.colcon_core.package_identification[0m [1;30mDEBUG[0m [32mPackage 'src\gcamp_ros2_basic\py_first_pkg' with type 'ros.ament_python' and name 'py_first_pkg'[0m
[2.566s] [34mcolcon.colcon_core.package_identification[0m [1;30mLevel 1[0m _identify(src\gcamp_ros2_basic\py_service_pkg) by extensions ['ignore', 'ignore_ament_install']
[2.566s] [34mcolcon.colcon_core.package_identification[0m [1;30mLevel 1[0m _identify(src\gcamp_ros2_basic\py_service_pkg) by extension 'ignore'
[2.566s] [34mcolcon.colcon_core.package_identification[0m [1;30mLevel 1[0m _identify(src\gcamp_ros2_basic\py_service_pkg) by extension 'ignore_ament_install'
[2.566s] [34mcolcon.colcon_core.package_identification[0m [1;30mLevel 1[0m _identify(src\gcamp_ros2_basic\py_service_pkg) by extensions ['colcon_pkg']
[2.566s] [34mcolcon.colcon_core.package_identification[0m [1;30mLevel 1[0m _identify(src\gcamp_ros2_basic\py_service_pkg) by extension 'colcon_pkg'
[2.566s] [34mcolcon.colcon_core.package_identification[0m [1;30mLevel 1[0m _identify(src\gcamp_ros2_basic\py_service_pkg) by extensions ['colcon_meta']
[2.566s] [34mcolcon.colcon_core.package_identification[0m [1;30mLevel 1[0m _identify(src\gcamp_ros2_basic\py_service_pkg) by extension 'colcon_meta'
[2.566s] [34mcolcon.colcon_core.package_identification[0m [1;30mLevel 1[0m _identify(src\gcamp_ros2_basic\py_service_pkg) by extensions ['ros']
[2.566s] [34mcolcon.colcon_core.package_identification[0m [1;30mLevel 1[0m _identify(src\gcamp_ros2_basic\py_service_pkg) by extension 'ros'
[2.566s] [34mcolcon.colcon_core.package_identification[0m [1;30mDEBUG[0m [32mPackage 'src\gcamp_ros2_basic\py_service_pkg' with type 'ros.ament_python' and name 'py_service_pkg'[0m
[2.566s] [34mcolcon.colcon_core.package_identification[0m [1;30mLevel 1[0m _identify(src\gcamp_ros2_basic\py_topic_pkg) by extensions ['ignore', 'ignore_ament_install']
[2.566s] [34mcolcon.colcon_core.package_identification[0m [1;30mLevel 1[0m _identify(src\gcamp_ros2_basic\py_topic_pkg) by extension 'ignore'
[2.566s] [34mcolcon.colcon_core.package_identification[0m [1;30mLevel 1[0m _identify(src\gcamp_ros2_basic\py_topic_pkg) by extension 'ignore_ament_install'
[2.566s] [34mcolcon.colcon_core.package_identification[0m [1;30mLevel 1[0m _identify(src\gcamp_ros2_basic\py_topic_pkg) by extensions ['colcon_pkg']
[2.566s] [34mcolcon.colcon_core.package_identification[0m [1;30mLevel 1[0m _identify(src\gcamp_ros2_basic\py_topic_pkg) by extension 'colcon_pkg'
[2.566s] [34mcolcon.colcon_core.package_identification[0m [1;30mLevel 1[0m _identify(src\gcamp_ros2_basic\py_topic_pkg) by extensions ['colcon_meta']
[2.566s] [34mcolcon.colcon_core.package_identification[0m [1;30mLevel 1[0m _identify(src\gcamp_ros2_basic\py_topic_pkg) by extension 'colcon_meta'
[2.566s] [34mcolcon.colcon_core.package_identification[0m [1;30mLevel 1[0m _identify(src\gcamp_ros2_basic\py_topic_pkg) by extensions ['ros']
[2.566s] [34mcolcon.colcon_core.package_identification[0m [1;30mLevel 1[0m _identify(src\gcamp_ros2_basic\py_topic_pkg) by extension 'ros'
[2.582s] [34mcolcon.colcon_core.package_identification[0m [1;30mDEBUG[0m [32mPackage 'src\gcamp_ros2_basic\py_topic_pkg' with type 'ros.ament_python' and name 'py_topic_pkg'[0m
[2.582s] [34mcolcon.colcon_core.package_discovery[0m [1;30mLevel 1[0m discover_packages(recursive) using defaults
[2.582s] [34mcolcon.colcon_core.package_discovery[0m [1;30mLevel 1[0m discover_packages(ignore) discover
[2.582s] [34mcolcon.colcon_core.package_discovery[0m [1;30mLevel 1[0m discover_packages(ignore) using defaults
[2.582s] [34mcolcon.colcon_core.package_discovery[0m [1;30mLevel 1[0m discover_packages(path) discover
[2.582s] [34mcolcon.colcon_core.package_discovery[0m [1;30mLevel 1[0m discover_packages(path) using defaults
[2.609s] [34mcolcon.colcon_core.package_selection[0m [1;30mINFO[0m Skipping not selected package 'cpp_first_pkg' in 'src\gcamp_ros2_basic\cpp_first_pkg'
[2.609s] [34mcolcon.colcon_core.package_selection[0m [1;30mINFO[0m Skipping not selected package 'cpp_service_tutorial' in 'src\gcamp_ros2_basic\cpp_service_tutorial'
[2.609s] [34mcolcon.colcon_core.package_selection[0m [1;30mINFO[0m Skipping not selected package 'cpp_topic_pkg' in 'src\gcamp_ros2_basic\cpp_topic_pkg'
[2.609s] [34mcolcon.colcon_core.package_selection[0m [1;30mINFO[0m Skipping not selected package 'custom_interfaces' in 'src\gcamp_ros2_basic\custom_interfaces'
[2.609s] [34mcolcon.colcon_core.package_selection[0m [1;30mINFO[0m Skipping not selected package 'py_first_pkg' in 'src\gcamp_ros2_basic\py_first_pkg'
[2.609s] [34mcolcon.colcon_core.package_selection[0m [1;30mINFO[0m Skipping not selected package 'py_topic_pkg' in 'src\gcamp_ros2_basic\py_topic_pkg'
[2.610s] [34mcolcon.colcon_core.package_selection[0m [1;30mINFO[0m Skipping not selected package 'cpp_action_pkg' in 'src\gcamp_ros2_basic\cpp_action_pkg'
[2.610s] [34mcolcon.colcon_core.package_selection[0m [1;30mINFO[0m Skipping not selected package 'cpp_service_pkg' in 'src\gcamp_ros2_basic\cpp_service_pkg'
[2.610s] [34mcolcon.colcon_core.package_selection[0m [1;30mINFO[0m Skipping not selected package 'py_action_pkg' in 'src\gcamp_ros2_basic\py_action_pkg'
[2.610s] [34mcolcon.colcon_core.package_selection[0m [1;30mINFO[0m Skipping not selected package 'py_service_pkg' in 'src\gcamp_ros2_basic\py_service_pkg'
[2.619s] [34mcolcon.colcon_core.verb[0m [1;30mLevel 5[0m set package 'gcamp_gazebo' build argument 'cmake_args' from command line to 'None'
[2.619s] [34mcolcon.colcon_core.verb[0m [1;30mLevel 5[0m set package 'gcamp_gazebo' build argument 'cmake_target' from command line to 'None'
[2.620s] [34mcolcon.colcon_core.verb[0m [1;30mLevel 5[0m set package 'gcamp_gazebo' build argument 'cmake_target_skip_unavailable' from command line to 'False'
[2.620s] [34mcolcon.colcon_core.verb[0m [1;30mLevel 5[0m set package 'gcamp_gazebo' build argument 'cmake_clean_cache' from command line to 'False'
[2.620s] [34mcolcon.colcon_core.verb[0m [1;30mLevel 5[0m set package 'gcamp_gazebo' build argument 'cmake_clean_first' from command line to 'False'
[2.620s] [34mcolcon.colcon_core.verb[0m [1;30mLevel 5[0m set package 'gcamp_gazebo' build argument 'cmake_force_configure' from command line to 'False'
[2.620s] [34mcolcon.colcon_core.verb[0m [1;30mLevel 5[0m set package 'gcamp_gazebo' build argument 'ament_cmake_args' from command line to 'None'
[2.620s] [34mcolcon.colcon_core.verb[0m [1;30mLevel 5[0m set package 'gcamp_gazebo' build argument 'catkin_cmake_args' from command line to 'None'
[2.620s] [34mcolcon.colcon_core.verb[0m [1;30mLevel 5[0m set package 'gcamp_gazebo' build argument 'catkin_skip_building_tests' from command line to 'False'
[2.620s] [34mcolcon.colcon_core.verb[0m [1;30mDEBUG[0m [32mBuilding package 'gcamp_gazebo' with the following arguments: {'ament_cmake_args': None, 'build_base': 'c:\\gcamp_ros2_ws\\build\\gcamp_gazebo', 'catkin_cmake_args': None, 'catkin_skip_building_tests': False, 'cmake_args': None, 'cmake_clean_cache': False, 'cmake_clean_first': False, 'cmake_force_configure': False, 'cmake_target': None, 'cmake_target_skip_unavailable': False, 'install_base': 'c:\\gcamp_ros2_ws\\install\\gcamp_gazebo', 'merge_install': False, 'path': 'c:\\gcamp_ros2_ws\\src\\gcamp_ros2_basic\\gcamp_gazebo', 'symlink_install': True, 'test_result_base': None}[0m
[2.623s] [34mcolcon.colcon_core.executor[0m [1;30mINFO[0m Executing jobs using 'parallel' executor
[3.850s] [34mcolcon.colcon_parallel_executor.executor.parallel[0m [1;30mDEBUG[0m [32mrun_until_complete[0m
[3.850s] [34mcolcon.colcon_ros.task.ament_cmake.build[0m [1;30mINFO[0m Building ROS package in 'c:\gcamp_ros2_ws\src\gcamp_ros2_basic\gcamp_gazebo' with build type 'ament_cmake'
[3.851s] [34mcolcon.colcon_cmake.task.cmake.build[0m [1;30mINFO[0m Building CMake package in 'c:\gcamp_ros2_ws\src\gcamp_ros2_basic\gcamp_gazebo'
[3.869s] [34mcolcon.colcon_core.plugin_system[0m [1;30mINFO[0m Skipping extension 'colcon_core.shell.sh': Not used on Windows systems
[3.869s] [34mcolcon.colcon_core.shell[0m [1;30mINFO[0m Skip shell extension 'powershell' for command environment: Not usable outside of PowerShell
[3.955s] [34mcolcon.colcon_core.event_handler.log_command[0m [1;30mDEBUG[0m [32mInvoking command in 'c:\gcamp_ros2_ws\build\gcamp_gazebo': Path=c:\opt\ros\foxy\x64\Scripts;c:\opt\ros\foxy\x64\bin;c:\opt\ros\foxy\x64\;C:\Program Files (x86)\Microsoft Visual Studio\2019\Community\Common7\IDE\\Extensions\Microsoft\IntelliCode\CLI;C:\Program Files (x86)\Microsoft Visual Studio\2019\Community\VC\Tools\MSVC\14.29.30133\bin\HostX64\x64;C:\Program Files (x86)\Microsoft Visual Studio\2019\Community\Common7\IDE\VC\VCPackages;C:\Program Files (x86)\Microsoft Visual Studio\2019\Community\Common7\IDE\CommonExtensions\Microsoft\TestWindow;C:\Program Files (x86)\Microsoft Visual Studio\2019\Community\Common7\IDE\CommonExtensions\Microsoft\TeamFoundation\Team Explorer;C:\Program Files (x86)\Microsoft Visual Studio\2019\Community\MSBuild\Current\bin\Roslyn;C:\Program Files (x86)\Microsoft Visual Studio\2019\Community\Team Tools\Performance Tools\x64;C:\Program Files (x86)\Microsoft Visual Studio\2019\Community\Team Tools\Performance Tools;C:\Program Files (x86)\Microsoft Visual Studio\Shared\Common\VSPerfCollectionTools\vs2019\\x64;C:\Program Files (x86)\Microsoft Visual Studio\Shared\Common\VSPerfCollectionTools\vs2019\;C:\Program Files (x86)\Microsoft Visual Studio\2019\Community\Common7\Tools\devinit;C:\Program Files (x86)\Windows Kits\10\bin\10.0.19041.0\x64;C:\Program Files (x86)\Windows Kits\10\bin\x64;C:\Program Files (x86)\Microsoft Visual Studio\2019\Community\\MSBuild\Current\Bin;C:\Windows\Microsoft.NET\Framework64\v4.0.30319;C:\Program Files (x86)\Microsoft Visual Studio\2019\Community\Common7\IDE\;C:\Program Files (x86)\Microsoft Visual Studio\2019\Community\Common7\Tools\;C:\Python38\Scripts\;C:\Python38\;C:\Windows\system32;C:\Windows;C:\Windows\System32\Wbem;C:\Windows\System32\WindowsPowerShell\v1.0\;C:\Windows\System32\OpenSSH\;C:\Program Files\MATLAB\R2020a\runtime\win64;C:\Program Files\MATLAB\R2020a\bin;C:\ProgramData\chocolatey\bin;C:\Program Files\Git\cmd;C:\Users\yoonh\AppData\Local\Programs\Python\Python39\Scripts\;C:\Users\yoonh\AppData\Local\Programs\Python\Python39\;C:\Users\yoonh\AppData\Local\Microsoft\WindowsApps;C:\Users\yoonh\AppData\Local\Programs\Microsoft VS Code\bin;C:\Program?Files\CMake\bin;C:\Program Files\OpenSSL-Win64\bin\;C:\Program Files (x86)\Microsoft Visual Studio\2019\Community\Common7\IDE\CommonExtensions\Microsoft\CMake\CMake\bin;C:\Program Files (x86)\Microsoft Visual Studio\2019\Community\Common7\IDE\CommonExtensions\Microsoft\CMake\Ninja __VSCMD_PREINIT_PATH=C:\Python38\Scripts\;C:\Python38\;C:\Windows\system32;C:\Windows;C:\Windows\System32\Wbem;C:\Windows\System32\WindowsPowerShell\v1.0\;C:\Windows\System32\OpenSSH\;C:\Program Files\MATLAB\R2020a\runtime\win64;C:\Program Files\MATLAB\R2020a\bin;C:\ProgramData\chocolatey\bin;C:\Program Files\Git\cmd;C:\Users\yoonh\AppData\Local\Programs\Python\Python39\Scripts\;C:\Users\yoonh\AppData\Local\Programs\Python\Python39\;C:\Users\yoonh\AppData\Local\Microsoft\WindowsApps;C:\Users\yoonh\AppData\Local\Programs\Microsoft VS Code\bin;C:\Program?Files\CMake\bin;C:\Program Files\OpenSSL-Win64\bin\ c:\opt\ros\foxy\x64\Scripts\cmake.EXE c:\gcamp_ros2_ws\src\gcamp_ros2_basic\gcamp_gazebo -DAMENT_CMAKE_SYMLINK_INSTALL=1 -DCMAKE_INSTALL_PREFIX=c:\gcamp_ros2_ws\install\gcamp_gazebo -G Visual Studio 16 2019[0m
[16.532s] [34mcolcon.colcon_core.event_handler.log_command[0m [1;30mDEBUG[0m [32mInvoked command in 'c:\gcamp_ros2_ws\build\gcamp_gazebo' returned '0': Path=c:\opt\ros\foxy\x64\Scripts;c:\opt\ros\foxy\x64\bin;c:\opt\ros\foxy\x64\;C:\Program Files (x86)\Microsoft Visual Studio\2019\Community\Common7\IDE\\Extensions\Microsoft\IntelliCode\CLI;C:\Program Files (x86)\Microsoft Visual Studio\2019\Community\VC\Tools\MSVC\14.29.30133\bin\HostX64\x64;C:\Program Files (x86)\Microsoft Visual Studio\2019\Community\Common7\IDE\VC\VCPackages;C:\Program Files (x86)\Microsoft Visual Studio\2019\Community\Common7\IDE\CommonExtensions\Microsoft\TestWindow;C:\Program Files (x86)\Microsoft Visual Studio\2019\Community\Common7\IDE\CommonExtensions\Microsoft\TeamFoundation\Team Explorer;C:\Program Files (x86)\Microsoft Visual Studio\2019\Community\MSBuild\Current\bin\Roslyn;C:\Program Files (x86)\Microsoft Visual Studio\2019\Community\Team Tools\Performance Tools\x64;C:\Program Files (x86)\Microsoft Visual Studio\2019\Community\Team Tools\Performance Tools;C:\Program Files (x86)\Microsoft Visual Studio\Shared\Common\VSPerfCollectionTools\vs2019\\x64;C:\Program Files (x86)\Microsoft Visual Studio\Shared\Common\VSPerfCollectionTools\vs2019\;C:\Program Files (x86)\Microsoft Visual Studio\2019\Community\Common7\Tools\devinit;C:\Program Files (x86)\Windows Kits\10\bin\10.0.19041.0\x64;C:\Program Files (x86)\Windows Kits\10\bin\x64;C:\Program Files (x86)\Microsoft Visual Studio\2019\Community\\MSBuild\Current\Bin;C:\Windows\Microsoft.NET\Framework64\v4.0.30319;C:\Program Files (x86)\Microsoft Visual Studio\2019\Community\Common7\IDE\;C:\Program Files (x86)\Microsoft Visual Studio\2019\Community\Common7\Tools\;C:\Python38\Scripts\;C:\Python38\;C:\Windows\system32;C:\Windows;C:\Windows\System32\Wbem;C:\Windows\System32\WindowsPowerShell\v1.0\;C:\Windows\System32\OpenSSH\;C:\Program Files\MATLAB\R2020a\runtime\win64;C:\Program Files\MATLAB\R2020a\bin;C:\ProgramData\chocolatey\bin;C:\Program Files\Git\cmd;C:\Users\yoonh\AppData\Local\Programs\Python\Python39\Scripts\;C:\Users\yoonh\AppData\Local\Programs\Python\Python39\;C:\Users\yoonh\AppData\Local\Microsoft\WindowsApps;C:\Users\yoonh\AppData\Local\Programs\Microsoft VS Code\bin;C:\Program?Files\CMake\bin;C:\Program Files\OpenSSL-Win64\bin\;C:\Program Files (x86)\Microsoft Visual Studio\2019\Community\Common7\IDE\CommonExtensions\Microsoft\CMake\CMake\bin;C:\Program Files (x86)\Microsoft Visual Studio\2019\Community\Common7\IDE\CommonExtensions\Microsoft\CMake\Ninja __VSCMD_PREINIT_PATH=C:\Python38\Scripts\;C:\Python38\;C:\Windows\system32;C:\Windows;C:\Windows\System32\Wbem;C:\Windows\System32\WindowsPowerShell\v1.0\;C:\Windows\System32\OpenSSH\;C:\Program Files\MATLAB\R2020a\runtime\win64;C:\Program Files\MATLAB\R2020a\bin;C:\ProgramData\chocolatey\bin;C:\Program Files\Git\cmd;C:\Users\yoonh\AppData\Local\Programs\Python\Python39\Scripts\;C:\Users\yoonh\AppData\Local\Programs\Python\Python39\;C:\Users\yoonh\AppData\Local\Microsoft\WindowsApps;C:\Users\yoonh\AppData\Local\Programs\Microsoft VS Code\bin;C:\Program?Files\CMake\bin;C:\Program Files\OpenSSL-Win64\bin\ c:\opt\ros\foxy\x64\Scripts\cmake.EXE c:\gcamp_ros2_ws\src\gcamp_ros2_basic\gcamp_gazebo -DAMENT_CMAKE_SYMLINK_INSTALL=1 -DCMAKE_INSTALL_PREFIX=c:\gcamp_ros2_ws\install\gcamp_gazebo -G Visual Studio 16 2019[0m
[16.548s] [34mcolcon.colcon_core.event_handler.log_command[0m [1;30mDEBUG[0m [32mInvoking command in 'c:\gcamp_ros2_ws\build\gcamp_gazebo': CL=/MP Path=c:\opt\ros\foxy\x64\Scripts;c:\opt\ros\foxy\x64\bin;c:\opt\ros\foxy\x64\;C:\Program Files (x86)\Microsoft Visual Studio\2019\Community\Common7\IDE\\Extensions\Microsoft\IntelliCode\CLI;C:\Program Files (x86)\Microsoft Visual Studio\2019\Community\VC\Tools\MSVC\14.29.30133\bin\HostX64\x64;C:\Program Files (x86)\Microsoft Visual Studio\2019\Community\Common7\IDE\VC\VCPackages;C:\Program Files (x86)\Microsoft Visual Studio\2019\Community\Common7\IDE\CommonExtensions\Microsoft\TestWindow;C:\Program Files (x86)\Microsoft Visual Studio\2019\Community\Common7\IDE\CommonExtensions\Microsoft\TeamFoundation\Team Explorer;C:\Program Files (x86)\Microsoft Visual Studio\2019\Community\MSBuild\Current\bin\Roslyn;C:\Program Files (x86)\Microsoft Visual Studio\2019\Community\Team Tools\Performance Tools\x64;C:\Program Files (x86)\Microsoft Visual Studio\2019\Community\Team Tools\Performance Tools;C:\Program Files (x86)\Microsoft Visual Studio\Shared\Common\VSPerfCollectionTools\vs2019\\x64;C:\Program Files (x86)\Microsoft Visual Studio\Shared\Common\VSPerfCollectionTools\vs2019\;C:\Program Files (x86)\Microsoft Visual Studio\2019\Community\Common7\Tools\devinit;C:\Program Files (x86)\Windows Kits\10\bin\10.0.19041.0\x64;C:\Program Files (x86)\Windows Kits\10\bin\x64;C:\Program Files (x86)\Microsoft Visual Studio\2019\Community\\MSBuild\Current\Bin;C:\Windows\Microsoft.NET\Framework64\v4.0.30319;C:\Program Files (x86)\Microsoft Visual Studio\2019\Community\Common7\IDE\;C:\Program Files (x86)\Microsoft Visual Studio\2019\Community\Common7\Tools\;C:\Python38\Scripts\;C:\Python38\;C:\Windows\system32;C:\Windows;C:\Windows\System32\Wbem;C:\Windows\System32\WindowsPowerShell\v1.0\;C:\Windows\System32\OpenSSH\;C:\Program Files\MATLAB\R2020a\runtime\win64;C:\Program Files\MATLAB\R2020a\bin;C:\ProgramData\chocolatey\bin;C:\Program Files\Git\cmd;C:\Users\yoonh\AppData\Local\Programs\Python\Python39\Scripts\;C:\Users\yoonh\AppData\Local\Programs\Python\Python39\;C:\Users\yoonh\AppData\Local\Microsoft\WindowsApps;C:\Users\yoonh\AppData\Local\Programs\Microsoft VS Code\bin;C:\Program?Files\CMake\bin;C:\Program Files\OpenSSL-Win64\bin\;C:\Program Files (x86)\Microsoft Visual Studio\2019\Community\Common7\IDE\CommonExtensions\Microsoft\CMake\CMake\bin;C:\Program Files (x86)\Microsoft Visual Studio\2019\Community\Common7\IDE\CommonExtensions\Microsoft\CMake\Ninja __VSCMD_PREINIT_PATH=C:\Python38\Scripts\;C:\Python38\;C:\Windows\system32;C:\Windows;C:\Windows\System32\Wbem;C:\Windows\System32\WindowsPowerShell\v1.0\;C:\Windows\System32\OpenSSH\;C:\Program Files\MATLAB\R2020a\runtime\win64;C:\Program Files\MATLAB\R2020a\bin;C:\ProgramData\chocolatey\bin;C:\Program Files\Git\cmd;C:\Users\yoonh\AppData\Local\Programs\Python\Python39\Scripts\;C:\Users\yoonh\AppData\Local\Programs\Python\Python39\;C:\Users\yoonh\AppData\Local\Microsoft\WindowsApps;C:\Users\yoonh\AppData\Local\Programs\Microsoft VS Code\bin;C:\Program?Files\CMake\bin;C:\Program Files\OpenSSL-Win64\bin\ c:\opt\ros\foxy\x64\Scripts\cmake.EXE --build c:\gcamp_ros2_ws\build\gcamp_gazebo --config Release[0m
[18.156s] [34mcolcon.colcon_core.event_handler.log_command[0m [1;30mDEBUG[0m [32mInvoked command in 'c:\gcamp_ros2_ws\build\gcamp_gazebo' returned '0': CL=/MP Path=c:\opt\ros\foxy\x64\Scripts;c:\opt\ros\foxy\x64\bin;c:\opt\ros\foxy\x64\;C:\Program Files (x86)\Microsoft Visual Studio\2019\Community\Common7\IDE\\Extensions\Microsoft\IntelliCode\CLI;C:\Program Files (x86)\Microsoft Visual Studio\2019\Community\VC\Tools\MSVC\14.29.30133\bin\HostX64\x64;C:\Program Files (x86)\Microsoft Visual Studio\2019\Community\Common7\IDE\VC\VCPackages;C:\Program Files (x86)\Microsoft Visual Studio\2019\Community\Common7\IDE\CommonExtensions\Microsoft\TestWindow;C:\Program Files (x86)\Microsoft Visual Studio\2019\Community\Common7\IDE\CommonExtensions\Microsoft\TeamFoundation\Team Explorer;C:\Program Files (x86)\Microsoft Visual Studio\2019\Community\MSBuild\Current\bin\Roslyn;C:\Program Files (x86)\Microsoft Visual Studio\2019\Community\Team Tools\Performance Tools\x64;C:\Program Files (x86)\Microsoft Visual Studio\2019\Community\Team Tools\Performance Tools;C:\Program Files (x86)\Microsoft Visual Studio\Shared\Common\VSPerfCollectionTools\vs2019\\x64;C:\Program Files (x86)\Microsoft Visual Studio\Shared\Common\VSPerfCollectionTools\vs2019\;C:\Program Files (x86)\Microsoft Visual Studio\2019\Community\Common7\Tools\devinit;C:\Program Files (x86)\Windows Kits\10\bin\10.0.19041.0\x64;C:\Program Files (x86)\Windows Kits\10\bin\x64;C:\Program Files (x86)\Microsoft Visual Studio\2019\Community\\MSBuild\Current\Bin;C:\Windows\Microsoft.NET\Framework64\v4.0.30319;C:\Program Files (x86)\Microsoft Visual Studio\2019\Community\Common7\IDE\;C:\Program Files (x86)\Microsoft Visual Studio\2019\Community\Common7\Tools\;C:\Python38\Scripts\;C:\Python38\;C:\Windows\system32;C:\Windows;C:\Windows\System32\Wbem;C:\Windows\System32\WindowsPowerShell\v1.0\;C:\Windows\System32\OpenSSH\;C:\Program Files\MATLAB\R2020a\runtime\win64;C:\Program Files\MATLAB\R2020a\bin;C:\ProgramData\chocolatey\bin;C:\Program Files\Git\cmd;C:\Users\yoonh\AppData\Local\Programs\Python\Python39\Scripts\;C:\Users\yoonh\AppData\Local\Programs\Python\Python39\;C:\Users\yoonh\AppData\Local\Microsoft\WindowsApps;C:\Users\yoonh\AppData\Local\Programs\Microsoft VS Code\bin;C:\Program?Files\CMake\bin;C:\Program Files\OpenSSL-Win64\bin\;C:\Program Files (x86)\Microsoft Visual Studio\2019\Community\Common7\IDE\CommonExtensions\Microsoft\CMake\CMake\bin;C:\Program Files (x86)\Microsoft Visual Studio\2019\Community\Common7\IDE\CommonExtensions\Microsoft\CMake\Ninja __VSCMD_PREINIT_PATH=C:\Python38\Scripts\;C:\Python38\;C:\Windows\system32;C:\Windows;C:\Windows\System32\Wbem;C:\Windows\System32\WindowsPowerShell\v1.0\;C:\Windows\System32\OpenSSH\;C:\Program Files\MATLAB\R2020a\runtime\win64;C:\Program Files\MATLAB\R2020a\bin;C:\ProgramData\chocolatey\bin;C:\Program Files\Git\cmd;C:\Users\yoonh\AppData\Local\Programs\Python\Python39\Scripts\;C:\Users\yoonh\AppData\Local\Programs\Python\Python39\;C:\Users\yoonh\AppData\Local\Microsoft\WindowsApps;C:\Users\yoonh\AppData\Local\Programs\Microsoft VS Code\bin;C:\Program?Files\CMake\bin;C:\Program Files\OpenSSL-Win64\bin\ c:\opt\ros\foxy\x64\Scripts\cmake.EXE --build c:\gcamp_ros2_ws\build\gcamp_gazebo --config Release[0m
[18.263s] [34mcolcon.colcon_core.event_handler.log_command[0m [1;30mDEBUG[0m [32mInvoking command in 'c:\gcamp_ros2_ws\build\gcamp_gazebo': Path=c:\opt\ros\foxy\x64\Scripts;c:\opt\ros\foxy\x64\bin;c:\opt\ros\foxy\x64\;C:\Program Files (x86)\Microsoft Visual Studio\2019\Community\Common7\IDE\\Extensions\Microsoft\IntelliCode\CLI;C:\Program Files (x86)\Microsoft Visual Studio\2019\Community\VC\Tools\MSVC\14.29.30133\bin\HostX64\x64;C:\Program Files (x86)\Microsoft Visual Studio\2019\Community\Common7\IDE\VC\VCPackages;C:\Program Files (x86)\Microsoft Visual Studio\2019\Community\Common7\IDE\CommonExtensions\Microsoft\TestWindow;C:\Program Files (x86)\Microsoft Visual Studio\2019\Community\Common7\IDE\CommonExtensions\Microsoft\TeamFoundation\Team Explorer;C:\Program Files (x86)\Microsoft Visual Studio\2019\Community\MSBuild\Current\bin\Roslyn;C:\Program Files (x86)\Microsoft Visual Studio\2019\Community\Team Tools\Performance Tools\x64;C:\Program Files (x86)\Microsoft Visual Studio\2019\Community\Team Tools\Performance Tools;C:\Program Files (x86)\Microsoft Visual Studio\Shared\Common\VSPerfCollectionTools\vs2019\\x64;C:\Program Files (x86)\Microsoft Visual Studio\Shared\Common\VSPerfCollectionTools\vs2019\;C:\Program Files (x86)\Microsoft Visual Studio\2019\Community\Common7\Tools\devinit;C:\Program Files (x86)\Windows Kits\10\bin\10.0.19041.0\x64;C:\Program Files (x86)\Windows Kits\10\bin\x64;C:\Program Files (x86)\Microsoft Visual Studio\2019\Community\\MSBuild\Current\Bin;C:\Windows\Microsoft.NET\Framework64\v4.0.30319;C:\Program Files (x86)\Microsoft Visual Studio\2019\Community\Common7\IDE\;C:\Program Files (x86)\Microsoft Visual Studio\2019\Community\Common7\Tools\;C:\Python38\Scripts\;C:\Python38\;C:\Windows\system32;C:\Windows;C:\Windows\System32\Wbem;C:\Windows\System32\WindowsPowerShell\v1.0\;C:\Windows\System32\OpenSSH\;C:\Program Files\MATLAB\R2020a\runtime\win64;C:\Program Files\MATLAB\R2020a\bin;C:\ProgramData\chocolatey\bin;C:\Program Files\Git\cmd;C:\Users\yoonh\AppData\Local\Programs\Python\Python39\Scripts\;C:\Users\yoonh\AppData\Local\Programs\Python\Python39\;C:\Users\yoonh\AppData\Local\Microsoft\WindowsApps;C:\Users\yoonh\AppData\Local\Programs\Microsoft VS Code\bin;C:\Program?Files\CMake\bin;C:\Program Files\OpenSSL-Win64\bin\;C:\Program Files (x86)\Microsoft Visual Studio\2019\Community\Common7\IDE\CommonExtensions\Microsoft\CMake\CMake\bin;C:\Program Files (x86)\Microsoft Visual Studio\2019\Community\Common7\IDE\CommonExtensions\Microsoft\CMake\Ninja __VSCMD_PREINIT_PATH=C:\Python38\Scripts\;C:\Python38\;C:\Windows\system32;C:\Windows;C:\Windows\System32\Wbem;C:\Windows\System32\WindowsPowerShell\v1.0\;C:\Windows\System32\OpenSSH\;C:\Program Files\MATLAB\R2020a\runtime\win64;C:\Program Files\MATLAB\R2020a\bin;C:\ProgramData\chocolatey\bin;C:\Program Files\Git\cmd;C:\Users\yoonh\AppData\Local\Programs\Python\Python39\Scripts\;C:\Users\yoonh\AppData\Local\Programs\Python\Python39\;C:\Users\yoonh\AppData\Local\Microsoft\WindowsApps;C:\Users\yoonh\AppData\Local\Programs\Microsoft VS Code\bin;C:\Program?Files\CMake\bin;C:\Program Files\OpenSSL-Win64\bin\ c:\opt\ros\foxy\x64\Scripts\cmake.EXE --install c:\gcamp_ros2_ws\build\gcamp_gazebo --config Release[0m
[19.355s] [34mcolcon.colcon_core.environment[0m [1;30mLevel 1[0m create_environment_scripts_only(gcamp_gazebo)
[19.365s] [34mcolcon.colcon_core.event_handler.log_command[0m [1;30mDEBUG[0m [32mInvoked command in 'c:\gcamp_ros2_ws\build\gcamp_gazebo' returned '0': Path=c:\opt\ros\foxy\x64\Scripts;c:\opt\ros\foxy\x64\bin;c:\opt\ros\foxy\x64\;C:\Program Files (x86)\Microsoft Visual Studio\2019\Community\Common7\IDE\\Extensions\Microsoft\IntelliCode\CLI;C:\Program Files (x86)\Microsoft Visual Studio\2019\Community\VC\Tools\MSVC\14.29.30133\bin\HostX64\x64;C:\Program Files (x86)\Microsoft Visual Studio\2019\Community\Common7\IDE\VC\VCPackages;C:\Program Files (x86)\Microsoft Visual Studio\2019\Community\Common7\IDE\CommonExtensions\Microsoft\TestWindow;C:\Program Files (x86)\Microsoft Visual Studio\2019\Community\Common7\IDE\CommonExtensions\Microsoft\TeamFoundation\Team Explorer;C:\Program Files (x86)\Microsoft Visual Studio\2019\Community\MSBuild\Current\bin\Roslyn;C:\Program Files (x86)\Microsoft Visual Studio\2019\Community\Team Tools\Performance Tools\x64;C:\Program Files (x86)\Microsoft Visual Studio\2019\Community\Team Tools\Performance Tools;C:\Program Files (x86)\Microsoft Visual Studio\Shared\Common\VSPerfCollectionTools\vs2019\\x64;C:\Program Files (x86)\Microsoft Visual Studio\Shared\Common\VSPerfCollectionTools\vs2019\;C:\Program Files (x86)\Microsoft Visual Studio\2019\Community\Common7\Tools\devinit;C:\Program Files (x86)\Windows Kits\10\bin\10.0.19041.0\x64;C:\Program Files (x86)\Windows Kits\10\bin\x64;C:\Program Files (x86)\Microsoft Visual Studio\2019\Community\\MSBuild\Current\Bin;C:\Windows\Microsoft.NET\Framework64\v4.0.30319;C:\Program Files (x86)\Microsoft Visual Studio\2019\Community\Common7\IDE\;C:\Program Files (x86)\Microsoft Visual Studio\2019\Community\Common7\Tools\;C:\Python38\Scripts\;C:\Python38\;C:\Windows\system32;C:\Windows;C:\Windows\System32\Wbem;C:\Windows\System32\WindowsPowerShell\v1.0\;C:\Windows\System32\OpenSSH\;C:\Program Files\MATLAB\R2020a\runtime\win64;C:\Program Files\MATLAB\R2020a\bin;C:\ProgramData\chocolatey\bin;C:\Program Files\Git\cmd;C:\Users\yoonh\AppData\Local\Programs\Python\Python39\Scripts\;C:\Users\yoonh\AppData\Local\Programs\Python\Python39\;C:\Users\yoonh\AppData\Local\Microsoft\WindowsApps;C:\Users\yoonh\AppData\Local\Programs\Microsoft VS Code\bin;C:\Program?Files\CMake\bin;C:\Program Files\OpenSSL-Win64\bin\;C:\Program Files (x86)\Microsoft Visual Studio\2019\Community\Common7\IDE\CommonExtensions\Microsoft\CMake\CMake\bin;C:\Program Files (x86)\Microsoft Visual Studio\2019\Community\Common7\IDE\CommonExtensions\Microsoft\CMake\Ninja __VSCMD_PREINIT_PATH=C:\Python38\Scripts\;C:\Python38\;C:\Windows\system32;C:\Windows;C:\Windows\System32\Wbem;C:\Windows\System32\WindowsPowerShell\v1.0\;C:\Windows\System32\OpenSSH\;C:\Program Files\MATLAB\R2020a\runtime\win64;C:\Program Files\MATLAB\R2020a\bin;C:\ProgramData\chocolatey\bin;C:\Program Files\Git\cmd;C:\Users\yoonh\AppData\Local\Programs\Python\Python39\Scripts\;C:\Users\yoonh\AppData\Local\Programs\Python\Python39\;C:\Users\yoonh\AppData\Local\Microsoft\WindowsApps;C:\Users\yoonh\AppData\Local\Programs\Microsoft VS Code\bin;C:\Program?Files\CMake\bin;C:\Program Files\OpenSSL-Win64\bin\ c:\opt\ros\foxy\x64\Scripts\cmake.EXE --install c:\gcamp_ros2_ws\build\gcamp_gazebo --config Release[0m
[19.396s] [34mcolcon.colcon_core.environment[0m [1;30mLevel 1[0m checking 'c:\gcamp_ros2_ws\install\gcamp_gazebo' for CMake module files
[19.396s] [34mcolcon.colcon_core.environment[0m [1;30mLevel 1[0m checking 'c:\gcamp_ros2_ws\install\gcamp_gazebo' for CMake config files
[19.396s] [34mcolcon.colcon_core.shell[0m [1;30mLevel 1[0m create_environment_hook('gcamp_gazebo', 'cmake_prefix_path')
[19.396s] [34mcolcon.colcon_core.shell[0m [1;30mINFO[0m Creating environment hook 'c:\gcamp_ros2_ws\install\gcamp_gazebo\share\gcamp_gazebo\hook\cmake_prefix_path.ps1'
[19.396s] [34mcolcon.colcon_core.shell[0m [1;30mINFO[0m Creating environment hook 'c:\gcamp_ros2_ws\install\gcamp_gazebo\share\gcamp_gazebo\hook\cmake_prefix_path.bat'
[19.412s] [34mcolcon.colcon_core.shell[0m [1;30mINFO[0m Creating environment descriptor 'c:\gcamp_ros2_ws\install\gcamp_gazebo\share\gcamp_gazebo\hook\cmake_prefix_path.dsv'
[19.412s] [34mcolcon.colcon_core.environment[0m [1;30mLevel 1[0m checking 'c:\gcamp_ros2_ws\install\gcamp_gazebo\bin'
[19.412s] [34mcolcon.colcon_core.environment[0m [1;30mLevel 1[0m checking 'c:\gcamp_ros2_ws\install\gcamp_gazebo\bin'
[19.412s] [34mcolcon.colcon_core.environment[0m [1;30mLevel 1[0m checking 'c:\gcamp_ros2_ws\install\gcamp_gazebo\Scripts'
[19.412s] [34mcolcon.colcon_core.environment[0m [1;30mLevel 1[0m checking 'c:\gcamp_ros2_ws\install\gcamp_gazebo\lib\pkgconfig\gcamp_gazebo.pc'
[19.412s] [34mcolcon.colcon_core.environment[0m [1;30mLevel 1[0m checking 'c:\gcamp_ros2_ws\install\gcamp_gazebo\Lib\site-packages'
[19.412s] [34mcolcon.colcon_core.shell[0m [1;30mINFO[0m Creating package script 'c:\gcamp_ros2_ws\install\gcamp_gazebo\share\gcamp_gazebo\package.ps1'
[19.412s] [34mcolcon.colcon_core.shell[0m [1;30mINFO[0m Creating package script 'c:\gcamp_ros2_ws\install\gcamp_gazebo\share\gcamp_gazebo\package.bat'
[19.412s] [34mcolcon.colcon_core.shell[0m [1;30mINFO[0m Creating package descriptor 'c:\gcamp_ros2_ws\install\gcamp_gazebo\share\gcamp_gazebo\package.dsv'
[19.412s] [34mcolcon.colcon_core.environment[0m [1;30mLevel 1[0m create_file_with_runtime_dependencies(c:\gcamp_ros2_ws\install\gcamp_gazebo\share\colcon-core\packages\gcamp_gazebo)
[19.428s] [34mcolcon.colcon_core.environment[0m [1;30mLevel 1[0m create_environment_scripts_only(gcamp_gazebo)
[19.428s] [34mcolcon.colcon_core.environment[0m [1;30mLevel 1[0m checking 'c:\gcamp_ros2_ws\install\gcamp_gazebo' for CMake module files
[19.428s] [34mcolcon.colcon_core.environment[0m [1;30mLevel 1[0m checking 'c:\gcamp_ros2_ws\install\gcamp_gazebo' for CMake config files
[19.428s] [34mcolcon.colcon_core.shell[0m [1;30mLevel 1[0m create_environment_hook('gcamp_gazebo', 'cmake_prefix_path')
[19.444s] [34mcolcon.colcon_core.shell[0m [1;30mINFO[0m Creating environment hook 'c:\gcamp_ros2_ws\install\gcamp_gazebo\share\gcamp_gazebo\hook\cmake_prefix_path.ps1'
[19.444s] [34mcolcon.colcon_core.shell[0m [1;30mINFO[0m Creating environment hook 'c:\gcamp_ros2_ws\install\gcamp_gazebo\share\gcamp_gazebo\hook\cmake_prefix_path.bat'
[19.444s] [34mcolcon.colcon_core.shell[0m [1;30mINFO[0m Creating environment descriptor 'c:\gcamp_ros2_ws\install\gcamp_gazebo\share\gcamp_gazebo\hook\cmake_prefix_path.dsv'
[19.444s] [34mcolcon.colcon_core.environment[0m [1;30mLevel 1[0m checking 'c:\gcamp_ros2_ws\install\gcamp_gazebo\bin'
[19.444s] [34mcolcon.colcon_core.environment[0m [1;30mLevel 1[0m checking 'c:\gcamp_ros2_ws\install\gcamp_gazebo\bin'
[19.444s] [34mcolcon.colcon_core.environment[0m [1;30mLevel 1[0m checking 'c:\gcamp_ros2_ws\install\gcamp_gazebo\Scripts'
[19.444s] [34mcolcon.colcon_core.environment[0m [1;30mLevel 1[0m checking 'c:\gcamp_ros2_ws\install\gcamp_gazebo\lib\pkgconfig\gcamp_gazebo.pc'
[19.444s] [34mcolcon.colcon_core.environment[0m [1;30mLevel 1[0m checking 'c:\gcamp_ros2_ws\install\gcamp_gazebo\Lib\site-packages'
[19.444s] [34mcolcon.colcon_core.shell[0m [1;30mINFO[0m Creating package script 'c:\gcamp_ros2_ws\install\gcamp_gazebo\share\gcamp_gazebo\package.ps1'
[19.444s] [34mcolcon.colcon_core.shell[0m [1;30mINFO[0m Creating package script 'c:\gcamp_ros2_ws\install\gcamp_gazebo\share\gcamp_gazebo\package.bat'
[19.444s] [34mcolcon.colcon_core.shell[0m [1;30mINFO[0m Creating package descriptor 'c:\gcamp_ros2_ws\install\gcamp_gazebo\share\gcamp_gazebo\package.dsv'
[19.444s] [34mcolcon.colcon_core.environment[0m [1;30mLevel 1[0m create_file_with_runtime_dependencies(c:\gcamp_ros2_ws\install\gcamp_gazebo\share\colcon-core\packages\gcamp_gazebo)
[19.444s] [34mcolcon.colcon_parallel_executor.executor.parallel[0m [1;30mDEBUG[0m [32mrun_until_complete finished with '0'[0m
[19.444s] [34mcolcon.colcon_core.event_reactor[0m [1;30mDEBUG[0m [32mjoining thread[0m
[19.477s] [34mcolcon.colcon_core.plugin_system[0m [1;30mINFO[0m Skipping extension 'colcon_notification.desktop_notification.notify2': 'notify2' not found
[19.477s] [34mcolcon.colcon_core.plugin_system[0m [1;30mINFO[0m Skipping extension 'colcon_notification.desktop_notification.notify_send': Not used on non-Linux systems
[19.477s] [34mcolcon.colcon_core.plugin_system[0m [1;30mINFO[0m Skipping extension 'colcon_notification.desktop_notification.terminal_notifier': Not used on non-Darwin systems
[19.477s] [34mcolcon.colcon_notification.desktop_notification[0m [1;30mINFO[0m Sending desktop notification using 'win32'
[24.640s] [34mcolcon.colcon_core.event_reactor[0m [1;30mDEBUG[0m [32mjoined thread[0m
[24.643s] [34mcolcon.colcon_core.shell[0m [1;30mINFO[0m Creating prefix script 'c:\gcamp_ros2_ws\install\local_setup.ps1'
[24.643s] [34mcolcon.colcon_core.shell[0m [1;30mINFO[0m Creating prefix util module 'c:\gcamp_ros2_ws\install\_local_setup_util_ps1.py'
[24.643s] [34mcolcon.colcon_core.shell[0m [1;30mINFO[0m Creating prefix chain script 'c:\gcamp_ros2_ws\install\setup.ps1'
[24.659s] [34mcolcon.colcon_core.shell[0m [1;30mINFO[0m Creating prefix script 'c:\gcamp_ros2_ws\install\local_setup.bat'
[24.659s] [34mcolcon.colcon_core.shell[0m [1;30mINFO[0m Creating prefix util module 'c:\gcamp_ros2_ws\install\_local_setup_util_bat.py'
[24.659s] [34mcolcon.colcon_core.shell[0m [1;30mINFO[0m Creating prefix chain script 'c:\gcamp_ros2_ws\install\setup.bat'
