[1.094s] Invoking command in 'C:\gcamp_ros2_ws\build\py_service_pkg': AMENT_PREFIX_PATH=C:\gcamp_ros2_ws\install\custom_interfaces;%AMENT_PREFIX_PATH% CMAKE_PREFIX_PATH=C:\gcamp_ros2_ws\install\custom_interfaces;%CMAKE_PREFIX_PATH% PYTHONPATH=C:\gcamp_ros2_ws\install\py_service_pkg\Lib\site-packages;C:\gcamp_ros2_ws\install\custom_interfaces\Lib\site-packages;%PYTHONPATH% Path=C:\gcamp_ros2_ws\install\custom_interfaces\bin;c:\opt\ros\foxy\x64\;c:\opt\ros\foxy\x64\Scripts;c:\opt\ros\foxy\x64\bin;C:\Program Files (x86)\Microsoft Visual Studio\2019\Community\Common7\IDE\\Extensions\Microsoft\IntelliCode\CLI;C:\Program Files (x86)\Microsoft Visual Studio\2019\Community\VC\Tools\MSVC\14.29.30133\bin\HostX64\x64;C:\Program Files (x86)\Microsoft Visual Studio\2019\Community\Common7\IDE\VC\VCPackages;C:\Program Files (x86)\Microsoft Visual Studio\2019\Community\Common7\IDE\CommonExtensions\Microsoft\TestWindow;C:\Program Files (x86)\Microsoft Visual Studio\2019\Community\Common7\IDE\CommonExtensions\Microsoft\TeamFoundation\Team Explorer;C:\Program Files (x86)\Microsoft Visual Studio\2019\Community\MSBuild\Current\bin\Roslyn;C:\Program Files (x86)\Microsoft Visual Studio\2019\Community\Team Tools\Performance Tools\x64;C:\Program Files (x86)\Microsoft Visual Studio\2019\Community\Team Tools\Performance Tools;C:\Program Files (x86)\Microsoft Visual Studio\Shared\Common\VSPerfCollectionTools\vs2019\\x64;C:\Program Files (x86)\Microsoft Visual Studio\Shared\Common\VSPerfCollectionTools\vs2019\;C:\Program Files (x86)\Microsoft Visual Studio\2019\Community\Common7\Tools\devinit;C:\Program Files (x86)\Windows Kits\10\bin\10.0.19041.0\x64;C:\Program Files (x86)\Windows Kits\10\bin\x64;C:\Program Files (x86)\Microsoft Visual Studio\2019\Community\\MSBuild\Current\Bin;C:\Windows\Microsoft.NET\Framework64\v4.0.30319;C:\Program Files (x86)\Microsoft Visual Studio\2019\Community\Common7\IDE\;C:\Program Files (x86)\Microsoft Visual Studio\2019\Community\Common7\Tools\;C:\Python38\Scripts\;C:\Python38\;C:\Windows\system32;C:\Windows;C:\Windows\System32\Wbem;C:\Windows\System32\WindowsPowerShell\v1.0\;C:\Windows\System32\OpenSSH\;C:\Program Files\MATLAB\R2020a\runtime\win64;C:\Program Files\MATLAB\R2020a\bin;C:\ProgramData\chocolatey\bin;C:\Program Files\Git\cmd;C:\Users\yoonh\AppData\Local\Programs\Python\Python39\Scripts\;C:\Users\yoonh\AppData\Local\Programs\Python\Python39\;C:\Users\yoonh\AppData\Local\Microsoft\WindowsApps;C:\Users\yoonh\AppData\Local\Programs\Microsoft VS Code\bin;C:\Program?Files\CMake\bin;C:\Program Files\OpenSSL-Win64\bin\;C:\Program Files (x86)\Microsoft Visual Studio\2019\Community\Common7\IDE\CommonExtensions\Microsoft\CMake\CMake\bin;C:\Program Files (x86)\Microsoft Visual Studio\2019\Community\Common7\IDE\CommonExtensions\Microsoft\CMake\Ninja __VSCMD_PREINIT_PATH=C:\Python38\Scripts\;C:\Python38\;C:\Windows\system32;C:\Windows;C:\Windows\System32\Wbem;C:\Windows\System32\WindowsPowerShell\v1.0\;C:\Windows\System32\OpenSSH\;C:\Program Files\MATLAB\R2020a\runtime\win64;C:\Program Files\MATLAB\R2020a\bin;C:\ProgramData\chocolatey\bin;C:\Program Files\Git\cmd;C:\Users\yoonh\AppData\Local\Programs\Python\Python39\Scripts\;C:\Users\yoonh\AppData\Local\Programs\Python\Python39\;C:\Users\yoonh\AppData\Local\Microsoft\WindowsApps;C:\Users\yoonh\AppData\Local\Programs\Microsoft VS Code\bin;C:\Program?Files\CMake\bin;C:\Program Files\OpenSSL-Win64\bin\ c:\opt\ros\foxy\x64\python.exe setup.py develop --prefix C:\gcamp_ros2_ws\install\py_service_pkg --editable --build-directory C:\gcamp_ros2_ws\build\py_service_pkg\build --no-deps install_data --install-dir C:\gcamp_ros2_ws\install\py_service_pkg
[1.735s] running develop
[2.203s] running egg_info
[2.203s] creating py_service_pkg.egg-info
[2.203s] writing py_service_pkg.egg-info\PKG-INFO
[2.203s] writing dependency_links to py_service_pkg.egg-info\dependency_links.txt
[2.203s] writing entry points to py_service_pkg.egg-info\entry_points.txt
[2.203s] writing requirements to py_service_pkg.egg-info\requires.txt
[2.203s] writing top-level names to py_service_pkg.egg-info\top_level.txt
[2.203s] writing manifest file 'py_service_pkg.egg-info\SOURCES.txt'
[2.235s] reading manifest file 'py_service_pkg.egg-info\SOURCES.txt'
[2.250s] writing manifest file 'py_service_pkg.egg-info\SOURCES.txt'
[2.250s] running build_ext
[2.250s] Creating C:\gcamp_ros2_ws\install\py_service_pkg/Lib/site-packages\py-service-pkg.egg-link (link to .)
[2.266s] Installing basic_client-script.py script to C:\gcamp_ros2_ws\install\py_service_pkg/lib/py_service_pkg
[2.266s] Installing basic_client.exe script to C:\gcamp_ros2_ws\install\py_service_pkg/lib/py_service_pkg
[2.266s] Installing basic_server-script.py script to C:\gcamp_ros2_ws\install\py_service_pkg/lib/py_service_pkg
[2.266s] Installing basic_server.exe script to C:\gcamp_ros2_ws\install\py_service_pkg/lib/py_service_pkg
[2.266s] Installing custom_srv_client-script.py script to C:\gcamp_ros2_ws\install\py_service_pkg/lib/py_service_pkg
[2.266s] Installing custom_srv_client.exe script to C:\gcamp_ros2_ws\install\py_service_pkg/lib/py_service_pkg
[2.266s] Installing custom_srv_server-script.py script to C:\gcamp_ros2_ws\install\py_service_pkg/lib/py_service_pkg
[2.266s] Installing custom_srv_server.exe script to C:\gcamp_ros2_ws\install\py_service_pkg/lib/py_service_pkg
[2.266s] Installing gazebo_model_spawner-script.py script to C:\gcamp_ros2_ws\install\py_service_pkg/lib/py_service_pkg
[2.266s] Installing gazebo_model_spawner.exe script to C:\gcamp_ros2_ws\install\py_service_pkg/lib/py_service_pkg
[2.266s] Installing robot_turning_client-script.py script to C:\gcamp_ros2_ws\install\py_service_pkg/lib/py_service_pkg
[2.266s] Installing robot_turning_client.exe script to C:\gcamp_ros2_ws\install\py_service_pkg/lib/py_service_pkg
[2.266s] Installing robot_turning_server-script.py script to C:\gcamp_ros2_ws\install\py_service_pkg/lib/py_service_pkg
[2.266s] Installing robot_turning_server.exe script to C:\gcamp_ros2_ws\install\py_service_pkg/lib/py_service_pkg
[2.281s] Installing spawn_skidbot-script.py script to C:\gcamp_ros2_ws\install\py_service_pkg/lib/py_service_pkg
[2.281s] Installing spawn_skidbot.exe script to C:\gcamp_ros2_ws\install\py_service_pkg/lib/py_service_pkg
[2.281s] 
[2.281s] Installed c:\gcamp_ros2_ws\build\py_service_pkg
[2.281s] running install_data
[2.281s] creating C:\gcamp_ros2_ws\install\py_service_pkg\share\ament_index
[2.281s] creating C:\gcamp_ros2_ws\install\py_service_pkg\share\ament_index\resource_index
[2.281s] creating C:\gcamp_ros2_ws\install\py_service_pkg\share\ament_index\resource_index\packages
[2.281s] copying resource\py_service_pkg -> C:\gcamp_ros2_ws\install\py_service_pkg\share\ament_index\resource_index\packages
[2.281s] copying package.xml -> C:\gcamp_ros2_ws\install\py_service_pkg\share\py_service_pkg
[2.313s] Invoked command in 'C:\gcamp_ros2_ws\build\py_service_pkg' returned '0': AMENT_PREFIX_PATH=C:\gcamp_ros2_ws\install\custom_interfaces;%AMENT_PREFIX_PATH% CMAKE_PREFIX_PATH=C:\gcamp_ros2_ws\install\custom_interfaces;%CMAKE_PREFIX_PATH% PYTHONPATH=C:\gcamp_ros2_ws\install\py_service_pkg\Lib\site-packages;C:\gcamp_ros2_ws\install\custom_interfaces\Lib\site-packages;%PYTHONPATH% Path=C:\gcamp_ros2_ws\install\custom_interfaces\bin;c:\opt\ros\foxy\x64\;c:\opt\ros\foxy\x64\Scripts;c:\opt\ros\foxy\x64\bin;C:\Program Files (x86)\Microsoft Visual Studio\2019\Community\Common7\IDE\\Extensions\Microsoft\IntelliCode\CLI;C:\Program Files (x86)\Microsoft Visual Studio\2019\Community\VC\Tools\MSVC\14.29.30133\bin\HostX64\x64;C:\Program Files (x86)\Microsoft Visual Studio\2019\Community\Common7\IDE\VC\VCPackages;C:\Program Files (x86)\Microsoft Visual Studio\2019\Community\Common7\IDE\CommonExtensions\Microsoft\TestWindow;C:\Program Files (x86)\Microsoft Visual Studio\2019\Community\Common7\IDE\CommonExtensions\Microsoft\TeamFoundation\Team Explorer;C:\Program Files (x86)\Microsoft Visual Studio\2019\Community\MSBuild\Current\bin\Roslyn;C:\Program Files (x86)\Microsoft Visual Studio\2019\Community\Team Tools\Performance Tools\x64;C:\Program Files (x86)\Microsoft Visual Studio\2019\Community\Team Tools\Performance Tools;C:\Program Files (x86)\Microsoft Visual Studio\Shared\Common\VSPerfCollectionTools\vs2019\\x64;C:\Program Files (x86)\Microsoft Visual Studio\Shared\Common\VSPerfCollectionTools\vs2019\;C:\Program Files (x86)\Microsoft Visual Studio\2019\Community\Common7\Tools\devinit;C:\Program Files (x86)\Windows Kits\10\bin\10.0.19041.0\x64;C:\Program Files (x86)\Windows Kits\10\bin\x64;C:\Program Files (x86)\Microsoft Visual Studio\2019\Community\\MSBuild\Current\Bin;C:\Windows\Microsoft.NET\Framework64\v4.0.30319;C:\Program Files (x86)\Microsoft Visual Studio\2019\Community\Common7\IDE\;C:\Program Files (x86)\Microsoft Visual Studio\2019\Community\Common7\Tools\;C:\Python38\Scripts\;C:\Python38\;C:\Windows\system32;C:\Windows;C:\Windows\System32\Wbem;C:\Windows\System32\WindowsPowerShell\v1.0\;C:\Windows\System32\OpenSSH\;C:\Program Files\MATLAB\R2020a\runtime\win64;C:\Program Files\MATLAB\R2020a\bin;C:\ProgramData\chocolatey\bin;C:\Program Files\Git\cmd;C:\Users\yoonh\AppData\Local\Programs\Python\Python39\Scripts\;C:\Users\yoonh\AppData\Local\Programs\Python\Python39\;C:\Users\yoonh\AppData\Local\Microsoft\WindowsApps;C:\Users\yoonh\AppData\Local\Programs\Microsoft VS Code\bin;C:\Program?Files\CMake\bin;C:\Program Files\OpenSSL-Win64\bin\;C:\Program Files (x86)\Microsoft Visual Studio\2019\Community\Common7\IDE\CommonExtensions\Microsoft\CMake\CMake\bin;C:\Program Files (x86)\Microsoft Visual Studio\2019\Community\Common7\IDE\CommonExtensions\Microsoft\CMake\Ninja __VSCMD_PREINIT_PATH=C:\Python38\Scripts\;C:\Python38\;C:\Windows\system32;C:\Windows;C:\Windows\System32\Wbem;C:\Windows\System32\WindowsPowerShell\v1.0\;C:\Windows\System32\OpenSSH\;C:\Program Files\MATLAB\R2020a\runtime\win64;C:\Program Files\MATLAB\R2020a\bin;C:\ProgramData\chocolatey\bin;C:\Program Files\Git\cmd;C:\Users\yoonh\AppData\Local\Programs\Python\Python39\Scripts\;C:\Users\yoonh\AppData\Local\Programs\Python\Python39\;C:\Users\yoonh\AppData\Local\Microsoft\WindowsApps;C:\Users\yoonh\AppData\Local\Programs\Microsoft VS Code\bin;C:\Program?Files\CMake\bin;C:\Program Files\OpenSSL-Win64\bin\ c:\opt\ros\foxy\x64\python.exe setup.py develop --prefix C:\gcamp_ros2_ws\install\py_service_pkg --editable --build-directory C:\gcamp_ros2_ws\build\py_service_pkg\build --no-deps install_data --install-dir C:\gcamp_ros2_ws\install\py_service_pkg
