-- Selecting Windows SDK version 10.0.19041.0 to target Windows 10.0.19042.
-- The C compiler identification is MSVC 19.29.30133.0
-- The CXX compiler identification is MSVC 19.29.30133.0
-- Detecting C compiler ABI info
-- Detecting C compiler ABI info - done
-- Check for working C compiler: C:/Program Files (x86)/Microsoft Visual Studio/2019/Community/VC/Tools/MSVC/14.29.30133/bin/Hostx64/x64/cl.exe - skipped
-- Detecting C compile features
-- Detecting C compile features - done
-- Detecting CXX compiler ABI info
-- Detecting CXX compiler ABI info - done
-- Check for working CXX compiler: C:/Program Files (x86)/Microsoft Visual Studio/2019/Community/VC/Tools/MSVC/14.29.30133/bin/Hostx64/x64/cl.exe - skipped
-- Detecting CXX compile features
-- Detecting CXX compile features - done
-- Found ament_cmake: 0.9.8 (C:/opt/ros/foxy/x64/share/ament_cmake/cmake)
-- Found PythonInterp: C:/opt/ros/foxy/x64/python.exe (found suitable version "3.8.3", minimum required is "3") 
-- Using PYTHON_EXECUTABLE: C:/opt/ros/foxy/x64/python.exe
-- Override CMake install command with custom implementation using symlinks instead of copying resources
-- Found rosidl_default_generators: 1.0.0 (C:/opt/ros/foxy/x64/share/rosidl_default_generators/cmake)
-- Using all available rosidl_typesupport_c: rosidl_typesupport_fastrtps_c;rosidl_typesupport_introspection_c
-- Found rosidl_adapter: 1.2.0 (C:/opt/ros/foxy/x64/share/rosidl_adapter/cmake)
-- Found OpenSSL: optimized;C:/opt/ros/foxy/x64/Lib/libcrypto.lib;debug;C:/Program Files/OpenSSL-Win64/lib/VC/libcrypto64MDd.lib (found version "1.1.1g")  
-- Found FastRTPS: C:/opt/ros/foxy/x64/include  
-- Using all available rosidl_typesupport_cpp: rosidl_typesupport_fastrtps_cpp;rosidl_typesupport_introspection_cpp
-- Found PythonInterp: C:/opt/ros/foxy/x64/python.exe (found version "3.8.3") 
-- Found ament_cmake_ros: 0.9.0 (C:/opt/ros/foxy/x64/share/ament_cmake_ros/cmake)
-- Using all available rosidl_typesupport_c: rosidl_typesupport_fastrtps_c;rosidl_typesupport_introspection_c
-- Using all available rosidl_typesupport_cpp: rosidl_typesupport_fastrtps_cpp;rosidl_typesupport_introspection_cpp
-- Found PythonInterp: C:/opt/ros/foxy/x64/python.exe (found suitable version "3.8.3", minimum required is "3.5") 
-- Found python_cmake_module: 0.8.0 (C:/opt/ros/foxy/x64/share/python_cmake_module/cmake)
-- Found PythonLibs: C:/opt/ros/foxy/x64/Lib/python38.lib (found suitable version "3.8.3", minimum required is "3.5") 
-- Using PYTHON_EXECUTABLE: C:/opt/ros/foxy/x64/python.exe
-- Using PYTHON_INCLUDE_DIRS: C:/opt/ros/foxy/x64/include/python3.8
-- Using PYTHON_LIBRARIES: C:/opt/ros/foxy/x64/Lib/python38.lib
-- Found PythonExtra: .pyd  
-- Using numpy include directory: C:\opt\ros\foxy\x64\lib\site-packages\numpy\core\include
-- Found ament_lint_auto: 0.9.6 (C:/opt/ros/foxy/x64/share/ament_lint_auto/cmake)
-- Added test 'copyright' to check source files copyright and LICENSE
-- Added test 'lint_cmake' to check CMake code style
-- Added test 'xmllint' to check XML markup files
-- Configuring done
-- Generating done
-- Build files have been written to: C:/gcamp_ros2_ws/build/custom_interfaces
.NET Framework용 Microsoft (R) Build Engine 버전 16.11.0+0538acc04
Copyright (C) Microsoft Corporation. All rights reserved.

  Checking Build System
  Generating C++ code for ROS interfaces
  Building Custom Rule C:/gcamp_ros2_ws/src/gcamp_ros2_basic/custom_interfaces/CMakeLists.txt
  Generating C code for ROS interfaces
  Building Custom Rule C:/gcamp_ros2_ws/src/gcamp_ros2_basic/custom_interfaces/CMakeLists.txt
  num__functions.c
  add_three_ints__functions.c
  turning_control__functions.c
  fibonacci__functions.c
  maze__functions.c
     C:/gcamp_ros2_ws/build/custom_interfaces/Release/custom_interfaces__rosidl_generator_c.lib 라이브러리 및 C:/gcamp_ros2_ws/build/custom_interfaces/Release/custom_interfaces__rosidl_generator_c.exp 개체를 생성하고 있습니다.
  custom_interfaces__rosidl_generator_c.vcxproj -> C:\gcamp_ros2_ws\build\custom_interfaces\Release\custom_interfaces__rosidl_generator_c.dll
  Generating C type support dispatch for ROS interfaces
  Building Custom Rule C:/gcamp_ros2_ws/src/gcamp_ros2_basic/custom_interfaces/CMakeLists.txt
  num__type_support.cpp
  add_three_ints__type_support.cpp
  turning_control__type_support.cpp
  fibonacci__type_support.cpp
  maze__type_support.cpp
     C:/gcamp_ros2_ws/build/custom_interfaces/Release/custom_interfaces__rosidl_typesupport_c.lib 라이브러리 및 C:/gcamp_ros2_ws/build/custom_interfaces/Release/custom_interfaces__rosidl_typesupport_c.exp 개체를 생성하고 있습니다.
  custom_interfaces__rosidl_typesupport_c.vcxproj -> C:\gcamp_ros2_ws\build\custom_interfaces\Release\custom_interfaces__rosidl_typesupport_c.dll
  Generating C++ type support dispatch for ROS interfaces
  Building Custom Rule C:/gcamp_ros2_ws/src/gcamp_ros2_basic/custom_interfaces/CMakeLists.txt
  num__type_support.cpp
  add_three_ints__type_support.cpp
  turning_control__type_support.cpp
  fibonacci__type_support.cpp
  maze__type_support.cpp
     C:/gcamp_ros2_ws/build/custom_interfaces/Release/custom_interfaces__rosidl_typesupport_cpp.lib 라이브러리 및 C:/gcamp_ros2_ws/build/custom_interfaces/Release/custom_interfaces__rosidl_typesupport_cpp.exp 개체를 생성하고 있습니다.
  custom_interfaces__rosidl_typesupport_cpp.vcxproj -> C:\gcamp_ros2_ws\build\custom_interfaces\Release\custom_interfaces__rosidl_typesupport_cpp.dll
  Generating C++ type support for eProsima Fast-RTPS
  Building Custom Rule C:/gcamp_ros2_ws/src/gcamp_ros2_basic/custom_interfaces/CMakeLists.txt
  num__type_support.cpp
  add_three_ints__type_support.cpp
  turning_control__type_support.cpp
  fibonacci__type_support.cpp
  maze__type_support.cpp
C:\opt\ros\foxy\x64\include\rmw/types.h(1,1): warning C4819: 현재 코드 페이지(949)에서 표시할 수 없는 문자가 파일에 들어 있습니다. 데이터가 손실되지 않게 하려면 해당 파일을 유니코드 형식으로 저장하십시오. (소스 파일 컴파일 중 C:\gcamp_ros2_ws\build\custom_interfaces\rosidl_typesupport_fastrtps_cpp\custom_interfaces\srv\detail\dds_fastrtps\add_three_ints__type_support.cpp) [C:\gcamp_ros2_ws\build\custom_interfaces\custom_interfaces__rosidl_typesupport_fastrtps_cpp.vcxproj]
C:\opt\ros\foxy\x64\include\rmw/types.h(1,1): warning C4819: 현재 코드 페이지(949)에서 표시할 수 없는 문자가 파일에 들어 있습니다. 데이터가 손실되지 않게 하려면 해당 파일을 유니코드 형식으로 저장하십시오. (소스 파일 컴파일 중 C:\gcamp_ros2_ws\build\custom_interfaces\rosidl_typesupport_fastrtps_cpp\custom_interfaces\srv\detail\dds_fastrtps\turning_control__type_support.cpp) [C:\gcamp_ros2_ws\build\custom_interfaces\custom_interfaces__rosidl_typesupport_fastrtps_cpp.vcxproj]
C:\opt\ros\foxy\x64\include\rmw/types.h(1,1): warning C4819: 현재 코드 페이지(949)에서 표시할 수 없는 문자가 파일에 들어 있습니다. 데이터가 손실되지 않게 하려면 해당 파일을 유니코드 형식으로 저장하십시오. (소스 파일 컴파일 중 C:\gcamp_ros2_ws\build\custom_interfaces\rosidl_typesupport_fastrtps_cpp\custom_interfaces\action\detail\dds_fastrtps\maze__type_support.cpp) [C:\gcamp_ros2_ws\build\custom_interfaces\custom_interfaces__rosidl_typesupport_fastrtps_cpp.vcxproj]
C:\opt\ros\foxy\x64\include\rmw/types.h(1,1): warning C4819: 현재 코드 페이지(949)에서 표시할 수 없는 문자가 파일에 들어 있습니다. 데이터가 손실되지 않게 하려면 해당 파일을 유니코드 형식으로 저장하십시오. (소스 파일 컴파일 중 C:\gcamp_ros2_ws\build\custom_interfaces\rosidl_typesupport_fastrtps_cpp\custom_interfaces\action\detail\dds_fastrtps\fibonacci__type_support.cpp) [C:\gcamp_ros2_ws\build\custom_interfaces\custom_interfaces__rosidl_typesupport_fastrtps_cpp.vcxproj]
     C:/gcamp_ros2_ws/build/custom_interfaces/Release/custom_interfaces__rosidl_typesupport_fastrtps_cpp.lib 라이브러리 및 C:/gcamp_ros2_ws/build/custom_interfaces/Release/custom_interfaces__rosidl_typesupport_fastrtps_cpp.exp 개체를 생성하고 있습니다.
  custom_interfaces__rosidl_typesupport_fastrtps_cpp.vcxproj -> C:\gcamp_ros2_ws\build\custom_interfaces\Release\custom_interfaces__rosidl_typesupport_fastrtps_cpp.dll
  Generating C type support for eProsima Fast-RTPS
  Building Custom Rule C:/gcamp_ros2_ws/src/gcamp_ros2_basic/custom_interfaces/CMakeLists.txt
  num__type_support_c.cpp
  add_three_ints__type_support_c.cpp
  turning_control__type_support_c.cpp
  fibonacci__type_support_c.cpp
  maze__type_support_c.cpp
C:\opt\ros\foxy\x64\include\rmw/types.h(1,1): warning C4819: 현재 코드 페이지(949)에서 표시할 수 없는 문자가 파일에 들어 있습니다. 데이터가 손실되지 않게 하려면 해당 파일을 유니코드 형식으로 저장하십시오. (소스 파일 컴파일 중 C:\gcamp_ros2_ws\build\custom_interfaces\rosidl_typesupport_fastrtps_c\custom_interfaces\action\detail\maze__type_support_c.cpp) [C:\gcamp_ros2_ws\build\custom_interfaces\custom_interfaces__rosidl_typesupport_fastrtps_c.vcxproj]
C:\opt\ros\foxy\x64\include\rmw/types.h(1,1): warning C4819: 현재 코드 페이지(949)에서 표시할 수 없는 문자가 파일에 들어 있습니다. 데이터가 손실되지 않게 하려면 해당 파일을 유니코드 형식으로 저장하십시오. (소스 파일 컴파일 중 C:\gcamp_ros2_ws\build\custom_interfaces\rosidl_typesupport_fastrtps_c\custom_interfaces\action\detail\fibonacci__type_support_c.cpp) [C:\gcamp_ros2_ws\build\custom_interfaces\custom_interfaces__rosidl_typesupport_fastrtps_c.vcxproj]
C:\opt\ros\foxy\x64\include\rmw/types.h(1,1): warning C4819: 현재 코드 페이지(949)에서 표시할 수 없는 문자가 파일에 들어 있습니다. 데이터가 손실되지 않게 하려면 해당 파일을 유니코드 형식으로 저장하십시오. (소스 파일 컴파일 중 C:\gcamp_ros2_ws\build\custom_interfaces\rosidl_typesupport_fastrtps_c\custom_interfaces\srv\detail\turning_control__type_support_c.cpp) [C:\gcamp_ros2_ws\build\custom_interfaces\custom_interfaces__rosidl_typesupport_fastrtps_c.vcxproj]
C:\opt\ros\foxy\x64\include\rmw/types.h(1,1): warning C4819: 현재 코드 페이지(949)에서 표시할 수 없는 문자가 파일에 들어 있습니다. 데이터가 손실되지 않게 하려면 해당 파일을 유니코드 형식으로 저장하십시오. (소스 파일 컴파일 중 C:\gcamp_ros2_ws\build\custom_interfaces\rosidl_typesupport_fastrtps_c\custom_interfaces\srv\detail\add_three_ints__type_support_c.cpp) [C:\gcamp_ros2_ws\build\custom_interfaces\custom_interfaces__rosidl_typesupport_fastrtps_c.vcxproj]
     C:/gcamp_ros2_ws/build/custom_interfaces/Release/custom_interfaces__rosidl_typesupport_fastrtps_c.lib 라이브러리 및 C:/gcamp_ros2_ws/build/custom_interfaces/Release/custom_interfaces__rosidl_typesupport_fastrtps_c.exp 개체를 생성하고 있습니다.
  custom_interfaces__rosidl_typesupport_fastrtps_c.vcxproj -> C:\gcamp_ros2_ws\build\custom_interfaces\Release\custom_interfaces__rosidl_typesupport_fastrtps_c.dll
  Generating C introspection for ROS interfaces
  Building Custom Rule C:/gcamp_ros2_ws/src/gcamp_ros2_basic/custom_interfaces/CMakeLists.txt
  num__type_support.c
  add_three_ints__type_support.c
  turning_control__type_support.c
  fibonacci__type_support.c
  maze__type_support.c
     C:/gcamp_ros2_ws/build/custom_interfaces/Release/custom_interfaces__rosidl_typesupport_introspection_c.lib 라이브러리 및 C:/gcamp_ros2_ws/build/custom_interfaces/Release/custom_interfaces__rosidl_typesupport_introspection_c.exp 개체를 생성하고 있습니다.
  custom_interfaces__rosidl_typesupport_introspection_c.vcxproj -> C:\gcamp_ros2_ws\build\custom_interfaces\Release\custom_interfaces__rosidl_typesupport_introspection_c.dll
  Generating C++ introspection for ROS interfaces
  Building Custom Rule C:/gcamp_ros2_ws/src/gcamp_ros2_basic/custom_interfaces/CMakeLists.txt
  num__type_support.cpp
  add_three_ints__type_support.cpp
  turning_control__type_support.cpp
  fibonacci__type_support.cpp
  maze__type_support.cpp
     C:/gcamp_ros2_ws/build/custom_interfaces/Release/custom_interfaces__rosidl_typesupport_introspection_cpp.lib 라이브러리 및 C:/gcamp_ros2_ws/build/custom_interfaces/Release/custom_interfaces__rosidl_typesupport_introspection_cpp.exp 개체를 생성하고 있습니다.
  custom_interfaces__rosidl_typesupport_introspection_cpp.vcxproj -> C:\gcamp_ros2_ws\build\custom_interfaces\Release\custom_interfaces__rosidl_typesupport_introspection_cpp.dll
  Building Custom Rule C:/gcamp_ros2_ws/src/gcamp_ros2_basic/custom_interfaces/CMakeLists.txt
  Generating Python code for ROS interfaces
  Building Custom Rule C:/gcamp_ros2_ws/build/custom_interfaces/custom_interfaces__py/CMakeLists.txt
  Building Custom Rule C:/gcamp_ros2_ws/src/gcamp_ros2_basic/custom_interfaces/CMakeLists.txt
  _num_s.c
  _add_three_ints_s.c
  _turning_control_s.c
  _fibonacci_s.c
  _maze_s.c
     C:/gcamp_ros2_ws/build/custom_interfaces/Release/custom_interfaces__python.lib 라이브러리 및 C:/gcamp_ros2_ws/build/custom_interfaces/Release/custom_interfaces__python.exp 개체를 생성하고 있습니다.
  custom_interfaces__python.vcxproj -> C:\gcamp_ros2_ws\build\custom_interfaces\rosidl_generator_py\custom_interfaces\custom_interfaces__python.dll
  Building Custom Rule C:/gcamp_ros2_ws/src/gcamp_ros2_basic/custom_interfaces/CMakeLists.txt
  _custom_interfaces_s.ep.rosidl_typesupport_c.c
     C:/gcamp_ros2_ws/build/custom_interfaces/Release/custom_interfaces_s__rosidl_typesupport_c.lib 라이브러리 및 C:/gcamp_ros2_ws/build/custom_interfaces/Release/custom_interfaces_s__rosidl_typesupport_c.exp 개체를 생성하고 있습니다.
  custom_interfaces__rosidl_typesupport_c__pyext.vcxproj -> C:\gcamp_ros2_ws\build\custom_interfaces\rosidl_generator_py\custom_interfaces\custom_interfaces_s__rosidl_typesupport_c.pyd
  Building Custom Rule C:/gcamp_ros2_ws/src/gcamp_ros2_basic/custom_interfaces/CMakeLists.txt
  _custom_interfaces_s.ep.rosidl_typesupport_fastrtps_c.c
     C:/gcamp_ros2_ws/build/custom_interfaces/Release/custom_interfaces_s__rosidl_typesupport_fastrtps_c.lib 라이브러리 및 C:/gcamp_ros2_ws/build/custom_interfaces/Release/custom_interfaces_s__rosidl_typesupport_fastrtps_c.exp 개체를 생성하고 있습니다.
  custom_interfaces__rosidl_typesupport_fastrtps_c__pyext.vcxproj -> C:\gcamp_ros2_ws\build\custom_interfaces\rosidl_generator_py\custom_interfaces\custom_interfaces_s__rosidl_typesupport_fastrtps_c.pyd
  Building Custom Rule C:/gcamp_ros2_ws/src/gcamp_ros2_basic/custom_interfaces/CMakeLists.txt
  _custom_interfaces_s.ep.rosidl_typesupport_introspection_c.c
     C:/gcamp_ros2_ws/build/custom_interfaces/Release/custom_interfaces_s__rosidl_typesupport_introspection_c.lib 라이브러리 및 C:/gcamp_ros2_ws/build/custom_interfaces/Release/custom_interfaces_s__rosidl_typesupport_introspection_c.exp 개체를 생성하고 있습니다.
  custom_interfaces__rosidl_typesupport_introspection_c__pyext.vcxproj -> C:\gcamp_ros2_ws\build\custom_interfaces\rosidl_generator_py\custom_interfaces\custom_interfaces_s__rosidl_typesupport_introspection_c.pyd
  Building Custom Rule C:/gcamp_ros2_ws/src/gcamp_ros2_basic/custom_interfaces/CMakeLists.txt
-- Execute custom install script
-- Symlinking: C:/gcamp_ros2_ws/install/custom_interfaces/share/ament_index/resource_index/rosidl_interfaces/custom_interfaces
-- Symlinking: C:/gcamp_ros2_ws/install/custom_interfaces/include/custom_interfaces/action/detail/fibonacci__functions.h
-- Symlinking: C:/gcamp_ros2_ws/install/custom_interfaces/include/custom_interfaces/action/detail/fibonacci__struct.h
-- Symlinking: C:/gcamp_ros2_ws/install/custom_interfaces/include/custom_interfaces/action/detail/fibonacci__type_support.h
-- Symlinking: C:/gcamp_ros2_ws/install/custom_interfaces/include/custom_interfaces/action/detail/maze__functions.h
-- Symlinking: C:/gcamp_ros2_ws/install/custom_interfaces/include/custom_interfaces/action/detail/maze__struct.h
-- Symlinking: C:/gcamp_ros2_ws/install/custom_interfaces/include/custom_interfaces/action/detail/maze__type_support.h
-- Symlinking: C:/gcamp_ros2_ws/install/custom_interfaces/include/custom_interfaces/action/fibonacci.h
-- Symlinking: C:/gcamp_ros2_ws/install/custom_interfaces/include/custom_interfaces/action/maze.h
-- Symlinking: C:/gcamp_ros2_ws/install/custom_interfaces/include/custom_interfaces/msg/detail/num__functions.h
-- Symlinking: C:/gcamp_ros2_ws/install/custom_interfaces/include/custom_interfaces/msg/detail/num__struct.h
-- Symlinking: C:/gcamp_ros2_ws/install/custom_interfaces/include/custom_interfaces/msg/detail/num__type_support.h
-- Symlinking: C:/gcamp_ros2_ws/install/custom_interfaces/include/custom_interfaces/msg/num.h
-- Symlinking: C:/gcamp_ros2_ws/install/custom_interfaces/include/custom_interfaces/msg/rosidl_generator_c__visibility_control.h
-- Symlinking: C:/gcamp_ros2_ws/install/custom_interfaces/include/custom_interfaces/srv/add_three_ints.h
-- Symlinking: C:/gcamp_ros2_ws/install/custom_interfaces/include/custom_interfaces/srv/detail/add_three_ints__functions.h
-- Symlinking: C:/gcamp_ros2_ws/install/custom_interfaces/include/custom_interfaces/srv/detail/add_three_ints__struct.h
-- Symlinking: C:/gcamp_ros2_ws/install/custom_interfaces/include/custom_interfaces/srv/detail/add_three_ints__type_support.h
-- Symlinking: C:/gcamp_ros2_ws/install/custom_interfaces/include/custom_interfaces/srv/detail/turning_control__functions.h
-- Symlinking: C:/gcamp_ros2_ws/install/custom_interfaces/include/custom_interfaces/srv/detail/turning_control__struct.h
-- Symlinking: C:/gcamp_ros2_ws/install/custom_interfaces/include/custom_interfaces/srv/detail/turning_control__type_support.h
-- Symlinking: C:/gcamp_ros2_ws/install/custom_interfaces/include/custom_interfaces/srv/turning_control.h
-- Symlinking: C:/gcamp_ros2_ws/install/custom_interfaces/include/custom_interfaces/action/detail/fibonacci__rosidl_typesupport_fastrtps_c.h
-- Symlinking: C:/gcamp_ros2_ws/install/custom_interfaces/include/custom_interfaces/action/detail/maze__rosidl_typesupport_fastrtps_c.h
-- Symlinking: C:/gcamp_ros2_ws/install/custom_interfaces/include/custom_interfaces/msg/detail/num__rosidl_typesupport_fastrtps_c.h
-- Symlinking: C:/gcamp_ros2_ws/install/custom_interfaces/include/custom_interfaces/msg/rosidl_typesupport_fastrtps_c__visibility_control.h
-- Symlinking: C:/gcamp_ros2_ws/install/custom_interfaces/include/custom_interfaces/srv/detail/add_three_ints__rosidl_typesupport_fastrtps_c.h
-- Symlinking: C:/gcamp_ros2_ws/install/custom_interfaces/include/custom_interfaces/srv/detail/turning_control__rosidl_typesupport_fastrtps_c.h
-- Symlinking: C:/gcamp_ros2_ws/install/custom_interfaces/bin/custom_interfaces__rosidl_typesupport_fastrtps_c.dll
-- Symlinking: C:/gcamp_ros2_ws/install/custom_interfaces/lib/custom_interfaces__rosidl_typesupport_fastrtps_c.lib
-- Symlinking: C:/gcamp_ros2_ws/install/custom_interfaces/include/custom_interfaces/action/detail/fibonacci__rosidl_typesupport_fastrtps_cpp.hpp
-- Symlinking: C:/gcamp_ros2_ws/install/custom_interfaces/include/custom_interfaces/action/detail/maze__rosidl_typesupport_fastrtps_cpp.hpp
-- Symlinking: C:/gcamp_ros2_ws/install/custom_interfaces/include/custom_interfaces/msg/detail/num__rosidl_typesupport_fastrtps_cpp.hpp
-- Symlinking: C:/gcamp_ros2_ws/install/custom_interfaces/include/custom_interfaces/msg/rosidl_typesupport_fastrtps_cpp__visibility_control.h
-- Symlinking: C:/gcamp_ros2_ws/install/custom_interfaces/include/custom_interfaces/srv/detail/add_three_ints__rosidl_typesupport_fastrtps_cpp.hpp
-- Symlinking: C:/gcamp_ros2_ws/install/custom_interfaces/include/custom_interfaces/srv/detail/turning_control__rosidl_typesupport_fastrtps_cpp.hpp
-- Symlinking: C:/gcamp_ros2_ws/install/custom_interfaces/bin/custom_interfaces__rosidl_typesupport_fastrtps_cpp.dll
-- Symlinking: C:/gcamp_ros2_ws/install/custom_interfaces/lib/custom_interfaces__rosidl_typesupport_fastrtps_cpp.lib
-- Symlinking: C:/gcamp_ros2_ws/install/custom_interfaces/include/custom_interfaces/action/detail/fibonacci__rosidl_typesupport_introspection_c.h
-- Symlinking: C:/gcamp_ros2_ws/install/custom_interfaces/include/custom_interfaces/action/detail/maze__rosidl_typesupport_introspection_c.h
-- Symlinking: C:/gcamp_ros2_ws/install/custom_interfaces/include/custom_interfaces/msg/detail/num__rosidl_typesupport_introspection_c.h
-- Symlinking: C:/gcamp_ros2_ws/install/custom_interfaces/include/custom_interfaces/msg/rosidl_typesupport_introspection_c__visibility_control.h
-- Symlinking: C:/gcamp_ros2_ws/install/custom_interfaces/include/custom_interfaces/srv/detail/add_three_ints__rosidl_typesupport_introspection_c.h
-- Symlinking: C:/gcamp_ros2_ws/install/custom_interfaces/include/custom_interfaces/srv/detail/turning_control__rosidl_typesupport_introspection_c.h
-- Symlinking: C:/gcamp_ros2_ws/install/custom_interfaces/include/custom_interfaces/action/detail/fibonacci__builder.hpp
-- Symlinking: C:/gcamp_ros2_ws/install/custom_interfaces/include/custom_interfaces/action/detail/fibonacci__struct.hpp
-- Symlinking: C:/gcamp_ros2_ws/install/custom_interfaces/include/custom_interfaces/action/detail/fibonacci__traits.hpp
-- Symlinking: C:/gcamp_ros2_ws/install/custom_interfaces/include/custom_interfaces/action/detail/maze__builder.hpp
-- Symlinking: C:/gcamp_ros2_ws/install/custom_interfaces/include/custom_interfaces/action/detail/maze__struct.hpp
-- Symlinking: C:/gcamp_ros2_ws/install/custom_interfaces/include/custom_interfaces/action/detail/maze__traits.hpp
-- Symlinking: C:/gcamp_ros2_ws/install/custom_interfaces/include/custom_interfaces/action/fibonacci.hpp
-- Symlinking: C:/gcamp_ros2_ws/install/custom_interfaces/include/custom_interfaces/action/maze.hpp
-- Symlinking: C:/gcamp_ros2_ws/install/custom_interfaces/include/custom_interfaces/msg/detail/num__builder.hpp
-- Symlinking: C:/gcamp_ros2_ws/install/custom_interfaces/include/custom_interfaces/msg/detail/num__struct.hpp
-- Symlinking: C:/gcamp_ros2_ws/install/custom_interfaces/include/custom_interfaces/msg/detail/num__traits.hpp
-- Symlinking: C:/gcamp_ros2_ws/install/custom_interfaces/include/custom_interfaces/msg/num.hpp
-- Symlinking: C:/gcamp_ros2_ws/install/custom_interfaces/include/custom_interfaces/srv/add_three_ints.hpp
-- Symlinking: C:/gcamp_ros2_ws/install/custom_interfaces/include/custom_interfaces/srv/detail/add_three_ints__builder.hpp
-- Symlinking: C:/gcamp_ros2_ws/install/custom_interfaces/include/custom_interfaces/srv/detail/add_three_ints__struct.hpp
-- Symlinking: C:/gcamp_ros2_ws/install/custom_interfaces/include/custom_interfaces/srv/detail/add_three_ints__traits.hpp
-- Symlinking: C:/gcamp_ros2_ws/install/custom_interfaces/include/custom_interfaces/srv/detail/turning_control__builder.hpp
-- Symlinking: C:/gcamp_ros2_ws/install/custom_interfaces/include/custom_interfaces/srv/detail/turning_control__struct.hpp
-- Symlinking: C:/gcamp_ros2_ws/install/custom_interfaces/include/custom_interfaces/srv/detail/turning_control__traits.hpp
-- Symlinking: C:/gcamp_ros2_ws/install/custom_interfaces/include/custom_interfaces/srv/turning_control.hpp
-- Symlinking: C:/gcamp_ros2_ws/install/custom_interfaces/include/custom_interfaces/action/detail/fibonacci__rosidl_typesupport_introspection_cpp.hpp
-- Symlinking: C:/gcamp_ros2_ws/install/custom_interfaces/include/custom_interfaces/action/detail/maze__rosidl_typesupport_introspection_cpp.hpp
-- Symlinking: C:/gcamp_ros2_ws/install/custom_interfaces/include/custom_interfaces/msg/detail/num__rosidl_typesupport_introspection_cpp.hpp
-- Symlinking: C:/gcamp_ros2_ws/install/custom_interfaces/include/custom_interfaces/srv/detail/add_three_ints__rosidl_typesupport_introspection_cpp.hpp
-- Symlinking: C:/gcamp_ros2_ws/install/custom_interfaces/include/custom_interfaces/srv/detail/turning_control__rosidl_typesupport_introspection_cpp.hpp
-- Symlinking: C:/gcamp_ros2_ws/install/custom_interfaces/share/custom_interfaces/environment/pythonpath.bat
-- Symlinking: C:/gcamp_ros2_ws/install/custom_interfaces/share/custom_interfaces/environment/pythonpath.dsv
-- Symlinking: C:/gcamp_ros2_ws/install/custom_interfaces/Lib/site-packages/custom_interfaces/__init__.py
-- Symlinking: C:/gcamp_ros2_ws/install/custom_interfaces/Lib/site-packages/custom_interfaces/msg/__init__.py
-- Symlinking: C:/gcamp_ros2_ws/install/custom_interfaces/Lib/site-packages/custom_interfaces/msg/_num.py
-- Symlinking: C:/gcamp_ros2_ws/install/custom_interfaces/Lib/site-packages/custom_interfaces/srv/__init__.py
-- Symlinking: C:/gcamp_ros2_ws/install/custom_interfaces/Lib/site-packages/custom_interfaces/srv/_add_three_ints.py
-- Symlinking: C:/gcamp_ros2_ws/install/custom_interfaces/Lib/site-packages/custom_interfaces/srv/_turning_control.py
-- Symlinking: C:/gcamp_ros2_ws/install/custom_interfaces/Lib/site-packages/custom_interfaces/action/__init__.py
-- Symlinking: C:/gcamp_ros2_ws/install/custom_interfaces/Lib/site-packages/custom_interfaces/action/_fibonacci.py
-- Symlinking: C:/gcamp_ros2_ws/install/custom_interfaces/Lib/site-packages/custom_interfaces/action/_maze.py
-- Symlinking: C:/gcamp_ros2_ws/install/custom_interfaces/Lib/site-packages/custom_interfaces/custom_interfaces_s__rosidl_typesupport_fastrtps_c.pyd
-- Symlinking: C:/gcamp_ros2_ws/install/custom_interfaces/Lib/site-packages/custom_interfaces/custom_interfaces_s__rosidl_typesupport_fastrtps_c.lib
-- Symlinking: C:/gcamp_ros2_ws/install/custom_interfaces/Lib/site-packages/custom_interfaces/custom_interfaces_s__rosidl_typesupport_introspection_c.pyd
-- Symlinking: C:/gcamp_ros2_ws/install/custom_interfaces/Lib/site-packages/custom_interfaces/custom_interfaces_s__rosidl_typesupport_introspection_c.lib
-- Symlinking: C:/gcamp_ros2_ws/install/custom_interfaces/Lib/site-packages/custom_interfaces/custom_interfaces_s__rosidl_typesupport_c.pyd
-- Symlinking: C:/gcamp_ros2_ws/install/custom_interfaces/Lib/site-packages/custom_interfaces/custom_interfaces_s__rosidl_typesupport_c.lib
-- Symlinking: C:/gcamp_ros2_ws/install/custom_interfaces/bin/custom_interfaces__python.dll
-- Symlinking: C:/gcamp_ros2_ws/install/custom_interfaces/lib/custom_interfaces__python.lib
-- Symlinking: C:/gcamp_ros2_ws/install/custom_interfaces/share/custom_interfaces/msg/Num.idl
-- Symlinking: C:/gcamp_ros2_ws/install/custom_interfaces/share/custom_interfaces/srv/AddThreeInts.idl
-- Symlinking: C:/gcamp_ros2_ws/install/custom_interfaces/share/custom_interfaces/srv/TurningControl.idl
-- Symlinking: C:/gcamp_ros2_ws/install/custom_interfaces/share/custom_interfaces/action/Fibonacci.idl
-- Symlinking: C:/gcamp_ros2_ws/install/custom_interfaces/share/custom_interfaces/action/Maze.idl
-- Symlinking: C:/gcamp_ros2_ws/install/custom_interfaces/share/custom_interfaces/msg/Num.msg
-- Symlinking: C:/gcamp_ros2_ws/install/custom_interfaces/share/custom_interfaces/srv/AddThreeInts.srv
-- Symlinking: C:/gcamp_ros2_ws/install/custom_interfaces/share/custom_interfaces/srv/AddThreeInts_Request.msg
-- Symlinking: C:/gcamp_ros2_ws/install/custom_interfaces/share/custom_interfaces/srv/AddThreeInts_Response.msg
-- Symlinking: C:/gcamp_ros2_ws/install/custom_interfaces/share/custom_interfaces/srv/TurningControl.srv
-- Symlinking: C:/gcamp_ros2_ws/install/custom_interfaces/share/custom_interfaces/srv/TurningControl_Request.msg
-- Symlinking: C:/gcamp_ros2_ws/install/custom_interfaces/share/custom_interfaces/srv/TurningControl_Response.msg
-- Symlinking: C:/gcamp_ros2_ws/install/custom_interfaces/share/custom_interfaces/action/Fibonacci.action
-- Symlinking: C:/gcamp_ros2_ws/install/custom_interfaces/share/custom_interfaces/action/Maze.action
-- Symlinking: C:/gcamp_ros2_ws/install/custom_interfaces/share/ament_index/resource_index/package_run_dependencies/custom_interfaces
-- Symlinking: C:/gcamp_ros2_ws/install/custom_interfaces/share/ament_index/resource_index/parent_prefix_path/custom_interfaces
-- Symlinking: C:/gcamp_ros2_ws/install/custom_interfaces/share/custom_interfaces/environment/ament_prefix_path.bat
-- Symlinking: C:/gcamp_ros2_ws/install/custom_interfaces/share/custom_interfaces/environment/ament_prefix_path.dsv
-- Symlinking: C:/gcamp_ros2_ws/install/custom_interfaces/share/custom_interfaces/environment/path.bat
-- Symlinking: C:/gcamp_ros2_ws/install/custom_interfaces/share/custom_interfaces/environment/path.dsv
-- Symlinking: C:/gcamp_ros2_ws/install/custom_interfaces/share/custom_interfaces/local_setup.bat
-- Symlinking: C:/gcamp_ros2_ws/install/custom_interfaces/share/custom_interfaces/local_setup.dsv
-- Symlinking: C:/gcamp_ros2_ws/install/custom_interfaces/share/custom_interfaces/package.dsv
-- Symlinking: C:/gcamp_ros2_ws/install/custom_interfaces/share/ament_index/resource_index/packages/custom_interfaces
-- Symlinking: C:/gcamp_ros2_ws/install/custom_interfaces/share/custom_interfaces/cmake/rosidl_cmake-extras.cmake
-- Symlinking: C:/gcamp_ros2_ws/install/custom_interfaces/share/custom_interfaces/cmake/ament_cmake_export_dependencies-extras.cmake
-- Symlinking: C:/gcamp_ros2_ws/install/custom_interfaces/share/custom_interfaces/cmake/ament_cmake_export_libraries-extras.cmake
-- Symlinking: C:/gcamp_ros2_ws/install/custom_interfaces/share/custom_interfaces/cmake/ament_cmake_export_targets-extras.cmake
-- Symlinking: C:/gcamp_ros2_ws/install/custom_interfaces/share/custom_interfaces/cmake/ament_cmake_export_include_directories-extras.cmake
-- Symlinking: C:/gcamp_ros2_ws/install/custom_interfaces/share/custom_interfaces/cmake/rosidl_cmake_export_typesupport_libraries-extras.cmake
-- Symlinking: C:/gcamp_ros2_ws/install/custom_interfaces/share/custom_interfaces/cmake/rosidl_cmake_export_typesupport_targets-extras.cmake
-- Symlinking: C:/gcamp_ros2_ws/install/custom_interfaces/share/custom_interfaces/cmake/custom_interfacesConfig.cmake
-- Symlinking: C:/gcamp_ros2_ws/install/custom_interfaces/share/custom_interfaces/cmake/custom_interfacesConfig-version.cmake
-- Symlinking: C:/gcamp_ros2_ws/install/custom_interfaces/share/custom_interfaces/package.xml
-- Installing: C:/gcamp_ros2_ws/install/custom_interfaces/lib/custom_interfaces__rosidl_generator_c.lib
-- Installing: C:/gcamp_ros2_ws/install/custom_interfaces/bin/custom_interfaces__rosidl_generator_c.dll
-- Installing: C:/gcamp_ros2_ws/install/custom_interfaces/lib/custom_interfaces__rosidl_typesupport_introspection_c.lib
-- Installing: C:/gcamp_ros2_ws/install/custom_interfaces/bin/custom_interfaces__rosidl_typesupport_introspection_c.dll
-- Installing: C:/gcamp_ros2_ws/install/custom_interfaces/lib/custom_interfaces__rosidl_typesupport_c.lib
-- Installing: C:/gcamp_ros2_ws/install/custom_interfaces/bin/custom_interfaces__rosidl_typesupport_c.dll
-- Installing: C:/gcamp_ros2_ws/install/custom_interfaces/lib/custom_interfaces__rosidl_typesupport_introspection_cpp.lib
-- Installing: C:/gcamp_ros2_ws/install/custom_interfaces/bin/custom_interfaces__rosidl_typesupport_introspection_cpp.dll
-- Installing: C:/gcamp_ros2_ws/install/custom_interfaces/lib/custom_interfaces__rosidl_typesupport_cpp.lib
-- Installing: C:/gcamp_ros2_ws/install/custom_interfaces/bin/custom_interfaces__rosidl_typesupport_cpp.dll
Compiling 'C:/gcamp_ros2_ws/install/custom_interfaces/Lib/site-packages/custom_interfaces/__init__.py'...
-- Installing: C:/gcamp_ros2_ws/install/custom_interfaces/share/custom_interfaces/cmake/custom_interfaces__rosidl_generator_cExport.cmake
-- Installing: C:/gcamp_ros2_ws/install/custom_interfaces/share/custom_interfaces/cmake/custom_interfaces__rosidl_generator_cExport-release.cmake
-- Installing: C:/gcamp_ros2_ws/install/custom_interfaces/share/custom_interfaces/cmake/custom_interfaces__rosidl_typesupport_introspection_cExport.cmake
-- Installing: C:/gcamp_ros2_ws/install/custom_interfaces/share/custom_interfaces/cmake/custom_interfaces__rosidl_typesupport_introspection_cExport-release.cmake
-- Installing: C:/gcamp_ros2_ws/install/custom_interfaces/share/custom_interfaces/cmake/custom_interfaces__rosidl_typesupport_cExport.cmake
-- Installing: C:/gcamp_ros2_ws/install/custom_interfaces/share/custom_interfaces/cmake/custom_interfaces__rosidl_typesupport_cExport-release.cmake
-- Installing: C:/gcamp_ros2_ws/install/custom_interfaces/share/custom_interfaces/cmake/custom_interfaces__rosidl_generator_cppExport.cmake
-- Installing: C:/gcamp_ros2_ws/install/custom_interfaces/share/custom_interfaces/cmake/custom_interfaces__rosidl_typesupport_introspection_cppExport.cmake
-- Installing: C:/gcamp_ros2_ws/install/custom_interfaces/share/custom_interfaces/cmake/custom_interfaces__rosidl_typesupport_introspection_cppExport-release.cmake
-- Installing: C:/gcamp_ros2_ws/install/custom_interfaces/share/custom_interfaces/cmake/custom_interfaces__rosidl_typesupport_cppExport.cmake
-- Installing: C:/gcamp_ros2_ws/install/custom_interfaces/share/custom_interfaces/cmake/custom_interfaces__rosidl_typesupport_cppExport-release.cmake
