[0.078s] Invoking command in 'C:\gcamp_ros2_ws\build\custom_interfaces': Path=c:\opt\ros\foxy\x64\;c:\opt\ros\foxy\x64\Scripts;c:\opt\ros\foxy\x64\bin;C:\Program Files (x86)\Microsoft Visual Studio\2019\Community\Common7\IDE\\Extensions\Microsoft\IntelliCode\CLI;C:\Program Files (x86)\Microsoft Visual Studio\2019\Community\VC\Tools\MSVC\14.29.30133\bin\HostX64\x64;C:\Program Files (x86)\Microsoft Visual Studio\2019\Community\Common7\IDE\VC\VCPackages;C:\Program Files (x86)\Microsoft Visual Studio\2019\Community\Common7\IDE\CommonExtensions\Microsoft\TestWindow;C:\Program Files (x86)\Microsoft Visual Studio\2019\Community\Common7\IDE\CommonExtensions\Microsoft\TeamFoundation\Team Explorer;C:\Program Files (x86)\Microsoft Visual Studio\2019\Community\MSBuild\Current\bin\Roslyn;C:\Program Files (x86)\Microsoft Visual Studio\2019\Community\Team Tools\Performance Tools\x64;C:\Program Files (x86)\Microsoft Visual Studio\2019\Community\Team Tools\Performance Tools;C:\Program Files (x86)\Microsoft Visual Studio\Shared\Common\VSPerfCollectionTools\vs2019\\x64;C:\Program Files (x86)\Microsoft Visual Studio\Shared\Common\VSPerfCollectionTools\vs2019\;C:\Program Files (x86)\Microsoft Visual Studio\2019\Community\Common7\Tools\devinit;C:\Program Files (x86)\Windows Kits\10\bin\10.0.19041.0\x64;C:\Program Files (x86)\Windows Kits\10\bin\x64;C:\Program Files (x86)\Microsoft Visual Studio\2019\Community\\MSBuild\Current\Bin;C:\Windows\Microsoft.NET\Framework64\v4.0.30319;C:\Program Files (x86)\Microsoft Visual Studio\2019\Community\Common7\IDE\;C:\Program Files (x86)\Microsoft Visual Studio\2019\Community\Common7\Tools\;C:\Python38\Scripts\;C:\Python38\;C:\Windows\system32;C:\Windows;C:\Windows\System32\Wbem;C:\Windows\System32\WindowsPowerShell\v1.0\;C:\Windows\System32\OpenSSH\;C:\Program Files\MATLAB\R2020a\runtime\win64;C:\Program Files\MATLAB\R2020a\bin;C:\ProgramData\chocolatey\bin;C:\Program Files\Git\cmd;C:\Users\yoonh\AppData\Local\Programs\Python\Python39\Scripts\;C:\Users\yoonh\AppData\Local\Programs\Python\Python39\;C:\Users\yoonh\AppData\Local\Microsoft\WindowsApps;C:\Users\yoonh\AppData\Local\Programs\Microsoft VS Code\bin;C:\Program?Files\CMake\bin;C:\Program Files\OpenSSL-Win64\bin\;C:\Program Files (x86)\Microsoft Visual Studio\2019\Community\Common7\IDE\CommonExtensions\Microsoft\CMake\CMake\bin;C:\Program Files (x86)\Microsoft Visual Studio\2019\Community\Common7\IDE\CommonExtensions\Microsoft\CMake\Ninja __VSCMD_PREINIT_PATH=C:\Python38\Scripts\;C:\Python38\;C:\Windows\system32;C:\Windows;C:\Windows\System32\Wbem;C:\Windows\System32\WindowsPowerShell\v1.0\;C:\Windows\System32\OpenSSH\;C:\Program Files\MATLAB\R2020a\runtime\win64;C:\Program Files\MATLAB\R2020a\bin;C:\ProgramData\chocolatey\bin;C:\Program Files\Git\cmd;C:\Users\yoonh\AppData\Local\Programs\Python\Python39\Scripts\;C:\Users\yoonh\AppData\Local\Programs\Python\Python39\;C:\Users\yoonh\AppData\Local\Microsoft\WindowsApps;C:\Users\yoonh\AppData\Local\Programs\Microsoft VS Code\bin;C:\Program?Files\CMake\bin;C:\Program Files\OpenSSL-Win64\bin\ c:\opt\ros\foxy\x64\Scripts\cmake.EXE C:\gcamp_ros2_ws\src\gcamp_ros2_basic\custom_interfaces -DAMENT_CMAKE_SYMLINK_INSTALL=1 -DCMAKE_INSTALL_PREFIX=C:\gcamp_ros2_ws\install\custom_interfaces -G Visual Studio 16 2019
[0.234s] -- Selecting Windows SDK version 10.0.19041.0 to target Windows 10.0.19042.
[2.922s] -- The C compiler identification is MSVC 19.29.30133.0
[4.375s] -- The CXX compiler identification is MSVC 19.29.30133.0
[4.437s] -- Detecting C compiler ABI info
[5.828s] -- Detecting C compiler ABI info - done
[5.828s] -- Check for working C compiler: C:/Program Files (x86)/Microsoft Visual Studio/2019/Community/VC/Tools/MSVC/14.29.30133/bin/Hostx64/x64/cl.exe - skipped
[5.828s] -- Detecting C compile features
[5.828s] -- Detecting C compile features - done
[5.844s] -- Detecting CXX compiler ABI info
[7.203s] -- Detecting CXX compiler ABI info - done
[7.203s] -- Check for working CXX compiler: C:/Program Files (x86)/Microsoft Visual Studio/2019/Community/VC/Tools/MSVC/14.29.30133/bin/Hostx64/x64/cl.exe - skipped
[7.203s] -- Detecting CXX compile features
[7.203s] -- Detecting CXX compile features - done
[7.219s] -- Found ament_cmake: 0.9.8 (C:/opt/ros/foxy/x64/share/ament_cmake/cmake)
[7.359s] -- Found PythonInterp: C:/opt/ros/foxy/x64/python.exe (found suitable version "3.8.3", minimum required is "3") 
[7.359s] -- Using PYTHON_EXECUTABLE: C:/opt/ros/foxy/x64/python.exe
[7.766s] -- Override CMake install command with custom implementation using symlinks instead of copying resources
[7.984s] -- Found rosidl_default_generators: 1.0.0 (C:/opt/ros/foxy/x64/share/rosidl_default_generators/cmake)
[8.000s] -- Using all available rosidl_typesupport_c: rosidl_typesupport_fastrtps_c;rosidl_typesupport_introspection_c
[8.062s] -- Found rosidl_adapter: 1.2.0 (C:/opt/ros/foxy/x64/share/rosidl_adapter/cmake)
[8.375s] -- Found OpenSSL: optimized;C:/opt/ros/foxy/x64/Lib/libcrypto.lib;debug;C:/Program Files/OpenSSL-Win64/lib/VC/libcrypto64MDd.lib (found version "1.1.1g")  
[8.422s] -- Found FastRTPS: C:/opt/ros/foxy/x64/include  
[8.672s] -- Using all available rosidl_typesupport_cpp: rosidl_typesupport_fastrtps_cpp;rosidl_typesupport_introspection_cpp
[8.828s] -- Found PythonInterp: C:/opt/ros/foxy/x64/python.exe (found version "3.8.3") 
[9.375s] -- Found ament_cmake_ros: 0.9.0 (C:/opt/ros/foxy/x64/share/ament_cmake_ros/cmake)
[9.672s] -- Using all available rosidl_typesupport_c: rosidl_typesupport_fastrtps_c;rosidl_typesupport_introspection_c
[9.766s] -- Using all available rosidl_typesupport_cpp: rosidl_typesupport_fastrtps_cpp;rosidl_typesupport_introspection_cpp
[9.828s] -- Found PythonInterp: C:/opt/ros/foxy/x64/python.exe (found suitable version "3.8.3", minimum required is "3.5") 
[9.844s] -- Found python_cmake_module: 0.8.0 (C:/opt/ros/foxy/x64/share/python_cmake_module/cmake)
[9.906s] -- Found PythonLibs: C:/opt/ros/foxy/x64/Lib/python38.lib (found suitable version "3.8.3", minimum required is "3.5") 
[9.906s] -- Using PYTHON_EXECUTABLE: C:/opt/ros/foxy/x64/python.exe
[9.906s] -- Using PYTHON_INCLUDE_DIRS: C:/opt/ros/foxy/x64/include/python3.8
[9.906s] -- Using PYTHON_LIBRARIES: C:/opt/ros/foxy/x64/Lib/python38.lib
[9.953s] -- Found PythonExtra: .pyd  
[12.000s] -- Using numpy include directory: C:\opt\ros\foxy\x64\lib\site-packages\numpy\core\include
[12.047s] -- Found ament_lint_auto: 0.9.6 (C:/opt/ros/foxy/x64/share/ament_lint_auto/cmake)
[12.250s] -- Added test 'copyright' to check source files copyright and LICENSE
[12.281s] -- Added test 'lint_cmake' to check CMake code style
[12.297s] -- Added test 'xmllint' to check XML markup files
[12.375s] -- Configuring done
[13.125s] -- Generating done
[13.125s] -- Build files have been written to: C:/gcamp_ros2_ws/build/custom_interfaces
[13.156s] Invoked command in 'C:\gcamp_ros2_ws\build\custom_interfaces' returned '0': Path=c:\opt\ros\foxy\x64\;c:\opt\ros\foxy\x64\Scripts;c:\opt\ros\foxy\x64\bin;C:\Program Files (x86)\Microsoft Visual Studio\2019\Community\Common7\IDE\\Extensions\Microsoft\IntelliCode\CLI;C:\Program Files (x86)\Microsoft Visual Studio\2019\Community\VC\Tools\MSVC\14.29.30133\bin\HostX64\x64;C:\Program Files (x86)\Microsoft Visual Studio\2019\Community\Common7\IDE\VC\VCPackages;C:\Program Files (x86)\Microsoft Visual Studio\2019\Community\Common7\IDE\CommonExtensions\Microsoft\TestWindow;C:\Program Files (x86)\Microsoft Visual Studio\2019\Community\Common7\IDE\CommonExtensions\Microsoft\TeamFoundation\Team Explorer;C:\Program Files (x86)\Microsoft Visual Studio\2019\Community\MSBuild\Current\bin\Roslyn;C:\Program Files (x86)\Microsoft Visual Studio\2019\Community\Team Tools\Performance Tools\x64;C:\Program Files (x86)\Microsoft Visual Studio\2019\Community\Team Tools\Performance Tools;C:\Program Files (x86)\Microsoft Visual Studio\Shared\Common\VSPerfCollectionTools\vs2019\\x64;C:\Program Files (x86)\Microsoft Visual Studio\Shared\Common\VSPerfCollectionTools\vs2019\;C:\Program Files (x86)\Microsoft Visual Studio\2019\Community\Common7\Tools\devinit;C:\Program Files (x86)\Windows Kits\10\bin\10.0.19041.0\x64;C:\Program Files (x86)\Windows Kits\10\bin\x64;C:\Program Files (x86)\Microsoft Visual Studio\2019\Community\\MSBuild\Current\Bin;C:\Windows\Microsoft.NET\Framework64\v4.0.30319;C:\Program Files (x86)\Microsoft Visual Studio\2019\Community\Common7\IDE\;C:\Program Files (x86)\Microsoft Visual Studio\2019\Community\Common7\Tools\;C:\Python38\Scripts\;C:\Python38\;C:\Windows\system32;C:\Windows;C:\Windows\System32\Wbem;C:\Windows\System32\WindowsPowerShell\v1.0\;C:\Windows\System32\OpenSSH\;C:\Program Files\MATLAB\R2020a\runtime\win64;C:\Program Files\MATLAB\R2020a\bin;C:\ProgramData\chocolatey\bin;C:\Program Files\Git\cmd;C:\Users\yoonh\AppData\Local\Programs\Python\Python39\Scripts\;C:\Users\yoonh\AppData\Local\Programs\Python\Python39\;C:\Users\yoonh\AppData\Local\Microsoft\WindowsApps;C:\Users\yoonh\AppData\Local\Programs\Microsoft VS Code\bin;C:\Program?Files\CMake\bin;C:\Program Files\OpenSSL-Win64\bin\;C:\Program Files (x86)\Microsoft Visual Studio\2019\Community\Common7\IDE\CommonExtensions\Microsoft\CMake\CMake\bin;C:\Program Files (x86)\Microsoft Visual Studio\2019\Community\Common7\IDE\CommonExtensions\Microsoft\CMake\Ninja __VSCMD_PREINIT_PATH=C:\Python38\Scripts\;C:\Python38\;C:\Windows\system32;C:\Windows;C:\Windows\System32\Wbem;C:\Windows\System32\WindowsPowerShell\v1.0\;C:\Windows\System32\OpenSSH\;C:\Program Files\MATLAB\R2020a\runtime\win64;C:\Program Files\MATLAB\R2020a\bin;C:\ProgramData\chocolatey\bin;C:\Program Files\Git\cmd;C:\Users\yoonh\AppData\Local\Programs\Python\Python39\Scripts\;C:\Users\yoonh\AppData\Local\Programs\Python\Python39\;C:\Users\yoonh\AppData\Local\Microsoft\WindowsApps;C:\Users\yoonh\AppData\Local\Programs\Microsoft VS Code\bin;C:\Program?Files\CMake\bin;C:\Program Files\OpenSSL-Win64\bin\ c:\opt\ros\foxy\x64\Scripts\cmake.EXE C:\gcamp_ros2_ws\src\gcamp_ros2_basic\custom_interfaces -DAMENT_CMAKE_SYMLINK_INSTALL=1 -DCMAKE_INSTALL_PREFIX=C:\gcamp_ros2_ws\install\custom_interfaces -G Visual Studio 16 2019
[13.156s] Invoking command in 'C:\gcamp_ros2_ws\build\custom_interfaces': CL=/MP Path=c:\opt\ros\foxy\x64\;c:\opt\ros\foxy\x64\Scripts;c:\opt\ros\foxy\x64\bin;C:\Program Files (x86)\Microsoft Visual Studio\2019\Community\Common7\IDE\\Extensions\Microsoft\IntelliCode\CLI;C:\Program Files (x86)\Microsoft Visual Studio\2019\Community\VC\Tools\MSVC\14.29.30133\bin\HostX64\x64;C:\Program Files (x86)\Microsoft Visual Studio\2019\Community\Common7\IDE\VC\VCPackages;C:\Program Files (x86)\Microsoft Visual Studio\2019\Community\Common7\IDE\CommonExtensions\Microsoft\TestWindow;C:\Program Files (x86)\Microsoft Visual Studio\2019\Community\Common7\IDE\CommonExtensions\Microsoft\TeamFoundation\Team Explorer;C:\Program Files (x86)\Microsoft Visual Studio\2019\Community\MSBuild\Current\bin\Roslyn;C:\Program Files (x86)\Microsoft Visual Studio\2019\Community\Team Tools\Performance Tools\x64;C:\Program Files (x86)\Microsoft Visual Studio\2019\Community\Team Tools\Performance Tools;C:\Program Files (x86)\Microsoft Visual Studio\Shared\Common\VSPerfCollectionTools\vs2019\\x64;C:\Program Files (x86)\Microsoft Visual Studio\Shared\Common\VSPerfCollectionTools\vs2019\;C:\Program Files (x86)\Microsoft Visual Studio\2019\Community\Common7\Tools\devinit;C:\Program Files (x86)\Windows Kits\10\bin\10.0.19041.0\x64;C:\Program Files (x86)\Windows Kits\10\bin\x64;C:\Program Files (x86)\Microsoft Visual Studio\2019\Community\\MSBuild\Current\Bin;C:\Windows\Microsoft.NET\Framework64\v4.0.30319;C:\Program Files (x86)\Microsoft Visual Studio\2019\Community\Common7\IDE\;C:\Program Files (x86)\Microsoft Visual Studio\2019\Community\Common7\Tools\;C:\Python38\Scripts\;C:\Python38\;C:\Windows\system32;C:\Windows;C:\Windows\System32\Wbem;C:\Windows\System32\WindowsPowerShell\v1.0\;C:\Windows\System32\OpenSSH\;C:\Program Files\MATLAB\R2020a\runtime\win64;C:\Program Files\MATLAB\R2020a\bin;C:\ProgramData\chocolatey\bin;C:\Program Files\Git\cmd;C:\Users\yoonh\AppData\Local\Programs\Python\Python39\Scripts\;C:\Users\yoonh\AppData\Local\Programs\Python\Python39\;C:\Users\yoonh\AppData\Local\Microsoft\WindowsApps;C:\Users\yoonh\AppData\Local\Programs\Microsoft VS Code\bin;C:\Program?Files\CMake\bin;C:\Program Files\OpenSSL-Win64\bin\;C:\Program Files (x86)\Microsoft Visual Studio\2019\Community\Common7\IDE\CommonExtensions\Microsoft\CMake\CMake\bin;C:\Program Files (x86)\Microsoft Visual Studio\2019\Community\Common7\IDE\CommonExtensions\Microsoft\CMake\Ninja __VSCMD_PREINIT_PATH=C:\Python38\Scripts\;C:\Python38\;C:\Windows\system32;C:\Windows;C:\Windows\System32\Wbem;C:\Windows\System32\WindowsPowerShell\v1.0\;C:\Windows\System32\OpenSSH\;C:\Program Files\MATLAB\R2020a\runtime\win64;C:\Program Files\MATLAB\R2020a\bin;C:\ProgramData\chocolatey\bin;C:\Program Files\Git\cmd;C:\Users\yoonh\AppData\Local\Programs\Python\Python39\Scripts\;C:\Users\yoonh\AppData\Local\Programs\Python\Python39\;C:\Users\yoonh\AppData\Local\Microsoft\WindowsApps;C:\Users\yoonh\AppData\Local\Programs\Microsoft VS Code\bin;C:\Program?Files\CMake\bin;C:\Program Files\OpenSSL-Win64\bin\ c:\opt\ros\foxy\x64\Scripts\cmake.EXE --build C:\gcamp_ros2_ws\build\custom_interfaces --config Release
[13.359s] .NET Framework용 Microsoft (R) Build Engine 버전 16.11.0+0538acc04
[13.359s] Copyright (C) Microsoft Corporation. All rights reserved.
[13.359s] 
[14.312s]   Checking Build System
[14.562s]   Generating C++ code for ROS interfaces
[15.469s]   Building Custom Rule C:/gcamp_ros2_ws/src/gcamp_ros2_basic/custom_interfaces/CMakeLists.txt
[15.625s]   Generating C code for ROS interfaces
[16.437s]   Building Custom Rule C:/gcamp_ros2_ws/src/gcamp_ros2_basic/custom_interfaces/CMakeLists.txt
[16.641s]   num__functions.c
[16.641s]   add_three_ints__functions.c
[16.641s]   turning_control__functions.c
[16.641s]   fibonacci__functions.c
[16.641s]   maze__functions.c
[16.969s]      C:/gcamp_ros2_ws/build/custom_interfaces/Release/custom_interfaces__rosidl_generator_c.lib 라이브러리 및 C:/gcamp_ros2_ws/build/custom_interfaces/Release/custom_interfaces__rosidl_generator_c.exp 개체를 생성하고 있습니다.
[17.047s]   custom_interfaces__rosidl_generator_c.vcxproj -> C:\gcamp_ros2_ws\build\custom_interfaces\Release\custom_interfaces__rosidl_generator_c.dll
[17.141s]   Generating C type support dispatch for ROS interfaces
[17.641s]   Building Custom Rule C:/gcamp_ros2_ws/src/gcamp_ros2_basic/custom_interfaces/CMakeLists.txt
[17.797s]   num__type_support.cpp
[17.797s]   add_three_ints__type_support.cpp
[17.797s]   turning_control__type_support.cpp
[17.797s]   fibonacci__type_support.cpp
[17.797s]   maze__type_support.cpp
[18.016s]      C:/gcamp_ros2_ws/build/custom_interfaces/Release/custom_interfaces__rosidl_typesupport_c.lib 라이브러리 및 C:/gcamp_ros2_ws/build/custom_interfaces/Release/custom_interfaces__rosidl_typesupport_c.exp 개체를 생성하고 있습니다.
[18.078s]   custom_interfaces__rosidl_typesupport_c.vcxproj -> C:\gcamp_ros2_ws\build\custom_interfaces\Release\custom_interfaces__rosidl_typesupport_c.dll
[18.156s]   Generating C++ type support dispatch for ROS interfaces
[18.656s]   Building Custom Rule C:/gcamp_ros2_ws/src/gcamp_ros2_basic/custom_interfaces/CMakeLists.txt
[18.812s]   num__type_support.cpp
[18.812s]   add_three_ints__type_support.cpp
[18.812s]   turning_control__type_support.cpp
[18.812s]   fibonacci__type_support.cpp
[18.812s]   maze__type_support.cpp
[19.312s]      C:/gcamp_ros2_ws/build/custom_interfaces/Release/custom_interfaces__rosidl_typesupport_cpp.lib 라이브러리 및 C:/gcamp_ros2_ws/build/custom_interfaces/Release/custom_interfaces__rosidl_typesupport_cpp.exp 개체를 생성하고 있습니다.
[19.375s]   custom_interfaces__rosidl_typesupport_cpp.vcxproj -> C:\gcamp_ros2_ws\build\custom_interfaces\Release\custom_interfaces__rosidl_typesupport_cpp.dll
[19.500s]   Generating C++ type support for eProsima Fast-RTPS
[20.250s]   Building Custom Rule C:/gcamp_ros2_ws/src/gcamp_ros2_basic/custom_interfaces/CMakeLists.txt
[20.406s]   num__type_support.cpp
[20.406s]   add_three_ints__type_support.cpp
[20.422s]   turning_control__type_support.cpp
[20.422s]   fibonacci__type_support.cpp
[20.422s]   maze__type_support.cpp
[20.766s] C:\opt\ros\foxy\x64\include\rmw/types.h(1,1): warning C4819: 현재 코드 페이지(949)에서 표시할 수 없는 문자가 파일에 들어 있습니다. 데이터가 손실되지 않게 하려면 해당 파일을 유니코드 형식으로 저장하십시오. (소스 파일 컴파일 중 C:\gcamp_ros2_ws\build\custom_interfaces\rosidl_typesupport_fastrtps_cpp\custom_interfaces\srv\detail\dds_fastrtps\add_three_ints__type_support.cpp) [C:\gcamp_ros2_ws\build\custom_interfaces\custom_interfaces__rosidl_typesupport_fastrtps_cpp.vcxproj]
[20.766s] C:\opt\ros\foxy\x64\include\rmw/types.h(1,1): warning C4819: 현재 코드 페이지(949)에서 표시할 수 없는 문자가 파일에 들어 있습니다. 데이터가 손실되지 않게 하려면 해당 파일을 유니코드 형식으로 저장하십시오. (소스 파일 컴파일 중 C:\gcamp_ros2_ws\build\custom_interfaces\rosidl_typesupport_fastrtps_cpp\custom_interfaces\srv\detail\dds_fastrtps\turning_control__type_support.cpp) [C:\gcamp_ros2_ws\build\custom_interfaces\custom_interfaces__rosidl_typesupport_fastrtps_cpp.vcxproj]
[20.766s] C:\opt\ros\foxy\x64\include\rmw/types.h(1,1): warning C4819: 현재 코드 페이지(949)에서 표시할 수 없는 문자가 파일에 들어 있습니다. 데이터가 손실되지 않게 하려면 해당 파일을 유니코드 형식으로 저장하십시오. (소스 파일 컴파일 중 C:\gcamp_ros2_ws\build\custom_interfaces\rosidl_typesupport_fastrtps_cpp\custom_interfaces\action\detail\dds_fastrtps\maze__type_support.cpp) [C:\gcamp_ros2_ws\build\custom_interfaces\custom_interfaces__rosidl_typesupport_fastrtps_cpp.vcxproj]
[20.766s] C:\opt\ros\foxy\x64\include\rmw/types.h(1,1): warning C4819: 현재 코드 페이지(949)에서 표시할 수 없는 문자가 파일에 들어 있습니다. 데이터가 손실되지 않게 하려면 해당 파일을 유니코드 형식으로 저장하십시오. (소스 파일 컴파일 중 C:\gcamp_ros2_ws\build\custom_interfaces\rosidl_typesupport_fastrtps_cpp\custom_interfaces\action\detail\dds_fastrtps\fibonacci__type_support.cpp) [C:\gcamp_ros2_ws\build\custom_interfaces\custom_interfaces__rosidl_typesupport_fastrtps_cpp.vcxproj]
[21.141s]      C:/gcamp_ros2_ws/build/custom_interfaces/Release/custom_interfaces__rosidl_typesupport_fastrtps_cpp.lib 라이브러리 및 C:/gcamp_ros2_ws/build/custom_interfaces/Release/custom_interfaces__rosidl_typesupport_fastrtps_cpp.exp 개체를 생성하고 있습니다.
[21.219s]   custom_interfaces__rosidl_typesupport_fastrtps_cpp.vcxproj -> C:\gcamp_ros2_ws\build\custom_interfaces\Release\custom_interfaces__rosidl_typesupport_fastrtps_cpp.dll
[21.281s]   Generating C type support for eProsima Fast-RTPS
[22.016s]   Building Custom Rule C:/gcamp_ros2_ws/src/gcamp_ros2_basic/custom_interfaces/CMakeLists.txt
[22.172s]   num__type_support_c.cpp
[22.172s]   add_three_ints__type_support_c.cpp
[22.172s]   turning_control__type_support_c.cpp
[22.172s]   fibonacci__type_support_c.cpp
[22.172s]   maze__type_support_c.cpp
[22.531s] C:\opt\ros\foxy\x64\include\rmw/types.h(1,1): warning C4819: 현재 코드 페이지(949)에서 표시할 수 없는 문자가 파일에 들어 있습니다. 데이터가 손실되지 않게 하려면 해당 파일을 유니코드 형식으로 저장하십시오. (소스 파일 컴파일 중 C:\gcamp_ros2_ws\build\custom_interfaces\rosidl_typesupport_fastrtps_c\custom_interfaces\action\detail\maze__type_support_c.cpp) [C:\gcamp_ros2_ws\build\custom_interfaces\custom_interfaces__rosidl_typesupport_fastrtps_c.vcxproj]
[22.531s] C:\opt\ros\foxy\x64\include\rmw/types.h(1,1): warning C4819: 현재 코드 페이지(949)에서 표시할 수 없는 문자가 파일에 들어 있습니다. 데이터가 손실되지 않게 하려면 해당 파일을 유니코드 형식으로 저장하십시오. (소스 파일 컴파일 중 C:\gcamp_ros2_ws\build\custom_interfaces\rosidl_typesupport_fastrtps_c\custom_interfaces\action\detail\fibonacci__type_support_c.cpp) [C:\gcamp_ros2_ws\build\custom_interfaces\custom_interfaces__rosidl_typesupport_fastrtps_c.vcxproj]
[22.531s] C:\opt\ros\foxy\x64\include\rmw/types.h(1,1): warning C4819: 현재 코드 페이지(949)에서 표시할 수 없는 문자가 파일에 들어 있습니다. 데이터가 손실되지 않게 하려면 해당 파일을 유니코드 형식으로 저장하십시오. (소스 파일 컴파일 중 C:\gcamp_ros2_ws\build\custom_interfaces\rosidl_typesupport_fastrtps_c\custom_interfaces\srv\detail\turning_control__type_support_c.cpp) [C:\gcamp_ros2_ws\build\custom_interfaces\custom_interfaces__rosidl_typesupport_fastrtps_c.vcxproj]
[22.547s] C:\opt\ros\foxy\x64\include\rmw/types.h(1,1): warning C4819: 현재 코드 페이지(949)에서 표시할 수 없는 문자가 파일에 들어 있습니다. 데이터가 손실되지 않게 하려면 해당 파일을 유니코드 형식으로 저장하십시오. (소스 파일 컴파일 중 C:\gcamp_ros2_ws\build\custom_interfaces\rosidl_typesupport_fastrtps_c\custom_interfaces\srv\detail\add_three_ints__type_support_c.cpp) [C:\gcamp_ros2_ws\build\custom_interfaces\custom_interfaces__rosidl_typesupport_fastrtps_c.vcxproj]
[22.859s]      C:/gcamp_ros2_ws/build/custom_interfaces/Release/custom_interfaces__rosidl_typesupport_fastrtps_c.lib 라이브러리 및 C:/gcamp_ros2_ws/build/custom_interfaces/Release/custom_interfaces__rosidl_typesupport_fastrtps_c.exp 개체를 생성하고 있습니다.
[22.922s]   custom_interfaces__rosidl_typesupport_fastrtps_c.vcxproj -> C:\gcamp_ros2_ws\build\custom_interfaces\Release\custom_interfaces__rosidl_typesupport_fastrtps_c.dll
[23.047s]   Generating C introspection for ROS interfaces
[23.703s]   Building Custom Rule C:/gcamp_ros2_ws/src/gcamp_ros2_basic/custom_interfaces/CMakeLists.txt
[23.859s]   num__type_support.c
[23.859s]   add_three_ints__type_support.c
[23.859s]   turning_control__type_support.c
[23.859s]   fibonacci__type_support.c
[23.859s]   maze__type_support.c
[24.031s]      C:/gcamp_ros2_ws/build/custom_interfaces/Release/custom_interfaces__rosidl_typesupport_introspection_c.lib 라이브러리 및 C:/gcamp_ros2_ws/build/custom_interfaces/Release/custom_interfaces__rosidl_typesupport_introspection_c.exp 개체를 생성하고 있습니다.
[24.109s]   custom_interfaces__rosidl_typesupport_introspection_c.vcxproj -> C:\gcamp_ros2_ws\build\custom_interfaces\Release\custom_interfaces__rosidl_typesupport_introspection_c.dll
[24.187s]   Generating C++ introspection for ROS interfaces
[24.828s]   Building Custom Rule C:/gcamp_ros2_ws/src/gcamp_ros2_basic/custom_interfaces/CMakeLists.txt
[24.984s]   num__type_support.cpp
[24.984s]   add_three_ints__type_support.cpp
[24.984s]   turning_control__type_support.cpp
[24.984s]   fibonacci__type_support.cpp
[24.984s]   maze__type_support.cpp
[25.562s]      C:/gcamp_ros2_ws/build/custom_interfaces/Release/custom_interfaces__rosidl_typesupport_introspection_cpp.lib 라이브러리 및 C:/gcamp_ros2_ws/build/custom_interfaces/Release/custom_interfaces__rosidl_typesupport_introspection_cpp.exp 개체를 생성하고 있습니다.
[25.641s]   custom_interfaces__rosidl_typesupport_introspection_cpp.vcxproj -> C:\gcamp_ros2_ws\build\custom_interfaces\Release\custom_interfaces__rosidl_typesupport_introspection_cpp.dll
[25.750s]   Building Custom Rule C:/gcamp_ros2_ws/src/gcamp_ros2_basic/custom_interfaces/CMakeLists.txt
[25.922s]   Generating Python code for ROS interfaces
[27.641s]   Building Custom Rule C:/gcamp_ros2_ws/build/custom_interfaces/custom_interfaces__py/CMakeLists.txt
[27.734s]   Building Custom Rule C:/gcamp_ros2_ws/src/gcamp_ros2_basic/custom_interfaces/CMakeLists.txt
[27.891s]   _num_s.c
[27.891s]   _add_three_ints_s.c
[27.891s]   _turning_control_s.c
[27.891s]   _fibonacci_s.c
[27.891s]   _maze_s.c
[28.203s]      C:/gcamp_ros2_ws/build/custom_interfaces/Release/custom_interfaces__python.lib 라이브러리 및 C:/gcamp_ros2_ws/build/custom_interfaces/Release/custom_interfaces__python.exp 개체를 생성하고 있습니다.
[28.281s]   custom_interfaces__python.vcxproj -> C:\gcamp_ros2_ws\build\custom_interfaces\rosidl_generator_py\custom_interfaces\custom_interfaces__python.dll
[28.375s]   Building Custom Rule C:/gcamp_ros2_ws/src/gcamp_ros2_basic/custom_interfaces/CMakeLists.txt
[28.516s]   _custom_interfaces_s.ep.rosidl_typesupport_c.c
[28.766s]      C:/gcamp_ros2_ws/build/custom_interfaces/Release/custom_interfaces_s__rosidl_typesupport_c.lib 라이브러리 및 C:/gcamp_ros2_ws/build/custom_interfaces/Release/custom_interfaces_s__rosidl_typesupport_c.exp 개체를 생성하고 있습니다.
[28.828s]   custom_interfaces__rosidl_typesupport_c__pyext.vcxproj -> C:\gcamp_ros2_ws\build\custom_interfaces\rosidl_generator_py\custom_interfaces\custom_interfaces_s__rosidl_typesupport_c.pyd
[28.922s]   Building Custom Rule C:/gcamp_ros2_ws/src/gcamp_ros2_basic/custom_interfaces/CMakeLists.txt
[29.062s]   _custom_interfaces_s.ep.rosidl_typesupport_fastrtps_c.c
[29.312s]      C:/gcamp_ros2_ws/build/custom_interfaces/Release/custom_interfaces_s__rosidl_typesupport_fastrtps_c.lib 라이브러리 및 C:/gcamp_ros2_ws/build/custom_interfaces/Release/custom_interfaces_s__rosidl_typesupport_fastrtps_c.exp 개체를 생성하고 있습니다.
[29.391s]   custom_interfaces__rosidl_typesupport_fastrtps_c__pyext.vcxproj -> C:\gcamp_ros2_ws\build\custom_interfaces\rosidl_generator_py\custom_interfaces\custom_interfaces_s__rosidl_typesupport_fastrtps_c.pyd
[29.484s]   Building Custom Rule C:/gcamp_ros2_ws/src/gcamp_ros2_basic/custom_interfaces/CMakeLists.txt
[29.625s]   _custom_interfaces_s.ep.rosidl_typesupport_introspection_c.c
[29.859s]      C:/gcamp_ros2_ws/build/custom_interfaces/Release/custom_interfaces_s__rosidl_typesupport_introspection_c.lib 라이브러리 및 C:/gcamp_ros2_ws/build/custom_interfaces/Release/custom_interfaces_s__rosidl_typesupport_introspection_c.exp 개체를 생성하고 있습니다.
[29.906s]   custom_interfaces__rosidl_typesupport_introspection_c__pyext.vcxproj -> C:\gcamp_ros2_ws\build\custom_interfaces\rosidl_generator_py\custom_interfaces\custom_interfaces_s__rosidl_typesupport_introspection_c.pyd
[29.984s]   Building Custom Rule C:/gcamp_ros2_ws/src/gcamp_ros2_basic/custom_interfaces/CMakeLists.txt
[30.125s] Invoked command in 'C:\gcamp_ros2_ws\build\custom_interfaces' returned '0': CL=/MP Path=c:\opt\ros\foxy\x64\;c:\opt\ros\foxy\x64\Scripts;c:\opt\ros\foxy\x64\bin;C:\Program Files (x86)\Microsoft Visual Studio\2019\Community\Common7\IDE\\Extensions\Microsoft\IntelliCode\CLI;C:\Program Files (x86)\Microsoft Visual Studio\2019\Community\VC\Tools\MSVC\14.29.30133\bin\HostX64\x64;C:\Program Files (x86)\Microsoft Visual Studio\2019\Community\Common7\IDE\VC\VCPackages;C:\Program Files (x86)\Microsoft Visual Studio\2019\Community\Common7\IDE\CommonExtensions\Microsoft\TestWindow;C:\Program Files (x86)\Microsoft Visual Studio\2019\Community\Common7\IDE\CommonExtensions\Microsoft\TeamFoundation\Team Explorer;C:\Program Files (x86)\Microsoft Visual Studio\2019\Community\MSBuild\Current\bin\Roslyn;C:\Program Files (x86)\Microsoft Visual Studio\2019\Community\Team Tools\Performance Tools\x64;C:\Program Files (x86)\Microsoft Visual Studio\2019\Community\Team Tools\Performance Tools;C:\Program Files (x86)\Microsoft Visual Studio\Shared\Common\VSPerfCollectionTools\vs2019\\x64;C:\Program Files (x86)\Microsoft Visual Studio\Shared\Common\VSPerfCollectionTools\vs2019\;C:\Program Files (x86)\Microsoft Visual Studio\2019\Community\Common7\Tools\devinit;C:\Program Files (x86)\Windows Kits\10\bin\10.0.19041.0\x64;C:\Program Files (x86)\Windows Kits\10\bin\x64;C:\Program Files (x86)\Microsoft Visual Studio\2019\Community\\MSBuild\Current\Bin;C:\Windows\Microsoft.NET\Framework64\v4.0.30319;C:\Program Files (x86)\Microsoft Visual Studio\2019\Community\Common7\IDE\;C:\Program Files (x86)\Microsoft Visual Studio\2019\Community\Common7\Tools\;C:\Python38\Scripts\;C:\Python38\;C:\Windows\system32;C:\Windows;C:\Windows\System32\Wbem;C:\Windows\System32\WindowsPowerShell\v1.0\;C:\Windows\System32\OpenSSH\;C:\Program Files\MATLAB\R2020a\runtime\win64;C:\Program Files\MATLAB\R2020a\bin;C:\ProgramData\chocolatey\bin;C:\Program Files\Git\cmd;C:\Users\yoonh\AppData\Local\Programs\Python\Python39\Scripts\;C:\Users\yoonh\AppData\Local\Programs\Python\Python39\;C:\Users\yoonh\AppData\Local\Microsoft\WindowsApps;C:\Users\yoonh\AppData\Local\Programs\Microsoft VS Code\bin;C:\Program?Files\CMake\bin;C:\Program Files\OpenSSL-Win64\bin\;C:\Program Files (x86)\Microsoft Visual Studio\2019\Community\Common7\IDE\CommonExtensions\Microsoft\CMake\CMake\bin;C:\Program Files (x86)\Microsoft Visual Studio\2019\Community\Common7\IDE\CommonExtensions\Microsoft\CMake\Ninja __VSCMD_PREINIT_PATH=C:\Python38\Scripts\;C:\Python38\;C:\Windows\system32;C:\Windows;C:\Windows\System32\Wbem;C:\Windows\System32\WindowsPowerShell\v1.0\;C:\Windows\System32\OpenSSH\;C:\Program Files\MATLAB\R2020a\runtime\win64;C:\Program Files\MATLAB\R2020a\bin;C:\ProgramData\chocolatey\bin;C:\Program Files\Git\cmd;C:\Users\yoonh\AppData\Local\Programs\Python\Python39\Scripts\;C:\Users\yoonh\AppData\Local\Programs\Python\Python39\;C:\Users\yoonh\AppData\Local\Microsoft\WindowsApps;C:\Users\yoonh\AppData\Local\Programs\Microsoft VS Code\bin;C:\Program?Files\CMake\bin;C:\Program Files\OpenSSL-Win64\bin\ c:\opt\ros\foxy\x64\Scripts\cmake.EXE --build C:\gcamp_ros2_ws\build\custom_interfaces --config Release
[30.234s] Invoking command in 'C:\gcamp_ros2_ws\build\custom_interfaces': Path=c:\opt\ros\foxy\x64\;c:\opt\ros\foxy\x64\Scripts;c:\opt\ros\foxy\x64\bin;C:\Program Files (x86)\Microsoft Visual Studio\2019\Community\Common7\IDE\\Extensions\Microsoft\IntelliCode\CLI;C:\Program Files (x86)\Microsoft Visual Studio\2019\Community\VC\Tools\MSVC\14.29.30133\bin\HostX64\x64;C:\Program Files (x86)\Microsoft Visual Studio\2019\Community\Common7\IDE\VC\VCPackages;C:\Program Files (x86)\Microsoft Visual Studio\2019\Community\Common7\IDE\CommonExtensions\Microsoft\TestWindow;C:\Program Files (x86)\Microsoft Visual Studio\2019\Community\Common7\IDE\CommonExtensions\Microsoft\TeamFoundation\Team Explorer;C:\Program Files (x86)\Microsoft Visual Studio\2019\Community\MSBuild\Current\bin\Roslyn;C:\Program Files (x86)\Microsoft Visual Studio\2019\Community\Team Tools\Performance Tools\x64;C:\Program Files (x86)\Microsoft Visual Studio\2019\Community\Team Tools\Performance Tools;C:\Program Files (x86)\Microsoft Visual Studio\Shared\Common\VSPerfCollectionTools\vs2019\\x64;C:\Program Files (x86)\Microsoft Visual Studio\Shared\Common\VSPerfCollectionTools\vs2019\;C:\Program Files (x86)\Microsoft Visual Studio\2019\Community\Common7\Tools\devinit;C:\Program Files (x86)\Windows Kits\10\bin\10.0.19041.0\x64;C:\Program Files (x86)\Windows Kits\10\bin\x64;C:\Program Files (x86)\Microsoft Visual Studio\2019\Community\\MSBuild\Current\Bin;C:\Windows\Microsoft.NET\Framework64\v4.0.30319;C:\Program Files (x86)\Microsoft Visual Studio\2019\Community\Common7\IDE\;C:\Program Files (x86)\Microsoft Visual Studio\2019\Community\Common7\Tools\;C:\Python38\Scripts\;C:\Python38\;C:\Windows\system32;C:\Windows;C:\Windows\System32\Wbem;C:\Windows\System32\WindowsPowerShell\v1.0\;C:\Windows\System32\OpenSSH\;C:\Program Files\MATLAB\R2020a\runtime\win64;C:\Program Files\MATLAB\R2020a\bin;C:\ProgramData\chocolatey\bin;C:\Program Files\Git\cmd;C:\Users\yoonh\AppData\Local\Programs\Python\Python39\Scripts\;C:\Users\yoonh\AppData\Local\Programs\Python\Python39\;C:\Users\yoonh\AppData\Local\Microsoft\WindowsApps;C:\Users\yoonh\AppData\Local\Programs\Microsoft VS Code\bin;C:\Program?Files\CMake\bin;C:\Program Files\OpenSSL-Win64\bin\;C:\Program Files (x86)\Microsoft Visual Studio\2019\Community\Common7\IDE\CommonExtensions\Microsoft\CMake\CMake\bin;C:\Program Files (x86)\Microsoft Visual Studio\2019\Community\Common7\IDE\CommonExtensions\Microsoft\CMake\Ninja __VSCMD_PREINIT_PATH=C:\Python38\Scripts\;C:\Python38\;C:\Windows\system32;C:\Windows;C:\Windows\System32\Wbem;C:\Windows\System32\WindowsPowerShell\v1.0\;C:\Windows\System32\OpenSSH\;C:\Program Files\MATLAB\R2020a\runtime\win64;C:\Program Files\MATLAB\R2020a\bin;C:\ProgramData\chocolatey\bin;C:\Program Files\Git\cmd;C:\Users\yoonh\AppData\Local\Programs\Python\Python39\Scripts\;C:\Users\yoonh\AppData\Local\Programs\Python\Python39\;C:\Users\yoonh\AppData\Local\Microsoft\WindowsApps;C:\Users\yoonh\AppData\Local\Programs\Microsoft VS Code\bin;C:\Program?Files\CMake\bin;C:\Program Files\OpenSSL-Win64\bin\ c:\opt\ros\foxy\x64\Scripts\cmake.EXE --install C:\gcamp_ros2_ws\build\custom_interfaces --config Release
[30.344s] -- Execute custom install script
[30.344s] -- Symlinking: C:/gcamp_ros2_ws/install/custom_interfaces/share/ament_index/resource_index/rosidl_interfaces/custom_interfaces
[30.391s] -- Symlinking: C:/gcamp_ros2_ws/install/custom_interfaces/include/custom_interfaces/action/detail/fibonacci__functions.h
[30.422s] -- Symlinking: C:/gcamp_ros2_ws/install/custom_interfaces/include/custom_interfaces/action/detail/fibonacci__struct.h
[30.437s] -- Symlinking: C:/gcamp_ros2_ws/install/custom_interfaces/include/custom_interfaces/action/detail/fibonacci__type_support.h
[30.469s] -- Symlinking: C:/gcamp_ros2_ws/install/custom_interfaces/include/custom_interfaces/action/detail/maze__functions.h
[30.500s] -- Symlinking: C:/gcamp_ros2_ws/install/custom_interfaces/include/custom_interfaces/action/detail/maze__struct.h
[30.516s] -- Symlinking: C:/gcamp_ros2_ws/install/custom_interfaces/include/custom_interfaces/action/detail/maze__type_support.h
[30.531s] -- Symlinking: C:/gcamp_ros2_ws/install/custom_interfaces/include/custom_interfaces/action/fibonacci.h
[30.562s] -- Symlinking: C:/gcamp_ros2_ws/install/custom_interfaces/include/custom_interfaces/action/maze.h
[30.578s] -- Symlinking: C:/gcamp_ros2_ws/install/custom_interfaces/include/custom_interfaces/msg/detail/num__functions.h
[30.594s] -- Symlinking: C:/gcamp_ros2_ws/install/custom_interfaces/include/custom_interfaces/msg/detail/num__struct.h
[30.625s] -- Symlinking: C:/gcamp_ros2_ws/install/custom_interfaces/include/custom_interfaces/msg/detail/num__type_support.h
[30.641s] -- Symlinking: C:/gcamp_ros2_ws/install/custom_interfaces/include/custom_interfaces/msg/num.h
[30.656s] -- Symlinking: C:/gcamp_ros2_ws/install/custom_interfaces/include/custom_interfaces/msg/rosidl_generator_c__visibility_control.h
[30.687s] -- Symlinking: C:/gcamp_ros2_ws/install/custom_interfaces/include/custom_interfaces/srv/add_three_ints.h
[30.703s] -- Symlinking: C:/gcamp_ros2_ws/install/custom_interfaces/include/custom_interfaces/srv/detail/add_three_ints__functions.h
[30.734s] -- Symlinking: C:/gcamp_ros2_ws/install/custom_interfaces/include/custom_interfaces/srv/detail/add_three_ints__struct.h
[30.750s] -- Symlinking: C:/gcamp_ros2_ws/install/custom_interfaces/include/custom_interfaces/srv/detail/add_three_ints__type_support.h
[30.766s] -- Symlinking: C:/gcamp_ros2_ws/install/custom_interfaces/include/custom_interfaces/srv/detail/turning_control__functions.h
[30.797s] -- Symlinking: C:/gcamp_ros2_ws/install/custom_interfaces/include/custom_interfaces/srv/detail/turning_control__struct.h
[30.812s] -- Symlinking: C:/gcamp_ros2_ws/install/custom_interfaces/include/custom_interfaces/srv/detail/turning_control__type_support.h
[30.828s] -- Symlinking: C:/gcamp_ros2_ws/install/custom_interfaces/include/custom_interfaces/srv/turning_control.h
[30.859s] -- Symlinking: C:/gcamp_ros2_ws/install/custom_interfaces/include/custom_interfaces/action/detail/fibonacci__rosidl_typesupport_fastrtps_c.h
[30.891s] -- Symlinking: C:/gcamp_ros2_ws/install/custom_interfaces/include/custom_interfaces/action/detail/maze__rosidl_typesupport_fastrtps_c.h
[30.906s] -- Symlinking: C:/gcamp_ros2_ws/install/custom_interfaces/include/custom_interfaces/msg/detail/num__rosidl_typesupport_fastrtps_c.h
[30.922s] -- Symlinking: C:/gcamp_ros2_ws/install/custom_interfaces/include/custom_interfaces/msg/rosidl_typesupport_fastrtps_c__visibility_control.h
[30.953s] -- Symlinking: C:/gcamp_ros2_ws/install/custom_interfaces/include/custom_interfaces/srv/detail/add_three_ints__rosidl_typesupport_fastrtps_c.h
[30.969s] -- Symlinking: C:/gcamp_ros2_ws/install/custom_interfaces/include/custom_interfaces/srv/detail/turning_control__rosidl_typesupport_fastrtps_c.h
[30.984s] -- Symlinking: C:/gcamp_ros2_ws/install/custom_interfaces/bin/custom_interfaces__rosidl_typesupport_fastrtps_c.dll
[31.000s] -- Symlinking: C:/gcamp_ros2_ws/install/custom_interfaces/lib/custom_interfaces__rosidl_typesupport_fastrtps_c.lib
[31.031s] -- Symlinking: C:/gcamp_ros2_ws/install/custom_interfaces/include/custom_interfaces/action/detail/fibonacci__rosidl_typesupport_fastrtps_cpp.hpp
[31.047s] -- Symlinking: C:/gcamp_ros2_ws/install/custom_interfaces/include/custom_interfaces/action/detail/maze__rosidl_typesupport_fastrtps_cpp.hpp
[31.078s] -- Symlinking: C:/gcamp_ros2_ws/install/custom_interfaces/include/custom_interfaces/msg/detail/num__rosidl_typesupport_fastrtps_cpp.hpp
[31.094s] -- Symlinking: C:/gcamp_ros2_ws/install/custom_interfaces/include/custom_interfaces/msg/rosidl_typesupport_fastrtps_cpp__visibility_control.h
[31.109s] -- Symlinking: C:/gcamp_ros2_ws/install/custom_interfaces/include/custom_interfaces/srv/detail/add_three_ints__rosidl_typesupport_fastrtps_cpp.hpp
[31.125s] -- Symlinking: C:/gcamp_ros2_ws/install/custom_interfaces/include/custom_interfaces/srv/detail/turning_control__rosidl_typesupport_fastrtps_cpp.hpp
[31.172s] -- Symlinking: C:/gcamp_ros2_ws/install/custom_interfaces/bin/custom_interfaces__rosidl_typesupport_fastrtps_cpp.dll
[31.187s] -- Symlinking: C:/gcamp_ros2_ws/install/custom_interfaces/lib/custom_interfaces__rosidl_typesupport_fastrtps_cpp.lib
[31.219s] -- Symlinking: C:/gcamp_ros2_ws/install/custom_interfaces/include/custom_interfaces/action/detail/fibonacci__rosidl_typesupport_introspection_c.h
[31.234s] -- Symlinking: C:/gcamp_ros2_ws/install/custom_interfaces/include/custom_interfaces/action/detail/maze__rosidl_typesupport_introspection_c.h
[31.250s] -- Symlinking: C:/gcamp_ros2_ws/install/custom_interfaces/include/custom_interfaces/msg/detail/num__rosidl_typesupport_introspection_c.h
[31.281s] -- Symlinking: C:/gcamp_ros2_ws/install/custom_interfaces/include/custom_interfaces/msg/rosidl_typesupport_introspection_c__visibility_control.h
[31.297s] -- Symlinking: C:/gcamp_ros2_ws/install/custom_interfaces/include/custom_interfaces/srv/detail/add_three_ints__rosidl_typesupport_introspection_c.h
[31.312s] -- Symlinking: C:/gcamp_ros2_ws/install/custom_interfaces/include/custom_interfaces/srv/detail/turning_control__rosidl_typesupport_introspection_c.h
[31.359s] -- Symlinking: C:/gcamp_ros2_ws/install/custom_interfaces/include/custom_interfaces/action/detail/fibonacci__builder.hpp
[31.375s] -- Symlinking: C:/gcamp_ros2_ws/install/custom_interfaces/include/custom_interfaces/action/detail/fibonacci__struct.hpp
[31.391s] -- Symlinking: C:/gcamp_ros2_ws/install/custom_interfaces/include/custom_interfaces/action/detail/fibonacci__traits.hpp
[31.422s] -- Symlinking: C:/gcamp_ros2_ws/install/custom_interfaces/include/custom_interfaces/action/detail/maze__builder.hpp
[31.437s] -- Symlinking: C:/gcamp_ros2_ws/install/custom_interfaces/include/custom_interfaces/action/detail/maze__struct.hpp
[31.469s] -- Symlinking: C:/gcamp_ros2_ws/install/custom_interfaces/include/custom_interfaces/action/detail/maze__traits.hpp
[31.469s] -- Symlinking: C:/gcamp_ros2_ws/install/custom_interfaces/include/custom_interfaces/action/fibonacci.hpp
[31.500s] -- Symlinking: C:/gcamp_ros2_ws/install/custom_interfaces/include/custom_interfaces/action/maze.hpp
[31.531s] -- Symlinking: C:/gcamp_ros2_ws/install/custom_interfaces/include/custom_interfaces/msg/detail/num__builder.hpp
[31.547s] -- Symlinking: C:/gcamp_ros2_ws/install/custom_interfaces/include/custom_interfaces/msg/detail/num__struct.hpp
[31.562s] -- Symlinking: C:/gcamp_ros2_ws/install/custom_interfaces/include/custom_interfaces/msg/detail/num__traits.hpp
[31.594s] -- Symlinking: C:/gcamp_ros2_ws/install/custom_interfaces/include/custom_interfaces/msg/num.hpp
[31.609s] -- Symlinking: C:/gcamp_ros2_ws/install/custom_interfaces/include/custom_interfaces/srv/add_three_ints.hpp
[31.641s] -- Symlinking: C:/gcamp_ros2_ws/install/custom_interfaces/include/custom_interfaces/srv/detail/add_three_ints__builder.hpp
[31.656s] -- Symlinking: C:/gcamp_ros2_ws/install/custom_interfaces/include/custom_interfaces/srv/detail/add_three_ints__struct.hpp
[31.672s] -- Symlinking: C:/gcamp_ros2_ws/install/custom_interfaces/include/custom_interfaces/srv/detail/add_three_ints__traits.hpp
[31.703s] -- Symlinking: C:/gcamp_ros2_ws/install/custom_interfaces/include/custom_interfaces/srv/detail/turning_control__builder.hpp
[31.719s] -- Symlinking: C:/gcamp_ros2_ws/install/custom_interfaces/include/custom_interfaces/srv/detail/turning_control__struct.hpp
[31.750s] -- Symlinking: C:/gcamp_ros2_ws/install/custom_interfaces/include/custom_interfaces/srv/detail/turning_control__traits.hpp
[31.766s] -- Symlinking: C:/gcamp_ros2_ws/install/custom_interfaces/include/custom_interfaces/srv/turning_control.hpp
[31.781s] -- Symlinking: C:/gcamp_ros2_ws/install/custom_interfaces/include/custom_interfaces/action/detail/fibonacci__rosidl_typesupport_introspection_cpp.hpp
[31.812s] -- Symlinking: C:/gcamp_ros2_ws/install/custom_interfaces/include/custom_interfaces/action/detail/maze__rosidl_typesupport_introspection_cpp.hpp
[31.828s] -- Symlinking: C:/gcamp_ros2_ws/install/custom_interfaces/include/custom_interfaces/msg/detail/num__rosidl_typesupport_introspection_cpp.hpp
[31.844s] -- Symlinking: C:/gcamp_ros2_ws/install/custom_interfaces/include/custom_interfaces/srv/detail/add_three_ints__rosidl_typesupport_introspection_cpp.hpp
[31.875s] -- Symlinking: C:/gcamp_ros2_ws/install/custom_interfaces/include/custom_interfaces/srv/detail/turning_control__rosidl_typesupport_introspection_cpp.hpp
[31.891s] -- Symlinking: C:/gcamp_ros2_ws/install/custom_interfaces/share/custom_interfaces/environment/pythonpath.bat
[31.922s] -- Symlinking: C:/gcamp_ros2_ws/install/custom_interfaces/share/custom_interfaces/environment/pythonpath.dsv
[31.937s] -- Symlinking: C:/gcamp_ros2_ws/install/custom_interfaces/Lib/site-packages/custom_interfaces/__init__.py
[31.953s] -- Symlinking: C:/gcamp_ros2_ws/install/custom_interfaces/Lib/site-packages/custom_interfaces/msg/__init__.py
[31.984s] -- Symlinking: C:/gcamp_ros2_ws/install/custom_interfaces/Lib/site-packages/custom_interfaces/msg/_num.py
[32.000s] -- Symlinking: C:/gcamp_ros2_ws/install/custom_interfaces/Lib/site-packages/custom_interfaces/srv/__init__.py
[32.016s] -- Symlinking: C:/gcamp_ros2_ws/install/custom_interfaces/Lib/site-packages/custom_interfaces/srv/_add_three_ints.py
[32.047s] -- Symlinking: C:/gcamp_ros2_ws/install/custom_interfaces/Lib/site-packages/custom_interfaces/srv/_turning_control.py
[32.062s] -- Symlinking: C:/gcamp_ros2_ws/install/custom_interfaces/Lib/site-packages/custom_interfaces/action/__init__.py
[32.094s] -- Symlinking: C:/gcamp_ros2_ws/install/custom_interfaces/Lib/site-packages/custom_interfaces/action/_fibonacci.py
[32.125s] -- Symlinking: C:/gcamp_ros2_ws/install/custom_interfaces/Lib/site-packages/custom_interfaces/action/_maze.py
[32.141s] -- Symlinking: C:/gcamp_ros2_ws/install/custom_interfaces/Lib/site-packages/custom_interfaces/custom_interfaces_s__rosidl_typesupport_fastrtps_c.pyd
[32.156s] -- Symlinking: C:/gcamp_ros2_ws/install/custom_interfaces/Lib/site-packages/custom_interfaces/custom_interfaces_s__rosidl_typesupport_fastrtps_c.lib
[32.187s] -- Symlinking: C:/gcamp_ros2_ws/install/custom_interfaces/Lib/site-packages/custom_interfaces/custom_interfaces_s__rosidl_typesupport_introspection_c.pyd
[32.203s] -- Symlinking: C:/gcamp_ros2_ws/install/custom_interfaces/Lib/site-packages/custom_interfaces/custom_interfaces_s__rosidl_typesupport_introspection_c.lib
[32.219s] -- Symlinking: C:/gcamp_ros2_ws/install/custom_interfaces/Lib/site-packages/custom_interfaces/custom_interfaces_s__rosidl_typesupport_c.pyd
[32.234s] -- Symlinking: C:/gcamp_ros2_ws/install/custom_interfaces/Lib/site-packages/custom_interfaces/custom_interfaces_s__rosidl_typesupport_c.lib
[32.266s] -- Symlinking: C:/gcamp_ros2_ws/install/custom_interfaces/bin/custom_interfaces__python.dll
[32.281s] -- Symlinking: C:/gcamp_ros2_ws/install/custom_interfaces/lib/custom_interfaces__python.lib
[32.297s] -- Symlinking: C:/gcamp_ros2_ws/install/custom_interfaces/share/custom_interfaces/msg/Num.idl
[32.328s] -- Symlinking: C:/gcamp_ros2_ws/install/custom_interfaces/share/custom_interfaces/srv/AddThreeInts.idl
[32.359s] -- Symlinking: C:/gcamp_ros2_ws/install/custom_interfaces/share/custom_interfaces/srv/TurningControl.idl
[32.375s] -- Symlinking: C:/gcamp_ros2_ws/install/custom_interfaces/share/custom_interfaces/action/Fibonacci.idl
[32.406s] -- Symlinking: C:/gcamp_ros2_ws/install/custom_interfaces/share/custom_interfaces/action/Maze.idl
[32.422s] -- Symlinking: C:/gcamp_ros2_ws/install/custom_interfaces/share/custom_interfaces/msg/Num.msg
[32.437s] -- Symlinking: C:/gcamp_ros2_ws/install/custom_interfaces/share/custom_interfaces/srv/AddThreeInts.srv
[32.469s] -- Symlinking: C:/gcamp_ros2_ws/install/custom_interfaces/share/custom_interfaces/srv/AddThreeInts_Request.msg
[32.500s] -- Symlinking: C:/gcamp_ros2_ws/install/custom_interfaces/share/custom_interfaces/srv/AddThreeInts_Response.msg
[32.516s] -- Symlinking: C:/gcamp_ros2_ws/install/custom_interfaces/share/custom_interfaces/srv/TurningControl.srv
[32.547s] -- Symlinking: C:/gcamp_ros2_ws/install/custom_interfaces/share/custom_interfaces/srv/TurningControl_Request.msg
[32.562s] -- Symlinking: C:/gcamp_ros2_ws/install/custom_interfaces/share/custom_interfaces/srv/TurningControl_Response.msg
[32.578s] -- Symlinking: C:/gcamp_ros2_ws/install/custom_interfaces/share/custom_interfaces/action/Fibonacci.action
[32.609s] -- Symlinking: C:/gcamp_ros2_ws/install/custom_interfaces/share/custom_interfaces/action/Maze.action
[32.625s] -- Symlinking: C:/gcamp_ros2_ws/install/custom_interfaces/share/ament_index/resource_index/package_run_dependencies/custom_interfaces
[32.656s] -- Symlinking: C:/gcamp_ros2_ws/install/custom_interfaces/share/ament_index/resource_index/parent_prefix_path/custom_interfaces
[32.672s] -- Symlinking: C:/gcamp_ros2_ws/install/custom_interfaces/share/custom_interfaces/environment/ament_prefix_path.bat
[32.687s] -- Symlinking: C:/gcamp_ros2_ws/install/custom_interfaces/share/custom_interfaces/environment/ament_prefix_path.dsv
[32.719s] -- Symlinking: C:/gcamp_ros2_ws/install/custom_interfaces/share/custom_interfaces/environment/path.bat
[32.734s] -- Symlinking: C:/gcamp_ros2_ws/install/custom_interfaces/share/custom_interfaces/environment/path.dsv
[32.750s] -- Symlinking: C:/gcamp_ros2_ws/install/custom_interfaces/share/custom_interfaces/local_setup.bat
[32.781s] -- Symlinking: C:/gcamp_ros2_ws/install/custom_interfaces/share/custom_interfaces/local_setup.dsv
[32.797s] -- Symlinking: C:/gcamp_ros2_ws/install/custom_interfaces/share/custom_interfaces/package.dsv
[32.812s] -- Symlinking: C:/gcamp_ros2_ws/install/custom_interfaces/share/ament_index/resource_index/packages/custom_interfaces
[32.828s] -- Symlinking: C:/gcamp_ros2_ws/install/custom_interfaces/share/custom_interfaces/cmake/rosidl_cmake-extras.cmake
[32.859s] -- Symlinking: C:/gcamp_ros2_ws/install/custom_interfaces/share/custom_interfaces/cmake/ament_cmake_export_dependencies-extras.cmake
[32.875s] -- Symlinking: C:/gcamp_ros2_ws/install/custom_interfaces/share/custom_interfaces/cmake/ament_cmake_export_libraries-extras.cmake
[32.906s] -- Symlinking: C:/gcamp_ros2_ws/install/custom_interfaces/share/custom_interfaces/cmake/ament_cmake_export_targets-extras.cmake
[32.922s] -- Symlinking: C:/gcamp_ros2_ws/install/custom_interfaces/share/custom_interfaces/cmake/ament_cmake_export_include_directories-extras.cmake
[32.937s] -- Symlinking: C:/gcamp_ros2_ws/install/custom_interfaces/share/custom_interfaces/cmake/rosidl_cmake_export_typesupport_libraries-extras.cmake
[32.953s] -- Symlinking: C:/gcamp_ros2_ws/install/custom_interfaces/share/custom_interfaces/cmake/rosidl_cmake_export_typesupport_targets-extras.cmake
[32.984s] -- Symlinking: C:/gcamp_ros2_ws/install/custom_interfaces/share/custom_interfaces/cmake/custom_interfacesConfig.cmake
[33.000s] -- Symlinking: C:/gcamp_ros2_ws/install/custom_interfaces/share/custom_interfaces/cmake/custom_interfacesConfig-version.cmake
[33.016s] -- Symlinking: C:/gcamp_ros2_ws/install/custom_interfaces/share/custom_interfaces/package.xml
[33.031s] -- Installing: C:/gcamp_ros2_ws/install/custom_interfaces/lib/custom_interfaces__rosidl_generator_c.lib
[33.031s] -- Installing: C:/gcamp_ros2_ws/install/custom_interfaces/bin/custom_interfaces__rosidl_generator_c.dll
[33.047s] -- Installing: C:/gcamp_ros2_ws/install/custom_interfaces/lib/custom_interfaces__rosidl_typesupport_introspection_c.lib
[33.047s] -- Installing: C:/gcamp_ros2_ws/install/custom_interfaces/bin/custom_interfaces__rosidl_typesupport_introspection_c.dll
[33.047s] -- Installing: C:/gcamp_ros2_ws/install/custom_interfaces/lib/custom_interfaces__rosidl_typesupport_c.lib
[33.047s] -- Installing: C:/gcamp_ros2_ws/install/custom_interfaces/bin/custom_interfaces__rosidl_typesupport_c.dll
[33.047s] -- Installing: C:/gcamp_ros2_ws/install/custom_interfaces/lib/custom_interfaces__rosidl_typesupport_introspection_cpp.lib
[33.047s] -- Installing: C:/gcamp_ros2_ws/install/custom_interfaces/bin/custom_interfaces__rosidl_typesupport_introspection_cpp.dll
[33.062s] -- Installing: C:/gcamp_ros2_ws/install/custom_interfaces/lib/custom_interfaces__rosidl_typesupport_cpp.lib
[33.062s] -- Installing: C:/gcamp_ros2_ws/install/custom_interfaces/bin/custom_interfaces__rosidl_typesupport_cpp.dll
[33.125s] Compiling 'C:/gcamp_ros2_ws/install/custom_interfaces/Lib/site-packages/custom_interfaces/__init__.py'...
[33.125s] -- Installing: C:/gcamp_ros2_ws/install/custom_interfaces/share/custom_interfaces/cmake/custom_interfaces__rosidl_generator_cExport.cmake
[33.141s] -- Installing: C:/gcamp_ros2_ws/install/custom_interfaces/share/custom_interfaces/cmake/custom_interfaces__rosidl_generator_cExport-release.cmake
[33.141s] -- Installing: C:/gcamp_ros2_ws/install/custom_interfaces/share/custom_interfaces/cmake/custom_interfaces__rosidl_typesupport_introspection_cExport.cmake
[33.141s] -- Installing: C:/gcamp_ros2_ws/install/custom_interfaces/share/custom_interfaces/cmake/custom_interfaces__rosidl_typesupport_introspection_cExport-release.cmake
[33.141s] -- Installing: C:/gcamp_ros2_ws/install/custom_interfaces/share/custom_interfaces/cmake/custom_interfaces__rosidl_typesupport_cExport.cmake
[33.141s] -- Installing: C:/gcamp_ros2_ws/install/custom_interfaces/share/custom_interfaces/cmake/custom_interfaces__rosidl_typesupport_cExport-release.cmake
[33.141s] -- Installing: C:/gcamp_ros2_ws/install/custom_interfaces/share/custom_interfaces/cmake/custom_interfaces__rosidl_generator_cppExport.cmake
[33.141s] -- Installing: C:/gcamp_ros2_ws/install/custom_interfaces/share/custom_interfaces/cmake/custom_interfaces__rosidl_typesupport_introspection_cppExport.cmake
[33.141s] -- Installing: C:/gcamp_ros2_ws/install/custom_interfaces/share/custom_interfaces/cmake/custom_interfaces__rosidl_typesupport_introspection_cppExport-release.cmake
[33.141s] -- Installing: C:/gcamp_ros2_ws/install/custom_interfaces/share/custom_interfaces/cmake/custom_interfaces__rosidl_typesupport_cppExport.cmake
[33.141s] -- Installing: C:/gcamp_ros2_ws/install/custom_interfaces/share/custom_interfaces/cmake/custom_interfaces__rosidl_typesupport_cppExport-release.cmake
[33.172s] Invoked command in 'C:\gcamp_ros2_ws\build\custom_interfaces' returned '0': Path=c:\opt\ros\foxy\x64\;c:\opt\ros\foxy\x64\Scripts;c:\opt\ros\foxy\x64\bin;C:\Program Files (x86)\Microsoft Visual Studio\2019\Community\Common7\IDE\\Extensions\Microsoft\IntelliCode\CLI;C:\Program Files (x86)\Microsoft Visual Studio\2019\Community\VC\Tools\MSVC\14.29.30133\bin\HostX64\x64;C:\Program Files (x86)\Microsoft Visual Studio\2019\Community\Common7\IDE\VC\VCPackages;C:\Program Files (x86)\Microsoft Visual Studio\2019\Community\Common7\IDE\CommonExtensions\Microsoft\TestWindow;C:\Program Files (x86)\Microsoft Visual Studio\2019\Community\Common7\IDE\CommonExtensions\Microsoft\TeamFoundation\Team Explorer;C:\Program Files (x86)\Microsoft Visual Studio\2019\Community\MSBuild\Current\bin\Roslyn;C:\Program Files (x86)\Microsoft Visual Studio\2019\Community\Team Tools\Performance Tools\x64;C:\Program Files (x86)\Microsoft Visual Studio\2019\Community\Team Tools\Performance Tools;C:\Program Files (x86)\Microsoft Visual Studio\Shared\Common\VSPerfCollectionTools\vs2019\\x64;C:\Program Files (x86)\Microsoft Visual Studio\Shared\Common\VSPerfCollectionTools\vs2019\;C:\Program Files (x86)\Microsoft Visual Studio\2019\Community\Common7\Tools\devinit;C:\Program Files (x86)\Windows Kits\10\bin\10.0.19041.0\x64;C:\Program Files (x86)\Windows Kits\10\bin\x64;C:\Program Files (x86)\Microsoft Visual Studio\2019\Community\\MSBuild\Current\Bin;C:\Windows\Microsoft.NET\Framework64\v4.0.30319;C:\Program Files (x86)\Microsoft Visual Studio\2019\Community\Common7\IDE\;C:\Program Files (x86)\Microsoft Visual Studio\2019\Community\Common7\Tools\;C:\Python38\Scripts\;C:\Python38\;C:\Windows\system32;C:\Windows;C:\Windows\System32\Wbem;C:\Windows\System32\WindowsPowerShell\v1.0\;C:\Windows\System32\OpenSSH\;C:\Program Files\MATLAB\R2020a\runtime\win64;C:\Program Files\MATLAB\R2020a\bin;C:\ProgramData\chocolatey\bin;C:\Program Files\Git\cmd;C:\Users\yoonh\AppData\Local\Programs\Python\Python39\Scripts\;C:\Users\yoonh\AppData\Local\Programs\Python\Python39\;C:\Users\yoonh\AppData\Local\Microsoft\WindowsApps;C:\Users\yoonh\AppData\Local\Programs\Microsoft VS Code\bin;C:\Program?Files\CMake\bin;C:\Program Files\OpenSSL-Win64\bin\;C:\Program Files (x86)\Microsoft Visual Studio\2019\Community\Common7\IDE\CommonExtensions\Microsoft\CMake\CMake\bin;C:\Program Files (x86)\Microsoft Visual Studio\2019\Community\Common7\IDE\CommonExtensions\Microsoft\CMake\Ninja __VSCMD_PREINIT_PATH=C:\Python38\Scripts\;C:\Python38\;C:\Windows\system32;C:\Windows;C:\Windows\System32\Wbem;C:\Windows\System32\WindowsPowerShell\v1.0\;C:\Windows\System32\OpenSSH\;C:\Program Files\MATLAB\R2020a\runtime\win64;C:\Program Files\MATLAB\R2020a\bin;C:\ProgramData\chocolatey\bin;C:\Program Files\Git\cmd;C:\Users\yoonh\AppData\Local\Programs\Python\Python39\Scripts\;C:\Users\yoonh\AppData\Local\Programs\Python\Python39\;C:\Users\yoonh\AppData\Local\Microsoft\WindowsApps;C:\Users\yoonh\AppData\Local\Programs\Microsoft VS Code\bin;C:\Program?Files\CMake\bin;C:\Program Files\OpenSSL-Win64\bin\ c:\opt\ros\foxy\x64\Scripts\cmake.EXE --install C:\gcamp_ros2_ws\build\custom_interfaces --config Release
