[0.000000] (-) TimerEvent: {}
[0.000000] (-) JobUnselected: {'identifier': 'cpp_action_pkg'}
[0.000000] (-) JobUnselected: {'identifier': 'cpp_first_pkg'}
[0.000000] (-) JobUnselected: {'identifier': 'cpp_service_pkg'}
[0.000000] (-) JobUnselected: {'identifier': 'cpp_service_tutorial'}
[0.000000] (-) JobUnselected: {'identifier': 'cpp_topic_pkg'}
[0.000000] (-) JobUnselected: {'identifier': 'gcamp_gazebo'}
[0.000000] (-) JobUnselected: {'identifier': 'py_action_pkg'}
[0.000000] (-) JobUnselected: {'identifier': 'py_first_pkg'}
[0.000000] (-) JobUnselected: {'identifier': 'py_service_pkg'}
[0.000000] (-) JobUnselected: {'identifier': 'py_topic_pkg'}
[0.000000] (custom_interfaces) JobQueued: {'identifier': 'custom_interfaces', 'dependencies': OrderedDict()}
[0.000000] (custom_interfaces) JobStarted: {'identifier': 'custom_interfaces'}
[0.078000] (custom_interfaces) JobProgress: {'identifier': 'custom_interfaces', 'progress': 'cmake'}
[0.078000] (custom_interfaces) Command: {'cmd': ['c:\\opt\\ros\\foxy\\x64\\Scripts\\cmake.EXE', 'C:\\gcamp_ros2_ws\\src\\gcamp_ros2_basic\\custom_interfaces', '-DAMENT_CMAKE_SYMLINK_INSTALL=1', '-DCMAKE_INSTALL_PREFIX=C:\\gcamp_ros2_ws\\install\\custom_interfaces', '-G', 'Visual Studio 16 2019'], 'cwd': 'C:\\gcamp_ros2_ws\\build\\custom_interfaces', 'env': OrderedDict([('ALLUSERSPROFILE', 'C:\\ProgramData'), ('AMENT_PREFIX_PATH', 'c:\\gcamp_ros2_ws\\install\\gcamp_gazebo;c:\\opt\\ros\\foxy\\x64'), ('APPDATA', 'C:\\Users\\yoonh\\AppData\\Roaming'), ('ChocolateyInstall', 'c:\\opt\\chocolatey'), ('ChocolateyLastPathUpdate', '132766835890628479'), ('CMAKE_PREFIX_PATH', 'c:\\gcamp_ros2_ws\\install\\gcamp_gazebo;c:\\opt\\ros\\foxy\\x64'), ('COLCON', '1'), ('COLCON_PREFIX_PATH', 'c:\\gcamp_ros2_ws\\install\\;c:\\opt\\ros\\foxy\\x64\\'), ('CommandPromptType', 'Native'), ('CommonProgramFiles', 'C:\\Program Files\\Common Files'), ('CommonProgramFiles(x86)', 'C:\\Program Files (x86)\\Common Files'), ('CommonProgramW6432', 'C:\\Program Files\\Common Files'), ('COMPUTERNAME', 'DESKTOP-LM05HEA'), ('ComSpec', 'C:\\Windows\\system32\\cmd.exe'), ('DevEnvDir', 'C:\\Program Files (x86)\\Microsoft Visual Studio\\2019\\Community\\Common7\\IDE\\'), ('DriverData', 'C:\\Windows\\System32\\Drivers\\DriverData'), ('ExtensionSdkDir', 'C:\\Program Files (x86)\\Microsoft SDKs\\Windows Kits\\10\\ExtensionSDKs'), ('Framework40Version', 'v4.0'), ('FrameworkDir', 'C:\\Windows\\Microsoft.NET\\Framework64\\'), ('FrameworkDir64', 'C:\\Windows\\Microsoft.NET\\Framework64\\'), ('FrameworkVersion', 'v4.0.30319'), ('FrameworkVersion64', 'v4.0.30319'), ('HOMEDRIVE', 'C:'), ('HOMEPATH', '\\Users\\yoonh'), ('INCLUDE', 'C:\\Program Files (x86)\\Microsoft Visual Studio\\2019\\Community\\VC\\Tools\\MSVC\\14.29.30133\\ATLMFC\\include;C:\\Program Files (x86)\\Microsoft Visual Studio\\2019\\Community\\VC\\Tools\\MSVC\\14.29.30133\\include;C:\\Program Files (x86)\\Windows Kits\\10\\include\\10.0.19041.0\\ucrt;C:\\Program Files (x86)\\Windows Kits\\10\\include\\10.0.19041.0\\shared;C:\\Program Files (x86)\\Windows Kits\\10\\include\\10.0.19041.0\\um;C:\\Program Files (x86)\\Windows Kits\\10\\include\\10.0.19041.0\\winrt;C:\\Program Files (x86)\\Windows Kits\\10\\include\\10.0.19041.0\\cppwinrt'), ('LIB', 'C:\\Program Files (x86)\\Microsoft Visual Studio\\2019\\Community\\VC\\Tools\\MSVC\\14.29.30133\\ATLMFC\\lib\\x64;C:\\Program Files (x86)\\Microsoft Visual Studio\\2019\\Community\\VC\\Tools\\MSVC\\14.29.30133\\lib\\x64;C:\\Program Files (x86)\\Windows Kits\\10\\lib\\10.0.19041.0\\ucrt\\x64;C:\\Program Files (x86)\\Windows Kits\\10\\lib\\10.0.19041.0\\um\\x64'), ('LIBPATH', 'C:\\Program Files (x86)\\Microsoft Visual Studio\\2019\\Community\\VC\\Tools\\MSVC\\14.29.30133\\ATLMFC\\lib\\x64;C:\\Program Files (x86)\\Microsoft Visual Studio\\2019\\Community\\VC\\Tools\\MSVC\\14.29.30133\\lib\\x64;C:\\Program Files (x86)\\Microsoft Visual Studio\\2019\\Community\\VC\\Tools\\MSVC\\14.29.30133\\lib\\x86\\store\\references;C:\\Program Files (x86)\\Windows Kits\\10\\UnionMetadata\\10.0.19041.0;C:\\Program Files (x86)\\Windows Kits\\10\\References\\10.0.19041.0;C:\\Windows\\Microsoft.NET\\Framework64\\v4.0.30319'), ('LOCALAPPDATA', 'C:\\Users\\yoonh\\AppData\\Local'), ('LOGONSERVER', '\\\\DESKTOP-LM05HEA'), ('NUMBER_OF_PROCESSORS', '12'), ('OneDrive', 'C:\\Users\\yoonh\\OneDrive'), ('OPENSSL_CONF', 'C:\\Program Files\\OpenSSL-Win64\\bin\\openssl.cfg'), ('OS', 'Windows_NT'), ('Path', 'c:\\opt\\ros\\foxy\\x64\\;c:\\opt\\ros\\foxy\\x64\\Scripts;c:\\opt\\ros\\foxy\\x64\\bin;C:\\Program Files (x86)\\Microsoft Visual Studio\\2019\\Community\\Common7\\IDE\\\\Extensions\\Microsoft\\IntelliCode\\CLI;C:\\Program Files (x86)\\Microsoft Visual Studio\\2019\\Community\\VC\\Tools\\MSVC\\14.29.30133\\bin\\HostX64\\x64;C:\\Program Files (x86)\\Microsoft Visual Studio\\2019\\Community\\Common7\\IDE\\VC\\VCPackages;C:\\Program Files (x86)\\Microsoft Visual Studio\\2019\\Community\\Common7\\IDE\\CommonExtensions\\Microsoft\\TestWindow;C:\\Program Files (x86)\\Microsoft Visual Studio\\2019\\Community\\Common7\\IDE\\CommonExtensions\\Microsoft\\TeamFoundation\\Team Explorer;C:\\Program Files (x86)\\Microsoft Visual Studio\\2019\\Community\\MSBuild\\Current\\bin\\Roslyn;C:\\Program Files (x86)\\Microsoft Visual Studio\\2019\\Community\\Team Tools\\Performance Tools\\x64;C:\\Program Files (x86)\\Microsoft Visual Studio\\2019\\Community\\Team Tools\\Performance Tools;C:\\Program Files (x86)\\Microsoft Visual Studio\\Shared\\Common\\VSPerfCollectionTools\\vs2019\\\\x64;C:\\Program Files (x86)\\Microsoft Visual Studio\\Shared\\Common\\VSPerfCollectionTools\\vs2019\\;C:\\Program Files (x86)\\Microsoft Visual Studio\\2019\\Community\\Common7\\Tools\\devinit;C:\\Program Files (x86)\\Windows Kits\\10\\bin\\10.0.19041.0\\x64;C:\\Program Files (x86)\\Windows Kits\\10\\bin\\x64;C:\\Program Files (x86)\\Microsoft Visual Studio\\2019\\Community\\\\MSBuild\\Current\\Bin;C:\\Windows\\Microsoft.NET\\Framework64\\v4.0.30319;C:\\Program Files (x86)\\Microsoft Visual Studio\\2019\\Community\\Common7\\IDE\\;C:\\Program Files (x86)\\Microsoft Visual Studio\\2019\\Community\\Common7\\Tools\\;C:\\Python38\\Scripts\\;C:\\Python38\\;C:\\Windows\\system32;C:\\Windows;C:\\Windows\\System32\\Wbem;C:\\Windows\\System32\\WindowsPowerShell\\v1.0\\;C:\\Windows\\System32\\OpenSSH\\;C:\\Program Files\\MATLAB\\R2020a\\runtime\\win64;C:\\Program Files\\MATLAB\\R2020a\\bin;C:\\ProgramData\\chocolatey\\bin;C:\\Program Files\\Git\\cmd;C:\\Users\\yoonh\\AppData\\Local\\Programs\\Python\\Python39\\Scripts\\;C:\\Users\\yoonh\\AppData\\Local\\Programs\\Python\\Python39\\;C:\\Users\\yoonh\\AppData\\Local\\Microsoft\\WindowsApps;C:\\Users\\yoonh\\AppData\\Local\\Programs\\Microsoft VS Code\\bin;C:\\Program?Files\\CMake\\bin;C:\\Program Files\\OpenSSL-Win64\\bin\\;C:\\Program Files (x86)\\Microsoft Visual Studio\\2019\\Community\\Common7\\IDE\\CommonExtensions\\Microsoft\\CMake\\CMake\\bin;C:\\Program Files (x86)\\Microsoft Visual Studio\\2019\\Community\\Common7\\IDE\\CommonExtensions\\Microsoft\\CMake\\Ninja'), ('PATHEXT', '.COM;.EXE;.BAT;.CMD;.VBS;.VBE;.JS;.JSE;.WSF;.WSH;.MSC;.PY;.PYW'), ('PKG_CONFIG_PATH', 'c:\\opt\\ros\\foxy\\x64\\lib\\pkgconfig'), ('PROCESSOR_ARCHITECTURE', 'AMD64'), ('PROCESSOR_IDENTIFIER', 'AMD64 Family 23 Model 104 Stepping 1, AuthenticAMD'), ('PROCESSOR_LEVEL', '23'), ('PROCESSOR_REVISION', '6801'), ('ProgramData', 'C:\\ProgramData'), ('ProgramFiles', 'C:\\Program Files'), ('ProgramFiles(x86)', 'C:\\Program Files (x86)'), ('ProgramW6432', 'C:\\Program Files'), ('PROMPT', '$P$G'), ('PSModulePath', 'C:\\Program Files\\WindowsPowerShell\\Modules;C:\\Windows\\system32\\WindowsPowerShell\\v1.0\\Modules'), ('PUBLIC', 'C:\\Users\\Public'), ('PYTHONPATH', 'c:\\opt\\ros\\foxy\\x64\\Lib\\site-packages'), ('ROS_DISTRO', 'foxy'), ('ROS_LOCALHOST_ONLY', '0'), ('ROS_PYTHON_VERSION', '3'), ('ROS_VERSION', '2'), ('SystemDrive', 'C:'), ('SystemRoot', 'C:\\Windows'), ('TEMP', 'C:\\Users\\yoonh\\AppData\\Local\\Temp'), ('TMP', 'C:\\Users\\yoonh\\AppData\\Local\\Temp'), ('UCRTVersion', '10.0.19041.0'), ('UniversalCRTSdkDir', 'C:\\Program Files (x86)\\Windows Kits\\10\\'), ('USERDOMAIN', 'DESKTOP-LM05HEA'), ('USERDOMAIN_ROAMINGPROFILE', 'DESKTOP-LM05HEA'), ('USERNAME', 'yoonh'), ('USERPROFILE', 'C:\\Users\\yoonh'), ('VCIDEInstallDir', 'C:\\Program Files (x86)\\Microsoft Visual Studio\\2019\\Community\\Common7\\IDE\\VC\\'), ('VCINSTALLDIR', 'C:\\Program Files (x86)\\Microsoft Visual Studio\\2019\\Community\\VC\\'), ('VCToolsInstallDir', 'C:\\Program Files (x86)\\Microsoft Visual Studio\\2019\\Community\\VC\\Tools\\MSVC\\14.29.30133\\'), ('VCToolsRedistDir', 'C:\\Program Files (x86)\\Microsoft Visual Studio\\2019\\Community\\VC\\Redist\\MSVC\\14.29.30133\\'), ('VCToolsVersion', '14.29.30133'), ('VisualStudioVersion', '16.0'), ('VS160COMNTOOLS', 'C:\\Program Files (x86)\\Microsoft Visual Studio\\2019\\Community\\Common7\\Tools\\'), ('VSCMD_ARG_app_plat', 'Desktop'), ('VSCMD_ARG_HOST_ARCH', 'x64'), ('VSCMD_ARG_TGT_ARCH', 'x64'), ('VSCMD_VER', '16.11.3'), ('VSINSTALLDIR', 'C:\\Program Files (x86)\\Microsoft Visual Studio\\2019\\Community\\'), ('windir', 'C:\\Windows'), ('WindowsLibPath', 'C:\\Program Files (x86)\\Windows Kits\\10\\UnionMetadata\\10.0.19041.0;C:\\Program Files (x86)\\Windows Kits\\10\\References\\10.0.19041.0'), ('WindowsSdkBinPath', 'C:\\Program Files (x86)\\Windows Kits\\10\\bin\\'), ('WindowsSdkDir', 'C:\\Program Files (x86)\\Windows Kits\\10\\'), ('WindowsSDKLibVersion', '10.0.19041.0\\'), ('WindowsSdkVerBinPath', 'C:\\Program Files (x86)\\Windows Kits\\10\\bin\\10.0.19041.0\\'), ('WindowsSDKVersion', '10.0.19041.0\\'), ('WSLENV', 'WT_SESSION::WT_PROFILE_ID'), ('WT_PROFILE_ID', '{26870cbf-8b22-46e1-8f48-4248a3ba2ec7}'), ('WT_SESSION', '3cb7252b-3e78-4279-8e28-f45c825f2042'), ('__devinit_path', 'C:\\Program Files (x86)\\Microsoft Visual Studio\\2019\\Community\\Common7\\Tools\\devinit\\devinit.exe'), ('__DOTNET_ADD_64BIT', '1'), ('__DOTNET_PREFERRED_BITNESS', '64'), ('__VSCMD_PREINIT_PATH', 'C:\\Python38\\Scripts\\;C:\\Python38\\;C:\\Windows\\system32;C:\\Windows;C:\\Windows\\System32\\Wbem;C:\\Windows\\System32\\WindowsPowerShell\\v1.0\\;C:\\Windows\\System32\\OpenSSH\\;C:\\Program Files\\MATLAB\\R2020a\\runtime\\win64;C:\\Program Files\\MATLAB\\R2020a\\bin;C:\\ProgramData\\chocolatey\\bin;C:\\Program Files\\Git\\cmd;C:\\Users\\yoonh\\AppData\\Local\\Programs\\Python\\Python39\\Scripts\\;C:\\Users\\yoonh\\AppData\\Local\\Programs\\Python\\Python39\\;C:\\Users\\yoonh\\AppData\\Local\\Microsoft\\WindowsApps;C:\\Users\\yoonh\\AppData\\Local\\Programs\\Microsoft VS Code\\bin;C:\\Program?Files\\CMake\\bin;C:\\Program Files\\OpenSSL-Win64\\bin\\'), ('__VSCMD_script_err_count', '0')]), 'shell': False}
[0.094000] (-) TimerEvent: {}
[0.203000] (-) TimerEvent: {}
[0.234000] (custom_interfaces) StdoutLine: {'line': b'-- Selecting Windows SDK version 10.0.19041.0 to target Windows 10.0.19042.\n'}
[0.312000] (-) TimerEvent: {}
[0.437000] (-) TimerEvent: {}
[0.547000] (-) TimerEvent: {}
[0.672000] (-) TimerEvent: {}
[0.781000] (-) TimerEvent: {}
[0.891000] (-) TimerEvent: {}
[1.016000] (-) TimerEvent: {}
[1.125000] (-) TimerEvent: {}
[1.250000] (-) TimerEvent: {}
[1.375000] (-) TimerEvent: {}
[1.484000] (-) TimerEvent: {}
[1.594000] (-) TimerEvent: {}
[1.703000] (-) TimerEvent: {}
[1.812000] (-) TimerEvent: {}
[1.922000] (-) TimerEvent: {}
[2.031000] (-) TimerEvent: {}
[2.141000] (-) TimerEvent: {}
[2.250000] (-) TimerEvent: {}
[2.359000] (-) TimerEvent: {}
[2.469000] (-) TimerEvent: {}
[2.578000] (-) TimerEvent: {}
[2.687000] (-) TimerEvent: {}
[2.828000] (-) TimerEvent: {}
[2.922000] (custom_interfaces) StdoutLine: {'line': b'-- The C compiler identification is MSVC 19.29.30133.0\n'}
[2.937000] (-) TimerEvent: {}
[3.062000] (-) TimerEvent: {}
[3.172000] (-) TimerEvent: {}
[3.281000] (-) TimerEvent: {}
[3.391000] (-) TimerEvent: {}
[3.500000] (-) TimerEvent: {}
[3.625000] (-) TimerEvent: {}
[3.734000] (-) TimerEvent: {}
[3.844000] (-) TimerEvent: {}
[3.953000] (-) TimerEvent: {}
[4.062000] (-) TimerEvent: {}
[4.172000] (-) TimerEvent: {}
[4.281000] (-) TimerEvent: {}
[4.375000] (custom_interfaces) StdoutLine: {'line': b'-- The CXX compiler identification is MSVC 19.29.30133.0\n'}
[4.391000] (-) TimerEvent: {}
[4.437000] (custom_interfaces) StdoutLine: {'line': b'-- Detecting C compiler ABI info\n'}
[4.516000] (-) TimerEvent: {}
[4.625000] (-) TimerEvent: {}
[4.734000] (-) TimerEvent: {}
[4.844000] (-) TimerEvent: {}
[4.953000] (-) TimerEvent: {}
[5.062000] (-) TimerEvent: {}
[5.172000] (-) TimerEvent: {}
[5.281000] (-) TimerEvent: {}
[5.391000] (-) TimerEvent: {}
[5.500000] (-) TimerEvent: {}
[5.625000] (-) TimerEvent: {}
[5.734000] (-) TimerEvent: {}
[5.828000] (custom_interfaces) StdoutLine: {'line': b'-- Detecting C compiler ABI info - done\n'}
[5.828000] (custom_interfaces) StdoutLine: {'line': b'-- Check for working C compiler: C:/Program Files (x86)/Microsoft Visual Studio/2019/Community/VC/Tools/MSVC/14.29.30133/bin/Hostx64/x64/cl.exe - skipped\n'}
[5.828000] (custom_interfaces) StdoutLine: {'line': b'-- Detecting C compile features\n'}
[5.828000] (custom_interfaces) StdoutLine: {'line': b'-- Detecting C compile features - done\n'}
[5.844000] (custom_interfaces) StdoutLine: {'line': b'-- Detecting CXX compiler ABI info\n'}
[5.844000] (-) TimerEvent: {}
[5.953000] (-) TimerEvent: {}
[6.062000] (-) TimerEvent: {}
[6.172000] (-) TimerEvent: {}
[6.281000] (-) TimerEvent: {}
[6.406000] (-) TimerEvent: {}
[6.516000] (-) TimerEvent: {}
[6.625000] (-) TimerEvent: {}
[6.750000] (-) TimerEvent: {}
[6.859000] (-) TimerEvent: {}
[6.969000] (-) TimerEvent: {}
[7.078000] (-) TimerEvent: {}
[7.187000] (-) TimerEvent: {}
[7.203000] (custom_interfaces) StdoutLine: {'line': b'-- Detecting CXX compiler ABI info - done\n'}
[7.203000] (custom_interfaces) StdoutLine: {'line': b'-- Check for working CXX compiler: C:/Program Files (x86)/Microsoft Visual Studio/2019/Community/VC/Tools/MSVC/14.29.30133/bin/Hostx64/x64/cl.exe - skipped\n'}
[7.203000] (custom_interfaces) StdoutLine: {'line': b'-- Detecting CXX compile features\n'}
[7.203000] (custom_interfaces) StdoutLine: {'line': b'-- Detecting CXX compile features - done\n'}
[7.219000] (custom_interfaces) StdoutLine: {'line': b'-- Found ament_cmake: 0.9.8 (C:/opt/ros/foxy/x64/share/ament_cmake/cmake)\n'}
[7.297000] (-) TimerEvent: {}
[7.359000] (custom_interfaces) StdoutLine: {'line': b'-- Found PythonInterp: C:/opt/ros/foxy/x64/python.exe (found suitable version "3.8.3", minimum required is "3") \n'}
[7.359000] (custom_interfaces) StdoutLine: {'line': b'-- Using PYTHON_EXECUTABLE: C:/opt/ros/foxy/x64/python.exe\n'}
[7.406000] (-) TimerEvent: {}
[7.531000] (-) TimerEvent: {}
[7.641000] (-) TimerEvent: {}
[7.750000] (-) TimerEvent: {}
[7.750000] (custom_interfaces) StdoutLine: {'line': b'-- Override CMake install command with custom implementation using symlinks instead of copying resources\n'}
[7.859000] (-) TimerEvent: {}
[7.969000] (-) TimerEvent: {}
[7.984000] (custom_interfaces) StdoutLine: {'line': b'-- Found rosidl_default_generators: 1.0.0 (C:/opt/ros/foxy/x64/share/rosidl_default_generators/cmake)\n'}
[8.000000] (custom_interfaces) StdoutLine: {'line': b'-- Using all available rosidl_typesupport_c: rosidl_typesupport_fastrtps_c;rosidl_typesupport_introspection_c\n'}
[8.062000] (custom_interfaces) StdoutLine: {'line': b'-- Found rosidl_adapter: 1.2.0 (C:/opt/ros/foxy/x64/share/rosidl_adapter/cmake)\n'}
[8.094000] (-) TimerEvent: {}
[8.203000] (-) TimerEvent: {}
[8.312000] (-) TimerEvent: {}
[8.375000] (custom_interfaces) StdoutLine: {'line': b'-- Found OpenSSL: optimized;C:/opt/ros/foxy/x64/Lib/libcrypto.lib;debug;C:/Program Files/OpenSSL-Win64/lib/VC/libcrypto64MDd.lib (found version "1.1.1g")  \n'}
[8.422000] (custom_interfaces) StdoutLine: {'line': b'-- Found FastRTPS: C:/opt/ros/foxy/x64/include  \n'}
[8.422000] (-) TimerEvent: {}
[8.531000] (-) TimerEvent: {}
[8.641000] (-) TimerEvent: {}
[8.672000] (custom_interfaces) StdoutLine: {'line': b'-- Using all available rosidl_typesupport_cpp: rosidl_typesupport_fastrtps_cpp;rosidl_typesupport_introspection_cpp\n'}
[8.750000] (-) TimerEvent: {}
[8.828000] (custom_interfaces) StdoutLine: {'line': b'-- Found PythonInterp: C:/opt/ros/foxy/x64/python.exe (found version "3.8.3") \n'}
[8.859000] (-) TimerEvent: {}
[8.969000] (-) TimerEvent: {}
[9.078000] (-) TimerEvent: {}
[9.187000] (-) TimerEvent: {}
[9.312000] (-) TimerEvent: {}
[9.375000] (custom_interfaces) StdoutLine: {'line': b'-- Found ament_cmake_ros: 0.9.0 (C:/opt/ros/foxy/x64/share/ament_cmake_ros/cmake)\n'}
[9.422000] (-) TimerEvent: {}
[9.531000] (-) TimerEvent: {}
[9.641000] (-) TimerEvent: {}
[9.672000] (custom_interfaces) StdoutLine: {'line': b'-- Using all available rosidl_typesupport_c: rosidl_typesupport_fastrtps_c;rosidl_typesupport_introspection_c\n'}
[9.750000] (-) TimerEvent: {}
[9.766000] (custom_interfaces) StdoutLine: {'line': b'-- Using all available rosidl_typesupport_cpp: rosidl_typesupport_fastrtps_cpp;rosidl_typesupport_introspection_cpp\n'}
[9.828000] (custom_interfaces) StdoutLine: {'line': b'-- Found PythonInterp: C:/opt/ros/foxy/x64/python.exe (found suitable version "3.8.3", minimum required is "3.5") \n'}
[9.844000] (custom_interfaces) StdoutLine: {'line': b'-- Found python_cmake_module: 0.8.0 (C:/opt/ros/foxy/x64/share/python_cmake_module/cmake)\n'}
[9.859000] (-) TimerEvent: {}
[9.906000] (custom_interfaces) StdoutLine: {'line': b'-- Found PythonLibs: C:/opt/ros/foxy/x64/Lib/python38.lib (found suitable version "3.8.3", minimum required is "3.5") \n'}
[9.906000] (custom_interfaces) StdoutLine: {'line': b'-- Using PYTHON_EXECUTABLE: C:/opt/ros/foxy/x64/python.exe\n'}
[9.906000] (custom_interfaces) StdoutLine: {'line': b'-- Using PYTHON_INCLUDE_DIRS: C:/opt/ros/foxy/x64/include/python3.8\n'}
[9.906000] (custom_interfaces) StdoutLine: {'line': b'-- Using PYTHON_LIBRARIES: C:/opt/ros/foxy/x64/Lib/python38.lib\n'}
[9.953000] (custom_interfaces) StdoutLine: {'line': b'-- Found PythonExtra: .pyd  \n'}
[9.969000] (-) TimerEvent: {}
[10.078000] (-) TimerEvent: {}
[10.187000] (-) TimerEvent: {}
[10.297000] (-) TimerEvent: {}
[10.406000] (-) TimerEvent: {}
[10.516000] (-) TimerEvent: {}
[10.641000] (-) TimerEvent: {}
[10.750000] (-) TimerEvent: {}
[10.859000] (-) TimerEvent: {}
[10.969000] (-) TimerEvent: {}
[11.078000] (-) TimerEvent: {}
[11.187000] (-) TimerEvent: {}
[11.297000] (-) TimerEvent: {}
[11.406000] (-) TimerEvent: {}
[11.516000] (-) TimerEvent: {}
[11.625000] (-) TimerEvent: {}
[11.734000] (-) TimerEvent: {}
[11.859000] (-) TimerEvent: {}
[11.969000] (-) TimerEvent: {}
[12.000000] (custom_interfaces) StdoutLine: {'line': b'-- Using numpy include directory: C:\\opt\\ros\\foxy\\x64\\lib\\site-packages\\numpy\\core\\include\n'}
[12.047000] (custom_interfaces) StdoutLine: {'line': b'-- Found ament_lint_auto: 0.9.6 (C:/opt/ros/foxy/x64/share/ament_lint_auto/cmake)\n'}
[12.078000] (-) TimerEvent: {}
[12.203000] (-) TimerEvent: {}
[12.250000] (custom_interfaces) StdoutLine: {'line': b"-- Added test 'copyright' to check source files copyright and LICENSE\n"}
[12.281000] (custom_interfaces) StdoutLine: {'line': b"-- Added test 'lint_cmake' to check CMake code style\n"}
[12.297000] (custom_interfaces) StdoutLine: {'line': b"-- Added test 'xmllint' to check XML markup files\n"}
[12.312000] (-) TimerEvent: {}
[12.375000] (custom_interfaces) StdoutLine: {'line': b'-- Configuring done\n'}
[12.422000] (-) TimerEvent: {}
[12.531000] (-) TimerEvent: {}
[12.641000] (-) TimerEvent: {}
[12.766000] (-) TimerEvent: {}
[12.875000] (-) TimerEvent: {}
[12.984000] (-) TimerEvent: {}
[13.109000] (-) TimerEvent: {}
[13.125000] (custom_interfaces) StdoutLine: {'line': b'-- Generating done\n'}
[13.125000] (custom_interfaces) StdoutLine: {'line': b'-- Build files have been written to: C:/gcamp_ros2_ws/build/custom_interfaces\n'}
[13.156000] (custom_interfaces) CommandEnded: {'returncode': 0}
[13.156000] (custom_interfaces) JobProgress: {'identifier': 'custom_interfaces', 'progress': 'build'}
[13.156000] (custom_interfaces) Command: {'cmd': ['c:\\opt\\ros\\foxy\\x64\\Scripts\\cmake.EXE', '--build', 'C:\\gcamp_ros2_ws\\build\\custom_interfaces', '--config', 'Release'], 'cwd': 'C:\\gcamp_ros2_ws\\build\\custom_interfaces', 'env': {'ALLUSERSPROFILE': 'C:\\ProgramData', 'AMENT_PREFIX_PATH': 'c:\\gcamp_ros2_ws\\install\\gcamp_gazebo;c:\\opt\\ros\\foxy\\x64', 'APPDATA': 'C:\\Users\\yoonh\\AppData\\Roaming', 'ChocolateyInstall': 'c:\\opt\\chocolatey', 'ChocolateyLastPathUpdate': '132766835890628479', 'CMAKE_PREFIX_PATH': 'c:\\gcamp_ros2_ws\\install\\gcamp_gazebo;c:\\opt\\ros\\foxy\\x64', 'COLCON': '1', 'COLCON_PREFIX_PATH': 'c:\\gcamp_ros2_ws\\install\\;c:\\opt\\ros\\foxy\\x64\\', 'CommandPromptType': 'Native', 'CommonProgramFiles': 'C:\\Program Files\\Common Files', 'CommonProgramFiles(x86)': 'C:\\Program Files (x86)\\Common Files', 'CommonProgramW6432': 'C:\\Program Files\\Common Files', 'COMPUTERNAME': 'DESKTOP-LM05HEA', 'ComSpec': 'C:\\Windows\\system32\\cmd.exe', 'DevEnvDir': 'C:\\Program Files (x86)\\Microsoft Visual Studio\\2019\\Community\\Common7\\IDE\\', 'DriverData': 'C:\\Windows\\System32\\Drivers\\DriverData', 'ExtensionSdkDir': 'C:\\Program Files (x86)\\Microsoft SDKs\\Windows Kits\\10\\ExtensionSDKs', 'Framework40Version': 'v4.0', 'FrameworkDir': 'C:\\Windows\\Microsoft.NET\\Framework64\\', 'FrameworkDir64': 'C:\\Windows\\Microsoft.NET\\Framework64\\', 'FrameworkVersion': 'v4.0.30319', 'FrameworkVersion64': 'v4.0.30319', 'HOMEDRIVE': 'C:', 'HOMEPATH': '\\Users\\yoonh', 'INCLUDE': 'C:\\Program Files (x86)\\Microsoft Visual Studio\\2019\\Community\\VC\\Tools\\MSVC\\14.29.30133\\ATLMFC\\include;C:\\Program Files (x86)\\Microsoft Visual Studio\\2019\\Community\\VC\\Tools\\MSVC\\14.29.30133\\include;C:\\Program Files (x86)\\Windows Kits\\10\\include\\10.0.19041.0\\ucrt;C:\\Program Files (x86)\\Windows Kits\\10\\include\\10.0.19041.0\\shared;C:\\Program Files (x86)\\Windows Kits\\10\\include\\10.0.19041.0\\um;C:\\Program Files (x86)\\Windows Kits\\10\\include\\10.0.19041.0\\winrt;C:\\Program Files (x86)\\Windows Kits\\10\\include\\10.0.19041.0\\cppwinrt', 'LIB': 'C:\\Program Files (x86)\\Microsoft Visual Studio\\2019\\Community\\VC\\Tools\\MSVC\\14.29.30133\\ATLMFC\\lib\\x64;C:\\Program Files (x86)\\Microsoft Visual Studio\\2019\\Community\\VC\\Tools\\MSVC\\14.29.30133\\lib\\x64;C:\\Program Files (x86)\\Windows Kits\\10\\lib\\10.0.19041.0\\ucrt\\x64;C:\\Program Files (x86)\\Windows Kits\\10\\lib\\10.0.19041.0\\um\\x64', 'LIBPATH': 'C:\\Program Files (x86)\\Microsoft Visual Studio\\2019\\Community\\VC\\Tools\\MSVC\\14.29.30133\\ATLMFC\\lib\\x64;C:\\Program Files (x86)\\Microsoft Visual Studio\\2019\\Community\\VC\\Tools\\MSVC\\14.29.30133\\lib\\x64;C:\\Program Files (x86)\\Microsoft Visual Studio\\2019\\Community\\VC\\Tools\\MSVC\\14.29.30133\\lib\\x86\\store\\references;C:\\Program Files (x86)\\Windows Kits\\10\\UnionMetadata\\10.0.19041.0;C:\\Program Files (x86)\\Windows Kits\\10\\References\\10.0.19041.0;C:\\Windows\\Microsoft.NET\\Framework64\\v4.0.30319', 'LOCALAPPDATA': 'C:\\Users\\yoonh\\AppData\\Local', 'LOGONSERVER': '\\\\DESKTOP-LM05HEA', 'NUMBER_OF_PROCESSORS': '12', 'OneDrive': 'C:\\Users\\yoonh\\OneDrive', 'OPENSSL_CONF': 'C:\\Program Files\\OpenSSL-Win64\\bin\\openssl.cfg', 'OS': 'Windows_NT', 'Path': 'c:\\opt\\ros\\foxy\\x64\\;c:\\opt\\ros\\foxy\\x64\\Scripts;c:\\opt\\ros\\foxy\\x64\\bin;C:\\Program Files (x86)\\Microsoft Visual Studio\\2019\\Community\\Common7\\IDE\\\\Extensions\\Microsoft\\IntelliCode\\CLI;C:\\Program Files (x86)\\Microsoft Visual Studio\\2019\\Community\\VC\\Tools\\MSVC\\14.29.30133\\bin\\HostX64\\x64;C:\\Program Files (x86)\\Microsoft Visual Studio\\2019\\Community\\Common7\\IDE\\VC\\VCPackages;C:\\Program Files (x86)\\Microsoft Visual Studio\\2019\\Community\\Common7\\IDE\\CommonExtensions\\Microsoft\\TestWindow;C:\\Program Files (x86)\\Microsoft Visual Studio\\2019\\Community\\Common7\\IDE\\CommonExtensions\\Microsoft\\TeamFoundation\\Team Explorer;C:\\Program Files (x86)\\Microsoft Visual Studio\\2019\\Community\\MSBuild\\Current\\bin\\Roslyn;C:\\Program Files (x86)\\Microsoft Visual Studio\\2019\\Community\\Team Tools\\Performance Tools\\x64;C:\\Program Files (x86)\\Microsoft Visual Studio\\2019\\Community\\Team Tools\\Performance Tools;C:\\Program Files (x86)\\Microsoft Visual Studio\\Shared\\Common\\VSPerfCollectionTools\\vs2019\\\\x64;C:\\Program Files (x86)\\Microsoft Visual Studio\\Shared\\Common\\VSPerfCollectionTools\\vs2019\\;C:\\Program Files (x86)\\Microsoft Visual Studio\\2019\\Community\\Common7\\Tools\\devinit;C:\\Program Files (x86)\\Windows Kits\\10\\bin\\10.0.19041.0\\x64;C:\\Program Files (x86)\\Windows Kits\\10\\bin\\x64;C:\\Program Files (x86)\\Microsoft Visual Studio\\2019\\Community\\\\MSBuild\\Current\\Bin;C:\\Windows\\Microsoft.NET\\Framework64\\v4.0.30319;C:\\Program Files (x86)\\Microsoft Visual Studio\\2019\\Community\\Common7\\IDE\\;C:\\Program Files (x86)\\Microsoft Visual Studio\\2019\\Community\\Common7\\Tools\\;C:\\Python38\\Scripts\\;C:\\Python38\\;C:\\Windows\\system32;C:\\Windows;C:\\Windows\\System32\\Wbem;C:\\Windows\\System32\\WindowsPowerShell\\v1.0\\;C:\\Windows\\System32\\OpenSSH\\;C:\\Program Files\\MATLAB\\R2020a\\runtime\\win64;C:\\Program Files\\MATLAB\\R2020a\\bin;C:\\ProgramData\\chocolatey\\bin;C:\\Program Files\\Git\\cmd;C:\\Users\\yoonh\\AppData\\Local\\Programs\\Python\\Python39\\Scripts\\;C:\\Users\\yoonh\\AppData\\Local\\Programs\\Python\\Python39\\;C:\\Users\\yoonh\\AppData\\Local\\Microsoft\\WindowsApps;C:\\Users\\yoonh\\AppData\\Local\\Programs\\Microsoft VS Code\\bin;C:\\Program?Files\\CMake\\bin;C:\\Program Files\\OpenSSL-Win64\\bin\\;C:\\Program Files (x86)\\Microsoft Visual Studio\\2019\\Community\\Common7\\IDE\\CommonExtensions\\Microsoft\\CMake\\CMake\\bin;C:\\Program Files (x86)\\Microsoft Visual Studio\\2019\\Community\\Common7\\IDE\\CommonExtensions\\Microsoft\\CMake\\Ninja', 'PATHEXT': '.COM;.EXE;.BAT;.CMD;.VBS;.VBE;.JS;.JSE;.WSF;.WSH;.MSC;.PY;.PYW', 'PKG_CONFIG_PATH': 'c:\\opt\\ros\\foxy\\x64\\lib\\pkgconfig', 'PROCESSOR_ARCHITECTURE': 'AMD64', 'PROCESSOR_IDENTIFIER': 'AMD64 Family 23 Model 104 Stepping 1, AuthenticAMD', 'PROCESSOR_LEVEL': '23', 'PROCESSOR_REVISION': '6801', 'ProgramData': 'C:\\ProgramData', 'ProgramFiles': 'C:\\Program Files', 'ProgramFiles(x86)': 'C:\\Program Files (x86)', 'ProgramW6432': 'C:\\Program Files', 'PROMPT': '$P$G', 'PSModulePath': 'C:\\Program Files\\WindowsPowerShell\\Modules;C:\\Windows\\system32\\WindowsPowerShell\\v1.0\\Modules', 'PUBLIC': 'C:\\Users\\Public', 'PYTHONPATH': 'c:\\opt\\ros\\foxy\\x64\\Lib\\site-packages', 'ROS_DISTRO': 'foxy', 'ROS_LOCALHOST_ONLY': '0', 'ROS_PYTHON_VERSION': '3', 'ROS_VERSION': '2', 'SystemDrive': 'C:', 'SystemRoot': 'C:\\Windows', 'TEMP': 'C:\\Users\\yoonh\\AppData\\Local\\Temp', 'TMP': 'C:\\Users\\yoonh\\AppData\\Local\\Temp', 'UCRTVersion': '10.0.19041.0', 'UniversalCRTSdkDir': 'C:\\Program Files (x86)\\Windows Kits\\10\\', 'USERDOMAIN': 'DESKTOP-LM05HEA', 'USERDOMAIN_ROAMINGPROFILE': 'DESKTOP-LM05HEA', 'USERNAME': 'yoonh', 'USERPROFILE': 'C:\\Users\\yoonh', 'VCIDEInstallDir': 'C:\\Program Files (x86)\\Microsoft Visual Studio\\2019\\Community\\Common7\\IDE\\VC\\', 'VCINSTALLDIR': 'C:\\Program Files (x86)\\Microsoft Visual Studio\\2019\\Community\\VC\\', 'VCToolsInstallDir': 'C:\\Program Files (x86)\\Microsoft Visual Studio\\2019\\Community\\VC\\Tools\\MSVC\\14.29.30133\\', 'VCToolsRedistDir': 'C:\\Program Files (x86)\\Microsoft Visual Studio\\2019\\Community\\VC\\Redist\\MSVC\\14.29.30133\\', 'VCToolsVersion': '14.29.30133', 'VisualStudioVersion': '16.0', 'VS160COMNTOOLS': 'C:\\Program Files (x86)\\Microsoft Visual Studio\\2019\\Community\\Common7\\Tools\\', 'VSCMD_ARG_app_plat': 'Desktop', 'VSCMD_ARG_HOST_ARCH': 'x64', 'VSCMD_ARG_TGT_ARCH': 'x64', 'VSCMD_VER': '16.11.3', 'VSINSTALLDIR': 'C:\\Program Files (x86)\\Microsoft Visual Studio\\2019\\Community\\', 'windir': 'C:\\Windows', 'WindowsLibPath': 'C:\\Program Files (x86)\\Windows Kits\\10\\UnionMetadata\\10.0.19041.0;C:\\Program Files (x86)\\Windows Kits\\10\\References\\10.0.19041.0', 'WindowsSdkBinPath': 'C:\\Program Files (x86)\\Windows Kits\\10\\bin\\', 'WindowsSdkDir': 'C:\\Program Files (x86)\\Windows Kits\\10\\', 'WindowsSDKLibVersion': '10.0.19041.0\\', 'WindowsSdkVerBinPath': 'C:\\Program Files (x86)\\Windows Kits\\10\\bin\\10.0.19041.0\\', 'WindowsSDKVersion': '10.0.19041.0\\', 'WSLENV': 'WT_SESSION::WT_PROFILE_ID', 'WT_PROFILE_ID': '{26870cbf-8b22-46e1-8f48-4248a3ba2ec7}', 'WT_SESSION': '3cb7252b-3e78-4279-8e28-f45c825f2042', '__devinit_path': 'C:\\Program Files (x86)\\Microsoft Visual Studio\\2019\\Community\\Common7\\Tools\\devinit\\devinit.exe', '__DOTNET_ADD_64BIT': '1', '__DOTNET_PREFERRED_BITNESS': '64', '__VSCMD_PREINIT_PATH': 'C:\\Python38\\Scripts\\;C:\\Python38\\;C:\\Windows\\system32;C:\\Windows;C:\\Windows\\System32\\Wbem;C:\\Windows\\System32\\WindowsPowerShell\\v1.0\\;C:\\Windows\\System32\\OpenSSH\\;C:\\Program Files\\MATLAB\\R2020a\\runtime\\win64;C:\\Program Files\\MATLAB\\R2020a\\bin;C:\\ProgramData\\chocolatey\\bin;C:\\Program Files\\Git\\cmd;C:\\Users\\yoonh\\AppData\\Local\\Programs\\Python\\Python39\\Scripts\\;C:\\Users\\yoonh\\AppData\\Local\\Programs\\Python\\Python39\\;C:\\Users\\yoonh\\AppData\\Local\\Microsoft\\WindowsApps;C:\\Users\\yoonh\\AppData\\Local\\Programs\\Microsoft VS Code\\bin;C:\\Program?Files\\CMake\\bin;C:\\Program Files\\OpenSSL-Win64\\bin\\', '__VSCMD_script_err_count': '0', 'CL': '/MP'}, 'shell': False}
[13.219000] (-) TimerEvent: {}
[13.328000] (-) TimerEvent: {}
[13.359000] (custom_interfaces) StdoutLine: {'line': b'.NET Framework\xbf\xeb Microsoft (R) Build Engine \xb9\xf6\xc0\xfc 16.11.0+0538acc04\r\n'}
[13.359000] (custom_interfaces) StdoutLine: {'line': b'Copyright (C) Microsoft Corporation. All rights reserved.\r\n'}
[13.359000] (custom_interfaces) StdoutLine: {'line': b'\r\n'}
[13.437000] (-) TimerEvent: {}
[13.562000] (-) TimerEvent: {}
[13.672000] (-) TimerEvent: {}
[13.781000] (-) TimerEvent: {}
[13.891000] (-) TimerEvent: {}
[14.000000] (-) TimerEvent: {}
[14.125000] (-) TimerEvent: {}
[14.234000] (-) TimerEvent: {}
[14.312000] (custom_interfaces) StdoutLine: {'line': b'  Checking Build System\r\n'}
[14.344000] (-) TimerEvent: {}
[14.453000] (-) TimerEvent: {}
[14.562000] (custom_interfaces) StdoutLine: {'line': b'  Generating C++ code for ROS interfaces\r\n'}
[14.562000] (-) TimerEvent: {}
[14.672000] (-) TimerEvent: {}
[14.781000] (-) TimerEvent: {}
[14.906000] (-) TimerEvent: {}
[15.016000] (-) TimerEvent: {}
[15.125000] (-) TimerEvent: {}
[15.234000] (-) TimerEvent: {}
[15.344000] (-) TimerEvent: {}
[15.453000] (-) TimerEvent: {}
[15.469000] (custom_interfaces) StdoutLine: {'line': b'  Building Custom Rule C:/gcamp_ros2_ws/src/gcamp_ros2_basic/custom_interfaces/CMakeLists.txt\r\n'}
[15.578000] (-) TimerEvent: {}
[15.625000] (custom_interfaces) StdoutLine: {'line': b'  Generating C code for ROS interfaces\r\n'}
[15.703000] (-) TimerEvent: {}
[15.812000] (-) TimerEvent: {}
[15.922000] (-) TimerEvent: {}
[16.031000] (-) TimerEvent: {}
[16.141000] (-) TimerEvent: {}
[16.250000] (-) TimerEvent: {}
[16.359000] (-) TimerEvent: {}
[16.437000] (custom_interfaces) StdoutLine: {'line': b'  Building Custom Rule C:/gcamp_ros2_ws/src/gcamp_ros2_basic/custom_interfaces/CMakeLists.txt\r\n'}
[16.484000] (-) TimerEvent: {}
[16.594000] (-) TimerEvent: {}
[16.641000] (custom_interfaces) StdoutLine: {'line': b'  num__functions.c\r\n'}
[16.641000] (custom_interfaces) StdoutLine: {'line': b'  add_three_ints__functions.c\r\n'}
[16.641000] (custom_interfaces) StdoutLine: {'line': b'  turning_control__functions.c\r\n'}
[16.641000] (custom_interfaces) StdoutLine: {'line': b'  fibonacci__functions.c\r\n'}
[16.641000] (custom_interfaces) StdoutLine: {'line': b'  maze__functions.c\r\n'}
[16.703000] (-) TimerEvent: {}
[16.812000] (-) TimerEvent: {}
[16.922000] (-) TimerEvent: {}
[16.969000] (custom_interfaces) StdoutLine: {'line': b'     C:/gcamp_ros2_ws/build/custom_interfaces/Release/custom_interfaces__rosidl_generator_c.lib \xb6\xf3\xc0\xcc\xba\xea\xb7\xaf\xb8\xae \xb9\xd7 C:/gcamp_ros2_ws/build/custom_interfaces/Release/custom_interfaces__rosidl_generator_c.exp \xb0\xb3\xc3\xbc\xb8\xa6 \xbb\xfd\xbc\xba\xc7\xcf\xb0\xed \xc0\xd6\xbd\xc0\xb4\xcf\xb4\xd9.\r\n'}
[17.031000] (-) TimerEvent: {}
[17.047000] (custom_interfaces) StdoutLine: {'line': b'  custom_interfaces__rosidl_generator_c.vcxproj -> C:\\gcamp_ros2_ws\\build\\custom_interfaces\\Release\\custom_interfaces__rosidl_generator_c.dll\r\n'}
[17.141000] (-) TimerEvent: {}
[17.141000] (custom_interfaces) StdoutLine: {'line': b'  Generating C type support dispatch for ROS interfaces\r\n'}
[17.250000] (-) TimerEvent: {}
[17.359000] (-) TimerEvent: {}
[17.469000] (-) TimerEvent: {}
[17.578000] (-) TimerEvent: {}
[17.641000] (custom_interfaces) StdoutLine: {'line': b'  Building Custom Rule C:/gcamp_ros2_ws/src/gcamp_ros2_basic/custom_interfaces/CMakeLists.txt\r\n'}
[17.687000] (-) TimerEvent: {}
[17.797000] (custom_interfaces) StdoutLine: {'line': b'  num__type_support.cpp\r\n'}
[17.797000] (-) TimerEvent: {}
[17.797000] (custom_interfaces) StdoutLine: {'line': b'  add_three_ints__type_support.cpp\r\n'}
[17.797000] (custom_interfaces) StdoutLine: {'line': b'  turning_control__type_support.cpp\r\n'}
[17.797000] (custom_interfaces) StdoutLine: {'line': b'  fibonacci__type_support.cpp\r\n'}
[17.797000] (custom_interfaces) StdoutLine: {'line': b'  maze__type_support.cpp\r\n'}
[17.906000] (-) TimerEvent: {}
[18.000000] (custom_interfaces) StdoutLine: {'line': b'     C:/gcamp_ros2_ws/build/custom_interfaces/Release/custom_interfaces__rosidl_typesupport_c.lib \xb6\xf3\xc0\xcc\xba\xea\xb7\xaf\xb8\xae \xb9\xd7 C:/gcamp_ros2_ws/build/custom_interfaces/Release/custom_interfaces__rosidl_typesupport_c.exp \xb0\xb3\xc3\xbc\xb8\xa6 \xbb\xfd\xbc\xba\xc7\xcf\xb0\xed \xc0\xd6\xbd\xc0\xb4\xcf\xb4\xd9.\r\n'}
[18.016000] (-) TimerEvent: {}
[18.078000] (custom_interfaces) StdoutLine: {'line': b'  custom_interfaces__rosidl_typesupport_c.vcxproj -> C:\\gcamp_ros2_ws\\build\\custom_interfaces\\Release\\custom_interfaces__rosidl_typesupport_c.dll\r\n'}
[18.125000] (-) TimerEvent: {}
[18.156000] (custom_interfaces) StdoutLine: {'line': b'  Generating C++ type support dispatch for ROS interfaces\r\n'}
[18.234000] (-) TimerEvent: {}
[18.344000] (-) TimerEvent: {}
[18.453000] (-) TimerEvent: {}
[18.578000] (-) TimerEvent: {}
[18.656000] (custom_interfaces) StdoutLine: {'line': b'  Building Custom Rule C:/gcamp_ros2_ws/src/gcamp_ros2_basic/custom_interfaces/CMakeLists.txt\r\n'}
[18.687000] (-) TimerEvent: {}
[18.812000] (-) TimerEvent: {}
[18.812000] (custom_interfaces) StdoutLine: {'line': b'  num__type_support.cpp\r\n'}
[18.812000] (custom_interfaces) StdoutLine: {'line': b'  add_three_ints__type_support.cpp\r\n'}
[18.812000] (custom_interfaces) StdoutLine: {'line': b'  turning_control__type_support.cpp\r\n'}
[18.812000] (custom_interfaces) StdoutLine: {'line': b'  fibonacci__type_support.cpp\r\n'}
[18.812000] (custom_interfaces) StdoutLine: {'line': b'  maze__type_support.cpp\r\n'}
[18.937000] (-) TimerEvent: {}
[19.047000] (-) TimerEvent: {}
[19.156000] (-) TimerEvent: {}
[19.266000] (-) TimerEvent: {}
[19.312000] (custom_interfaces) StdoutLine: {'line': b'     C:/gcamp_ros2_ws/build/custom_interfaces/Release/custom_interfaces__rosidl_typesupport_cpp.lib \xb6\xf3\xc0\xcc\xba\xea\xb7\xaf\xb8\xae \xb9\xd7 C:/gcamp_ros2_ws/build/custom_interfaces/Release/custom_interfaces__rosidl_typesupport_cpp.exp \xb0\xb3\xc3\xbc\xb8\xa6 \xbb\xfd\xbc\xba\xc7\xcf\xb0\xed \xc0\xd6\xbd\xc0\xb4\xcf\xb4\xd9.\r\n'}
[19.375000] (custom_interfaces) StdoutLine: {'line': b'  custom_interfaces__rosidl_typesupport_cpp.vcxproj -> C:\\gcamp_ros2_ws\\build\\custom_interfaces\\Release\\custom_interfaces__rosidl_typesupport_cpp.dll\r\n'}
[19.375000] (-) TimerEvent: {}
[19.484000] (-) TimerEvent: {}
[19.500000] (custom_interfaces) StdoutLine: {'line': b'  Generating C++ type support for eProsima Fast-RTPS\r\n'}
[19.594000] (-) TimerEvent: {}
[19.719000] (-) TimerEvent: {}
[19.828000] (-) TimerEvent: {}
[19.937000] (-) TimerEvent: {}
[20.047000] (-) TimerEvent: {}
[20.156000] (-) TimerEvent: {}
[20.250000] (custom_interfaces) StdoutLine: {'line': b'  Building Custom Rule C:/gcamp_ros2_ws/src/gcamp_ros2_basic/custom_interfaces/CMakeLists.txt\r\n'}
[20.266000] (-) TimerEvent: {}
[20.375000] (-) TimerEvent: {}
[20.406000] (custom_interfaces) StdoutLine: {'line': b'  num__type_support.cpp\r\n'}
[20.406000] (custom_interfaces) StdoutLine: {'line': b'  add_three_ints__type_support.cpp\r\n'}
[20.406000] (custom_interfaces) StdoutLine: {'line': b'  turning_control__type_support.cpp\r\n'}
[20.422000] (custom_interfaces) StdoutLine: {'line': b'  fibonacci__type_support.cpp\r\n'}
[20.422000] (custom_interfaces) StdoutLine: {'line': b'  maze__type_support.cpp\r\n'}
[20.484000] (-) TimerEvent: {}
[20.594000] (-) TimerEvent: {}
[20.703000] (-) TimerEvent: {}
[20.766000] (custom_interfaces) StdoutLine: {'line': b'C:\\opt\\ros\\foxy\\x64\\include\\rmw/types.h(1,1): warning C4819: \xc7\xf6\xc0\xe7 \xc4\xda\xb5\xe5 \xc6\xe4\xc0\xcc\xc1\xf6(949)\xbf\xa1\xbc\xad \xc7\xa5\xbd\xc3\xc7\xd2 \xbc\xf6 \xbe\xf8\xb4\xc2 \xb9\xae\xc0\xda\xb0\xa1 \xc6\xc4\xc0\xcf\xbf\xa1 \xb5\xe9\xbe\xee \xc0\xd6\xbd\xc0\xb4\xcf\xb4\xd9. \xb5\xa5\xc0\xcc\xc5\xcd\xb0\xa1 \xbc\xd5\xbd\xc7\xb5\xc7\xc1\xf6 \xbe\xca\xb0\xd4 \xc7\xcf\xb7\xc1\xb8\xe9 \xc7\xd8\xb4\xe7 \xc6\xc4\xc0\xcf\xc0\xbb \xc0\xaf\xb4\xcf\xc4\xda\xb5\xe5 \xc7\xfc\xbd\xc4\xc0\xb8\xb7\xce \xc0\xfa\xc0\xe5\xc7\xcf\xbd\xca\xbd\xc3\xbf\xc0. (\xbc\xd2\xbd\xba \xc6\xc4\xc0\xcf \xc4\xc4\xc6\xc4\xc0\xcf \xc1\xdf C:\\gcamp_ros2_ws\\build\\custom_interfaces\\rosidl_typesupport_fastrtps_cpp\\custom_interfaces\\srv\\detail\\dds_fastrtps\\add_three_ints__type_support.cpp) [C:\\gcamp_ros2_ws\\build\\custom_interfaces\\custom_interfaces__rosidl_typesupport_fastrtps_cpp.vcxproj]\r\n'}
[20.766000] (custom_interfaces) StdoutLine: {'line': b'C:\\opt\\ros\\foxy\\x64\\include\\rmw/types.h(1,1): warning C4819: \xc7\xf6\xc0\xe7 \xc4\xda\xb5\xe5 \xc6\xe4\xc0\xcc\xc1\xf6(949)\xbf\xa1\xbc\xad \xc7\xa5\xbd\xc3\xc7\xd2 \xbc\xf6 \xbe\xf8\xb4\xc2 \xb9\xae\xc0\xda\xb0\xa1 \xc6\xc4\xc0\xcf\xbf\xa1 \xb5\xe9\xbe\xee \xc0\xd6\xbd\xc0\xb4\xcf\xb4\xd9. \xb5\xa5\xc0\xcc\xc5\xcd\xb0\xa1 \xbc\xd5\xbd\xc7\xb5\xc7\xc1\xf6 \xbe\xca\xb0\xd4 \xc7\xcf\xb7\xc1\xb8\xe9 \xc7\xd8\xb4\xe7 \xc6\xc4\xc0\xcf\xc0\xbb \xc0\xaf\xb4\xcf\xc4\xda\xb5\xe5 \xc7\xfc\xbd\xc4\xc0\xb8\xb7\xce \xc0\xfa\xc0\xe5\xc7\xcf\xbd\xca\xbd\xc3\xbf\xc0. (\xbc\xd2\xbd\xba \xc6\xc4\xc0\xcf \xc4\xc4\xc6\xc4\xc0\xcf \xc1\xdf C:\\gcamp_ros2_ws\\build\\custom_interfaces\\rosidl_typesupport_fastrtps_cpp\\custom_interfaces\\srv\\detail\\dds_fastrtps\\turning_control__type_support.cpp) [C:\\gcamp_ros2_ws\\build\\custom_interfaces\\custom_interfaces__rosidl_typesupport_fastrtps_cpp.vcxproj]\r\n'}
[20.766000] (custom_interfaces) StdoutLine: {'line': b'C:\\opt\\ros\\foxy\\x64\\include\\rmw/types.h(1,1): warning C4819: \xc7\xf6\xc0\xe7 \xc4\xda\xb5\xe5 \xc6\xe4\xc0\xcc\xc1\xf6(949)\xbf\xa1\xbc\xad \xc7\xa5\xbd\xc3\xc7\xd2 \xbc\xf6 \xbe\xf8\xb4\xc2 \xb9\xae\xc0\xda\xb0\xa1 \xc6\xc4\xc0\xcf\xbf\xa1 \xb5\xe9\xbe\xee \xc0\xd6\xbd\xc0\xb4\xcf\xb4\xd9. \xb5\xa5\xc0\xcc\xc5\xcd\xb0\xa1 \xbc\xd5\xbd\xc7\xb5\xc7\xc1\xf6 \xbe\xca\xb0\xd4 \xc7\xcf\xb7\xc1\xb8\xe9 \xc7\xd8\xb4\xe7 \xc6\xc4\xc0\xcf\xc0\xbb \xc0\xaf\xb4\xcf\xc4\xda\xb5\xe5 \xc7\xfc\xbd\xc4\xc0\xb8\xb7\xce \xc0\xfa\xc0\xe5\xc7\xcf\xbd\xca\xbd\xc3\xbf\xc0. (\xbc\xd2\xbd\xba \xc6\xc4\xc0\xcf \xc4\xc4\xc6\xc4\xc0\xcf \xc1\xdf C:\\gcamp_ros2_ws\\build\\custom_interfaces\\rosidl_typesupport_fastrtps_cpp\\custom_interfaces\\action\\detail\\dds_fastrtps\\maze__type_support.cpp) [C:\\gcamp_ros2_ws\\build\\custom_interfaces\\custom_interfaces__rosidl_typesupport_fastrtps_cpp.vcxproj]\r\n'}
[20.766000] (custom_interfaces) StdoutLine: {'line': b'C:\\opt\\ros\\foxy\\x64\\include\\rmw/types.h(1,1): warning C4819: \xc7\xf6\xc0\xe7 \xc4\xda\xb5\xe5 \xc6\xe4\xc0\xcc\xc1\xf6(949)\xbf\xa1\xbc\xad \xc7\xa5\xbd\xc3\xc7\xd2 \xbc\xf6 \xbe\xf8\xb4\xc2 \xb9\xae\xc0\xda\xb0\xa1 \xc6\xc4\xc0\xcf\xbf\xa1 \xb5\xe9\xbe\xee \xc0\xd6\xbd\xc0\xb4\xcf\xb4\xd9. \xb5\xa5\xc0\xcc\xc5\xcd\xb0\xa1 \xbc\xd5\xbd\xc7\xb5\xc7\xc1\xf6 \xbe\xca\xb0\xd4 \xc7\xcf\xb7\xc1\xb8\xe9 \xc7\xd8\xb4\xe7 \xc6\xc4\xc0\xcf\xc0\xbb \xc0\xaf\xb4\xcf\xc4\xda\xb5\xe5 \xc7\xfc\xbd\xc4\xc0\xb8\xb7\xce \xc0\xfa\xc0\xe5\xc7\xcf\xbd\xca\xbd\xc3\xbf\xc0. (\xbc\xd2\xbd\xba \xc6\xc4\xc0\xcf \xc4\xc4\xc6\xc4\xc0\xcf \xc1\xdf C:\\gcamp_ros2_ws\\build\\custom_interfaces\\rosidl_typesupport_fastrtps_cpp\\custom_interfaces\\action\\detail\\dds_fastrtps\\fibonacci__type_support.cpp) [C:\\gcamp_ros2_ws\\build\\custom_interfaces\\custom_interfaces__rosidl_typesupport_fastrtps_cpp.vcxproj]\r\n'}
[20.812000] (-) TimerEvent: {}
[20.937000] (-) TimerEvent: {}
[21.047000] (-) TimerEvent: {}
[21.141000] (custom_interfaces) StdoutLine: {'line': b'     C:/gcamp_ros2_ws/build/custom_interfaces/Release/custom_interfaces__rosidl_typesupport_fastrtps_cpp.lib \xb6\xf3\xc0\xcc\xba\xea\xb7\xaf\xb8\xae \xb9\xd7 C:/gcamp_ros2_ws/build/custom_interfaces/Release/custom_interfaces__rosidl_typesupport_fastrtps_cpp.exp \xb0\xb3\xc3\xbc\xb8\xa6 \xbb\xfd\xbc\xba\xc7\xcf\xb0\xed \xc0\xd6\xbd\xc0\xb4\xcf\xb4\xd9.\r\n'}
[21.156000] (-) TimerEvent: {}
[21.219000] (custom_interfaces) StdoutLine: {'line': b'  custom_interfaces__rosidl_typesupport_fastrtps_cpp.vcxproj -> C:\\gcamp_ros2_ws\\build\\custom_interfaces\\Release\\custom_interfaces__rosidl_typesupport_fastrtps_cpp.dll\r\n'}
[21.266000] (-) TimerEvent: {}
[21.281000] (custom_interfaces) StdoutLine: {'line': b'  Generating C type support for eProsima Fast-RTPS\r\n'}
[21.391000] (-) TimerEvent: {}
[21.516000] (-) TimerEvent: {}
[21.641000] (-) TimerEvent: {}
[21.766000] (-) TimerEvent: {}
[21.891000] (-) TimerEvent: {}
[22.000000] (-) TimerEvent: {}
[22.016000] (custom_interfaces) StdoutLine: {'line': b'  Building Custom Rule C:/gcamp_ros2_ws/src/gcamp_ros2_basic/custom_interfaces/CMakeLists.txt\r\n'}
[22.109000] (-) TimerEvent: {}
[22.172000] (custom_interfaces) StdoutLine: {'line': b'  num__type_support_c.cpp\r\n'}
[22.172000] (custom_interfaces) StdoutLine: {'line': b'  add_three_ints__type_support_c.cpp\r\n'}
[22.172000] (custom_interfaces) StdoutLine: {'line': b'  turning_control__type_support_c.cpp\r\n'}
[22.172000] (custom_interfaces) StdoutLine: {'line': b'  fibonacci__type_support_c.cpp\r\n'}
[22.172000] (custom_interfaces) StdoutLine: {'line': b'  maze__type_support_c.cpp\r\n'}
[22.234000] (-) TimerEvent: {}
[22.344000] (-) TimerEvent: {}
[22.453000] (-) TimerEvent: {}
[22.531000] (custom_interfaces) StdoutLine: {'line': b'C:\\opt\\ros\\foxy\\x64\\include\\rmw/types.h(1,1): warning C4819: \xc7\xf6\xc0\xe7 \xc4\xda\xb5\xe5 \xc6\xe4\xc0\xcc\xc1\xf6(949)\xbf\xa1\xbc\xad \xc7\xa5\xbd\xc3\xc7\xd2 \xbc\xf6 \xbe\xf8\xb4\xc2 \xb9\xae\xc0\xda\xb0\xa1 \xc6\xc4\xc0\xcf\xbf\xa1 \xb5\xe9\xbe\xee \xc0\xd6\xbd\xc0\xb4\xcf\xb4\xd9. \xb5\xa5\xc0\xcc\xc5\xcd\xb0\xa1 \xbc\xd5\xbd\xc7\xb5\xc7\xc1\xf6 \xbe\xca\xb0\xd4 \xc7\xcf\xb7\xc1\xb8\xe9 \xc7\xd8\xb4\xe7 \xc6\xc4\xc0\xcf\xc0\xbb \xc0\xaf\xb4\xcf\xc4\xda\xb5\xe5 \xc7\xfc\xbd\xc4\xc0\xb8\xb7\xce \xc0\xfa\xc0\xe5\xc7\xcf\xbd\xca\xbd\xc3\xbf\xc0. (\xbc\xd2\xbd\xba \xc6\xc4\xc0\xcf \xc4\xc4\xc6\xc4\xc0\xcf \xc1\xdf C:\\gcamp_ros2_ws\\build\\custom_interfaces\\rosidl_typesupport_fastrtps_c\\custom_interfaces\\action\\detail\\maze__type_support_c.cpp) [C:\\gcamp_ros2_ws\\build\\custom_interfaces\\custom_interfaces__rosidl_typesupport_fastrtps_c.vcxproj]\r\n'}
[22.531000] (custom_interfaces) StdoutLine: {'line': b'C:\\opt\\ros\\foxy\\x64\\include\\rmw/types.h(1,1): warning C4819: \xc7\xf6\xc0\xe7 \xc4\xda\xb5\xe5 \xc6\xe4\xc0\xcc\xc1\xf6(949)\xbf\xa1\xbc\xad \xc7\xa5\xbd\xc3\xc7\xd2 \xbc\xf6 \xbe\xf8\xb4\xc2 \xb9\xae\xc0\xda\xb0\xa1 \xc6\xc4\xc0\xcf\xbf\xa1 \xb5\xe9\xbe\xee \xc0\xd6\xbd\xc0\xb4\xcf\xb4\xd9. \xb5\xa5\xc0\xcc\xc5\xcd\xb0\xa1 \xbc\xd5\xbd\xc7\xb5\xc7\xc1\xf6 \xbe\xca\xb0\xd4 \xc7\xcf\xb7\xc1\xb8\xe9 \xc7\xd8\xb4\xe7 \xc6\xc4\xc0\xcf\xc0\xbb \xc0\xaf\xb4\xcf\xc4\xda\xb5\xe5 \xc7\xfc\xbd\xc4\xc0\xb8\xb7\xce \xc0\xfa\xc0\xe5\xc7\xcf\xbd\xca\xbd\xc3\xbf\xc0. (\xbc\xd2\xbd\xba \xc6\xc4\xc0\xcf \xc4\xc4\xc6\xc4\xc0\xcf \xc1\xdf C:\\gcamp_ros2_ws\\build\\custom_interfaces\\rosidl_typesupport_fastrtps_c\\custom_interfaces\\action\\detail\\fibonacci__type_support_c.cpp) [C:\\gcamp_ros2_ws\\build\\custom_interfaces\\custom_interfaces__rosidl_typesupport_fastrtps_c.vcxproj]\r\n'}
[22.531000] (custom_interfaces) StdoutLine: {'line': b'C:\\opt\\ros\\foxy\\x64\\include\\rmw/types.h(1,1): warning C4819: \xc7\xf6\xc0\xe7 \xc4\xda\xb5\xe5 \xc6\xe4\xc0\xcc\xc1\xf6(949)\xbf\xa1\xbc\xad \xc7\xa5\xbd\xc3\xc7\xd2 \xbc\xf6 \xbe\xf8\xb4\xc2 \xb9\xae\xc0\xda\xb0\xa1 \xc6\xc4\xc0\xcf\xbf\xa1 \xb5\xe9\xbe\xee \xc0\xd6\xbd\xc0\xb4\xcf\xb4\xd9. \xb5\xa5\xc0\xcc\xc5\xcd\xb0\xa1 \xbc\xd5\xbd\xc7\xb5\xc7\xc1\xf6 \xbe\xca\xb0\xd4 \xc7\xcf\xb7\xc1\xb8\xe9 \xc7\xd8\xb4\xe7 \xc6\xc4\xc0\xcf\xc0\xbb \xc0\xaf\xb4\xcf\xc4\xda\xb5\xe5 \xc7\xfc\xbd\xc4\xc0\xb8\xb7\xce \xc0\xfa\xc0\xe5\xc7\xcf\xbd\xca\xbd\xc3\xbf\xc0. (\xbc\xd2\xbd\xba \xc6\xc4\xc0\xcf \xc4\xc4\xc6\xc4\xc0\xcf \xc1\xdf C:\\gcamp_ros2_ws\\build\\custom_interfaces\\rosidl_typesupport_fastrtps_c\\custom_interfaces\\srv\\detail\\turning_control__type_support_c.cpp) [C:\\gcamp_ros2_ws\\build\\custom_interfaces\\custom_interfaces__rosidl_typesupport_fastrtps_c.vcxproj]\r\n'}
[22.547000] (custom_interfaces) StdoutLine: {'line': b'C:\\opt\\ros\\foxy\\x64\\include\\rmw/types.h(1,1): warning C4819: \xc7\xf6\xc0\xe7 \xc4\xda\xb5\xe5 \xc6\xe4\xc0\xcc\xc1\xf6(949)\xbf\xa1\xbc\xad \xc7\xa5\xbd\xc3\xc7\xd2 \xbc\xf6 \xbe\xf8\xb4\xc2 \xb9\xae\xc0\xda\xb0\xa1 \xc6\xc4\xc0\xcf\xbf\xa1 \xb5\xe9\xbe\xee \xc0\xd6\xbd\xc0\xb4\xcf\xb4\xd9. \xb5\xa5\xc0\xcc\xc5\xcd\xb0\xa1 \xbc\xd5\xbd\xc7\xb5\xc7\xc1\xf6 \xbe\xca\xb0\xd4 \xc7\xcf\xb7\xc1\xb8\xe9 \xc7\xd8\xb4\xe7 \xc6\xc4\xc0\xcf\xc0\xbb \xc0\xaf\xb4\xcf\xc4\xda\xb5\xe5 \xc7\xfc\xbd\xc4\xc0\xb8\xb7\xce \xc0\xfa\xc0\xe5\xc7\xcf\xbd\xca\xbd\xc3\xbf\xc0. (\xbc\xd2\xbd\xba \xc6\xc4\xc0\xcf \xc4\xc4\xc6\xc4\xc0\xcf \xc1\xdf C:\\gcamp_ros2_ws\\build\\custom_interfaces\\rosidl_typesupport_fastrtps_c\\custom_interfaces\\srv\\detail\\add_three_ints__type_support_c.cpp) [C:\\gcamp_ros2_ws\\build\\custom_interfaces\\custom_interfaces__rosidl_typesupport_fastrtps_c.vcxproj]\r\n'}
[22.578000] (-) TimerEvent: {}
[22.703000] (-) TimerEvent: {}
[22.812000] (-) TimerEvent: {}
[22.859000] (custom_interfaces) StdoutLine: {'line': b'     C:/gcamp_ros2_ws/build/custom_interfaces/Release/custom_interfaces__rosidl_typesupport_fastrtps_c.lib \xb6\xf3\xc0\xcc\xba\xea\xb7\xaf\xb8\xae \xb9\xd7 C:/gcamp_ros2_ws/build/custom_interfaces/Release/custom_interfaces__rosidl_typesupport_fastrtps_c.exp \xb0\xb3\xc3\xbc\xb8\xa6 \xbb\xfd\xbc\xba\xc7\xcf\xb0\xed \xc0\xd6\xbd\xc0\xb4\xcf\xb4\xd9.\r\n'}
[22.922000] (-) TimerEvent: {}
[22.922000] (custom_interfaces) StdoutLine: {'line': b'  custom_interfaces__rosidl_typesupport_fastrtps_c.vcxproj -> C:\\gcamp_ros2_ws\\build\\custom_interfaces\\Release\\custom_interfaces__rosidl_typesupport_fastrtps_c.dll\r\n'}
[23.047000] (-) TimerEvent: {}
[23.047000] (custom_interfaces) StdoutLine: {'line': b'  Generating C introspection for ROS interfaces\r\n'}
[23.156000] (-) TimerEvent: {}
[23.266000] (-) TimerEvent: {}
[23.375000] (-) TimerEvent: {}
[23.484000] (-) TimerEvent: {}
[23.594000] (-) TimerEvent: {}
[23.703000] (-) TimerEvent: {}
[23.703000] (custom_interfaces) StdoutLine: {'line': b'  Building Custom Rule C:/gcamp_ros2_ws/src/gcamp_ros2_basic/custom_interfaces/CMakeLists.txt\r\n'}
[23.828000] (-) TimerEvent: {}
[23.859000] (custom_interfaces) StdoutLine: {'line': b'  num__type_support.c\r\n'}
[23.859000] (custom_interfaces) StdoutLine: {'line': b'  add_three_ints__type_support.c\r\n'}
[23.859000] (custom_interfaces) StdoutLine: {'line': b'  turning_control__type_support.c\r\n'}
[23.859000] (custom_interfaces) StdoutLine: {'line': b'  fibonacci__type_support.c\r\n'}
[23.859000] (custom_interfaces) StdoutLine: {'line': b'  maze__type_support.c\r\n'}
[23.937000] (-) TimerEvent: {}
[24.031000] (custom_interfaces) StdoutLine: {'line': b'     C:/gcamp_ros2_ws/build/custom_interfaces/Release/custom_interfaces__rosidl_typesupport_introspection_c.lib \xb6\xf3\xc0\xcc\xba\xea\xb7\xaf\xb8\xae \xb9\xd7 C:/gcamp_ros2_ws/build/custom_interfaces/Release/custom_interfaces__rosidl_typesupport_introspection_c.exp \xb0\xb3\xc3\xbc\xb8\xa6 \xbb\xfd\xbc\xba\xc7\xcf\xb0\xed \xc0\xd6\xbd\xc0\xb4\xcf\xb4\xd9.\r\n'}
[24.047000] (-) TimerEvent: {}
[24.109000] (custom_interfaces) StdoutLine: {'line': b'  custom_interfaces__rosidl_typesupport_introspection_c.vcxproj -> C:\\gcamp_ros2_ws\\build\\custom_interfaces\\Release\\custom_interfaces__rosidl_typesupport_introspection_c.dll\r\n'}
[24.172000] (-) TimerEvent: {}
[24.187000] (custom_interfaces) StdoutLine: {'line': b'  Generating C++ introspection for ROS interfaces\r\n'}
[24.281000] (-) TimerEvent: {}
[24.391000] (-) TimerEvent: {}
[24.500000] (-) TimerEvent: {}
[24.625000] (-) TimerEvent: {}
[24.734000] (-) TimerEvent: {}
[24.828000] (custom_interfaces) StdoutLine: {'line': b'  Building Custom Rule C:/gcamp_ros2_ws/src/gcamp_ros2_basic/custom_interfaces/CMakeLists.txt\r\n'}
[24.859000] (-) TimerEvent: {}
[24.969000] (-) TimerEvent: {}
[24.984000] (custom_interfaces) StdoutLine: {'line': b'  num__type_support.cpp\r\n'}
[24.984000] (custom_interfaces) StdoutLine: {'line': b'  add_three_ints__type_support.cpp\r\n'}
[24.984000] (custom_interfaces) StdoutLine: {'line': b'  turning_control__type_support.cpp\r\n'}
[24.984000] (custom_interfaces) StdoutLine: {'line': b'  fibonacci__type_support.cpp\r\n'}
[24.984000] (custom_interfaces) StdoutLine: {'line': b'  maze__type_support.cpp\r\n'}
[25.078000] (-) TimerEvent: {}
[25.187000] (-) TimerEvent: {}
[25.297000] (-) TimerEvent: {}
[25.406000] (-) TimerEvent: {}
[25.516000] (-) TimerEvent: {}
[25.562000] (custom_interfaces) StdoutLine: {'line': b'     C:/gcamp_ros2_ws/build/custom_interfaces/Release/custom_interfaces__rosidl_typesupport_introspection_cpp.lib \xb6\xf3\xc0\xcc\xba\xea\xb7\xaf\xb8\xae \xb9\xd7 C:/gcamp_ros2_ws/build/custom_interfaces/Release/custom_interfaces__rosidl_typesupport_introspection_cpp.exp \xb0\xb3\xc3\xbc\xb8\xa6 \xbb\xfd\xbc\xba\xc7\xcf\xb0\xed \xc0\xd6\xbd\xc0\xb4\xcf\xb4\xd9.\r\n'}
[25.641000] (-) TimerEvent: {}
[25.641000] (custom_interfaces) StdoutLine: {'line': b'  custom_interfaces__rosidl_typesupport_introspection_cpp.vcxproj -> C:\\gcamp_ros2_ws\\build\\custom_interfaces\\Release\\custom_interfaces__rosidl_typesupport_introspection_cpp.dll\r\n'}
[25.734000] (custom_interfaces) StdoutLine: {'line': b'  Building Custom Rule C:/gcamp_ros2_ws/src/gcamp_ros2_basic/custom_interfaces/CMakeLists.txt\r\n'}
[25.750000] (-) TimerEvent: {}
[25.859000] (-) TimerEvent: {}
[25.922000] (custom_interfaces) StdoutLine: {'line': b'  Generating Python code for ROS interfaces\r\n'}
[25.969000] (-) TimerEvent: {}
[26.094000] (-) TimerEvent: {}
[26.219000] (-) TimerEvent: {}
[26.328000] (-) TimerEvent: {}
[26.437000] (-) TimerEvent: {}
[26.562000] (-) TimerEvent: {}
[26.687000] (-) TimerEvent: {}
[26.812000] (-) TimerEvent: {}
[26.922000] (-) TimerEvent: {}
[27.031000] (-) TimerEvent: {}
[27.156000] (-) TimerEvent: {}
[27.281000] (-) TimerEvent: {}
[27.391000] (-) TimerEvent: {}
[27.500000] (-) TimerEvent: {}
[27.609000] (-) TimerEvent: {}
[27.641000] (custom_interfaces) StdoutLine: {'line': b'  Building Custom Rule C:/gcamp_ros2_ws/build/custom_interfaces/custom_interfaces__py/CMakeLists.txt\r\n'}
[27.734000] (-) TimerEvent: {}
[27.734000] (custom_interfaces) StdoutLine: {'line': b'  Building Custom Rule C:/gcamp_ros2_ws/src/gcamp_ros2_basic/custom_interfaces/CMakeLists.txt\r\n'}
[27.844000] (-) TimerEvent: {}
[27.891000] (custom_interfaces) StdoutLine: {'line': b'  _num_s.c\r\n'}
[27.891000] (custom_interfaces) StdoutLine: {'line': b'  _add_three_ints_s.c\r\n'}
[27.891000] (custom_interfaces) StdoutLine: {'line': b'  _turning_control_s.c\r\n'}
[27.891000] (custom_interfaces) StdoutLine: {'line': b'  _fibonacci_s.c\r\n'}
[27.891000] (custom_interfaces) StdoutLine: {'line': b'  _maze_s.c\r\n'}
[27.953000] (-) TimerEvent: {}
[28.062000] (-) TimerEvent: {}
[28.172000] (-) TimerEvent: {}
[28.203000] (custom_interfaces) StdoutLine: {'line': b'     C:/gcamp_ros2_ws/build/custom_interfaces/Release/custom_interfaces__python.lib \xb6\xf3\xc0\xcc\xba\xea\xb7\xaf\xb8\xae \xb9\xd7 C:/gcamp_ros2_ws/build/custom_interfaces/Release/custom_interfaces__python.exp \xb0\xb3\xc3\xbc\xb8\xa6 \xbb\xfd\xbc\xba\xc7\xcf\xb0\xed \xc0\xd6\xbd\xc0\xb4\xcf\xb4\xd9.\r\n'}
[28.281000] (-) TimerEvent: {}
[28.281000] (custom_interfaces) StdoutLine: {'line': b'  custom_interfaces__python.vcxproj -> C:\\gcamp_ros2_ws\\build\\custom_interfaces\\rosidl_generator_py\\custom_interfaces\\custom_interfaces__python.dll\r\n'}
[28.375000] (custom_interfaces) StdoutLine: {'line': b'  Building Custom Rule C:/gcamp_ros2_ws/src/gcamp_ros2_basic/custom_interfaces/CMakeLists.txt\r\n'}
[28.391000] (-) TimerEvent: {}
[28.516000] (-) TimerEvent: {}
[28.516000] (custom_interfaces) StdoutLine: {'line': b'  _custom_interfaces_s.ep.rosidl_typesupport_c.c\r\n'}
[28.625000] (-) TimerEvent: {}
[28.734000] (-) TimerEvent: {}
[28.766000] (custom_interfaces) StdoutLine: {'line': b'     C:/gcamp_ros2_ws/build/custom_interfaces/Release/custom_interfaces_s__rosidl_typesupport_c.lib \xb6\xf3\xc0\xcc\xba\xea\xb7\xaf\xb8\xae \xb9\xd7 C:/gcamp_ros2_ws/build/custom_interfaces/Release/custom_interfaces_s__rosidl_typesupport_c.exp \xb0\xb3\xc3\xbc\xb8\xa6 \xbb\xfd\xbc\xba\xc7\xcf\xb0\xed \xc0\xd6\xbd\xc0\xb4\xcf\xb4\xd9.\r\n'}
[28.828000] (custom_interfaces) StdoutLine: {'line': b'  custom_interfaces__rosidl_typesupport_c__pyext.vcxproj -> C:\\gcamp_ros2_ws\\build\\custom_interfaces\\rosidl_generator_py\\custom_interfaces\\custom_interfaces_s__rosidl_typesupport_c.pyd\r\n'}
[28.844000] (-) TimerEvent: {}
[28.922000] (custom_interfaces) StdoutLine: {'line': b'  Building Custom Rule C:/gcamp_ros2_ws/src/gcamp_ros2_basic/custom_interfaces/CMakeLists.txt\r\n'}
[28.953000] (-) TimerEvent: {}
[29.062000] (-) TimerEvent: {}
[29.062000] (custom_interfaces) StdoutLine: {'line': b'  _custom_interfaces_s.ep.rosidl_typesupport_fastrtps_c.c\r\n'}
[29.187000] (-) TimerEvent: {}
[29.297000] (-) TimerEvent: {}
[29.312000] (custom_interfaces) StdoutLine: {'line': b'     C:/gcamp_ros2_ws/build/custom_interfaces/Release/custom_interfaces_s__rosidl_typesupport_fastrtps_c.lib \xb6\xf3\xc0\xcc\xba\xea\xb7\xaf\xb8\xae \xb9\xd7 C:/gcamp_ros2_ws/build/custom_interfaces/Release/custom_interfaces_s__rosidl_typesupport_fastrtps_c.exp \xb0\xb3\xc3\xbc\xb8\xa6 \xbb\xfd\xbc\xba\xc7\xcf\xb0\xed \xc0\xd6\xbd\xc0\xb4\xcf\xb4\xd9.\r\n'}
[29.391000] (custom_interfaces) StdoutLine: {'line': b'  custom_interfaces__rosidl_typesupport_fastrtps_c__pyext.vcxproj -> C:\\gcamp_ros2_ws\\build\\custom_interfaces\\rosidl_generator_py\\custom_interfaces\\custom_interfaces_s__rosidl_typesupport_fastrtps_c.pyd\r\n'}
[29.406000] (-) TimerEvent: {}
[29.484000] (custom_interfaces) StdoutLine: {'line': b'  Building Custom Rule C:/gcamp_ros2_ws/src/gcamp_ros2_basic/custom_interfaces/CMakeLists.txt\r\n'}
[29.531000] (-) TimerEvent: {}
[29.625000] (custom_interfaces) StdoutLine: {'line': b'  _custom_interfaces_s.ep.rosidl_typesupport_introspection_c.c\r\n'}
[29.641000] (-) TimerEvent: {}
[29.750000] (-) TimerEvent: {}
[29.859000] (custom_interfaces) StdoutLine: {'line': b'     C:/gcamp_ros2_ws/build/custom_interfaces/Release/custom_interfaces_s__rosidl_typesupport_introspection_c.lib \xb6\xf3\xc0\xcc\xba\xea\xb7\xaf\xb8\xae \xb9\xd7 C:/gcamp_ros2_ws/build/custom_interfaces/Release/custom_interfaces_s__rosidl_typesupport_introspection_c.exp \xb0\xb3\xc3\xbc\xb8\xa6 \xbb\xfd\xbc\xba\xc7\xcf\xb0\xed \xc0\xd6\xbd\xc0\xb4\xcf\xb4\xd9.\r\n'}
[29.859000] (-) TimerEvent: {}
[29.906000] (custom_interfaces) StdoutLine: {'line': b'  custom_interfaces__rosidl_typesupport_introspection_c__pyext.vcxproj -> C:\\gcamp_ros2_ws\\build\\custom_interfaces\\rosidl_generator_py\\custom_interfaces\\custom_interfaces_s__rosidl_typesupport_introspection_c.pyd\r\n'}
[29.969000] (-) TimerEvent: {}
[29.984000] (custom_interfaces) StdoutLine: {'line': b'  Building Custom Rule C:/gcamp_ros2_ws/src/gcamp_ros2_basic/custom_interfaces/CMakeLists.txt\r\n'}
[30.078000] (-) TimerEvent: {}
[30.125000] (custom_interfaces) CommandEnded: {'returncode': 0}
[30.125000] (custom_interfaces) JobProgress: {'identifier': 'custom_interfaces', 'progress': 'install'}
[30.187000] (-) TimerEvent: {}
[30.234000] (custom_interfaces) Command: {'cmd': ['c:\\opt\\ros\\foxy\\x64\\Scripts\\cmake.EXE', '--install', 'C:\\gcamp_ros2_ws\\build\\custom_interfaces', '--config', 'Release'], 'cwd': 'C:\\gcamp_ros2_ws\\build\\custom_interfaces', 'env': OrderedDict([('ALLUSERSPROFILE', 'C:\\ProgramData'), ('AMENT_PREFIX_PATH', 'c:\\gcamp_ros2_ws\\install\\gcamp_gazebo;c:\\opt\\ros\\foxy\\x64'), ('APPDATA', 'C:\\Users\\yoonh\\AppData\\Roaming'), ('ChocolateyInstall', 'c:\\opt\\chocolatey'), ('ChocolateyLastPathUpdate', '132766835890628479'), ('CMAKE_PREFIX_PATH', 'c:\\gcamp_ros2_ws\\install\\gcamp_gazebo;c:\\opt\\ros\\foxy\\x64'), ('COLCON', '1'), ('COLCON_PREFIX_PATH', 'c:\\gcamp_ros2_ws\\install\\;c:\\opt\\ros\\foxy\\x64\\'), ('CommandPromptType', 'Native'), ('CommonProgramFiles', 'C:\\Program Files\\Common Files'), ('CommonProgramFiles(x86)', 'C:\\Program Files (x86)\\Common Files'), ('CommonProgramW6432', 'C:\\Program Files\\Common Files'), ('COMPUTERNAME', 'DESKTOP-LM05HEA'), ('ComSpec', 'C:\\Windows\\system32\\cmd.exe'), ('DevEnvDir', 'C:\\Program Files (x86)\\Microsoft Visual Studio\\2019\\Community\\Common7\\IDE\\'), ('DriverData', 'C:\\Windows\\System32\\Drivers\\DriverData'), ('ExtensionSdkDir', 'C:\\Program Files (x86)\\Microsoft SDKs\\Windows Kits\\10\\ExtensionSDKs'), ('Framework40Version', 'v4.0'), ('FrameworkDir', 'C:\\Windows\\Microsoft.NET\\Framework64\\'), ('FrameworkDir64', 'C:\\Windows\\Microsoft.NET\\Framework64\\'), ('FrameworkVersion', 'v4.0.30319'), ('FrameworkVersion64', 'v4.0.30319'), ('HOMEDRIVE', 'C:'), ('HOMEPATH', '\\Users\\yoonh'), ('INCLUDE', 'C:\\Program Files (x86)\\Microsoft Visual Studio\\2019\\Community\\VC\\Tools\\MSVC\\14.29.30133\\ATLMFC\\include;C:\\Program Files (x86)\\Microsoft Visual Studio\\2019\\Community\\VC\\Tools\\MSVC\\14.29.30133\\include;C:\\Program Files (x86)\\Windows Kits\\10\\include\\10.0.19041.0\\ucrt;C:\\Program Files (x86)\\Windows Kits\\10\\include\\10.0.19041.0\\shared;C:\\Program Files (x86)\\Windows Kits\\10\\include\\10.0.19041.0\\um;C:\\Program Files (x86)\\Windows Kits\\10\\include\\10.0.19041.0\\winrt;C:\\Program Files (x86)\\Windows Kits\\10\\include\\10.0.19041.0\\cppwinrt'), ('LIB', 'C:\\Program Files (x86)\\Microsoft Visual Studio\\2019\\Community\\VC\\Tools\\MSVC\\14.29.30133\\ATLMFC\\lib\\x64;C:\\Program Files (x86)\\Microsoft Visual Studio\\2019\\Community\\VC\\Tools\\MSVC\\14.29.30133\\lib\\x64;C:\\Program Files (x86)\\Windows Kits\\10\\lib\\10.0.19041.0\\ucrt\\x64;C:\\Program Files (x86)\\Windows Kits\\10\\lib\\10.0.19041.0\\um\\x64'), ('LIBPATH', 'C:\\Program Files (x86)\\Microsoft Visual Studio\\2019\\Community\\VC\\Tools\\MSVC\\14.29.30133\\ATLMFC\\lib\\x64;C:\\Program Files (x86)\\Microsoft Visual Studio\\2019\\Community\\VC\\Tools\\MSVC\\14.29.30133\\lib\\x64;C:\\Program Files (x86)\\Microsoft Visual Studio\\2019\\Community\\VC\\Tools\\MSVC\\14.29.30133\\lib\\x86\\store\\references;C:\\Program Files (x86)\\Windows Kits\\10\\UnionMetadata\\10.0.19041.0;C:\\Program Files (x86)\\Windows Kits\\10\\References\\10.0.19041.0;C:\\Windows\\Microsoft.NET\\Framework64\\v4.0.30319'), ('LOCALAPPDATA', 'C:\\Users\\yoonh\\AppData\\Local'), ('LOGONSERVER', '\\\\DESKTOP-LM05HEA'), ('NUMBER_OF_PROCESSORS', '12'), ('OneDrive', 'C:\\Users\\yoonh\\OneDrive'), ('OPENSSL_CONF', 'C:\\Program Files\\OpenSSL-Win64\\bin\\openssl.cfg'), ('OS', 'Windows_NT'), ('Path', 'c:\\opt\\ros\\foxy\\x64\\;c:\\opt\\ros\\foxy\\x64\\Scripts;c:\\opt\\ros\\foxy\\x64\\bin;C:\\Program Files (x86)\\Microsoft Visual Studio\\2019\\Community\\Common7\\IDE\\\\Extensions\\Microsoft\\IntelliCode\\CLI;C:\\Program Files (x86)\\Microsoft Visual Studio\\2019\\Community\\VC\\Tools\\MSVC\\14.29.30133\\bin\\HostX64\\x64;C:\\Program Files (x86)\\Microsoft Visual Studio\\2019\\Community\\Common7\\IDE\\VC\\VCPackages;C:\\Program Files (x86)\\Microsoft Visual Studio\\2019\\Community\\Common7\\IDE\\CommonExtensions\\Microsoft\\TestWindow;C:\\Program Files (x86)\\Microsoft Visual Studio\\2019\\Community\\Common7\\IDE\\CommonExtensions\\Microsoft\\TeamFoundation\\Team Explorer;C:\\Program Files (x86)\\Microsoft Visual Studio\\2019\\Community\\MSBuild\\Current\\bin\\Roslyn;C:\\Program Files (x86)\\Microsoft Visual Studio\\2019\\Community\\Team Tools\\Performance Tools\\x64;C:\\Program Files (x86)\\Microsoft Visual Studio\\2019\\Community\\Team Tools\\Performance Tools;C:\\Program Files (x86)\\Microsoft Visual Studio\\Shared\\Common\\VSPerfCollectionTools\\vs2019\\\\x64;C:\\Program Files (x86)\\Microsoft Visual Studio\\Shared\\Common\\VSPerfCollectionTools\\vs2019\\;C:\\Program Files (x86)\\Microsoft Visual Studio\\2019\\Community\\Common7\\Tools\\devinit;C:\\Program Files (x86)\\Windows Kits\\10\\bin\\10.0.19041.0\\x64;C:\\Program Files (x86)\\Windows Kits\\10\\bin\\x64;C:\\Program Files (x86)\\Microsoft Visual Studio\\2019\\Community\\\\MSBuild\\Current\\Bin;C:\\Windows\\Microsoft.NET\\Framework64\\v4.0.30319;C:\\Program Files (x86)\\Microsoft Visual Studio\\2019\\Community\\Common7\\IDE\\;C:\\Program Files (x86)\\Microsoft Visual Studio\\2019\\Community\\Common7\\Tools\\;C:\\Python38\\Scripts\\;C:\\Python38\\;C:\\Windows\\system32;C:\\Windows;C:\\Windows\\System32\\Wbem;C:\\Windows\\System32\\WindowsPowerShell\\v1.0\\;C:\\Windows\\System32\\OpenSSH\\;C:\\Program Files\\MATLAB\\R2020a\\runtime\\win64;C:\\Program Files\\MATLAB\\R2020a\\bin;C:\\ProgramData\\chocolatey\\bin;C:\\Program Files\\Git\\cmd;C:\\Users\\yoonh\\AppData\\Local\\Programs\\Python\\Python39\\Scripts\\;C:\\Users\\yoonh\\AppData\\Local\\Programs\\Python\\Python39\\;C:\\Users\\yoonh\\AppData\\Local\\Microsoft\\WindowsApps;C:\\Users\\yoonh\\AppData\\Local\\Programs\\Microsoft VS Code\\bin;C:\\Program?Files\\CMake\\bin;C:\\Program Files\\OpenSSL-Win64\\bin\\;C:\\Program Files (x86)\\Microsoft Visual Studio\\2019\\Community\\Common7\\IDE\\CommonExtensions\\Microsoft\\CMake\\CMake\\bin;C:\\Program Files (x86)\\Microsoft Visual Studio\\2019\\Community\\Common7\\IDE\\CommonExtensions\\Microsoft\\CMake\\Ninja'), ('PATHEXT', '.COM;.EXE;.BAT;.CMD;.VBS;.VBE;.JS;.JSE;.WSF;.WSH;.MSC;.PY;.PYW'), ('PKG_CONFIG_PATH', 'c:\\opt\\ros\\foxy\\x64\\lib\\pkgconfig'), ('PROCESSOR_ARCHITECTURE', 'AMD64'), ('PROCESSOR_IDENTIFIER', 'AMD64 Family 23 Model 104 Stepping 1, AuthenticAMD'), ('PROCESSOR_LEVEL', '23'), ('PROCESSOR_REVISION', '6801'), ('ProgramData', 'C:\\ProgramData'), ('ProgramFiles', 'C:\\Program Files'), ('ProgramFiles(x86)', 'C:\\Program Files (x86)'), ('ProgramW6432', 'C:\\Program Files'), ('PROMPT', '$P$G'), ('PSModulePath', 'C:\\Program Files\\WindowsPowerShell\\Modules;C:\\Windows\\system32\\WindowsPowerShell\\v1.0\\Modules'), ('PUBLIC', 'C:\\Users\\Public'), ('PYTHONPATH', 'c:\\opt\\ros\\foxy\\x64\\Lib\\site-packages'), ('ROS_DISTRO', 'foxy'), ('ROS_LOCALHOST_ONLY', '0'), ('ROS_PYTHON_VERSION', '3'), ('ROS_VERSION', '2'), ('SystemDrive', 'C:'), ('SystemRoot', 'C:\\Windows'), ('TEMP', 'C:\\Users\\yoonh\\AppData\\Local\\Temp'), ('TMP', 'C:\\Users\\yoonh\\AppData\\Local\\Temp'), ('UCRTVersion', '10.0.19041.0'), ('UniversalCRTSdkDir', 'C:\\Program Files (x86)\\Windows Kits\\10\\'), ('USERDOMAIN', 'DESKTOP-LM05HEA'), ('USERDOMAIN_ROAMINGPROFILE', 'DESKTOP-LM05HEA'), ('USERNAME', 'yoonh'), ('USERPROFILE', 'C:\\Users\\yoonh'), ('VCIDEInstallDir', 'C:\\Program Files (x86)\\Microsoft Visual Studio\\2019\\Community\\Common7\\IDE\\VC\\'), ('VCINSTALLDIR', 'C:\\Program Files (x86)\\Microsoft Visual Studio\\2019\\Community\\VC\\'), ('VCToolsInstallDir', 'C:\\Program Files (x86)\\Microsoft Visual Studio\\2019\\Community\\VC\\Tools\\MSVC\\14.29.30133\\'), ('VCToolsRedistDir', 'C:\\Program Files (x86)\\Microsoft Visual Studio\\2019\\Community\\VC\\Redist\\MSVC\\14.29.30133\\'), ('VCToolsVersion', '14.29.30133'), ('VisualStudioVersion', '16.0'), ('VS160COMNTOOLS', 'C:\\Program Files (x86)\\Microsoft Visual Studio\\2019\\Community\\Common7\\Tools\\'), ('VSCMD_ARG_app_plat', 'Desktop'), ('VSCMD_ARG_HOST_ARCH', 'x64'), ('VSCMD_ARG_TGT_ARCH', 'x64'), ('VSCMD_VER', '16.11.3'), ('VSINSTALLDIR', 'C:\\Program Files (x86)\\Microsoft Visual Studio\\2019\\Community\\'), ('windir', 'C:\\Windows'), ('WindowsLibPath', 'C:\\Program Files (x86)\\Windows Kits\\10\\UnionMetadata\\10.0.19041.0;C:\\Program Files (x86)\\Windows Kits\\10\\References\\10.0.19041.0'), ('WindowsSdkBinPath', 'C:\\Program Files (x86)\\Windows Kits\\10\\bin\\'), ('WindowsSdkDir', 'C:\\Program Files (x86)\\Windows Kits\\10\\'), ('WindowsSDKLibVersion', '10.0.19041.0\\'), ('WindowsSdkVerBinPath', 'C:\\Program Files (x86)\\Windows Kits\\10\\bin\\10.0.19041.0\\'), ('WindowsSDKVersion', '10.0.19041.0\\'), ('WSLENV', 'WT_SESSION::WT_PROFILE_ID'), ('WT_PROFILE_ID', '{26870cbf-8b22-46e1-8f48-4248a3ba2ec7}'), ('WT_SESSION', '3cb7252b-3e78-4279-8e28-f45c825f2042'), ('__devinit_path', 'C:\\Program Files (x86)\\Microsoft Visual Studio\\2019\\Community\\Common7\\Tools\\devinit\\devinit.exe'), ('__DOTNET_ADD_64BIT', '1'), ('__DOTNET_PREFERRED_BITNESS', '64'), ('__VSCMD_PREINIT_PATH', 'C:\\Python38\\Scripts\\;C:\\Python38\\;C:\\Windows\\system32;C:\\Windows;C:\\Windows\\System32\\Wbem;C:\\Windows\\System32\\WindowsPowerShell\\v1.0\\;C:\\Windows\\System32\\OpenSSH\\;C:\\Program Files\\MATLAB\\R2020a\\runtime\\win64;C:\\Program Files\\MATLAB\\R2020a\\bin;C:\\ProgramData\\chocolatey\\bin;C:\\Program Files\\Git\\cmd;C:\\Users\\yoonh\\AppData\\Local\\Programs\\Python\\Python39\\Scripts\\;C:\\Users\\yoonh\\AppData\\Local\\Programs\\Python\\Python39\\;C:\\Users\\yoonh\\AppData\\Local\\Microsoft\\WindowsApps;C:\\Users\\yoonh\\AppData\\Local\\Programs\\Microsoft VS Code\\bin;C:\\Program?Files\\CMake\\bin;C:\\Program Files\\OpenSSL-Win64\\bin\\'), ('__VSCMD_script_err_count', '0')]), 'shell': False}
[30.297000] (-) TimerEvent: {}
[30.344000] (custom_interfaces) StdoutLine: {'line': b'-- Execute custom install script\n'}
[30.344000] (custom_interfaces) StdoutLine: {'line': b'-- Symlinking: C:/gcamp_ros2_ws/install/custom_interfaces/share/ament_index/resource_index/rosidl_interfaces/custom_interfaces\n'}
[30.391000] (custom_interfaces) StdoutLine: {'line': b'-- Symlinking: C:/gcamp_ros2_ws/install/custom_interfaces/include/custom_interfaces/action/detail/fibonacci__functions.h\n'}
[30.406000] (-) TimerEvent: {}
[30.406000] (custom_interfaces) StdoutLine: {'line': b'-- Symlinking: C:/gcamp_ros2_ws/install/custom_interfaces/include/custom_interfaces/action/detail/fibonacci__struct.h\n'}
[30.437000] (custom_interfaces) StdoutLine: {'line': b'-- Symlinking: C:/gcamp_ros2_ws/install/custom_interfaces/include/custom_interfaces/action/detail/fibonacci__type_support.h\n'}
[30.469000] (custom_interfaces) StdoutLine: {'line': b'-- Symlinking: C:/gcamp_ros2_ws/install/custom_interfaces/include/custom_interfaces/action/detail/maze__functions.h\n'}
[30.500000] (custom_interfaces) StdoutLine: {'line': b'-- Symlinking: C:/gcamp_ros2_ws/install/custom_interfaces/include/custom_interfaces/action/detail/maze__struct.h\n'}
[30.516000] (-) TimerEvent: {}
[30.516000] (custom_interfaces) StdoutLine: {'line': b'-- Symlinking: C:/gcamp_ros2_ws/install/custom_interfaces/include/custom_interfaces/action/detail/maze__type_support.h\n'}
[30.531000] (custom_interfaces) StdoutLine: {'line': b'-- Symlinking: C:/gcamp_ros2_ws/install/custom_interfaces/include/custom_interfaces/action/fibonacci.h\n'}
[30.562000] (custom_interfaces) StdoutLine: {'line': b'-- Symlinking: C:/gcamp_ros2_ws/install/custom_interfaces/include/custom_interfaces/action/maze.h\n'}
[30.578000] (custom_interfaces) StdoutLine: {'line': b'-- Symlinking: C:/gcamp_ros2_ws/install/custom_interfaces/include/custom_interfaces/msg/detail/num__functions.h\n'}
[30.594000] (custom_interfaces) StdoutLine: {'line': b'-- Symlinking: C:/gcamp_ros2_ws/install/custom_interfaces/include/custom_interfaces/msg/detail/num__struct.h\n'}
[30.625000] (custom_interfaces) StdoutLine: {'line': b'-- Symlinking: C:/gcamp_ros2_ws/install/custom_interfaces/include/custom_interfaces/msg/detail/num__type_support.h\n'}
[30.625000] (-) TimerEvent: {}
[30.641000] (custom_interfaces) StdoutLine: {'line': b'-- Symlinking: C:/gcamp_ros2_ws/install/custom_interfaces/include/custom_interfaces/msg/num.h\n'}
[30.656000] (custom_interfaces) StdoutLine: {'line': b'-- Symlinking: C:/gcamp_ros2_ws/install/custom_interfaces/include/custom_interfaces/msg/rosidl_generator_c__visibility_control.h\n'}
[30.687000] (custom_interfaces) StdoutLine: {'line': b'-- Symlinking: C:/gcamp_ros2_ws/install/custom_interfaces/include/custom_interfaces/srv/add_three_ints.h\n'}
[30.703000] (custom_interfaces) StdoutLine: {'line': b'-- Symlinking: C:/gcamp_ros2_ws/install/custom_interfaces/include/custom_interfaces/srv/detail/add_three_ints__functions.h\n'}
[30.734000] (custom_interfaces) StdoutLine: {'line': b'-- Symlinking: C:/gcamp_ros2_ws/install/custom_interfaces/include/custom_interfaces/srv/detail/add_three_ints__struct.h\n'}
[30.734000] (-) TimerEvent: {}
[30.750000] (custom_interfaces) StdoutLine: {'line': b'-- Symlinking: C:/gcamp_ros2_ws/install/custom_interfaces/include/custom_interfaces/srv/detail/add_three_ints__type_support.h\n'}
[30.766000] (custom_interfaces) StdoutLine: {'line': b'-- Symlinking: C:/gcamp_ros2_ws/install/custom_interfaces/include/custom_interfaces/srv/detail/turning_control__functions.h\n'}
[30.797000] (custom_interfaces) StdoutLine: {'line': b'-- Symlinking: C:/gcamp_ros2_ws/install/custom_interfaces/include/custom_interfaces/srv/detail/turning_control__struct.h\n'}
[30.812000] (custom_interfaces) StdoutLine: {'line': b'-- Symlinking: C:/gcamp_ros2_ws/install/custom_interfaces/include/custom_interfaces/srv/detail/turning_control__type_support.h\n'}
[30.828000] (custom_interfaces) StdoutLine: {'line': b'-- Symlinking: C:/gcamp_ros2_ws/install/custom_interfaces/include/custom_interfaces/srv/turning_control.h\n'}
[30.844000] (-) TimerEvent: {}
[30.859000] (custom_interfaces) StdoutLine: {'line': b'-- Symlinking: C:/gcamp_ros2_ws/install/custom_interfaces/include/custom_interfaces/action/detail/fibonacci__rosidl_typesupport_fastrtps_c.h\n'}
[30.891000] (custom_interfaces) StdoutLine: {'line': b'-- Symlinking: C:/gcamp_ros2_ws/install/custom_interfaces/include/custom_interfaces/action/detail/maze__rosidl_typesupport_fastrtps_c.h\n'}
[30.906000] (custom_interfaces) StdoutLine: {'line': b'-- Symlinking: C:/gcamp_ros2_ws/install/custom_interfaces/include/custom_interfaces/msg/detail/num__rosidl_typesupport_fastrtps_c.h\n'}
[30.922000] (custom_interfaces) StdoutLine: {'line': b'-- Symlinking: C:/gcamp_ros2_ws/install/custom_interfaces/include/custom_interfaces/msg/rosidl_typesupport_fastrtps_c__visibility_control.h\n'}
[30.953000] (-) TimerEvent: {}
[30.953000] (custom_interfaces) StdoutLine: {'line': b'-- Symlinking: C:/gcamp_ros2_ws/install/custom_interfaces/include/custom_interfaces/srv/detail/add_three_ints__rosidl_typesupport_fastrtps_c.h\n'}
[30.969000] (custom_interfaces) StdoutLine: {'line': b'-- Symlinking: C:/gcamp_ros2_ws/install/custom_interfaces/include/custom_interfaces/srv/detail/turning_control__rosidl_typesupport_fastrtps_c.h\n'}
[30.984000] (custom_interfaces) StdoutLine: {'line': b'-- Symlinking: C:/gcamp_ros2_ws/install/custom_interfaces/bin/custom_interfaces__rosidl_typesupport_fastrtps_c.dll\n'}
[31.000000] (custom_interfaces) StdoutLine: {'line': b'-- Symlinking: C:/gcamp_ros2_ws/install/custom_interfaces/lib/custom_interfaces__rosidl_typesupport_fastrtps_c.lib\n'}
[31.031000] (custom_interfaces) StdoutLine: {'line': b'-- Symlinking: C:/gcamp_ros2_ws/install/custom_interfaces/include/custom_interfaces/action/detail/fibonacci__rosidl_typesupport_fastrtps_cpp.hpp\n'}
[31.047000] (custom_interfaces) StdoutLine: {'line': b'-- Symlinking: C:/gcamp_ros2_ws/install/custom_interfaces/include/custom_interfaces/action/detail/maze__rosidl_typesupport_fastrtps_cpp.hpp\n'}
[31.062000] (-) TimerEvent: {}
[31.078000] (custom_interfaces) StdoutLine: {'line': b'-- Symlinking: C:/gcamp_ros2_ws/install/custom_interfaces/include/custom_interfaces/msg/detail/num__rosidl_typesupport_fastrtps_cpp.hpp\n'}
[31.094000] (custom_interfaces) StdoutLine: {'line': b'-- Symlinking: C:/gcamp_ros2_ws/install/custom_interfaces/include/custom_interfaces/msg/rosidl_typesupport_fastrtps_cpp__visibility_control.h\n'}
[31.109000] (custom_interfaces) StdoutLine: {'line': b'-- Symlinking: C:/gcamp_ros2_ws/install/custom_interfaces/include/custom_interfaces/srv/detail/add_three_ints__rosidl_typesupport_fastrtps_cpp.hpp\n'}
[31.125000] (custom_interfaces) StdoutLine: {'line': b'-- Symlinking: C:/gcamp_ros2_ws/install/custom_interfaces/include/custom_interfaces/srv/detail/turning_control__rosidl_typesupport_fastrtps_cpp.hpp\n'}
[31.172000] (custom_interfaces) StdoutLine: {'line': b'-- Symlinking: C:/gcamp_ros2_ws/install/custom_interfaces/bin/custom_interfaces__rosidl_typesupport_fastrtps_cpp.dll\n'}
[31.172000] (-) TimerEvent: {}
[31.187000] (custom_interfaces) StdoutLine: {'line': b'-- Symlinking: C:/gcamp_ros2_ws/install/custom_interfaces/lib/custom_interfaces__rosidl_typesupport_fastrtps_cpp.lib\n'}
[31.219000] (custom_interfaces) StdoutLine: {'line': b'-- Symlinking: C:/gcamp_ros2_ws/install/custom_interfaces/include/custom_interfaces/action/detail/fibonacci__rosidl_typesupport_introspection_c.h\n'}
[31.234000] (custom_interfaces) StdoutLine: {'line': b'-- Symlinking: C:/gcamp_ros2_ws/install/custom_interfaces/include/custom_interfaces/action/detail/maze__rosidl_typesupport_introspection_c.h\n'}
[31.250000] (custom_interfaces) StdoutLine: {'line': b'-- Symlinking: C:/gcamp_ros2_ws/install/custom_interfaces/include/custom_interfaces/msg/detail/num__rosidl_typesupport_introspection_c.h\n'}
[31.281000] (custom_interfaces) StdoutLine: {'line': b'-- Symlinking: C:/gcamp_ros2_ws/install/custom_interfaces/include/custom_interfaces/msg/rosidl_typesupport_introspection_c__visibility_control.h\n'}
[31.281000] (-) TimerEvent: {}
[31.297000] (custom_interfaces) StdoutLine: {'line': b'-- Symlinking: C:/gcamp_ros2_ws/install/custom_interfaces/include/custom_interfaces/srv/detail/add_three_ints__rosidl_typesupport_introspection_c.h\n'}
[31.312000] (custom_interfaces) StdoutLine: {'line': b'-- Symlinking: C:/gcamp_ros2_ws/install/custom_interfaces/include/custom_interfaces/srv/detail/turning_control__rosidl_typesupport_introspection_c.h\n'}
[31.359000] (custom_interfaces) StdoutLine: {'line': b'-- Symlinking: C:/gcamp_ros2_ws/install/custom_interfaces/include/custom_interfaces/action/detail/fibonacci__builder.hpp\n'}
[31.375000] (custom_interfaces) StdoutLine: {'line': b'-- Symlinking: C:/gcamp_ros2_ws/install/custom_interfaces/include/custom_interfaces/action/detail/fibonacci__struct.hpp\n'}
[31.391000] (custom_interfaces) StdoutLine: {'line': b'-- Symlinking: C:/gcamp_ros2_ws/install/custom_interfaces/include/custom_interfaces/action/detail/fibonacci__traits.hpp\n'}
[31.391000] (-) TimerEvent: {}
[31.422000] (custom_interfaces) StdoutLine: {'line': b'-- Symlinking: C:/gcamp_ros2_ws/install/custom_interfaces/include/custom_interfaces/action/detail/maze__builder.hpp\n'}
[31.437000] (custom_interfaces) StdoutLine: {'line': b'-- Symlinking: C:/gcamp_ros2_ws/install/custom_interfaces/include/custom_interfaces/action/detail/maze__struct.hpp\n'}
[31.453000] (custom_interfaces) StdoutLine: {'line': b'-- Symlinking: C:/gcamp_ros2_ws/install/custom_interfaces/include/custom_interfaces/action/detail/maze__traits.hpp\n'}
[31.469000] (custom_interfaces) StdoutLine: {'line': b'-- Symlinking: C:/gcamp_ros2_ws/install/custom_interfaces/include/custom_interfaces/action/fibonacci.hpp\n'}
[31.500000] (-) TimerEvent: {}
[31.500000] (custom_interfaces) StdoutLine: {'line': b'-- Symlinking: C:/gcamp_ros2_ws/install/custom_interfaces/include/custom_interfaces/action/maze.hpp\n'}
[31.531000] (custom_interfaces) StdoutLine: {'line': b'-- Symlinking: C:/gcamp_ros2_ws/install/custom_interfaces/include/custom_interfaces/msg/detail/num__builder.hpp\n'}
[31.547000] (custom_interfaces) StdoutLine: {'line': b'-- Symlinking: C:/gcamp_ros2_ws/install/custom_interfaces/include/custom_interfaces/msg/detail/num__struct.hpp\n'}
[31.562000] (custom_interfaces) StdoutLine: {'line': b'-- Symlinking: C:/gcamp_ros2_ws/install/custom_interfaces/include/custom_interfaces/msg/detail/num__traits.hpp\n'}
[31.594000] (custom_interfaces) StdoutLine: {'line': b'-- Symlinking: C:/gcamp_ros2_ws/install/custom_interfaces/include/custom_interfaces/msg/num.hpp\n'}
[31.609000] (-) TimerEvent: {}
[31.609000] (custom_interfaces) StdoutLine: {'line': b'-- Symlinking: C:/gcamp_ros2_ws/install/custom_interfaces/include/custom_interfaces/srv/add_three_ints.hpp\n'}
[31.641000] (custom_interfaces) StdoutLine: {'line': b'-- Symlinking: C:/gcamp_ros2_ws/install/custom_interfaces/include/custom_interfaces/srv/detail/add_three_ints__builder.hpp\n'}
[31.656000] (custom_interfaces) StdoutLine: {'line': b'-- Symlinking: C:/gcamp_ros2_ws/install/custom_interfaces/include/custom_interfaces/srv/detail/add_three_ints__struct.hpp\n'}
[31.672000] (custom_interfaces) StdoutLine: {'line': b'-- Symlinking: C:/gcamp_ros2_ws/install/custom_interfaces/include/custom_interfaces/srv/detail/add_three_ints__traits.hpp\n'}
[31.703000] (custom_interfaces) StdoutLine: {'line': b'-- Symlinking: C:/gcamp_ros2_ws/install/custom_interfaces/include/custom_interfaces/srv/detail/turning_control__builder.hpp\n'}
[31.719000] (-) TimerEvent: {}
[31.719000] (custom_interfaces) StdoutLine: {'line': b'-- Symlinking: C:/gcamp_ros2_ws/install/custom_interfaces/include/custom_interfaces/srv/detail/turning_control__struct.hpp\n'}
[31.750000] (custom_interfaces) StdoutLine: {'line': b'-- Symlinking: C:/gcamp_ros2_ws/install/custom_interfaces/include/custom_interfaces/srv/detail/turning_control__traits.hpp\n'}
[31.766000] (custom_interfaces) StdoutLine: {'line': b'-- Symlinking: C:/gcamp_ros2_ws/install/custom_interfaces/include/custom_interfaces/srv/turning_control.hpp\n'}
[31.781000] (custom_interfaces) StdoutLine: {'line': b'-- Symlinking: C:/gcamp_ros2_ws/install/custom_interfaces/include/custom_interfaces/action/detail/fibonacci__rosidl_typesupport_introspection_cpp.hpp\n'}
[31.812000] (custom_interfaces) StdoutLine: {'line': b'-- Symlinking: C:/gcamp_ros2_ws/install/custom_interfaces/include/custom_interfaces/action/detail/maze__rosidl_typesupport_introspection_cpp.hpp\n'}
[31.828000] (-) TimerEvent: {}
[31.828000] (custom_interfaces) StdoutLine: {'line': b'-- Symlinking: C:/gcamp_ros2_ws/install/custom_interfaces/include/custom_interfaces/msg/detail/num__rosidl_typesupport_introspection_cpp.hpp\n'}
[31.844000] (custom_interfaces) StdoutLine: {'line': b'-- Symlinking: C:/gcamp_ros2_ws/install/custom_interfaces/include/custom_interfaces/srv/detail/add_three_ints__rosidl_typesupport_introspection_cpp.hpp\n'}
[31.875000] (custom_interfaces) StdoutLine: {'line': b'-- Symlinking: C:/gcamp_ros2_ws/install/custom_interfaces/include/custom_interfaces/srv/detail/turning_control__rosidl_typesupport_introspection_cpp.hpp\n'}
[31.891000] (custom_interfaces) StdoutLine: {'line': b'-- Symlinking: C:/gcamp_ros2_ws/install/custom_interfaces/share/custom_interfaces/environment/pythonpath.bat\n'}
[31.922000] (custom_interfaces) StdoutLine: {'line': b'-- Symlinking: C:/gcamp_ros2_ws/install/custom_interfaces/share/custom_interfaces/environment/pythonpath.dsv\n'}
[31.937000] (custom_interfaces) StdoutLine: {'line': b'-- Symlinking: C:/gcamp_ros2_ws/install/custom_interfaces/Lib/site-packages/custom_interfaces/__init__.py\n'}
[31.937000] (-) TimerEvent: {}
[31.953000] (custom_interfaces) StdoutLine: {'line': b'-- Symlinking: C:/gcamp_ros2_ws/install/custom_interfaces/Lib/site-packages/custom_interfaces/msg/__init__.py\n'}
[31.984000] (custom_interfaces) StdoutLine: {'line': b'-- Symlinking: C:/gcamp_ros2_ws/install/custom_interfaces/Lib/site-packages/custom_interfaces/msg/_num.py\n'}
[32.000000] (custom_interfaces) StdoutLine: {'line': b'-- Symlinking: C:/gcamp_ros2_ws/install/custom_interfaces/Lib/site-packages/custom_interfaces/srv/__init__.py\n'}
[32.016000] (custom_interfaces) StdoutLine: {'line': b'-- Symlinking: C:/gcamp_ros2_ws/install/custom_interfaces/Lib/site-packages/custom_interfaces/srv/_add_three_ints.py\n'}
[32.047000] (custom_interfaces) StdoutLine: {'line': b'-- Symlinking: C:/gcamp_ros2_ws/install/custom_interfaces/Lib/site-packages/custom_interfaces/srv/_turning_control.py\n'}
[32.047000] (-) TimerEvent: {}
[32.062000] (custom_interfaces) StdoutLine: {'line': b'-- Symlinking: C:/gcamp_ros2_ws/install/custom_interfaces/Lib/site-packages/custom_interfaces/action/__init__.py\n'}
[32.094000] (custom_interfaces) StdoutLine: {'line': b'-- Symlinking: C:/gcamp_ros2_ws/install/custom_interfaces/Lib/site-packages/custom_interfaces/action/_fibonacci.py\n'}
[32.125000] (custom_interfaces) StdoutLine: {'line': b'-- Symlinking: C:/gcamp_ros2_ws/install/custom_interfaces/Lib/site-packages/custom_interfaces/action/_maze.py\n'}
[32.141000] (custom_interfaces) StdoutLine: {'line': b'-- Symlinking: C:/gcamp_ros2_ws/install/custom_interfaces/Lib/site-packages/custom_interfaces/custom_interfaces_s__rosidl_typesupport_fastrtps_c.pyd\n'}
[32.156000] (custom_interfaces) StdoutLine: {'line': b'-- Symlinking: C:/gcamp_ros2_ws/install/custom_interfaces/Lib/site-packages/custom_interfaces/custom_interfaces_s__rosidl_typesupport_fastrtps_c.lib\n'}
[32.156000] (-) TimerEvent: {}
[32.187000] (custom_interfaces) StdoutLine: {'line': b'-- Symlinking: C:/gcamp_ros2_ws/install/custom_interfaces/Lib/site-packages/custom_interfaces/custom_interfaces_s__rosidl_typesupport_introspection_c.pyd\n'}
[32.203000] (custom_interfaces) StdoutLine: {'line': b'-- Symlinking: C:/gcamp_ros2_ws/install/custom_interfaces/Lib/site-packages/custom_interfaces/custom_interfaces_s__rosidl_typesupport_introspection_c.lib\n'}
[32.219000] (custom_interfaces) StdoutLine: {'line': b'-- Symlinking: C:/gcamp_ros2_ws/install/custom_interfaces/Lib/site-packages/custom_interfaces/custom_interfaces_s__rosidl_typesupport_c.pyd\n'}
[32.234000] (custom_interfaces) StdoutLine: {'line': b'-- Symlinking: C:/gcamp_ros2_ws/install/custom_interfaces/Lib/site-packages/custom_interfaces/custom_interfaces_s__rosidl_typesupport_c.lib\n'}
[32.266000] (custom_interfaces) StdoutLine: {'line': b'-- Symlinking: C:/gcamp_ros2_ws/install/custom_interfaces/bin/custom_interfaces__python.dll\n'}
[32.266000] (-) TimerEvent: {}
[32.281000] (custom_interfaces) StdoutLine: {'line': b'-- Symlinking: C:/gcamp_ros2_ws/install/custom_interfaces/lib/custom_interfaces__python.lib\n'}
[32.297000] (custom_interfaces) StdoutLine: {'line': b'-- Symlinking: C:/gcamp_ros2_ws/install/custom_interfaces/share/custom_interfaces/msg/Num.idl\n'}
[32.328000] (custom_interfaces) StdoutLine: {'line': b'-- Symlinking: C:/gcamp_ros2_ws/install/custom_interfaces/share/custom_interfaces/srv/AddThreeInts.idl\n'}
[32.359000] (custom_interfaces) StdoutLine: {'line': b'-- Symlinking: C:/gcamp_ros2_ws/install/custom_interfaces/share/custom_interfaces/srv/TurningControl.idl\n'}
[32.375000] (-) TimerEvent: {}
[32.375000] (custom_interfaces) StdoutLine: {'line': b'-- Symlinking: C:/gcamp_ros2_ws/install/custom_interfaces/share/custom_interfaces/action/Fibonacci.idl\n'}
[32.406000] (custom_interfaces) StdoutLine: {'line': b'-- Symlinking: C:/gcamp_ros2_ws/install/custom_interfaces/share/custom_interfaces/action/Maze.idl\n'}
[32.422000] (custom_interfaces) StdoutLine: {'line': b'-- Symlinking: C:/gcamp_ros2_ws/install/custom_interfaces/share/custom_interfaces/msg/Num.msg\n'}
[32.437000] (custom_interfaces) StdoutLine: {'line': b'-- Symlinking: C:/gcamp_ros2_ws/install/custom_interfaces/share/custom_interfaces/srv/AddThreeInts.srv\n'}
[32.469000] (custom_interfaces) StdoutLine: {'line': b'-- Symlinking: C:/gcamp_ros2_ws/install/custom_interfaces/share/custom_interfaces/srv/AddThreeInts_Request.msg\n'}
[32.484000] (-) TimerEvent: {}
[32.500000] (custom_interfaces) StdoutLine: {'line': b'-- Symlinking: C:/gcamp_ros2_ws/install/custom_interfaces/share/custom_interfaces/srv/AddThreeInts_Response.msg\n'}
[32.516000] (custom_interfaces) StdoutLine: {'line': b'-- Symlinking: C:/gcamp_ros2_ws/install/custom_interfaces/share/custom_interfaces/srv/TurningControl.srv\n'}
[32.547000] (custom_interfaces) StdoutLine: {'line': b'-- Symlinking: C:/gcamp_ros2_ws/install/custom_interfaces/share/custom_interfaces/srv/TurningControl_Request.msg\n'}
[32.562000] (custom_interfaces) StdoutLine: {'line': b'-- Symlinking: C:/gcamp_ros2_ws/install/custom_interfaces/share/custom_interfaces/srv/TurningControl_Response.msg\n'}
[32.578000] (custom_interfaces) StdoutLine: {'line': b'-- Symlinking: C:/gcamp_ros2_ws/install/custom_interfaces/share/custom_interfaces/action/Fibonacci.action\n'}
[32.594000] (-) TimerEvent: {}
[32.609000] (custom_interfaces) StdoutLine: {'line': b'-- Symlinking: C:/gcamp_ros2_ws/install/custom_interfaces/share/custom_interfaces/action/Maze.action\n'}
[32.625000] (custom_interfaces) StdoutLine: {'line': b'-- Symlinking: C:/gcamp_ros2_ws/install/custom_interfaces/share/ament_index/resource_index/package_run_dependencies/custom_interfaces\n'}
[32.656000] (custom_interfaces) StdoutLine: {'line': b'-- Symlinking: C:/gcamp_ros2_ws/install/custom_interfaces/share/ament_index/resource_index/parent_prefix_path/custom_interfaces\n'}
[32.672000] (custom_interfaces) StdoutLine: {'line': b'-- Symlinking: C:/gcamp_ros2_ws/install/custom_interfaces/share/custom_interfaces/environment/ament_prefix_path.bat\n'}
[32.687000] (custom_interfaces) StdoutLine: {'line': b'-- Symlinking: C:/gcamp_ros2_ws/install/custom_interfaces/share/custom_interfaces/environment/ament_prefix_path.dsv\n'}
[32.719000] (-) TimerEvent: {}
[32.719000] (custom_interfaces) StdoutLine: {'line': b'-- Symlinking: C:/gcamp_ros2_ws/install/custom_interfaces/share/custom_interfaces/environment/path.bat\n'}
[32.734000] (custom_interfaces) StdoutLine: {'line': b'-- Symlinking: C:/gcamp_ros2_ws/install/custom_interfaces/share/custom_interfaces/environment/path.dsv\n'}
[32.750000] (custom_interfaces) StdoutLine: {'line': b'-- Symlinking: C:/gcamp_ros2_ws/install/custom_interfaces/share/custom_interfaces/local_setup.bat\n'}
[32.781000] (custom_interfaces) StdoutLine: {'line': b'-- Symlinking: C:/gcamp_ros2_ws/install/custom_interfaces/share/custom_interfaces/local_setup.dsv\n'}
[32.797000] (custom_interfaces) StdoutLine: {'line': b'-- Symlinking: C:/gcamp_ros2_ws/install/custom_interfaces/share/custom_interfaces/package.dsv\n'}
[32.812000] (custom_interfaces) StdoutLine: {'line': b'-- Symlinking: C:/gcamp_ros2_ws/install/custom_interfaces/share/ament_index/resource_index/packages/custom_interfaces\n'}
[32.828000] (-) TimerEvent: {}
[32.828000] (custom_interfaces) StdoutLine: {'line': b'-- Symlinking: C:/gcamp_ros2_ws/install/custom_interfaces/share/custom_interfaces/cmake/rosidl_cmake-extras.cmake\n'}
[32.859000] (custom_interfaces) StdoutLine: {'line': b'-- Symlinking: C:/gcamp_ros2_ws/install/custom_interfaces/share/custom_interfaces/cmake/ament_cmake_export_dependencies-extras.cmake\n'}
[32.875000] (custom_interfaces) StdoutLine: {'line': b'-- Symlinking: C:/gcamp_ros2_ws/install/custom_interfaces/share/custom_interfaces/cmake/ament_cmake_export_libraries-extras.cmake\n'}
[32.906000] (custom_interfaces) StdoutLine: {'line': b'-- Symlinking: C:/gcamp_ros2_ws/install/custom_interfaces/share/custom_interfaces/cmake/ament_cmake_export_targets-extras.cmake\n'}
[32.922000] (custom_interfaces) StdoutLine: {'line': b'-- Symlinking: C:/gcamp_ros2_ws/install/custom_interfaces/share/custom_interfaces/cmake/ament_cmake_export_include_directories-extras.cmake\n'}
[32.937000] (-) TimerEvent: {}
[32.937000] (custom_interfaces) StdoutLine: {'line': b'-- Symlinking: C:/gcamp_ros2_ws/install/custom_interfaces/share/custom_interfaces/cmake/rosidl_cmake_export_typesupport_libraries-extras.cmake\n'}
[32.953000] (custom_interfaces) StdoutLine: {'line': b'-- Symlinking: C:/gcamp_ros2_ws/install/custom_interfaces/share/custom_interfaces/cmake/rosidl_cmake_export_typesupport_targets-extras.cmake\n'}
[32.984000] (custom_interfaces) StdoutLine: {'line': b'-- Symlinking: C:/gcamp_ros2_ws/install/custom_interfaces/share/custom_interfaces/cmake/custom_interfacesConfig.cmake\n'}
[33.000000] (custom_interfaces) StdoutLine: {'line': b'-- Symlinking: C:/gcamp_ros2_ws/install/custom_interfaces/share/custom_interfaces/cmake/custom_interfacesConfig-version.cmake\n'}
[33.016000] (custom_interfaces) StdoutLine: {'line': b'-- Symlinking: C:/gcamp_ros2_ws/install/custom_interfaces/share/custom_interfaces/package.xml\n'}
[33.031000] (custom_interfaces) StdoutLine: {'line': b'-- Installing: C:/gcamp_ros2_ws/install/custom_interfaces/lib/custom_interfaces__rosidl_generator_c.lib\n'}
[33.031000] (custom_interfaces) StdoutLine: {'line': b'-- Installing: C:/gcamp_ros2_ws/install/custom_interfaces/bin/custom_interfaces__rosidl_generator_c.dll\n'}
[33.031000] (custom_interfaces) StdoutLine: {'line': b'-- Installing: C:/gcamp_ros2_ws/install/custom_interfaces/lib/custom_interfaces__rosidl_typesupport_introspection_c.lib\n'}
[33.047000] (-) TimerEvent: {}
[33.047000] (custom_interfaces) StdoutLine: {'line': b'-- Installing: C:/gcamp_ros2_ws/install/custom_interfaces/bin/custom_interfaces__rosidl_typesupport_introspection_c.dll\n'}
[33.047000] (custom_interfaces) StdoutLine: {'line': b'-- Installing: C:/gcamp_ros2_ws/install/custom_interfaces/lib/custom_interfaces__rosidl_typesupport_c.lib\n'}
[33.047000] (custom_interfaces) StdoutLine: {'line': b'-- Installing: C:/gcamp_ros2_ws/install/custom_interfaces/bin/custom_interfaces__rosidl_typesupport_c.dll\n'}
[33.047000] (custom_interfaces) StdoutLine: {'line': b'-- Installing: C:/gcamp_ros2_ws/install/custom_interfaces/lib/custom_interfaces__rosidl_typesupport_introspection_cpp.lib\n'}
[33.047000] (custom_interfaces) StdoutLine: {'line': b'-- Installing: C:/gcamp_ros2_ws/install/custom_interfaces/bin/custom_interfaces__rosidl_typesupport_introspection_cpp.dll\n'}
[33.062000] (custom_interfaces) StdoutLine: {'line': b'-- Installing: C:/gcamp_ros2_ws/install/custom_interfaces/lib/custom_interfaces__rosidl_typesupport_cpp.lib\n'}
[33.062000] (custom_interfaces) StdoutLine: {'line': b'-- Installing: C:/gcamp_ros2_ws/install/custom_interfaces/bin/custom_interfaces__rosidl_typesupport_cpp.dll\n'}
[33.125000] (custom_interfaces) StdoutLine: {'line': b"Compiling 'C:/gcamp_ros2_ws/install/custom_interfaces/Lib/site-packages/custom_interfaces/__init__.py'...\r\n"}
[33.125000] (custom_interfaces) StdoutLine: {'line': b'-- Installing: C:/gcamp_ros2_ws/install/custom_interfaces/share/custom_interfaces/cmake/custom_interfaces__rosidl_generator_cExport.cmake\n'}
[33.141000] (custom_interfaces) StdoutLine: {'line': b'-- Installing: C:/gcamp_ros2_ws/install/custom_interfaces/share/custom_interfaces/cmake/custom_interfaces__rosidl_generator_cExport-release.cmake\n'}
[33.141000] (custom_interfaces) StdoutLine: {'line': b'-- Installing: C:/gcamp_ros2_ws/install/custom_interfaces/share/custom_interfaces/cmake/custom_interfaces__rosidl_typesupport_introspection_cExport.cmake\n'}
[33.141000] (custom_interfaces) StdoutLine: {'line': b'-- Installing: C:/gcamp_ros2_ws/install/custom_interfaces/share/custom_interfaces/cmake/custom_interfaces__rosidl_typesupport_introspection_cExport-release.cmake\n'}
[33.141000] (custom_interfaces) StdoutLine: {'line': b'-- Installing: C:/gcamp_ros2_ws/install/custom_interfaces/share/custom_interfaces/cmake/custom_interfaces__rosidl_typesupport_cExport.cmake\n'}
[33.141000] (custom_interfaces) StdoutLine: {'line': b'-- Installing: C:/gcamp_ros2_ws/install/custom_interfaces/share/custom_interfaces/cmake/custom_interfaces__rosidl_typesupport_cExport-release.cmake\n'}
[33.141000] (custom_interfaces) StdoutLine: {'line': b'-- Installing: C:/gcamp_ros2_ws/install/custom_interfaces/share/custom_interfaces/cmake/custom_interfaces__rosidl_generator_cppExport.cmake\n'}
[33.141000] (custom_interfaces) StdoutLine: {'line': b'-- Installing: C:/gcamp_ros2_ws/install/custom_interfaces/share/custom_interfaces/cmake/custom_interfaces__rosidl_typesupport_introspection_cppExport.cmake\n'}
[33.141000] (custom_interfaces) StdoutLine: {'line': b'-- Installing: C:/gcamp_ros2_ws/install/custom_interfaces/share/custom_interfaces/cmake/custom_interfaces__rosidl_typesupport_introspection_cppExport-release.cmake\n'}
[33.141000] (custom_interfaces) StdoutLine: {'line': b'-- Installing: C:/gcamp_ros2_ws/install/custom_interfaces/share/custom_interfaces/cmake/custom_interfaces__rosidl_typesupport_cppExport.cmake\n'}
[33.141000] (custom_interfaces) StdoutLine: {'line': b'-- Installing: C:/gcamp_ros2_ws/install/custom_interfaces/share/custom_interfaces/cmake/custom_interfaces__rosidl_typesupport_cppExport-release.cmake\n'}
[33.156000] (-) TimerEvent: {}
[33.172000] (custom_interfaces) CommandEnded: {'returncode': 0}
[33.281000] (-) TimerEvent: {}
[33.312000] (custom_interfaces) JobEnded: {'identifier': 'custom_interfaces', 'rc': 0}
[33.312000] (-) EventReactorShutdown: {}
