[0.663s] [34mcolcon[0m [1;30mDEBUG[0m [32mCommand line arguments: ['c:\\opt\\ros\\foxy\\x64\\Scripts\\colcon', 'build', '--symlink-install', '--packages-select', 'custom_interfaces'][0m
[0.663s] [34mcolcon[0m [1;30mDEBUG[0m [32mParsed command line arguments: Namespace(ament_cmake_args=None, base_paths=['.'], build_base='build', catkin_cmake_args=None, catkin_skip_building_tests=False, cmake_args=None, cmake_clean_cache=False, cmake_clean_first=False, cmake_force_configure=False, cmake_target=None, cmake_target_skip_unavailable=False, continue_on_error=False, event_handlers=None, executor='parallel', ignore_user_meta=False, install_base='install', log_base=None, log_level=None, main=<bound method BuildVerb.main of <colcon_core.verb.build.BuildVerb object at 0x0000022603AF47C0>>, merge_install=False, metas=['./colcon.meta'], packages_above=None, packages_above_and_dependencies=None, packages_above_depth=None, packages_end=None, packages_ignore=None, packages_ignore_regex=None, packages_select=['custom_interfaces'], packages_select_build_failed=False, packages_select_by_dep=None, packages_select_regex=None, packages_select_test_failures=False, packages_skip=None, packages_skip_build_finished=False, packages_skip_by_dep=None, packages_skip_regex=None, packages_skip_test_passed=False, packages_skip_up_to=None, packages_start=None, packages_up_to=None, packages_up_to_regex=None, parallel_workers=12, paths=None, symlink_install=True, test_result_base=None, verb_extension=<colcon_core.verb.build.BuildVerb object at 0x0000022603AF47C0>, verb_name='build', verb_parser=<colcon_defaults.argument_parser.defaults.DefaultArgumentsDecorator object at 0x0000022603C52430>)[0m
[0.716s] [34mcolcon.colcon_core.package_discovery[0m [1;30mLevel 1[0m discover_packages(colcon_meta) check parameters
[0.716s] [34mcolcon.colcon_core.package_discovery[0m [1;30mLevel 1[0m discover_packages(recursive) check parameters
[0.716s] [34mcolcon.colcon_core.package_discovery[0m [1;30mLevel 1[0m discover_packages(ignore) check parameters
[0.716s] [34mcolcon.colcon_core.package_discovery[0m [1;30mLevel 1[0m discover_packages(path) check parameters
[0.716s] [34mcolcon.colcon_core.package_discovery[0m [1;30mLevel 1[0m discover_packages(colcon_meta) discover
[0.716s] [34mcolcon.colcon_core.package_discovery[0m [1;30mLevel 1[0m discover_packages(recursive) discover
[0.716s] [34mcolcon.colcon_core.package_discovery[0m [1;30mINFO[0m Crawling recursively for packages in 'C:\gcamp_ros2_ws'
[0.716s] [34mcolcon.colcon_core.package_identification[0m [1;30mLevel 1[0m _identify(.) by extensions ['ignore', 'ignore_ament_install']
[0.716s] [34mcolcon.colcon_core.package_identification[0m [1;30mLevel 1[0m _identify(.) by extension 'ignore'
[0.716s] [34mcolcon.colcon_core.package_identification[0m [1;30mLevel 1[0m _identify(.) by extension 'ignore_ament_install'
[0.716s] [34mcolcon.colcon_core.package_identification[0m [1;30mLevel 1[0m _identify(.) by extensions ['colcon_pkg']
[0.716s] [34mcolcon.colcon_core.package_identification[0m [1;30mLevel 1[0m _identify(.) by extension 'colcon_pkg'
[0.716s] [34mcolcon.colcon_core.package_identification[0m [1;30mLevel 1[0m _identify(.) by extensions ['colcon_meta']
[0.716s] [34mcolcon.colcon_core.package_identification[0m [1;30mLevel 1[0m _identify(.) by extension 'colcon_meta'
[0.716s] [34mcolcon.colcon_core.package_identification[0m [1;30mLevel 1[0m _identify(.) by extensions ['ros']
[0.716s] [34mcolcon.colcon_core.package_identification[0m [1;30mLevel 1[0m _identify(.) by extension 'ros'
[0.726s] [34mcolcon.colcon_core.package_identification[0m [1;30mLevel 1[0m _identify(.) by extensions ['cmake', 'python']
[0.726s] [34mcolcon.colcon_core.package_identification[0m [1;30mLevel 1[0m _identify(.) by extension 'cmake'
[0.726s] [34mcolcon.colcon_core.package_identification[0m [1;30mLevel 1[0m _identify(.) by extension 'python'
[0.726s] [34mcolcon.colcon_core.package_identification[0m [1;30mLevel 1[0m _identify(.) by extensions ['python_setup_py']
[0.726s] [34mcolcon.colcon_core.package_identification[0m [1;30mLevel 1[0m _identify(.) by extension 'python_setup_py'
[0.726s] [34mcolcon.colcon_core.package_identification[0m [1;30mLevel 1[0m _identify(build) by extensions ['ignore', 'ignore_ament_install']
[0.726s] [34mcolcon.colcon_core.package_identification[0m [1;30mLevel 1[0m _identify(build) by extension 'ignore'
[0.726s] [34mcolcon.colcon_core.package_identification[0m [1;30mLevel 1[0m _identify(build) ignored
[0.726s] [34mcolcon.colcon_core.package_identification[0m [1;30mLevel 1[0m _identify(install) by extensions ['ignore', 'ignore_ament_install']
[0.734s] [34mcolcon.colcon_core.package_identification[0m [1;30mLevel 1[0m _identify(install) by extension 'ignore'
[0.734s] [34mcolcon.colcon_core.package_identification[0m [1;30mLevel 1[0m _identify(install) ignored
[0.735s] [34mcolcon.colcon_core.package_identification[0m [1;30mLevel 1[0m _identify(log) by extensions ['ignore', 'ignore_ament_install']
[0.735s] [34mcolcon.colcon_core.package_identification[0m [1;30mLevel 1[0m _identify(log) by extension 'ignore'
[0.735s] [34mcolcon.colcon_core.package_identification[0m [1;30mLevel 1[0m _identify(log) ignored
[0.735s] [34mcolcon.colcon_core.package_identification[0m [1;30mLevel 1[0m _identify(src) by extensions ['ignore', 'ignore_ament_install']
[0.735s] [34mcolcon.colcon_core.package_identification[0m [1;30mLevel 1[0m _identify(src) by extension 'ignore'
[0.735s] [34mcolcon.colcon_core.package_identification[0m [1;30mLevel 1[0m _identify(src) by extension 'ignore_ament_install'
[0.736s] [34mcolcon.colcon_core.package_identification[0m [1;30mLevel 1[0m _identify(src) by extensions ['colcon_pkg']
[0.736s] [34mcolcon.colcon_core.package_identification[0m [1;30mLevel 1[0m _identify(src) by extension 'colcon_pkg'
[0.736s] [34mcolcon.colcon_core.package_identification[0m [1;30mLevel 1[0m _identify(src) by extensions ['colcon_meta']
[0.736s] [34mcolcon.colcon_core.package_identification[0m [1;30mLevel 1[0m _identify(src) by extension 'colcon_meta'
[0.736s] [34mcolcon.colcon_core.package_identification[0m [1;30mLevel 1[0m _identify(src) by extensions ['ros']
[0.736s] [34mcolcon.colcon_core.package_identification[0m [1;30mLevel 1[0m _identify(src) by extension 'ros'
[0.736s] [34mcolcon.colcon_core.package_identification[0m [1;30mLevel 1[0m _identify(src) by extensions ['cmake', 'python']
[0.736s] [34mcolcon.colcon_core.package_identification[0m [1;30mLevel 1[0m _identify(src) by extension 'cmake'
[0.736s] [34mcolcon.colcon_core.package_identification[0m [1;30mLevel 1[0m _identify(src) by extension 'python'
[0.736s] [34mcolcon.colcon_core.package_identification[0m [1;30mLevel 1[0m _identify(src) by extensions ['python_setup_py']
[0.736s] [34mcolcon.colcon_core.package_identification[0m [1;30mLevel 1[0m _identify(src) by extension 'python_setup_py'
[0.736s] [34mcolcon.colcon_core.package_identification[0m [1;30mLevel 1[0m _identify(src\gcamp_ros2_basic) by extensions ['ignore', 'ignore_ament_install']
[0.736s] [34mcolcon.colcon_core.package_identification[0m [1;30mLevel 1[0m _identify(src\gcamp_ros2_basic) by extension 'ignore'
[0.736s] [34mcolcon.colcon_core.package_identification[0m [1;30mLevel 1[0m _identify(src\gcamp_ros2_basic) by extension 'ignore_ament_install'
[0.736s] [34mcolcon.colcon_core.package_identification[0m [1;30mLevel 1[0m _identify(src\gcamp_ros2_basic) by extensions ['colcon_pkg']
[0.736s] [34mcolcon.colcon_core.package_identification[0m [1;30mLevel 1[0m _identify(src\gcamp_ros2_basic) by extension 'colcon_pkg'
[0.736s] [34mcolcon.colcon_core.package_identification[0m [1;30mLevel 1[0m _identify(src\gcamp_ros2_basic) by extensions ['colcon_meta']
[0.736s] [34mcolcon.colcon_core.package_identification[0m [1;30mLevel 1[0m _identify(src\gcamp_ros2_basic) by extension 'colcon_meta'
[0.736s] [34mcolcon.colcon_core.package_identification[0m [1;30mLevel 1[0m _identify(src\gcamp_ros2_basic) by extensions ['ros']
[0.736s] [34mcolcon.colcon_core.package_identification[0m [1;30mLevel 1[0m _identify(src\gcamp_ros2_basic) by extension 'ros'
[0.736s] [34mcolcon.colcon_core.package_identification[0m [1;30mLevel 1[0m _identify(src\gcamp_ros2_basic) by extensions ['cmake', 'python']
[0.736s] [34mcolcon.colcon_core.package_identification[0m [1;30mLevel 1[0m _identify(src\gcamp_ros2_basic) by extension 'cmake'
[0.736s] [34mcolcon.colcon_core.package_identification[0m [1;30mLevel 1[0m _identify(src\gcamp_ros2_basic) by extension 'python'
[0.736s] [34mcolcon.colcon_core.package_identification[0m [1;30mLevel 1[0m _identify(src\gcamp_ros2_basic) by extensions ['python_setup_py']
[0.736s] [34mcolcon.colcon_core.package_identification[0m [1;30mLevel 1[0m _identify(src\gcamp_ros2_basic) by extension 'python_setup_py'
[0.736s] [34mcolcon.colcon_core.package_identification[0m [1;30mLevel 1[0m _identify(src\gcamp_ros2_basic\cpp_action_pkg) by extensions ['ignore', 'ignore_ament_install']
[0.736s] [34mcolcon.colcon_core.package_identification[0m [1;30mLevel 1[0m _identify(src\gcamp_ros2_basic\cpp_action_pkg) by extension 'ignore'
[0.736s] [34mcolcon.colcon_core.package_identification[0m [1;30mLevel 1[0m _identify(src\gcamp_ros2_basic\cpp_action_pkg) by extension 'ignore_ament_install'
[0.736s] [34mcolcon.colcon_core.package_identification[0m [1;30mLevel 1[0m _identify(src\gcamp_ros2_basic\cpp_action_pkg) by extensions ['colcon_pkg']
[0.736s] [34mcolcon.colcon_core.package_identification[0m [1;30mLevel 1[0m _identify(src\gcamp_ros2_basic\cpp_action_pkg) by extension 'colcon_pkg'
[0.736s] [34mcolcon.colcon_core.package_identification[0m [1;30mLevel 1[0m _identify(src\gcamp_ros2_basic\cpp_action_pkg) by extensions ['colcon_meta']
[0.736s] [34mcolcon.colcon_core.package_identification[0m [1;30mLevel 1[0m _identify(src\gcamp_ros2_basic\cpp_action_pkg) by extension 'colcon_meta'
[0.736s] [34mcolcon.colcon_core.package_identification[0m [1;30mLevel 1[0m _identify(src\gcamp_ros2_basic\cpp_action_pkg) by extensions ['ros']
[0.736s] [34mcolcon.colcon_core.package_identification[0m [1;30mLevel 1[0m _identify(src\gcamp_ros2_basic\cpp_action_pkg) by extension 'ros'
[0.736s] [34mcolcon.colcon_core.package_identification[0m [1;30mDEBUG[0m [32mPackage 'src\gcamp_ros2_basic\cpp_action_pkg' with type 'ros.ament_cmake' and name 'cpp_action_pkg'[0m
[0.736s] [34mcolcon.colcon_core.package_identification[0m [1;30mLevel 1[0m _identify(src\gcamp_ros2_basic\cpp_first_pkg) by extensions ['ignore', 'ignore_ament_install']
[0.744s] [34mcolcon.colcon_core.package_identification[0m [1;30mLevel 1[0m _identify(src\gcamp_ros2_basic\cpp_first_pkg) by extension 'ignore'
[0.744s] [34mcolcon.colcon_core.package_identification[0m [1;30mLevel 1[0m _identify(src\gcamp_ros2_basic\cpp_first_pkg) by extension 'ignore_ament_install'
[0.744s] [34mcolcon.colcon_core.package_identification[0m [1;30mLevel 1[0m _identify(src\gcamp_ros2_basic\cpp_first_pkg) by extensions ['colcon_pkg']
[0.744s] [34mcolcon.colcon_core.package_identification[0m [1;30mLevel 1[0m _identify(src\gcamp_ros2_basic\cpp_first_pkg) by extension 'colcon_pkg'
[0.744s] [34mcolcon.colcon_core.package_identification[0m [1;30mLevel 1[0m _identify(src\gcamp_ros2_basic\cpp_first_pkg) by extensions ['colcon_meta']
[0.744s] [34mcolcon.colcon_core.package_identification[0m [1;30mLevel 1[0m _identify(src\gcamp_ros2_basic\cpp_first_pkg) by extension 'colcon_meta'
[0.744s] [34mcolcon.colcon_core.package_identification[0m [1;30mLevel 1[0m _identify(src\gcamp_ros2_basic\cpp_first_pkg) by extensions ['ros']
[0.744s] [34mcolcon.colcon_core.package_identification[0m [1;30mLevel 1[0m _identify(src\gcamp_ros2_basic\cpp_first_pkg) by extension 'ros'
[0.744s] [34mcolcon.colcon_core.package_identification[0m [1;30mDEBUG[0m [32mPackage 'src\gcamp_ros2_basic\cpp_first_pkg' with type 'ros.ament_cmake' and name 'cpp_first_pkg'[0m
[0.746s] [34mcolcon.colcon_core.package_identification[0m [1;30mLevel 1[0m _identify(src\gcamp_ros2_basic\cpp_service_pkg) by extensions ['ignore', 'ignore_ament_install']
[0.746s] [34mcolcon.colcon_core.package_identification[0m [1;30mLevel 1[0m _identify(src\gcamp_ros2_basic\cpp_service_pkg) by extension 'ignore'
[0.746s] [34mcolcon.colcon_core.package_identification[0m [1;30mLevel 1[0m _identify(src\gcamp_ros2_basic\cpp_service_pkg) by extension 'ignore_ament_install'
[0.746s] [34mcolcon.colcon_core.package_identification[0m [1;30mLevel 1[0m _identify(src\gcamp_ros2_basic\cpp_service_pkg) by extensions ['colcon_pkg']
[0.746s] [34mcolcon.colcon_core.package_identification[0m [1;30mLevel 1[0m _identify(src\gcamp_ros2_basic\cpp_service_pkg) by extension 'colcon_pkg'
[0.746s] [34mcolcon.colcon_core.package_identification[0m [1;30mLevel 1[0m _identify(src\gcamp_ros2_basic\cpp_service_pkg) by extensions ['colcon_meta']
[0.746s] [34mcolcon.colcon_core.package_identification[0m [1;30mLevel 1[0m _identify(src\gcamp_ros2_basic\cpp_service_pkg) by extension 'colcon_meta'
[0.746s] [34mcolcon.colcon_core.package_identification[0m [1;30mLevel 1[0m _identify(src\gcamp_ros2_basic\cpp_service_pkg) by extensions ['ros']
[0.746s] [34mcolcon.colcon_core.package_identification[0m [1;30mLevel 1[0m _identify(src\gcamp_ros2_basic\cpp_service_pkg) by extension 'ros'
[0.748s] [34mcolcon.colcon_core.package_identification[0m [1;30mDEBUG[0m [32mPackage 'src\gcamp_ros2_basic\cpp_service_pkg' with type 'ros.ament_cmake' and name 'cpp_service_pkg'[0m
[0.748s] [34mcolcon.colcon_core.package_identification[0m [1;30mLevel 1[0m _identify(src\gcamp_ros2_basic\cpp_service_tutorial) by extensions ['ignore', 'ignore_ament_install']
[0.749s] [34mcolcon.colcon_core.package_identification[0m [1;30mLevel 1[0m _identify(src\gcamp_ros2_basic\cpp_service_tutorial) by extension 'ignore'
[0.749s] [34mcolcon.colcon_core.package_identification[0m [1;30mLevel 1[0m _identify(src\gcamp_ros2_basic\cpp_service_tutorial) by extension 'ignore_ament_install'
[0.749s] [34mcolcon.colcon_core.package_identification[0m [1;30mLevel 1[0m _identify(src\gcamp_ros2_basic\cpp_service_tutorial) by extensions ['colcon_pkg']
[0.749s] [34mcolcon.colcon_core.package_identification[0m [1;30mLevel 1[0m _identify(src\gcamp_ros2_basic\cpp_service_tutorial) by extension 'colcon_pkg'
[0.749s] [34mcolcon.colcon_core.package_identification[0m [1;30mLevel 1[0m _identify(src\gcamp_ros2_basic\cpp_service_tutorial) by extensions ['colcon_meta']
[0.749s] [34mcolcon.colcon_core.package_identification[0m [1;30mLevel 1[0m _identify(src\gcamp_ros2_basic\cpp_service_tutorial) by extension 'colcon_meta'
[0.749s] [34mcolcon.colcon_core.package_identification[0m [1;30mLevel 1[0m _identify(src\gcamp_ros2_basic\cpp_service_tutorial) by extensions ['ros']
[0.749s] [34mcolcon.colcon_core.package_identification[0m [1;30mLevel 1[0m _identify(src\gcamp_ros2_basic\cpp_service_tutorial) by extension 'ros'
[0.750s] [34mcolcon.colcon_core.package_identification[0m [1;30mDEBUG[0m [32mPackage 'src\gcamp_ros2_basic\cpp_service_tutorial' with type 'ros.ament_cmake' and name 'cpp_service_tutorial'[0m
[0.751s] [34mcolcon.colcon_core.package_identification[0m [1;30mLevel 1[0m _identify(src\gcamp_ros2_basic\cpp_topic_pkg) by extensions ['ignore', 'ignore_ament_install']
[0.751s] [34mcolcon.colcon_core.package_identification[0m [1;30mLevel 1[0m _identify(src\gcamp_ros2_basic\cpp_topic_pkg) by extension 'ignore'
[0.751s] [34mcolcon.colcon_core.package_identification[0m [1;30mLevel 1[0m _identify(src\gcamp_ros2_basic\cpp_topic_pkg) by extension 'ignore_ament_install'
[0.751s] [34mcolcon.colcon_core.package_identification[0m [1;30mLevel 1[0m _identify(src\gcamp_ros2_basic\cpp_topic_pkg) by extensions ['colcon_pkg']
[0.751s] [34mcolcon.colcon_core.package_identification[0m [1;30mLevel 1[0m _identify(src\gcamp_ros2_basic\cpp_topic_pkg) by extension 'colcon_pkg'
[0.751s] [34mcolcon.colcon_core.package_identification[0m [1;30mLevel 1[0m _identify(src\gcamp_ros2_basic\cpp_topic_pkg) by extensions ['colcon_meta']
[0.751s] [34mcolcon.colcon_core.package_identification[0m [1;30mLevel 1[0m _identify(src\gcamp_ros2_basic\cpp_topic_pkg) by extension 'colcon_meta'
[0.751s] [34mcolcon.colcon_core.package_identification[0m [1;30mLevel 1[0m _identify(src\gcamp_ros2_basic\cpp_topic_pkg) by extensions ['ros']
[0.751s] [34mcolcon.colcon_core.package_identification[0m [1;30mLevel 1[0m _identify(src\gcamp_ros2_basic\cpp_topic_pkg) by extension 'ros'
[0.753s] [34mcolcon.colcon_core.package_identification[0m [1;30mDEBUG[0m [32mPackage 'src\gcamp_ros2_basic\cpp_topic_pkg' with type 'ros.ament_cmake' and name 'cpp_topic_pkg'[0m
[0.753s] [34mcolcon.colcon_core.package_identification[0m [1;30mLevel 1[0m _identify(src\gcamp_ros2_basic\custom_interfaces) by extensions ['ignore', 'ignore_ament_install']
[0.753s] [34mcolcon.colcon_core.package_identification[0m [1;30mLevel 1[0m _identify(src\gcamp_ros2_basic\custom_interfaces) by extension 'ignore'
[0.753s] [34mcolcon.colcon_core.package_identification[0m [1;30mLevel 1[0m _identify(src\gcamp_ros2_basic\custom_interfaces) by extension 'ignore_ament_install'
[0.753s] [34mcolcon.colcon_core.package_identification[0m [1;30mLevel 1[0m _identify(src\gcamp_ros2_basic\custom_interfaces) by extensions ['colcon_pkg']
[0.754s] [34mcolcon.colcon_core.package_identification[0m [1;30mLevel 1[0m _identify(src\gcamp_ros2_basic\custom_interfaces) by extension 'colcon_pkg'
[0.754s] [34mcolcon.colcon_core.package_identification[0m [1;30mLevel 1[0m _identify(src\gcamp_ros2_basic\custom_interfaces) by extensions ['colcon_meta']
[0.754s] [34mcolcon.colcon_core.package_identification[0m [1;30mLevel 1[0m _identify(src\gcamp_ros2_basic\custom_interfaces) by extension 'colcon_meta'
[0.754s] [34mcolcon.colcon_core.package_identification[0m [1;30mLevel 1[0m _identify(src\gcamp_ros2_basic\custom_interfaces) by extensions ['ros']
[0.754s] [34mcolcon.colcon_core.package_identification[0m [1;30mLevel 1[0m _identify(src\gcamp_ros2_basic\custom_interfaces) by extension 'ros'
[0.755s] [34mcolcon.colcon_core.package_identification[0m [1;30mDEBUG[0m [32mPackage 'src\gcamp_ros2_basic\custom_interfaces' with type 'ros.ament_cmake' and name 'custom_interfaces'[0m
[0.755s] [34mcolcon.colcon_core.package_identification[0m [1;30mLevel 1[0m _identify(src\gcamp_ros2_basic\gcamp_gazebo) by extensions ['ignore', 'ignore_ament_install']
[0.756s] [34mcolcon.colcon_core.package_identification[0m [1;30mLevel 1[0m _identify(src\gcamp_ros2_basic\gcamp_gazebo) by extension 'ignore'
[0.757s] [34mcolcon.colcon_core.package_identification[0m [1;30mLevel 1[0m _identify(src\gcamp_ros2_basic\gcamp_gazebo) by extension 'ignore_ament_install'
[0.757s] [34mcolcon.colcon_core.package_identification[0m [1;30mLevel 1[0m _identify(src\gcamp_ros2_basic\gcamp_gazebo) by extensions ['colcon_pkg']
[0.757s] [34mcolcon.colcon_core.package_identification[0m [1;30mLevel 1[0m _identify(src\gcamp_ros2_basic\gcamp_gazebo) by extension 'colcon_pkg'
[0.757s] [34mcolcon.colcon_core.package_identification[0m [1;30mLevel 1[0m _identify(src\gcamp_ros2_basic\gcamp_gazebo) by extensions ['colcon_meta']
[0.757s] [34mcolcon.colcon_core.package_identification[0m [1;30mLevel 1[0m _identify(src\gcamp_ros2_basic\gcamp_gazebo) by extension 'colcon_meta'
[0.757s] [34mcolcon.colcon_core.package_identification[0m [1;30mLevel 1[0m _identify(src\gcamp_ros2_basic\gcamp_gazebo) by extensions ['ros']
[0.757s] [34mcolcon.colcon_core.package_identification[0m [1;30mLevel 1[0m _identify(src\gcamp_ros2_basic\gcamp_gazebo) by extension 'ros'
[0.758s] [34mcolcon.colcon_core.package_identification[0m [1;30mDEBUG[0m [32mPackage 'src\gcamp_ros2_basic\gcamp_gazebo' with type 'ros.ament_cmake' and name 'gcamp_gazebo'[0m
[0.759s] [34mcolcon.colcon_core.package_identification[0m [1;30mLevel 1[0m _identify(src\gcamp_ros2_basic\image) by extensions ['ignore', 'ignore_ament_install']
[0.759s] [34mcolcon.colcon_core.package_identification[0m [1;30mLevel 1[0m _identify(src\gcamp_ros2_basic\image) by extension 'ignore'
[0.759s] [34mcolcon.colcon_core.package_identification[0m [1;30mLevel 1[0m _identify(src\gcamp_ros2_basic\image) by extension 'ignore_ament_install'
[0.759s] [34mcolcon.colcon_core.package_identification[0m [1;30mLevel 1[0m _identify(src\gcamp_ros2_basic\image) by extensions ['colcon_pkg']
[0.759s] [34mcolcon.colcon_core.package_identification[0m [1;30mLevel 1[0m _identify(src\gcamp_ros2_basic\image) by extension 'colcon_pkg'
[0.759s] [34mcolcon.colcon_core.package_identification[0m [1;30mLevel 1[0m _identify(src\gcamp_ros2_basic\image) by extensions ['colcon_meta']
[0.759s] [34mcolcon.colcon_core.package_identification[0m [1;30mLevel 1[0m _identify(src\gcamp_ros2_basic\image) by extension 'colcon_meta'
[0.759s] [34mcolcon.colcon_core.package_identification[0m [1;30mLevel 1[0m _identify(src\gcamp_ros2_basic\image) by extensions ['ros']
[0.759s] [34mcolcon.colcon_core.package_identification[0m [1;30mLevel 1[0m _identify(src\gcamp_ros2_basic\image) by extension 'ros'
[0.760s] [34mcolcon.colcon_core.package_identification[0m [1;30mLevel 1[0m _identify(src\gcamp_ros2_basic\image) by extensions ['cmake', 'python']
[0.760s] [34mcolcon.colcon_core.package_identification[0m [1;30mLevel 1[0m _identify(src\gcamp_ros2_basic\image) by extension 'cmake'
[0.760s] [34mcolcon.colcon_core.package_identification[0m [1;30mLevel 1[0m _identify(src\gcamp_ros2_basic\image) by extension 'python'
[0.760s] [34mcolcon.colcon_core.package_identification[0m [1;30mLevel 1[0m _identify(src\gcamp_ros2_basic\image) by extensions ['python_setup_py']
[0.760s] [34mcolcon.colcon_core.package_identification[0m [1;30mLevel 1[0m _identify(src\gcamp_ros2_basic\image) by extension 'python_setup_py'
[0.760s] [34mcolcon.colcon_core.package_identification[0m [1;30mLevel 1[0m _identify(src\gcamp_ros2_basic\py_action_pkg) by extensions ['ignore', 'ignore_ament_install']
[0.760s] [34mcolcon.colcon_core.package_identification[0m [1;30mLevel 1[0m _identify(src\gcamp_ros2_basic\py_action_pkg) by extension 'ignore'
[0.760s] [34mcolcon.colcon_core.package_identification[0m [1;30mLevel 1[0m _identify(src\gcamp_ros2_basic\py_action_pkg) by extension 'ignore_ament_install'
[0.761s] [34mcolcon.colcon_core.package_identification[0m [1;30mLevel 1[0m _identify(src\gcamp_ros2_basic\py_action_pkg) by extensions ['colcon_pkg']
[0.761s] [34mcolcon.colcon_core.package_identification[0m [1;30mLevel 1[0m _identify(src\gcamp_ros2_basic\py_action_pkg) by extension 'colcon_pkg'
[0.761s] [34mcolcon.colcon_core.package_identification[0m [1;30mLevel 1[0m _identify(src\gcamp_ros2_basic\py_action_pkg) by extensions ['colcon_meta']
[0.761s] [34mcolcon.colcon_core.package_identification[0m [1;30mLevel 1[0m _identify(src\gcamp_ros2_basic\py_action_pkg) by extension 'colcon_meta'
[0.761s] [34mcolcon.colcon_core.package_identification[0m [1;30mLevel 1[0m _identify(src\gcamp_ros2_basic\py_action_pkg) by extensions ['ros']
[0.761s] [34mcolcon.colcon_core.package_identification[0m [1;30mLevel 1[0m _identify(src\gcamp_ros2_basic\py_action_pkg) by extension 'ros'
[0.762s] [34mcolcon.colcon_core.package_identification[0m [1;30mDEBUG[0m [32mPackage 'src\gcamp_ros2_basic\py_action_pkg' with type 'ros.ament_python' and name 'py_action_pkg'[0m
[0.763s] [34mcolcon.colcon_core.package_identification[0m [1;30mLevel 1[0m _identify(src\gcamp_ros2_basic\py_first_pkg) by extensions ['ignore', 'ignore_ament_install']
[0.763s] [34mcolcon.colcon_core.package_identification[0m [1;30mLevel 1[0m _identify(src\gcamp_ros2_basic\py_first_pkg) by extension 'ignore'
[0.763s] [34mcolcon.colcon_core.package_identification[0m [1;30mLevel 1[0m _identify(src\gcamp_ros2_basic\py_first_pkg) by extension 'ignore_ament_install'
[0.763s] [34mcolcon.colcon_core.package_identification[0m [1;30mLevel 1[0m _identify(src\gcamp_ros2_basic\py_first_pkg) by extensions ['colcon_pkg']
[0.763s] [34mcolcon.colcon_core.package_identification[0m [1;30mLevel 1[0m _identify(src\gcamp_ros2_basic\py_first_pkg) by extension 'colcon_pkg'
[0.763s] [34mcolcon.colcon_core.package_identification[0m [1;30mLevel 1[0m _identify(src\gcamp_ros2_basic\py_first_pkg) by extensions ['colcon_meta']
[0.763s] [34mcolcon.colcon_core.package_identification[0m [1;30mLevel 1[0m _identify(src\gcamp_ros2_basic\py_first_pkg) by extension 'colcon_meta'
[0.763s] [34mcolcon.colcon_core.package_identification[0m [1;30mLevel 1[0m _identify(src\gcamp_ros2_basic\py_first_pkg) by extensions ['ros']
[0.763s] [34mcolcon.colcon_core.package_identification[0m [1;30mLevel 1[0m _identify(src\gcamp_ros2_basic\py_first_pkg) by extension 'ros'
[0.765s] [34mcolcon.colcon_core.package_identification[0m [1;30mDEBUG[0m [32mPackage 'src\gcamp_ros2_basic\py_first_pkg' with type 'ros.ament_python' and name 'py_first_pkg'[0m
[0.765s] [34mcolcon.colcon_core.package_identification[0m [1;30mLevel 1[0m _identify(src\gcamp_ros2_basic\py_service_pkg) by extensions ['ignore', 'ignore_ament_install']
[0.765s] [34mcolcon.colcon_core.package_identification[0m [1;30mLevel 1[0m _identify(src\gcamp_ros2_basic\py_service_pkg) by extension 'ignore'
[0.765s] [34mcolcon.colcon_core.package_identification[0m [1;30mLevel 1[0m _identify(src\gcamp_ros2_basic\py_service_pkg) by extension 'ignore_ament_install'
[0.765s] [34mcolcon.colcon_core.package_identification[0m [1;30mLevel 1[0m _identify(src\gcamp_ros2_basic\py_service_pkg) by extensions ['colcon_pkg']
[0.765s] [34mcolcon.colcon_core.package_identification[0m [1;30mLevel 1[0m _identify(src\gcamp_ros2_basic\py_service_pkg) by extension 'colcon_pkg'
[0.765s] [34mcolcon.colcon_core.package_identification[0m [1;30mLevel 1[0m _identify(src\gcamp_ros2_basic\py_service_pkg) by extensions ['colcon_meta']
[0.765s] [34mcolcon.colcon_core.package_identification[0m [1;30mLevel 1[0m _identify(src\gcamp_ros2_basic\py_service_pkg) by extension 'colcon_meta'
[0.766s] [34mcolcon.colcon_core.package_identification[0m [1;30mLevel 1[0m _identify(src\gcamp_ros2_basic\py_service_pkg) by extensions ['ros']
[0.766s] [34mcolcon.colcon_core.package_identification[0m [1;30mLevel 1[0m _identify(src\gcamp_ros2_basic\py_service_pkg) by extension 'ros'
[0.767s] [34mcolcon.colcon_core.package_identification[0m [1;30mDEBUG[0m [32mPackage 'src\gcamp_ros2_basic\py_service_pkg' with type 'ros.ament_python' and name 'py_service_pkg'[0m
[0.767s] [34mcolcon.colcon_core.package_identification[0m [1;30mLevel 1[0m _identify(src\gcamp_ros2_basic\py_topic_pkg) by extensions ['ignore', 'ignore_ament_install']
[0.768s] [34mcolcon.colcon_core.package_identification[0m [1;30mLevel 1[0m _identify(src\gcamp_ros2_basic\py_topic_pkg) by extension 'ignore'
[0.768s] [34mcolcon.colcon_core.package_identification[0m [1;30mLevel 1[0m _identify(src\gcamp_ros2_basic\py_topic_pkg) by extension 'ignore_ament_install'
[0.768s] [34mcolcon.colcon_core.package_identification[0m [1;30mLevel 1[0m _identify(src\gcamp_ros2_basic\py_topic_pkg) by extensions ['colcon_pkg']
[0.768s] [34mcolcon.colcon_core.package_identification[0m [1;30mLevel 1[0m _identify(src\gcamp_ros2_basic\py_topic_pkg) by extension 'colcon_pkg'
[0.768s] [34mcolcon.colcon_core.package_identification[0m [1;30mLevel 1[0m _identify(src\gcamp_ros2_basic\py_topic_pkg) by extensions ['colcon_meta']
[0.768s] [34mcolcon.colcon_core.package_identification[0m [1;30mLevel 1[0m _identify(src\gcamp_ros2_basic\py_topic_pkg) by extension 'colcon_meta'
[0.768s] [34mcolcon.colcon_core.package_identification[0m [1;30mLevel 1[0m _identify(src\gcamp_ros2_basic\py_topic_pkg) by extensions ['ros']
[0.768s] [34mcolcon.colcon_core.package_identification[0m [1;30mLevel 1[0m _identify(src\gcamp_ros2_basic\py_topic_pkg) by extension 'ros'
[0.769s] [34mcolcon.colcon_core.package_identification[0m [1;30mDEBUG[0m [32mPackage 'src\gcamp_ros2_basic\py_topic_pkg' with type 'ros.ament_python' and name 'py_topic_pkg'[0m
[0.770s] [34mcolcon.colcon_core.package_discovery[0m [1;30mLevel 1[0m discover_packages(recursive) using defaults
[0.770s] [34mcolcon.colcon_core.package_discovery[0m [1;30mLevel 1[0m discover_packages(ignore) discover
[0.770s] [34mcolcon.colcon_core.package_discovery[0m [1;30mLevel 1[0m discover_packages(ignore) using defaults
[0.770s] [34mcolcon.colcon_core.package_discovery[0m [1;30mLevel 1[0m discover_packages(path) discover
[0.770s] [34mcolcon.colcon_core.package_discovery[0m [1;30mLevel 1[0m discover_packages(path) using defaults
[0.789s] [34mcolcon.colcon_core.package_selection[0m [1;30mINFO[0m Skipping not selected package 'cpp_first_pkg' in 'src\gcamp_ros2_basic\cpp_first_pkg'
[0.789s] [34mcolcon.colcon_core.package_selection[0m [1;30mINFO[0m Skipping not selected package 'cpp_service_tutorial' in 'src\gcamp_ros2_basic\cpp_service_tutorial'
[0.789s] [34mcolcon.colcon_core.package_selection[0m [1;30mINFO[0m Skipping not selected package 'cpp_topic_pkg' in 'src\gcamp_ros2_basic\cpp_topic_pkg'
[0.789s] [34mcolcon.colcon_core.package_selection[0m [1;30mINFO[0m Skipping not selected package 'gcamp_gazebo' in 'src\gcamp_ros2_basic\gcamp_gazebo'
[0.789s] [34mcolcon.colcon_core.package_selection[0m [1;30mINFO[0m Skipping not selected package 'py_first_pkg' in 'src\gcamp_ros2_basic\py_first_pkg'
[0.789s] [34mcolcon.colcon_core.package_selection[0m [1;30mINFO[0m Skipping not selected package 'py_topic_pkg' in 'src\gcamp_ros2_basic\py_topic_pkg'
[0.789s] [34mcolcon.colcon_core.package_selection[0m [1;30mINFO[0m Skipping not selected package 'cpp_action_pkg' in 'src\gcamp_ros2_basic\cpp_action_pkg'
[0.789s] [34mcolcon.colcon_core.package_selection[0m [1;30mINFO[0m Skipping not selected package 'cpp_service_pkg' in 'src\gcamp_ros2_basic\cpp_service_pkg'
[0.789s] [34mcolcon.colcon_core.package_selection[0m [1;30mINFO[0m Skipping not selected package 'py_action_pkg' in 'src\gcamp_ros2_basic\py_action_pkg'
[0.789s] [34mcolcon.colcon_core.package_selection[0m [1;30mINFO[0m Skipping not selected package 'py_service_pkg' in 'src\gcamp_ros2_basic\py_service_pkg'
[0.798s] [34mcolcon.colcon_core.verb[0m [1;30mLevel 5[0m set package 'custom_interfaces' build argument 'cmake_args' from command line to 'None'
[0.798s] [34mcolcon.colcon_core.verb[0m [1;30mLevel 5[0m set package 'custom_interfaces' build argument 'cmake_target' from command line to 'None'
[0.798s] [34mcolcon.colcon_core.verb[0m [1;30mLevel 5[0m set package 'custom_interfaces' build argument 'cmake_target_skip_unavailable' from command line to 'False'
[0.798s] [34mcolcon.colcon_core.verb[0m [1;30mLevel 5[0m set package 'custom_interfaces' build argument 'cmake_clean_cache' from command line to 'False'
[0.798s] [34mcolcon.colcon_core.verb[0m [1;30mLevel 5[0m set package 'custom_interfaces' build argument 'cmake_clean_first' from command line to 'False'
[0.798s] [34mcolcon.colcon_core.verb[0m [1;30mLevel 5[0m set package 'custom_interfaces' build argument 'cmake_force_configure' from command line to 'False'
[0.798s] [34mcolcon.colcon_core.verb[0m [1;30mLevel 5[0m set package 'custom_interfaces' build argument 'ament_cmake_args' from command line to 'None'
[0.798s] [34mcolcon.colcon_core.verb[0m [1;30mLevel 5[0m set package 'custom_interfaces' build argument 'catkin_cmake_args' from command line to 'None'
[0.798s] [34mcolcon.colcon_core.verb[0m [1;30mLevel 5[0m set package 'custom_interfaces' build argument 'catkin_skip_building_tests' from command line to 'False'
[0.798s] [34mcolcon.colcon_core.verb[0m [1;30mDEBUG[0m [32mBuilding package 'custom_interfaces' with the following arguments: {'ament_cmake_args': None, 'build_base': 'C:\\gcamp_ros2_ws\\build\\custom_interfaces', 'catkin_cmake_args': None, 'catkin_skip_building_tests': False, 'cmake_args': None, 'cmake_clean_cache': False, 'cmake_clean_first': False, 'cmake_force_configure': False, 'cmake_target': None, 'cmake_target_skip_unavailable': False, 'install_base': 'C:\\gcamp_ros2_ws\\install\\custom_interfaces', 'merge_install': False, 'path': 'C:\\gcamp_ros2_ws\\src\\gcamp_ros2_basic\\custom_interfaces', 'symlink_install': True, 'test_result_base': None}[0m
[0.800s] [34mcolcon.colcon_core.executor[0m [1;30mINFO[0m Executing jobs using 'parallel' executor
[0.827s] [34mcolcon.colcon_parallel_executor.executor.parallel[0m [1;30mDEBUG[0m [32mrun_until_complete[0m
[0.827s] [34mcolcon.colcon_ros.task.ament_cmake.build[0m [1;30mINFO[0m Building ROS package in 'C:\gcamp_ros2_ws\src\gcamp_ros2_basic\custom_interfaces' with build type 'ament_cmake'
[0.829s] [34mcolcon.colcon_cmake.task.cmake.build[0m [1;30mINFO[0m Building CMake package in 'C:\gcamp_ros2_ws\src\gcamp_ros2_basic\custom_interfaces'
[0.837s] [34mcolcon.colcon_core.plugin_system[0m [1;30mINFO[0m Skipping extension 'colcon_core.shell.sh': Not used on Windows systems
[0.837s] [34mcolcon.colcon_core.shell[0m [1;30mINFO[0m Skip shell extension 'powershell' for command environment: Not usable outside of PowerShell
[0.907s] [34mcolcon.colcon_core.event_handler.log_command[0m [1;30mDEBUG[0m [32mInvoking command in 'C:\gcamp_ros2_ws\build\custom_interfaces': Path=c:\opt\ros\foxy\x64\;c:\opt\ros\foxy\x64\Scripts;c:\opt\ros\foxy\x64\bin;C:\Program Files (x86)\Microsoft Visual Studio\2019\Community\Common7\IDE\\Extensions\Microsoft\IntelliCode\CLI;C:\Program Files (x86)\Microsoft Visual Studio\2019\Community\VC\Tools\MSVC\14.29.30133\bin\HostX64\x64;C:\Program Files (x86)\Microsoft Visual Studio\2019\Community\Common7\IDE\VC\VCPackages;C:\Program Files (x86)\Microsoft Visual Studio\2019\Community\Common7\IDE\CommonExtensions\Microsoft\TestWindow;C:\Program Files (x86)\Microsoft Visual Studio\2019\Community\Common7\IDE\CommonExtensions\Microsoft\TeamFoundation\Team Explorer;C:\Program Files (x86)\Microsoft Visual Studio\2019\Community\MSBuild\Current\bin\Roslyn;C:\Program Files (x86)\Microsoft Visual Studio\2019\Community\Team Tools\Performance Tools\x64;C:\Program Files (x86)\Microsoft Visual Studio\2019\Community\Team Tools\Performance Tools;C:\Program Files (x86)\Microsoft Visual Studio\Shared\Common\VSPerfCollectionTools\vs2019\\x64;C:\Program Files (x86)\Microsoft Visual Studio\Shared\Common\VSPerfCollectionTools\vs2019\;C:\Program Files (x86)\Microsoft Visual Studio\2019\Community\Common7\Tools\devinit;C:\Program Files (x86)\Windows Kits\10\bin\10.0.19041.0\x64;C:\Program Files (x86)\Windows Kits\10\bin\x64;C:\Program Files (x86)\Microsoft Visual Studio\2019\Community\\MSBuild\Current\Bin;C:\Windows\Microsoft.NET\Framework64\v4.0.30319;C:\Program Files (x86)\Microsoft Visual Studio\2019\Community\Common7\IDE\;C:\Program Files (x86)\Microsoft Visual Studio\2019\Community\Common7\Tools\;C:\Python38\Scripts\;C:\Python38\;C:\Windows\system32;C:\Windows;C:\Windows\System32\Wbem;C:\Windows\System32\WindowsPowerShell\v1.0\;C:\Windows\System32\OpenSSH\;C:\Program Files\MATLAB\R2020a\runtime\win64;C:\Program Files\MATLAB\R2020a\bin;C:\ProgramData\chocolatey\bin;C:\Program Files\Git\cmd;C:\Users\yoonh\AppData\Local\Programs\Python\Python39\Scripts\;C:\Users\yoonh\AppData\Local\Programs\Python\Python39\;C:\Users\yoonh\AppData\Local\Microsoft\WindowsApps;C:\Users\yoonh\AppData\Local\Programs\Microsoft VS Code\bin;C:\Program?Files\CMake\bin;C:\Program Files\OpenSSL-Win64\bin\;C:\Program Files (x86)\Microsoft Visual Studio\2019\Community\Common7\IDE\CommonExtensions\Microsoft\CMake\CMake\bin;C:\Program Files (x86)\Microsoft Visual Studio\2019\Community\Common7\IDE\CommonExtensions\Microsoft\CMake\Ninja __VSCMD_PREINIT_PATH=C:\Python38\Scripts\;C:\Python38\;C:\Windows\system32;C:\Windows;C:\Windows\System32\Wbem;C:\Windows\System32\WindowsPowerShell\v1.0\;C:\Windows\System32\OpenSSH\;C:\Program Files\MATLAB\R2020a\runtime\win64;C:\Program Files\MATLAB\R2020a\bin;C:\ProgramData\chocolatey\bin;C:\Program Files\Git\cmd;C:\Users\yoonh\AppData\Local\Programs\Python\Python39\Scripts\;C:\Users\yoonh\AppData\Local\Programs\Python\Python39\;C:\Users\yoonh\AppData\Local\Microsoft\WindowsApps;C:\Users\yoonh\AppData\Local\Programs\Microsoft VS Code\bin;C:\Program?Files\CMake\bin;C:\Program Files\OpenSSL-Win64\bin\ c:\opt\ros\foxy\x64\Scripts\cmake.EXE C:\gcamp_ros2_ws\src\gcamp_ros2_basic\custom_interfaces -DAMENT_CMAKE_SYMLINK_INSTALL=1 -DCMAKE_INSTALL_PREFIX=C:\gcamp_ros2_ws\install\custom_interfaces -G Visual Studio 16 2019[0m
[13.979s] [34mcolcon.colcon_core.event_handler.log_command[0m [1;30mDEBUG[0m [32mInvoked command in 'C:\gcamp_ros2_ws\build\custom_interfaces' returned '0': Path=c:\opt\ros\foxy\x64\;c:\opt\ros\foxy\x64\Scripts;c:\opt\ros\foxy\x64\bin;C:\Program Files (x86)\Microsoft Visual Studio\2019\Community\Common7\IDE\\Extensions\Microsoft\IntelliCode\CLI;C:\Program Files (x86)\Microsoft Visual Studio\2019\Community\VC\Tools\MSVC\14.29.30133\bin\HostX64\x64;C:\Program Files (x86)\Microsoft Visual Studio\2019\Community\Common7\IDE\VC\VCPackages;C:\Program Files (x86)\Microsoft Visual Studio\2019\Community\Common7\IDE\CommonExtensions\Microsoft\TestWindow;C:\Program Files (x86)\Microsoft Visual Studio\2019\Community\Common7\IDE\CommonExtensions\Microsoft\TeamFoundation\Team Explorer;C:\Program Files (x86)\Microsoft Visual Studio\2019\Community\MSBuild\Current\bin\Roslyn;C:\Program Files (x86)\Microsoft Visual Studio\2019\Community\Team Tools\Performance Tools\x64;C:\Program Files (x86)\Microsoft Visual Studio\2019\Community\Team Tools\Performance Tools;C:\Program Files (x86)\Microsoft Visual Studio\Shared\Common\VSPerfCollectionTools\vs2019\\x64;C:\Program Files (x86)\Microsoft Visual Studio\Shared\Common\VSPerfCollectionTools\vs2019\;C:\Program Files (x86)\Microsoft Visual Studio\2019\Community\Common7\Tools\devinit;C:\Program Files (x86)\Windows Kits\10\bin\10.0.19041.0\x64;C:\Program Files (x86)\Windows Kits\10\bin\x64;C:\Program Files (x86)\Microsoft Visual Studio\2019\Community\\MSBuild\Current\Bin;C:\Windows\Microsoft.NET\Framework64\v4.0.30319;C:\Program Files (x86)\Microsoft Visual Studio\2019\Community\Common7\IDE\;C:\Program Files (x86)\Microsoft Visual Studio\2019\Community\Common7\Tools\;C:\Python38\Scripts\;C:\Python38\;C:\Windows\system32;C:\Windows;C:\Windows\System32\Wbem;C:\Windows\System32\WindowsPowerShell\v1.0\;C:\Windows\System32\OpenSSH\;C:\Program Files\MATLAB\R2020a\runtime\win64;C:\Program Files\MATLAB\R2020a\bin;C:\ProgramData\chocolatey\bin;C:\Program Files\Git\cmd;C:\Users\yoonh\AppData\Local\Programs\Python\Python39\Scripts\;C:\Users\yoonh\AppData\Local\Programs\Python\Python39\;C:\Users\yoonh\AppData\Local\Microsoft\WindowsApps;C:\Users\yoonh\AppData\Local\Programs\Microsoft VS Code\bin;C:\Program?Files\CMake\bin;C:\Program Files\OpenSSL-Win64\bin\;C:\Program Files (x86)\Microsoft Visual Studio\2019\Community\Common7\IDE\CommonExtensions\Microsoft\CMake\CMake\bin;C:\Program Files (x86)\Microsoft Visual Studio\2019\Community\Common7\IDE\CommonExtensions\Microsoft\CMake\Ninja __VSCMD_PREINIT_PATH=C:\Python38\Scripts\;C:\Python38\;C:\Windows\system32;C:\Windows;C:\Windows\System32\Wbem;C:\Windows\System32\WindowsPowerShell\v1.0\;C:\Windows\System32\OpenSSH\;C:\Program Files\MATLAB\R2020a\runtime\win64;C:\Program Files\MATLAB\R2020a\bin;C:\ProgramData\chocolatey\bin;C:\Program Files\Git\cmd;C:\Users\yoonh\AppData\Local\Programs\Python\Python39\Scripts\;C:\Users\yoonh\AppData\Local\Programs\Python\Python39\;C:\Users\yoonh\AppData\Local\Microsoft\WindowsApps;C:\Users\yoonh\AppData\Local\Programs\Microsoft VS Code\bin;C:\Program?Files\CMake\bin;C:\Program Files\OpenSSL-Win64\bin\ c:\opt\ros\foxy\x64\Scripts\cmake.EXE C:\gcamp_ros2_ws\src\gcamp_ros2_basic\custom_interfaces -DAMENT_CMAKE_SYMLINK_INSTALL=1 -DCMAKE_INSTALL_PREFIX=C:\gcamp_ros2_ws\install\custom_interfaces -G Visual Studio 16 2019[0m
[13.979s] [34mcolcon.colcon_core.event_handler.log_command[0m [1;30mDEBUG[0m [32mInvoking command in 'C:\gcamp_ros2_ws\build\custom_interfaces': CL=/MP Path=c:\opt\ros\foxy\x64\;c:\opt\ros\foxy\x64\Scripts;c:\opt\ros\foxy\x64\bin;C:\Program Files (x86)\Microsoft Visual Studio\2019\Community\Common7\IDE\\Extensions\Microsoft\IntelliCode\CLI;C:\Program Files (x86)\Microsoft Visual Studio\2019\Community\VC\Tools\MSVC\14.29.30133\bin\HostX64\x64;C:\Program Files (x86)\Microsoft Visual Studio\2019\Community\Common7\IDE\VC\VCPackages;C:\Program Files (x86)\Microsoft Visual Studio\2019\Community\Common7\IDE\CommonExtensions\Microsoft\TestWindow;C:\Program Files (x86)\Microsoft Visual Studio\2019\Community\Common7\IDE\CommonExtensions\Microsoft\TeamFoundation\Team Explorer;C:\Program Files (x86)\Microsoft Visual Studio\2019\Community\MSBuild\Current\bin\Roslyn;C:\Program Files (x86)\Microsoft Visual Studio\2019\Community\Team Tools\Performance Tools\x64;C:\Program Files (x86)\Microsoft Visual Studio\2019\Community\Team Tools\Performance Tools;C:\Program Files (x86)\Microsoft Visual Studio\Shared\Common\VSPerfCollectionTools\vs2019\\x64;C:\Program Files (x86)\Microsoft Visual Studio\Shared\Common\VSPerfCollectionTools\vs2019\;C:\Program Files (x86)\Microsoft Visual Studio\2019\Community\Common7\Tools\devinit;C:\Program Files (x86)\Windows Kits\10\bin\10.0.19041.0\x64;C:\Program Files (x86)\Windows Kits\10\bin\x64;C:\Program Files (x86)\Microsoft Visual Studio\2019\Community\\MSBuild\Current\Bin;C:\Windows\Microsoft.NET\Framework64\v4.0.30319;C:\Program Files (x86)\Microsoft Visual Studio\2019\Community\Common7\IDE\;C:\Program Files (x86)\Microsoft Visual Studio\2019\Community\Common7\Tools\;C:\Python38\Scripts\;C:\Python38\;C:\Windows\system32;C:\Windows;C:\Windows\System32\Wbem;C:\Windows\System32\WindowsPowerShell\v1.0\;C:\Windows\System32\OpenSSH\;C:\Program Files\MATLAB\R2020a\runtime\win64;C:\Program Files\MATLAB\R2020a\bin;C:\ProgramData\chocolatey\bin;C:\Program Files\Git\cmd;C:\Users\yoonh\AppData\Local\Programs\Python\Python39\Scripts\;C:\Users\yoonh\AppData\Local\Programs\Python\Python39\;C:\Users\yoonh\AppData\Local\Microsoft\WindowsApps;C:\Users\yoonh\AppData\Local\Programs\Microsoft VS Code\bin;C:\Program?Files\CMake\bin;C:\Program Files\OpenSSL-Win64\bin\;C:\Program Files (x86)\Microsoft Visual Studio\2019\Community\Common7\IDE\CommonExtensions\Microsoft\CMake\CMake\bin;C:\Program Files (x86)\Microsoft Visual Studio\2019\Community\Common7\IDE\CommonExtensions\Microsoft\CMake\Ninja __VSCMD_PREINIT_PATH=C:\Python38\Scripts\;C:\Python38\;C:\Windows\system32;C:\Windows;C:\Windows\System32\Wbem;C:\Windows\System32\WindowsPowerShell\v1.0\;C:\Windows\System32\OpenSSH\;C:\Program Files\MATLAB\R2020a\runtime\win64;C:\Program Files\MATLAB\R2020a\bin;C:\ProgramData\chocolatey\bin;C:\Program Files\Git\cmd;C:\Users\yoonh\AppData\Local\Programs\Python\Python39\Scripts\;C:\Users\yoonh\AppData\Local\Programs\Python\Python39\;C:\Users\yoonh\AppData\Local\Microsoft\WindowsApps;C:\Users\yoonh\AppData\Local\Programs\Microsoft VS Code\bin;C:\Program?Files\CMake\bin;C:\Program Files\OpenSSL-Win64\bin\ c:\opt\ros\foxy\x64\Scripts\cmake.EXE --build C:\gcamp_ros2_ws\build\custom_interfaces --config Release[0m
[30.945s] [34mcolcon.colcon_core.event_handler.log_command[0m [1;30mDEBUG[0m [32mInvoked command in 'C:\gcamp_ros2_ws\build\custom_interfaces' returned '0': CL=/MP Path=c:\opt\ros\foxy\x64\;c:\opt\ros\foxy\x64\Scripts;c:\opt\ros\foxy\x64\bin;C:\Program Files (x86)\Microsoft Visual Studio\2019\Community\Common7\IDE\\Extensions\Microsoft\IntelliCode\CLI;C:\Program Files (x86)\Microsoft Visual Studio\2019\Community\VC\Tools\MSVC\14.29.30133\bin\HostX64\x64;C:\Program Files (x86)\Microsoft Visual Studio\2019\Community\Common7\IDE\VC\VCPackages;C:\Program Files (x86)\Microsoft Visual Studio\2019\Community\Common7\IDE\CommonExtensions\Microsoft\TestWindow;C:\Program Files (x86)\Microsoft Visual Studio\2019\Community\Common7\IDE\CommonExtensions\Microsoft\TeamFoundation\Team Explorer;C:\Program Files (x86)\Microsoft Visual Studio\2019\Community\MSBuild\Current\bin\Roslyn;C:\Program Files (x86)\Microsoft Visual Studio\2019\Community\Team Tools\Performance Tools\x64;C:\Program Files (x86)\Microsoft Visual Studio\2019\Community\Team Tools\Performance Tools;C:\Program Files (x86)\Microsoft Visual Studio\Shared\Common\VSPerfCollectionTools\vs2019\\x64;C:\Program Files (x86)\Microsoft Visual Studio\Shared\Common\VSPerfCollectionTools\vs2019\;C:\Program Files (x86)\Microsoft Visual Studio\2019\Community\Common7\Tools\devinit;C:\Program Files (x86)\Windows Kits\10\bin\10.0.19041.0\x64;C:\Program Files (x86)\Windows Kits\10\bin\x64;C:\Program Files (x86)\Microsoft Visual Studio\2019\Community\\MSBuild\Current\Bin;C:\Windows\Microsoft.NET\Framework64\v4.0.30319;C:\Program Files (x86)\Microsoft Visual Studio\2019\Community\Common7\IDE\;C:\Program Files (x86)\Microsoft Visual Studio\2019\Community\Common7\Tools\;C:\Python38\Scripts\;C:\Python38\;C:\Windows\system32;C:\Windows;C:\Windows\System32\Wbem;C:\Windows\System32\WindowsPowerShell\v1.0\;C:\Windows\System32\OpenSSH\;C:\Program Files\MATLAB\R2020a\runtime\win64;C:\Program Files\MATLAB\R2020a\bin;C:\ProgramData\chocolatey\bin;C:\Program Files\Git\cmd;C:\Users\yoonh\AppData\Local\Programs\Python\Python39\Scripts\;C:\Users\yoonh\AppData\Local\Programs\Python\Python39\;C:\Users\yoonh\AppData\Local\Microsoft\WindowsApps;C:\Users\yoonh\AppData\Local\Programs\Microsoft VS Code\bin;C:\Program?Files\CMake\bin;C:\Program Files\OpenSSL-Win64\bin\;C:\Program Files (x86)\Microsoft Visual Studio\2019\Community\Common7\IDE\CommonExtensions\Microsoft\CMake\CMake\bin;C:\Program Files (x86)\Microsoft Visual Studio\2019\Community\Common7\IDE\CommonExtensions\Microsoft\CMake\Ninja __VSCMD_PREINIT_PATH=C:\Python38\Scripts\;C:\Python38\;C:\Windows\system32;C:\Windows;C:\Windows\System32\Wbem;C:\Windows\System32\WindowsPowerShell\v1.0\;C:\Windows\System32\OpenSSH\;C:\Program Files\MATLAB\R2020a\runtime\win64;C:\Program Files\MATLAB\R2020a\bin;C:\ProgramData\chocolatey\bin;C:\Program Files\Git\cmd;C:\Users\yoonh\AppData\Local\Programs\Python\Python39\Scripts\;C:\Users\yoonh\AppData\Local\Programs\Python\Python39\;C:\Users\yoonh\AppData\Local\Microsoft\WindowsApps;C:\Users\yoonh\AppData\Local\Programs\Microsoft VS Code\bin;C:\Program?Files\CMake\bin;C:\Program Files\OpenSSL-Win64\bin\ c:\opt\ros\foxy\x64\Scripts\cmake.EXE --build C:\gcamp_ros2_ws\build\custom_interfaces --config Release[0m
[31.059s] [34mcolcon.colcon_core.event_handler.log_command[0m [1;30mDEBUG[0m [32mInvoking command in 'C:\gcamp_ros2_ws\build\custom_interfaces': Path=c:\opt\ros\foxy\x64\;c:\opt\ros\foxy\x64\Scripts;c:\opt\ros\foxy\x64\bin;C:\Program Files (x86)\Microsoft Visual Studio\2019\Community\Common7\IDE\\Extensions\Microsoft\IntelliCode\CLI;C:\Program Files (x86)\Microsoft Visual Studio\2019\Community\VC\Tools\MSVC\14.29.30133\bin\HostX64\x64;C:\Program Files (x86)\Microsoft Visual Studio\2019\Community\Common7\IDE\VC\VCPackages;C:\Program Files (x86)\Microsoft Visual Studio\2019\Community\Common7\IDE\CommonExtensions\Microsoft\TestWindow;C:\Program Files (x86)\Microsoft Visual Studio\2019\Community\Common7\IDE\CommonExtensions\Microsoft\TeamFoundation\Team Explorer;C:\Program Files (x86)\Microsoft Visual Studio\2019\Community\MSBuild\Current\bin\Roslyn;C:\Program Files (x86)\Microsoft Visual Studio\2019\Community\Team Tools\Performance Tools\x64;C:\Program Files (x86)\Microsoft Visual Studio\2019\Community\Team Tools\Performance Tools;C:\Program Files (x86)\Microsoft Visual Studio\Shared\Common\VSPerfCollectionTools\vs2019\\x64;C:\Program Files (x86)\Microsoft Visual Studio\Shared\Common\VSPerfCollectionTools\vs2019\;C:\Program Files (x86)\Microsoft Visual Studio\2019\Community\Common7\Tools\devinit;C:\Program Files (x86)\Windows Kits\10\bin\10.0.19041.0\x64;C:\Program Files (x86)\Windows Kits\10\bin\x64;C:\Program Files (x86)\Microsoft Visual Studio\2019\Community\\MSBuild\Current\Bin;C:\Windows\Microsoft.NET\Framework64\v4.0.30319;C:\Program Files (x86)\Microsoft Visual Studio\2019\Community\Common7\IDE\;C:\Program Files (x86)\Microsoft Visual Studio\2019\Community\Common7\Tools\;C:\Python38\Scripts\;C:\Python38\;C:\Windows\system32;C:\Windows;C:\Windows\System32\Wbem;C:\Windows\System32\WindowsPowerShell\v1.0\;C:\Windows\System32\OpenSSH\;C:\Program Files\MATLAB\R2020a\runtime\win64;C:\Program Files\MATLAB\R2020a\bin;C:\ProgramData\chocolatey\bin;C:\Program Files\Git\cmd;C:\Users\yoonh\AppData\Local\Programs\Python\Python39\Scripts\;C:\Users\yoonh\AppData\Local\Programs\Python\Python39\;C:\Users\yoonh\AppData\Local\Microsoft\WindowsApps;C:\Users\yoonh\AppData\Local\Programs\Microsoft VS Code\bin;C:\Program?Files\CMake\bin;C:\Program Files\OpenSSL-Win64\bin\;C:\Program Files (x86)\Microsoft Visual Studio\2019\Community\Common7\IDE\CommonExtensions\Microsoft\CMake\CMake\bin;C:\Program Files (x86)\Microsoft Visual Studio\2019\Community\Common7\IDE\CommonExtensions\Microsoft\CMake\Ninja __VSCMD_PREINIT_PATH=C:\Python38\Scripts\;C:\Python38\;C:\Windows\system32;C:\Windows;C:\Windows\System32\Wbem;C:\Windows\System32\WindowsPowerShell\v1.0\;C:\Windows\System32\OpenSSH\;C:\Program Files\MATLAB\R2020a\runtime\win64;C:\Program Files\MATLAB\R2020a\bin;C:\ProgramData\chocolatey\bin;C:\Program Files\Git\cmd;C:\Users\yoonh\AppData\Local\Programs\Python\Python39\Scripts\;C:\Users\yoonh\AppData\Local\Programs\Python\Python39\;C:\Users\yoonh\AppData\Local\Microsoft\WindowsApps;C:\Users\yoonh\AppData\Local\Programs\Microsoft VS Code\bin;C:\Program?Files\CMake\bin;C:\Program Files\OpenSSL-Win64\bin\ c:\opt\ros\foxy\x64\Scripts\cmake.EXE --install C:\gcamp_ros2_ws\build\custom_interfaces --config Release[0m
[33.992s] [34mcolcon.colcon_core.environment[0m [1;30mLevel 1[0m create_environment_scripts_only(custom_interfaces)
[33.992s] [34mcolcon.colcon_core.event_handler.log_command[0m [1;30mDEBUG[0m [32mInvoked command in 'C:\gcamp_ros2_ws\build\custom_interfaces' returned '0': Path=c:\opt\ros\foxy\x64\;c:\opt\ros\foxy\x64\Scripts;c:\opt\ros\foxy\x64\bin;C:\Program Files (x86)\Microsoft Visual Studio\2019\Community\Common7\IDE\\Extensions\Microsoft\IntelliCode\CLI;C:\Program Files (x86)\Microsoft Visual Studio\2019\Community\VC\Tools\MSVC\14.29.30133\bin\HostX64\x64;C:\Program Files (x86)\Microsoft Visual Studio\2019\Community\Common7\IDE\VC\VCPackages;C:\Program Files (x86)\Microsoft Visual Studio\2019\Community\Common7\IDE\CommonExtensions\Microsoft\TestWindow;C:\Program Files (x86)\Microsoft Visual Studio\2019\Community\Common7\IDE\CommonExtensions\Microsoft\TeamFoundation\Team Explorer;C:\Program Files (x86)\Microsoft Visual Studio\2019\Community\MSBuild\Current\bin\Roslyn;C:\Program Files (x86)\Microsoft Visual Studio\2019\Community\Team Tools\Performance Tools\x64;C:\Program Files (x86)\Microsoft Visual Studio\2019\Community\Team Tools\Performance Tools;C:\Program Files (x86)\Microsoft Visual Studio\Shared\Common\VSPerfCollectionTools\vs2019\\x64;C:\Program Files (x86)\Microsoft Visual Studio\Shared\Common\VSPerfCollectionTools\vs2019\;C:\Program Files (x86)\Microsoft Visual Studio\2019\Community\Common7\Tools\devinit;C:\Program Files (x86)\Windows Kits\10\bin\10.0.19041.0\x64;C:\Program Files (x86)\Windows Kits\10\bin\x64;C:\Program Files (x86)\Microsoft Visual Studio\2019\Community\\MSBuild\Current\Bin;C:\Windows\Microsoft.NET\Framework64\v4.0.30319;C:\Program Files (x86)\Microsoft Visual Studio\2019\Community\Common7\IDE\;C:\Program Files (x86)\Microsoft Visual Studio\2019\Community\Common7\Tools\;C:\Python38\Scripts\;C:\Python38\;C:\Windows\system32;C:\Windows;C:\Windows\System32\Wbem;C:\Windows\System32\WindowsPowerShell\v1.0\;C:\Windows\System32\OpenSSH\;C:\Program Files\MATLAB\R2020a\runtime\win64;C:\Program Files\MATLAB\R2020a\bin;C:\ProgramData\chocolatey\bin;C:\Program Files\Git\cmd;C:\Users\yoonh\AppData\Local\Programs\Python\Python39\Scripts\;C:\Users\yoonh\AppData\Local\Programs\Python\Python39\;C:\Users\yoonh\AppData\Local\Microsoft\WindowsApps;C:\Users\yoonh\AppData\Local\Programs\Microsoft VS Code\bin;C:\Program?Files\CMake\bin;C:\Program Files\OpenSSL-Win64\bin\;C:\Program Files (x86)\Microsoft Visual Studio\2019\Community\Common7\IDE\CommonExtensions\Microsoft\CMake\CMake\bin;C:\Program Files (x86)\Microsoft Visual Studio\2019\Community\Common7\IDE\CommonExtensions\Microsoft\CMake\Ninja __VSCMD_PREINIT_PATH=C:\Python38\Scripts\;C:\Python38\;C:\Windows\system32;C:\Windows;C:\Windows\System32\Wbem;C:\Windows\System32\WindowsPowerShell\v1.0\;C:\Windows\System32\OpenSSH\;C:\Program Files\MATLAB\R2020a\runtime\win64;C:\Program Files\MATLAB\R2020a\bin;C:\ProgramData\chocolatey\bin;C:\Program Files\Git\cmd;C:\Users\yoonh\AppData\Local\Programs\Python\Python39\Scripts\;C:\Users\yoonh\AppData\Local\Programs\Python\Python39\;C:\Users\yoonh\AppData\Local\Microsoft\WindowsApps;C:\Users\yoonh\AppData\Local\Programs\Microsoft VS Code\bin;C:\Program?Files\CMake\bin;C:\Program Files\OpenSSL-Win64\bin\ c:\opt\ros\foxy\x64\Scripts\cmake.EXE --install C:\gcamp_ros2_ws\build\custom_interfaces --config Release[0m
[34.003s] [34mcolcon.colcon_core.environment[0m [1;30mLevel 1[0m checking 'C:\gcamp_ros2_ws\install\custom_interfaces' for CMake module files
[34.003s] [34mcolcon.colcon_core.environment[0m [1;30mLevel 1[0m checking 'C:\gcamp_ros2_ws\install\custom_interfaces' for CMake config files
[34.013s] [34mcolcon.colcon_core.shell[0m [1;30mLevel 1[0m create_environment_hook('custom_interfaces', 'cmake_prefix_path')
[34.023s] [34mcolcon.colcon_core.shell[0m [1;30mINFO[0m Creating environment hook 'C:\gcamp_ros2_ws\install\custom_interfaces\share\custom_interfaces\hook\cmake_prefix_path.ps1'
[34.023s] [34mcolcon.colcon_core.shell[0m [1;30mINFO[0m Creating environment hook 'C:\gcamp_ros2_ws\install\custom_interfaces\share\custom_interfaces\hook\cmake_prefix_path.bat'
[34.023s] [34mcolcon.colcon_core.shell[0m [1;30mINFO[0m Creating environment descriptor 'C:\gcamp_ros2_ws\install\custom_interfaces\share\custom_interfaces\hook\cmake_prefix_path.dsv'
[34.023s] [34mcolcon.colcon_core.environment[0m [1;30mLevel 1[0m checking 'C:\gcamp_ros2_ws\install\custom_interfaces\bin'
[34.023s] [34mcolcon.colcon_core.shell[0m [1;30mLevel 1[0m create_environment_hook('custom_interfaces', 'path_dll')
[34.033s] [34mcolcon.colcon_core.shell[0m [1;30mINFO[0m Creating environment hook 'C:\gcamp_ros2_ws\install\custom_interfaces\share\custom_interfaces\hook\path_dll.ps1'
[34.033s] [34mcolcon.colcon_core.shell[0m [1;30mINFO[0m Creating environment hook 'C:\gcamp_ros2_ws\install\custom_interfaces\share\custom_interfaces\hook\path_dll.bat'
[34.033s] [34mcolcon.colcon_core.shell[0m [1;30mINFO[0m Creating environment descriptor 'C:\gcamp_ros2_ws\install\custom_interfaces\share\custom_interfaces\hook\path_dll.dsv'
[34.033s] [34mcolcon.colcon_core.environment[0m [1;30mLevel 1[0m checking 'C:\gcamp_ros2_ws\install\custom_interfaces\bin'
[34.033s] [34mcolcon.colcon_core.shell[0m [1;30mLevel 1[0m create_environment_hook('custom_interfaces', 'path')
[34.041s] [34mcolcon.colcon_core.shell[0m [1;30mINFO[0m Creating environment hook 'C:\gcamp_ros2_ws\install\custom_interfaces\share\custom_interfaces\hook\path.ps1'
[34.043s] [34mcolcon.colcon_core.shell[0m [1;30mINFO[0m Creating environment hook 'C:\gcamp_ros2_ws\install\custom_interfaces\share\custom_interfaces\hook\path.bat'
[34.043s] [34mcolcon.colcon_core.shell[0m [1;30mINFO[0m Creating environment descriptor 'C:\gcamp_ros2_ws\install\custom_interfaces\share\custom_interfaces\hook\path.dsv'
[34.043s] [34mcolcon.colcon_core.environment[0m [1;30mLevel 1[0m checking 'C:\gcamp_ros2_ws\install\custom_interfaces\Scripts'
[34.043s] [34mcolcon.colcon_core.environment[0m [1;30mLevel 1[0m checking 'C:\gcamp_ros2_ws\install\custom_interfaces\lib\pkgconfig\custom_interfaces.pc'
[34.043s] [34mcolcon.colcon_core.environment[0m [1;30mLevel 1[0m checking 'C:\gcamp_ros2_ws\install\custom_interfaces\Lib\site-packages'
[34.043s] [34mcolcon.colcon_core.shell[0m [1;30mLevel 1[0m create_environment_hook('custom_interfaces', 'pythonpath')
[34.043s] [34mcolcon.colcon_core.shell[0m [1;30mINFO[0m Creating environment hook 'C:\gcamp_ros2_ws\install\custom_interfaces\share\custom_interfaces\hook\pythonpath.ps1'
[34.052s] [34mcolcon.colcon_core.shell[0m [1;30mINFO[0m Creating environment hook 'C:\gcamp_ros2_ws\install\custom_interfaces\share\custom_interfaces\hook\pythonpath.bat'
[34.052s] [34mcolcon.colcon_core.shell[0m [1;30mINFO[0m Creating environment descriptor 'C:\gcamp_ros2_ws\install\custom_interfaces\share\custom_interfaces\hook\pythonpath.dsv'
[34.054s] [34mcolcon.colcon_core.shell[0m [1;30mINFO[0m Creating package script 'C:\gcamp_ros2_ws\install\custom_interfaces\share\custom_interfaces\package.ps1'
[34.054s] [34mcolcon.colcon_core.shell[0m [1;30mINFO[0m Creating package script 'C:\gcamp_ros2_ws\install\custom_interfaces\share\custom_interfaces\package.bat'
[34.062s] [34mcolcon.colcon_core.shell[0m [1;30mINFO[0m Creating package descriptor 'C:\gcamp_ros2_ws\install\custom_interfaces\share\custom_interfaces\package.dsv'
[34.062s] [34mcolcon.colcon_core.environment[0m [1;30mLevel 1[0m create_file_with_runtime_dependencies(C:\gcamp_ros2_ws\install\custom_interfaces\share\colcon-core\packages\custom_interfaces)
[34.064s] [34mcolcon.colcon_core.environment[0m [1;30mLevel 1[0m create_environment_scripts_only(custom_interfaces)
[34.074s] [34mcolcon.colcon_core.environment[0m [1;30mLevel 1[0m checking 'C:\gcamp_ros2_ws\install\custom_interfaces' for CMake module files
[34.074s] [34mcolcon.colcon_core.environment[0m [1;30mLevel 1[0m checking 'C:\gcamp_ros2_ws\install\custom_interfaces' for CMake config files
[34.084s] [34mcolcon.colcon_core.shell[0m [1;30mLevel 1[0m create_environment_hook('custom_interfaces', 'cmake_prefix_path')
[34.094s] [34mcolcon.colcon_core.shell[0m [1;30mINFO[0m Creating environment hook 'C:\gcamp_ros2_ws\install\custom_interfaces\share\custom_interfaces\hook\cmake_prefix_path.ps1'
[34.094s] [34mcolcon.colcon_core.shell[0m [1;30mINFO[0m Creating environment hook 'C:\gcamp_ros2_ws\install\custom_interfaces\share\custom_interfaces\hook\cmake_prefix_path.bat'
[34.094s] [34mcolcon.colcon_core.shell[0m [1;30mINFO[0m Creating environment descriptor 'C:\gcamp_ros2_ws\install\custom_interfaces\share\custom_interfaces\hook\cmake_prefix_path.dsv'
[34.094s] [34mcolcon.colcon_core.environment[0m [1;30mLevel 1[0m checking 'C:\gcamp_ros2_ws\install\custom_interfaces\bin'
[34.094s] [34mcolcon.colcon_core.shell[0m [1;30mLevel 1[0m create_environment_hook('custom_interfaces', 'path_dll')
[34.102s] [34mcolcon.colcon_core.shell[0m [1;30mINFO[0m Creating environment hook 'C:\gcamp_ros2_ws\install\custom_interfaces\share\custom_interfaces\hook\path_dll.ps1'
[34.104s] [34mcolcon.colcon_core.shell[0m [1;30mINFO[0m Creating environment hook 'C:\gcamp_ros2_ws\install\custom_interfaces\share\custom_interfaces\hook\path_dll.bat'
[34.104s] [34mcolcon.colcon_core.shell[0m [1;30mINFO[0m Creating environment descriptor 'C:\gcamp_ros2_ws\install\custom_interfaces\share\custom_interfaces\hook\path_dll.dsv'
[34.104s] [34mcolcon.colcon_core.environment[0m [1;30mLevel 1[0m checking 'C:\gcamp_ros2_ws\install\custom_interfaces\bin'
[34.104s] [34mcolcon.colcon_core.shell[0m [1;30mLevel 1[0m create_environment_hook('custom_interfaces', 'path')
[34.104s] [34mcolcon.colcon_core.shell[0m [1;30mINFO[0m Creating environment hook 'C:\gcamp_ros2_ws\install\custom_interfaces\share\custom_interfaces\hook\path.ps1'
[34.112s] [34mcolcon.colcon_core.shell[0m [1;30mINFO[0m Creating environment hook 'C:\gcamp_ros2_ws\install\custom_interfaces\share\custom_interfaces\hook\path.bat'
[34.112s] [34mcolcon.colcon_core.shell[0m [1;30mINFO[0m Creating environment descriptor 'C:\gcamp_ros2_ws\install\custom_interfaces\share\custom_interfaces\hook\path.dsv'
[34.114s] [34mcolcon.colcon_core.environment[0m [1;30mLevel 1[0m checking 'C:\gcamp_ros2_ws\install\custom_interfaces\Scripts'
[34.114s] [34mcolcon.colcon_core.environment[0m [1;30mLevel 1[0m checking 'C:\gcamp_ros2_ws\install\custom_interfaces\lib\pkgconfig\custom_interfaces.pc'
[34.114s] [34mcolcon.colcon_core.environment[0m [1;30mLevel 1[0m checking 'C:\gcamp_ros2_ws\install\custom_interfaces\Lib\site-packages'
[34.114s] [34mcolcon.colcon_core.shell[0m [1;30mLevel 1[0m create_environment_hook('custom_interfaces', 'pythonpath')
[34.114s] [34mcolcon.colcon_core.shell[0m [1;30mINFO[0m Creating environment hook 'C:\gcamp_ros2_ws\install\custom_interfaces\share\custom_interfaces\hook\pythonpath.ps1'
[34.114s] [34mcolcon.colcon_core.shell[0m [1;30mINFO[0m Creating environment hook 'C:\gcamp_ros2_ws\install\custom_interfaces\share\custom_interfaces\hook\pythonpath.bat'
[34.114s] [34mcolcon.colcon_core.shell[0m [1;30mINFO[0m Creating environment descriptor 'C:\gcamp_ros2_ws\install\custom_interfaces\share\custom_interfaces\hook\pythonpath.dsv'
[34.124s] [34mcolcon.colcon_core.shell[0m [1;30mINFO[0m Creating package script 'C:\gcamp_ros2_ws\install\custom_interfaces\share\custom_interfaces\package.ps1'
[34.124s] [34mcolcon.colcon_core.shell[0m [1;30mINFO[0m Creating package script 'C:\gcamp_ros2_ws\install\custom_interfaces\share\custom_interfaces\package.bat'
[34.124s] [34mcolcon.colcon_core.shell[0m [1;30mINFO[0m Creating package descriptor 'C:\gcamp_ros2_ws\install\custom_interfaces\share\custom_interfaces\package.dsv'
[34.124s] [34mcolcon.colcon_core.environment[0m [1;30mLevel 1[0m create_file_with_runtime_dependencies(C:\gcamp_ros2_ws\install\custom_interfaces\share\colcon-core\packages\custom_interfaces)
[34.132s] [34mcolcon.colcon_parallel_executor.executor.parallel[0m [1;30mDEBUG[0m [32mrun_until_complete finished with '0'[0m
[34.132s] [34mcolcon.colcon_core.event_reactor[0m [1;30mDEBUG[0m [32mjoining thread[0m
[34.145s] [34mcolcon.colcon_core.plugin_system[0m [1;30mINFO[0m Skipping extension 'colcon_notification.desktop_notification.notify2': 'notify2' not found
[34.145s] [34mcolcon.colcon_core.plugin_system[0m [1;30mINFO[0m Skipping extension 'colcon_notification.desktop_notification.notify_send': Not used on non-Linux systems
[34.145s] [34mcolcon.colcon_core.plugin_system[0m [1;30mINFO[0m Skipping extension 'colcon_notification.desktop_notification.terminal_notifier': Not used on non-Darwin systems
[34.145s] [34mcolcon.colcon_notification.desktop_notification[0m [1;30mINFO[0m Sending desktop notification using 'win32'
[39.202s] [34mcolcon.colcon_core.event_reactor[0m [1;30mDEBUG[0m [32mjoined thread[0m
[39.206s] [34mcolcon.colcon_core.shell[0m [1;30mINFO[0m Creating prefix script 'C:\gcamp_ros2_ws\install\local_setup.ps1'
[39.206s] [34mcolcon.colcon_core.shell[0m [1;30mINFO[0m Creating prefix util module 'C:\gcamp_ros2_ws\install\_local_setup_util_ps1.py'
[39.213s] [34mcolcon.colcon_core.shell[0m [1;30mINFO[0m Creating prefix chain script 'C:\gcamp_ros2_ws\install\setup.ps1'
[39.213s] [34mcolcon.colcon_core.shell[0m [1;30mINFO[0m Creating prefix script 'C:\gcamp_ros2_ws\install\local_setup.bat'
[39.213s] [34mcolcon.colcon_core.shell[0m [1;30mINFO[0m Creating prefix util module 'C:\gcamp_ros2_ws\install\_local_setup_util_bat.py'
[39.213s] [34mcolcon.colcon_core.shell[0m [1;30mINFO[0m Creating prefix chain script 'C:\gcamp_ros2_ws\install\setup.bat'
