[0.000000] (-) TimerEvent: {}
[0.000000] (-) JobUnselected: {'identifier': 'cpp_action_pkg'}
[0.000000] (-) JobUnselected: {'identifier': 'cpp_first_pkg'}
[0.000000] (-) JobUnselected: {'identifier': 'cpp_service_pkg'}
[0.000000] (-) JobUnselected: {'identifier': 'cpp_service_tutorial'}
[0.000000] (-) JobUnselected: {'identifier': 'cpp_topic_pkg'}
[0.000000] (-) JobUnselected: {'identifier': 'custom_interfaces'}
[0.000000] (-) JobUnselected: {'identifier': 'gcamp_gazebo'}
[0.000000] (-) JobUnselected: {'identifier': 'py_action_pkg'}
[0.000000] (-) JobUnselected: {'identifier': 'py_first_pkg'}
[0.000000] (-) JobUnselected: {'identifier': 'py_topic_pkg'}
[0.000000] (py_service_pkg) JobQueued: {'identifier': 'py_service_pkg', 'dependencies': OrderedDict([('custom_interfaces', 'C:\\gcamp_ros2_ws\\install\\custom_interfaces')])}
[0.015000] (py_service_pkg) JobStarted: {'identifier': 'py_service_pkg'}
[0.125000] (-) TimerEvent: {}
[0.234000] (-) TimerEvent: {}
[0.343000] (-) TimerEvent: {}
[0.453000] (-) TimerEvent: {}
[0.562000] (-) TimerEvent: {}
[0.671000] (-) TimerEvent: {}
[0.781000] (-) TimerEvent: {}
[0.890000] (-) TimerEvent: {}
[1.000000] (-) TimerEvent: {}
[1.093000] (py_service_pkg) Command: {'cmd': ['c:\\opt\\ros\\foxy\\x64\\python.exe', 'setup.py', 'develop', '--prefix', 'C:\\gcamp_ros2_ws\\install\\py_service_pkg', '--editable', '--build-directory', 'C:\\gcamp_ros2_ws\\build\\py_service_pkg\\build', '--no-deps', 'install_data', '--install-dir', 'C:\\gcamp_ros2_ws\\install\\py_service_pkg'], 'cwd': 'C:\\gcamp_ros2_ws\\build\\py_service_pkg', 'env': {'ALLUSERSPROFILE': 'C:\\ProgramData', 'AMENT_PREFIX_PATH': 'C:\\gcamp_ros2_ws\\install\\custom_interfaces;c:\\gcamp_ros2_ws\\install\\gcamp_gazebo;c:\\opt\\ros\\foxy\\x64', 'APPDATA': 'C:\\Users\\yoonh\\AppData\\Roaming', 'ChocolateyInstall': 'c:\\opt\\chocolatey', 'ChocolateyLastPathUpdate': '132766835890628479', 'CMAKE_PREFIX_PATH': 'C:\\gcamp_ros2_ws\\install\\custom_interfaces;c:\\gcamp_ros2_ws\\install\\gcamp_gazebo;c:\\opt\\ros\\foxy\\x64', 'COLCON': '1', 'COLCON_PREFIX_PATH': 'c:\\gcamp_ros2_ws\\install\\;c:\\opt\\ros\\foxy\\x64\\', 'CommandPromptType': 'Native', 'CommonProgramFiles': 'C:\\Program Files\\Common Files', 'CommonProgramFiles(x86)': 'C:\\Program Files (x86)\\Common Files', 'CommonProgramW6432': 'C:\\Program Files\\Common Files', 'COMPUTERNAME': 'DESKTOP-LM05HEA', 'ComSpec': 'C:\\Windows\\system32\\cmd.exe', 'DevEnvDir': 'C:\\Program Files (x86)\\Microsoft Visual Studio\\2019\\Community\\Common7\\IDE\\', 'DriverData': 'C:\\Windows\\System32\\Drivers\\DriverData', 'ExtensionSdkDir': 'C:\\Program Files (x86)\\Microsoft SDKs\\Windows Kits\\10\\ExtensionSDKs', 'Framework40Version': 'v4.0', 'FrameworkDir': 'C:\\Windows\\Microsoft.NET\\Framework64\\', 'FrameworkDir64': 'C:\\Windows\\Microsoft.NET\\Framework64\\', 'FrameworkVersion': 'v4.0.30319', 'FrameworkVersion64': 'v4.0.30319', 'HOMEDRIVE': 'C:', 'HOMEPATH': '\\Users\\yoonh', 'INCLUDE': 'C:\\Program Files (x86)\\Microsoft Visual Studio\\2019\\Community\\VC\\Tools\\MSVC\\14.29.30133\\ATLMFC\\include;C:\\Program Files (x86)\\Microsoft Visual Studio\\2019\\Community\\VC\\Tools\\MSVC\\14.29.30133\\include;C:\\Program Files (x86)\\Windows Kits\\10\\include\\10.0.19041.0\\ucrt;C:\\Program Files (x86)\\Windows Kits\\10\\include\\10.0.19041.0\\shared;C:\\Program Files (x86)\\Windows Kits\\10\\include\\10.0.19041.0\\um;C:\\Program Files (x86)\\Windows Kits\\10\\include\\10.0.19041.0\\winrt;C:\\Program Files (x86)\\Windows Kits\\10\\include\\10.0.19041.0\\cppwinrt', 'LIB': 'C:\\Program Files (x86)\\Microsoft Visual Studio\\2019\\Community\\VC\\Tools\\MSVC\\14.29.30133\\ATLMFC\\lib\\x64;C:\\Program Files (x86)\\Microsoft Visual Studio\\2019\\Community\\VC\\Tools\\MSVC\\14.29.30133\\lib\\x64;C:\\Program Files (x86)\\Windows Kits\\10\\lib\\10.0.19041.0\\ucrt\\x64;C:\\Program Files (x86)\\Windows Kits\\10\\lib\\10.0.19041.0\\um\\x64', 'LIBPATH': 'C:\\Program Files (x86)\\Microsoft Visual Studio\\2019\\Community\\VC\\Tools\\MSVC\\14.29.30133\\ATLMFC\\lib\\x64;C:\\Program Files (x86)\\Microsoft Visual Studio\\2019\\Community\\VC\\Tools\\MSVC\\14.29.30133\\lib\\x64;C:\\Program Files (x86)\\Microsoft Visual Studio\\2019\\Community\\VC\\Tools\\MSVC\\14.29.30133\\lib\\x86\\store\\references;C:\\Program Files (x86)\\Windows Kits\\10\\UnionMetadata\\10.0.19041.0;C:\\Program Files (x86)\\Windows Kits\\10\\References\\10.0.19041.0;C:\\Windows\\Microsoft.NET\\Framework64\\v4.0.30319', 'LOCALAPPDATA': 'C:\\Users\\yoonh\\AppData\\Local', 'LOGONSERVER': '\\\\DESKTOP-LM05HEA', 'NUMBER_OF_PROCESSORS': '12', 'OneDrive': 'C:\\Users\\yoonh\\OneDrive', 'OPENSSL_CONF': 'C:\\Program Files\\OpenSSL-Win64\\bin\\openssl.cfg', 'OS': 'Windows_NT', 'Path': 'C:\\gcamp_ros2_ws\\install\\custom_interfaces\\bin;c:\\opt\\ros\\foxy\\x64\\;c:\\opt\\ros\\foxy\\x64\\Scripts;c:\\opt\\ros\\foxy\\x64\\bin;C:\\Program Files (x86)\\Microsoft Visual Studio\\2019\\Community\\Common7\\IDE\\\\Extensions\\Microsoft\\IntelliCode\\CLI;C:\\Program Files (x86)\\Microsoft Visual Studio\\2019\\Community\\VC\\Tools\\MSVC\\14.29.30133\\bin\\HostX64\\x64;C:\\Program Files (x86)\\Microsoft Visual Studio\\2019\\Community\\Common7\\IDE\\VC\\VCPackages;C:\\Program Files (x86)\\Microsoft Visual Studio\\2019\\Community\\Common7\\IDE\\CommonExtensions\\Microsoft\\TestWindow;C:\\Program Files (x86)\\Microsoft Visual Studio\\2019\\Community\\Common7\\IDE\\CommonExtensions\\Microsoft\\TeamFoundation\\Team Explorer;C:\\Program Files (x86)\\Microsoft Visual Studio\\2019\\Community\\MSBuild\\Current\\bin\\Roslyn;C:\\Program Files (x86)\\Microsoft Visual Studio\\2019\\Community\\Team Tools\\Performance Tools\\x64;C:\\Program Files (x86)\\Microsoft Visual Studio\\2019\\Community\\Team Tools\\Performance Tools;C:\\Program Files (x86)\\Microsoft Visual Studio\\Shared\\Common\\VSPerfCollectionTools\\vs2019\\\\x64;C:\\Program Files (x86)\\Microsoft Visual Studio\\Shared\\Common\\VSPerfCollectionTools\\vs2019\\;C:\\Program Files (x86)\\Microsoft Visual Studio\\2019\\Community\\Common7\\Tools\\devinit;C:\\Program Files (x86)\\Windows Kits\\10\\bin\\10.0.19041.0\\x64;C:\\Program Files (x86)\\Windows Kits\\10\\bin\\x64;C:\\Program Files (x86)\\Microsoft Visual Studio\\2019\\Community\\\\MSBuild\\Current\\Bin;C:\\Windows\\Microsoft.NET\\Framework64\\v4.0.30319;C:\\Program Files (x86)\\Microsoft Visual Studio\\2019\\Community\\Common7\\IDE\\;C:\\Program Files (x86)\\Microsoft Visual Studio\\2019\\Community\\Common7\\Tools\\;C:\\Python38\\Scripts\\;C:\\Python38\\;C:\\Windows\\system32;C:\\Windows;C:\\Windows\\System32\\Wbem;C:\\Windows\\System32\\WindowsPowerShell\\v1.0\\;C:\\Windows\\System32\\OpenSSH\\;C:\\Program Files\\MATLAB\\R2020a\\runtime\\win64;C:\\Program Files\\MATLAB\\R2020a\\bin;C:\\ProgramData\\chocolatey\\bin;C:\\Program Files\\Git\\cmd;C:\\Users\\yoonh\\AppData\\Local\\Programs\\Python\\Python39\\Scripts\\;C:\\Users\\yoonh\\AppData\\Local\\Programs\\Python\\Python39\\;C:\\Users\\yoonh\\AppData\\Local\\Microsoft\\WindowsApps;C:\\Users\\yoonh\\AppData\\Local\\Programs\\Microsoft VS Code\\bin;C:\\Program?Files\\CMake\\bin;C:\\Program Files\\OpenSSL-Win64\\bin\\;C:\\Program Files (x86)\\Microsoft Visual Studio\\2019\\Community\\Common7\\IDE\\CommonExtensions\\Microsoft\\CMake\\CMake\\bin;C:\\Program Files (x86)\\Microsoft Visual Studio\\2019\\Community\\Common7\\IDE\\CommonExtensions\\Microsoft\\CMake\\Ninja', 'PATHEXT': '.COM;.EXE;.BAT;.CMD;.VBS;.VBE;.JS;.JSE;.WSF;.WSH;.MSC;.PY;.PYW', 'PKG_CONFIG_PATH': 'c:\\opt\\ros\\foxy\\x64\\lib\\pkgconfig', 'PROCESSOR_ARCHITECTURE': 'AMD64', 'PROCESSOR_IDENTIFIER': 'AMD64 Family 23 Model 104 Stepping 1, AuthenticAMD', 'PROCESSOR_LEVEL': '23', 'PROCESSOR_REVISION': '6801', 'ProgramData': 'C:\\ProgramData', 'ProgramFiles': 'C:\\Program Files', 'ProgramFiles(x86)': 'C:\\Program Files (x86)', 'ProgramW6432': 'C:\\Program Files', 'PROMPT': '$P$G', 'PSModulePath': 'C:\\Program Files\\WindowsPowerShell\\Modules;C:\\Windows\\system32\\WindowsPowerShell\\v1.0\\Modules', 'PUBLIC': 'C:\\Users\\Public', 'PYTHONPATH': 'C:\\gcamp_ros2_ws\\install\\py_service_pkg\\Lib\\site-packages;C:\\gcamp_ros2_ws\\install\\custom_interfaces\\Lib\\site-packages;c:\\opt\\ros\\foxy\\x64\\Lib\\site-packages', 'ROS_DISTRO': 'foxy', 'ROS_LOCALHOST_ONLY': '0', 'ROS_PYTHON_VERSION': '3', 'ROS_VERSION': '2', 'SystemDrive': 'C:', 'SystemRoot': 'C:\\Windows', 'TEMP': 'C:\\Users\\yoonh\\AppData\\Local\\Temp', 'TMP': 'C:\\Users\\yoonh\\AppData\\Local\\Temp', 'UCRTVersion': '10.0.19041.0', 'UniversalCRTSdkDir': 'C:\\Program Files (x86)\\Windows Kits\\10\\', 'USERDOMAIN': 'DESKTOP-LM05HEA', 'USERDOMAIN_ROAMINGPROFILE': 'DESKTOP-LM05HEA', 'USERNAME': 'yoonh', 'USERPROFILE': 'C:\\Users\\yoonh', 'VCIDEInstallDir': 'C:\\Program Files (x86)\\Microsoft Visual Studio\\2019\\Community\\Common7\\IDE\\VC\\', 'VCINSTALLDIR': 'C:\\Program Files (x86)\\Microsoft Visual Studio\\2019\\Community\\VC\\', 'VCToolsInstallDir': 'C:\\Program Files (x86)\\Microsoft Visual Studio\\2019\\Community\\VC\\Tools\\MSVC\\14.29.30133\\', 'VCToolsRedistDir': 'C:\\Program Files (x86)\\Microsoft Visual Studio\\2019\\Community\\VC\\Redist\\MSVC\\14.29.30133\\', 'VCToolsVersion': '14.29.30133', 'VisualStudioVersion': '16.0', 'VS160COMNTOOLS': 'C:\\Program Files (x86)\\Microsoft Visual Studio\\2019\\Community\\Common7\\Tools\\', 'VSCMD_ARG_app_plat': 'Desktop', 'VSCMD_ARG_HOST_ARCH': 'x64', 'VSCMD_ARG_TGT_ARCH': 'x64', 'VSCMD_VER': '16.11.3', 'VSINSTALLDIR': 'C:\\Program Files (x86)\\Microsoft Visual Studio\\2019\\Community\\', 'windir': 'C:\\Windows', 'WindowsLibPath': 'C:\\Program Files (x86)\\Windows Kits\\10\\UnionMetadata\\10.0.19041.0;C:\\Program Files (x86)\\Windows Kits\\10\\References\\10.0.19041.0', 'WindowsSdkBinPath': 'C:\\Program Files (x86)\\Windows Kits\\10\\bin\\', 'WindowsSdkDir': 'C:\\Program Files (x86)\\Windows Kits\\10\\', 'WindowsSDKLibVersion': '10.0.19041.0\\', 'WindowsSdkVerBinPath': 'C:\\Program Files (x86)\\Windows Kits\\10\\bin\\10.0.19041.0\\', 'WindowsSDKVersion': '10.0.19041.0\\', 'WSLENV': 'WT_SESSION::WT_PROFILE_ID', 'WT_PROFILE_ID': '{26870cbf-8b22-46e1-8f48-4248a3ba2ec7}', 'WT_SESSION': '3cb7252b-3e78-4279-8e28-f45c825f2042', '__devinit_path': 'C:\\Program Files (x86)\\Microsoft Visual Studio\\2019\\Community\\Common7\\Tools\\devinit\\devinit.exe', '__DOTNET_ADD_64BIT': '1', '__DOTNET_PREFERRED_BITNESS': '64', '__VSCMD_PREINIT_PATH': 'C:\\Python38\\Scripts\\;C:\\Python38\\;C:\\Windows\\system32;C:\\Windows;C:\\Windows\\System32\\Wbem;C:\\Windows\\System32\\WindowsPowerShell\\v1.0\\;C:\\Windows\\System32\\OpenSSH\\;C:\\Program Files\\MATLAB\\R2020a\\runtime\\win64;C:\\Program Files\\MATLAB\\R2020a\\bin;C:\\ProgramData\\chocolatey\\bin;C:\\Program Files\\Git\\cmd;C:\\Users\\yoonh\\AppData\\Local\\Programs\\Python\\Python39\\Scripts\\;C:\\Users\\yoonh\\AppData\\Local\\Programs\\Python\\Python39\\;C:\\Users\\yoonh\\AppData\\Local\\Microsoft\\WindowsApps;C:\\Users\\yoonh\\AppData\\Local\\Programs\\Microsoft VS Code\\bin;C:\\Program?Files\\CMake\\bin;C:\\Program Files\\OpenSSL-Win64\\bin\\', '__VSCMD_script_err_count': '0'}, 'shell': False}
[1.109000] (-) TimerEvent: {}
[1.218000] (-) TimerEvent: {}
[1.328000] (-) TimerEvent: {}
[1.437000] (-) TimerEvent: {}
[1.546000] (-) TimerEvent: {}
[1.656000] (-) TimerEvent: {}
[1.750000] (py_service_pkg) StdoutLine: {'line': b'running develop\r\n'}
[1.765000] (-) TimerEvent: {}
[1.875000] (-) TimerEvent: {}
[1.984000] (-) TimerEvent: {}
[2.093000] (-) TimerEvent: {}
[2.203000] (-) TimerEvent: {}
[2.218000] (py_service_pkg) StdoutLine: {'line': b'running egg_info\r\n'}
[2.218000] (py_service_pkg) StdoutLine: {'line': b'creating py_service_pkg.egg-info\r\n'}
[2.218000] (py_service_pkg) StdoutLine: {'line': b'writing py_service_pkg.egg-info\\PKG-INFO\r\n'}
[2.218000] (py_service_pkg) StdoutLine: {'line': b'writing dependency_links to py_service_pkg.egg-info\\dependency_links.txt\r\n'}
[2.218000] (py_service_pkg) StdoutLine: {'line': b'writing entry points to py_service_pkg.egg-info\\entry_points.txt\r\n'}
[2.218000] (py_service_pkg) StdoutLine: {'line': b'writing requirements to py_service_pkg.egg-info\\requires.txt\r\n'}
[2.218000] (py_service_pkg) StdoutLine: {'line': b'writing top-level names to py_service_pkg.egg-info\\top_level.txt\r\n'}
[2.218000] (py_service_pkg) StdoutLine: {'line': b"writing manifest file 'py_service_pkg.egg-info\\SOURCES.txt'\r\n"}
[2.250000] (py_service_pkg) StdoutLine: {'line': b"reading manifest file 'py_service_pkg.egg-info\\SOURCES.txt'\r\n"}
[2.265000] (py_service_pkg) StdoutLine: {'line': b"writing manifest file 'py_service_pkg.egg-info\\SOURCES.txt'\r\n"}
[2.265000] (py_service_pkg) StdoutLine: {'line': b'running build_ext\r\n'}
[2.265000] (py_service_pkg) StdoutLine: {'line': b'Creating C:\\gcamp_ros2_ws\\install\\py_service_pkg/Lib/site-packages\\py-service-pkg.egg-link (link to .)\r\n'}
[2.265000] (py_service_pkg) StdoutLine: {'line': b'Installing basic_client-script.py script to C:\\gcamp_ros2_ws\\install\\py_service_pkg/lib/py_service_pkg\r\n'}
[2.281000] (py_service_pkg) StdoutLine: {'line': b'Installing basic_client.exe script to C:\\gcamp_ros2_ws\\install\\py_service_pkg/lib/py_service_pkg\r\n'}
[2.281000] (py_service_pkg) StdoutLine: {'line': b'Installing basic_server-script.py script to C:\\gcamp_ros2_ws\\install\\py_service_pkg/lib/py_service_pkg\r\n'}
[2.281000] (py_service_pkg) StdoutLine: {'line': b'Installing basic_server.exe script to C:\\gcamp_ros2_ws\\install\\py_service_pkg/lib/py_service_pkg\r\n'}
[2.281000] (py_service_pkg) StdoutLine: {'line': b'Installing custom_srv_client-script.py script to C:\\gcamp_ros2_ws\\install\\py_service_pkg/lib/py_service_pkg\r\n'}
[2.281000] (py_service_pkg) StdoutLine: {'line': b'Installing custom_srv_client.exe script to C:\\gcamp_ros2_ws\\install\\py_service_pkg/lib/py_service_pkg\r\n'}
[2.281000] (py_service_pkg) StdoutLine: {'line': b'Installing custom_srv_server-script.py script to C:\\gcamp_ros2_ws\\install\\py_service_pkg/lib/py_service_pkg\r\n'}
[2.281000] (py_service_pkg) StdoutLine: {'line': b'Installing custom_srv_server.exe script to C:\\gcamp_ros2_ws\\install\\py_service_pkg/lib/py_service_pkg\r\n'}
[2.281000] (py_service_pkg) StdoutLine: {'line': b'Installing gazebo_model_spawner-script.py script to C:\\gcamp_ros2_ws\\install\\py_service_pkg/lib/py_service_pkg\r\n'}
[2.281000] (py_service_pkg) StdoutLine: {'line': b'Installing gazebo_model_spawner.exe script to C:\\gcamp_ros2_ws\\install\\py_service_pkg/lib/py_service_pkg\r\n'}
[2.281000] (py_service_pkg) StdoutLine: {'line': b'Installing robot_turning_client-script.py script to C:\\gcamp_ros2_ws\\install\\py_service_pkg/lib/py_service_pkg\r\n'}
[2.281000] (py_service_pkg) StdoutLine: {'line': b'Installing robot_turning_client.exe script to C:\\gcamp_ros2_ws\\install\\py_service_pkg/lib/py_service_pkg\r\n'}
[2.281000] (py_service_pkg) StdoutLine: {'line': b'Installing robot_turning_server-script.py script to C:\\gcamp_ros2_ws\\install\\py_service_pkg/lib/py_service_pkg\r\n'}
[2.281000] (py_service_pkg) StdoutLine: {'line': b'Installing robot_turning_server.exe script to C:\\gcamp_ros2_ws\\install\\py_service_pkg/lib/py_service_pkg\r\n'}
[2.296000] (py_service_pkg) StdoutLine: {'line': b'Installing spawn_skidbot-script.py script to C:\\gcamp_ros2_ws\\install\\py_service_pkg/lib/py_service_pkg\r\n'}
[2.296000] (py_service_pkg) StdoutLine: {'line': b'Installing spawn_skidbot.exe script to C:\\gcamp_ros2_ws\\install\\py_service_pkg/lib/py_service_pkg\r\n'}
[2.296000] (py_service_pkg) StdoutLine: {'line': b'\r\n'}
[2.296000] (py_service_pkg) StdoutLine: {'line': b'Installed c:\\gcamp_ros2_ws\\build\\py_service_pkg\r\n'}
[2.296000] (py_service_pkg) StdoutLine: {'line': b'running install_data\r\n'}
[2.296000] (py_service_pkg) StdoutLine: {'line': b'creating C:\\gcamp_ros2_ws\\install\\py_service_pkg\\share\\ament_index\r\n'}
[2.296000] (py_service_pkg) StdoutLine: {'line': b'creating C:\\gcamp_ros2_ws\\install\\py_service_pkg\\share\\ament_index\\resource_index\r\n'}
[2.296000] (py_service_pkg) StdoutLine: {'line': b'creating C:\\gcamp_ros2_ws\\install\\py_service_pkg\\share\\ament_index\\resource_index\\packages\r\n'}
[2.296000] (py_service_pkg) StdoutLine: {'line': b'copying resource\\py_service_pkg -> C:\\gcamp_ros2_ws\\install\\py_service_pkg\\share\\ament_index\\resource_index\\packages\r\n'}
[2.296000] (py_service_pkg) StdoutLine: {'line': b'copying package.xml -> C:\\gcamp_ros2_ws\\install\\py_service_pkg\\share\\py_service_pkg\r\n'}
[2.312000] (-) TimerEvent: {}
[2.328000] (py_service_pkg) CommandEnded: {'returncode': 0}
[2.375000] (py_service_pkg) JobEnded: {'identifier': 'py_service_pkg', 'rc': 0}
[2.375000] (-) EventReactorShutdown: {}
